Calling target program-options parser
Adding interface s1-eth1 as port 1
[07:15:05.633] [bmv2] [D] [thread 12554] Adding interface s1-eth1 as port 1
I1107 07:15:05.657343182   12554 server_builder.cc:247]      Synchronous server. Num CQs: 1, Min pollers: 1, Max Pollers: 2147483647, CQ timeout (msec): 1000
Server listening on 0.0.0.0:50051
[07:15:05.663] [bmv2] [I] [thread 12554] Starting Thrift server on port 9090
[07:15:05.664] [bmv2] [I] [thread 12554] Thrift server was started
New connection
P4Runtime SetForwardingPipelineConfig
[07:15:07.373] [bmv2] [W] [thread 12571] [P4Runtime] p4::tmp::P4DeviceConfig is deprecated
[07:15:07.378] [bmv2] [D] [thread 12571] Set default default entry for table 'MyIngress.Forwarding': NoAction - 
[07:15:07.378] [bmv2] [D] [thread 12571] Set default default entry for table 'MyIngress.Ops': NoAction - 
[07:15:07.378] [bmv2] [D] [thread 12571] Set default default entry for table 'tbl_act': act_0 - 
[07:15:07.378] [bmv2] [D] [thread 12571] Set default default entry for table 'tbl_act_0': act - 
P4Runtime Write
[07:15:07.385] [bmv2] [D] [thread 12578] [0.0] [cxt 0] Processing packet received on port 1
[07:15:07.387] [bmv2] [D] [thread 12578] [0.0] [cxt 0] Parser 'parser': start
[07:15:07.388] [bmv2] [D] [thread 12578] [0.0] [cxt 0] Parser 'parser' entering state 'start'
[07:15:07.388] [bmv2] [D] [thread 12578] [0.0] [cxt 0] Extracting header 'ethernet'
[07:15:07.389] [bmv2] [D] [thread 12578] [0.0] [cxt 0] Parser state 'start': key is 86dd
[07:15:07.389] [bmv2] [T] [thread 12578] [0.0] [cxt 0] Bytes parsed: 14
[07:15:07.389] [bmv2] [D] [thread 12578] [0.0] [cxt 0] Parser 'parser': end
[07:15:07.389] [bmv2] [D] [thread 12578] [0.0] [cxt 0] Pipeline 'ingress': start
[07:15:07.389] [bmv2] [T] [thread 12578] [0.0] [cxt 0] ms1.p4(223) Condition "hdr.ipv4.isValid() && hdr.ipv4.ttl > 0" (node_2) is false
[07:15:07.389] [bmv2] [D] [thread 12578] [0.0] [cxt 0] Pipeline 'ingress': end
[07:15:07.389] [bmv2] [D] [thread 12578] [0.0] [cxt 0] Egress port is 0
[07:15:07.389] [bmv2] [D] [thread 12578] [1.0] [cxt 0] Processing packet received on port 1
[07:15:07.389] [bmv2] [D] [thread 12578] [1.0] [cxt 0] Parser 'parser': start
[07:15:07.389] [bmv2] [D] [thread 12578] [1.0] [cxt 0] Parser 'parser' entering state 'start'
[07:15:07.389] [bmv2] [D] [thread 12578] [1.0] [cxt 0] Extracting header 'ethernet'
[07:15:07.389] [bmv2] [D] [thread 12578] [1.0] [cxt 0] Parser state 'start': key is 86dd
[07:15:07.389] [bmv2] [T] [thread 12578] [1.0] [cxt 0] Bytes parsed: 14
[07:15:07.389] [bmv2] [D] [thread 12578] [1.0] [cxt 0] Parser 'parser': end
[07:15:07.389] [bmv2] [D] [thread 12578] [1.0] [cxt 0] Pipeline 'ingress': start
[07:15:07.389] [bmv2] [T] [thread 12578] [1.0] [cxt 0] ms1.p4(223) Condition "hdr.ipv4.isValid() && hdr.ipv4.ttl > 0" (node_2) is false
[07:15:07.389] [bmv2] [D] [thread 12578] [1.0] [cxt 0] Pipeline 'ingress': end
[07:15:07.389] [bmv2] [D] [thread 12578] [1.0] [cxt 0] Egress port is 0
[07:15:07.389] [bmv2] [D] [thread 12578] [2.0] [cxt 0] Processing packet received on port 1
[07:15:07.389] [bmv2] [D] [thread 12578] [2.0] [cxt 0] Parser 'parser': start
[07:15:07.389] [bmv2] [D] [thread 12578] [2.0] [cxt 0] Parser 'parser' entering state 'start'
[07:15:07.389] [bmv2] [D] [thread 12578] [2.0] [cxt 0] Extracting header 'ethernet'
[07:15:07.389] [bmv2] [D] [thread 12578] [2.0] [cxt 0] Parser state 'start': key is 86dd
[07:15:07.389] [bmv2] [T] [thread 12578] [2.0] [cxt 0] Bytes parsed: 14
[07:15:07.389] [bmv2] [D] [thread 12578] [2.0] [cxt 0] Parser 'parser': end
[07:15:07.389] [bmv2] [D] [thread 12578] [2.0] [cxt 0] Pipeline 'ingress': start
[07:15:07.389] [bmv2] [T] [thread 12578] [2.0] [cxt 0] ms1.p4(223) Condition "hdr.ipv4.isValid() && hdr.ipv4.ttl > 0" (node_2) is false
[07:15:07.389] [bmv2] [D] [thread 12578] [2.0] [cxt 0] Pipeline 'ingress': end
[07:15:07.390] [bmv2] [D] [thread 12579] [0.0] [cxt 0] Pipeline 'egress': start
[07:15:07.391] [bmv2] [D] [thread 12579] [0.0] [cxt 0] Pipeline 'egress': end
[07:15:07.391] [bmv2] [D] [thread 12579] [0.0] [cxt 0] Deparser 'deparser': start
[07:15:07.391] [bmv2] [T] [thread 12579] [0.0] [cxt 0] Skipping checksum 'cksum' update because condition not met
[07:15:07.391] [bmv2] [D] [thread 12579] [0.0] [cxt 0] Deparsing header 'ethernet'
[07:15:07.391] [bmv2] [D] [thread 12579] [0.0] [cxt 0] Deparser 'deparser': end
[07:15:07.391] [bmv2] [D] [thread 12579] [1.0] [cxt 0] Pipeline 'egress': start
[07:15:07.391] [bmv2] [D] [thread 12579] [1.0] [cxt 0] Pipeline 'egress': end
[07:15:07.391] [bmv2] [D] [thread 12579] [1.0] [cxt 0] Deparser 'deparser': start
[07:15:07.391] [bmv2] [T] [thread 12579] [1.0] [cxt 0] Skipping checksum 'cksum' update because condition not met
[07:15:07.391] [bmv2] [D] [thread 12579] [1.0] [cxt 0] Deparsing header 'ethernet'
[07:15:07.391] [bmv2] [D] [thread 12579] [1.0] [cxt 0] Deparser 'deparser': end
[07:15:07.390] [bmv2] [D] [thread 12578] [2.0] [cxt 0] Egress port is 0
[07:15:07.391] [bmv2] [D] [thread 12579] [2.0] [cxt 0] Pipeline 'egress': start
[07:15:07.391] [bmv2] [D] [thread 12579] [2.0] [cxt 0] Pipeline 'egress': end
[07:15:07.391] [bmv2] [D] [thread 12579] [2.0] [cxt 0] Deparser 'deparser': start
[07:15:07.392] [bmv2] [T] [thread 12579] [2.0] [cxt 0] Skipping checksum 'cksum' update because condition not met
[07:15:07.392] [bmv2] [D] [thread 12579] [2.0] [cxt 0] Deparsing header 'ethernet'
[07:15:07.392] [bmv2] [D] [thread 12579] [2.0] [cxt 0] Deparser 'deparser': end
[07:15:07.392] [bmv2] [D] [thread 12578] [3.0] [cxt 0] Processing packet received on port 1
[07:15:07.393] [bmv2] [D] [thread 12583] [0.0] [cxt 0] Transmitting packet of size 90 out of port 0
[07:15:07.393] [bmv2] [D] [thread 12578] [3.0] [cxt 0] Parser 'parser': start
[07:15:07.393] [bmv2] [D] [thread 12578] [3.0] [cxt 0] Parser 'parser' entering state 'start'
[07:15:07.393] [bmv2] [D] [thread 12578] [3.0] [cxt 0] Extracting header 'ethernet'
[07:15:07.393] [bmv2] [D] [thread 12578] [3.0] [cxt 0] Parser state 'start': key is 86dd
[07:15:07.393] [bmv2] [T] [thread 12578] [3.0] [cxt 0] Bytes parsed: 14
[07:15:07.393] [bmv2] [D] [thread 12578] [3.0] [cxt 0] Parser 'parser': end
[07:15:07.393] [bmv2] [D] [thread 12578] [3.0] [cxt 0] Pipeline 'ingress': start
[07:15:07.393] [bmv2] [T] [thread 12578] [3.0] [cxt 0] ms1.p4(223) Condition "hdr.ipv4.isValid() && hdr.ipv4.ttl > 0" (node_2) is false
[07:15:07.393] [bmv2] [D] [thread 12578] [3.0] [cxt 0] Pipeline 'ingress': end
[07:15:07.393] [bmv2] [D] [thread 12578] [3.0] [cxt 0] Egress port is 0
[07:15:07.393] [bmv2] [D] [thread 12579] [3.0] [cxt 0] Pipeline 'egress': start
[07:15:07.393] [bmv2] [D] [thread 12579] [3.0] [cxt 0] Pipeline 'egress': end
[07:15:07.393] [bmv2] [D] [thread 12579] [3.0] [cxt 0] Deparser 'deparser': start
[07:15:07.393] [bmv2] [T] [thread 12579] [3.0] [cxt 0] Skipping checksum 'cksum' update because condition not met
[07:15:07.393] [bmv2] [D] [thread 12579] [3.0] [cxt 0] Deparsing header 'ethernet'
[07:15:07.393] [bmv2] [D] [thread 12579] [3.0] [cxt 0] Deparser 'deparser': end
[07:15:07.394] [bmv2] [D] [thread 12583] [1.0] [cxt 0] Transmitting packet of size 78 out of port 0
[07:15:07.394] [bmv2] [D] [thread 12578] [4.0] [cxt 0] Processing packet received on port 1
[07:15:07.394] [bmv2] [D] [thread 12578] [4.0] [cxt 0] Parser 'parser': start
[07:15:07.394] [bmv2] [D] [thread 12578] [4.0] [cxt 0] Parser 'parser' entering state 'start'
[07:15:07.394] [bmv2] [D] [thread 12578] [4.0] [cxt 0] Extracting header 'ethernet'
[07:15:07.394] [bmv2] [D] [thread 12578] [4.0] [cxt 0] Parser state 'start': key is 86dd
[07:15:07.394] [bmv2] [T] [thread 12578] [4.0] [cxt 0] Bytes parsed: 14
[07:15:07.394] [bmv2] [D] [thread 12578] [4.0] [cxt 0] Parser 'parser': end
[07:15:07.394] [bmv2] [D] [thread 12578] [4.0] [cxt 0] Pipeline 'ingress': start
[07:15:07.394] [bmv2] [T] [thread 12578] [4.0] [cxt 0] ms1.p4(223) Condition "hdr.ipv4.isValid() && hdr.ipv4.ttl > 0" (node_2) is false
[07:15:07.394] [bmv2] [D] [thread 12578] [4.0] [cxt 0] Pipeline 'ingress': end
[07:15:07.394] [bmv2] [D] [thread 12578] [4.0] [cxt 0] Egress port is 0
[07:15:07.394] [bmv2] [D] [thread 12579] [4.0] [cxt 0] Pipeline 'egress': start
[07:15:07.394] [bmv2] [D] [thread 12579] [4.0] [cxt 0] Pipeline 'egress': end
[07:15:07.394] [bmv2] [D] [thread 12579] [4.0] [cxt 0] Deparser 'deparser': start
[07:15:07.394] [bmv2] [T] [thread 12579] [4.0] [cxt 0] Skipping checksum 'cksum' update because condition not met
[07:15:07.394] [bmv2] [D] [thread 12579] [4.0] [cxt 0] Deparsing header 'ethernet'
[07:15:07.394] [bmv2] [D] [thread 12579] [4.0] [cxt 0] Deparser 'deparser': end
[07:15:07.394] [bmv2] [D] [thread 12583] [2.0] [cxt 0] Transmitting packet of size 90 out of port 0
[07:15:07.394] [bmv2] [D] [thread 12583] [3.0] [cxt 0] Transmitting packet of size 90 out of port 0
[07:15:07.394] [bmv2] [D] [thread 12583] [4.0] [cxt 0] Transmitting packet of size 70 out of port 0
[07:15:07.394] [bmv2] [D] [thread 12578] [5.0] [cxt 0] Processing packet received on port 1
[07:15:07.394] [bmv2] [D] [thread 12578] [5.0] [cxt 0] Parser 'parser': start
[07:15:07.394] [bmv2] [D] [thread 12578] [5.0] [cxt 0] Parser 'parser' entering state 'start'
[07:15:07.394] [bmv2] [D] [thread 12578] [5.0] [cxt 0] Extracting header 'ethernet'
[07:15:07.394] [bmv2] [D] [thread 12578] [5.0] [cxt 0] Parser state 'start': key is 86dd
[07:15:07.394] [bmv2] [T] [thread 12578] [5.0] [cxt 0] Bytes parsed: 14
[07:15:07.394] [bmv2] [D] [thread 12578] [5.0] [cxt 0] Parser 'parser': end
[07:15:07.394] [bmv2] [D] [thread 12578] [5.0] [cxt 0] Pipeline 'ingress': start
[07:15:07.394] [bmv2] [T] [thread 12578] [5.0] [cxt 0] ms1.p4(223) Condition "hdr.ipv4.isValid() && hdr.ipv4.ttl > 0" (node_2) is false
[07:15:07.394] [bmv2] [D] [thread 12578] [5.0] [cxt 0] Pipeline 'ingress': end
[07:15:07.394] [bmv2] [D] [thread 12578] [5.0] [cxt 0] Egress port is 0
[07:15:07.394] [bmv2] [D] [thread 12579] [5.0] [cxt 0] Pipeline 'egress': start
[07:15:07.394] [bmv2] [D] [thread 12579] [5.0] [cxt 0] Pipeline 'egress': end
[07:15:07.394] [bmv2] [D] [thread 12579] [5.0] [cxt 0] Deparser 'deparser': start
[07:15:07.394] [bmv2] [T] [thread 12579] [5.0] [cxt 0] Skipping checksum 'cksum' update because condition not met
[07:15:07.394] [bmv2] [D] [thread 12579] [5.0] [cxt 0] Deparsing header 'ethernet'
[07:15:07.394] [bmv2] [D] [thread 12579] [5.0] [cxt 0] Deparser 'deparser': end
[07:15:07.394] [bmv2] [D] [thread 12583] [5.0] [cxt 0] Transmitting packet of size 110 out of port 0
[07:15:07.394] [bmv2] [D] [thread 12578] [6.0] [cxt 0] Processing packet received on port 1
[07:15:07.394] [bmv2] [D] [thread 12578] [6.0] [cxt 0] Parser 'parser': start
[07:15:07.394] [bmv2] [D] [thread 12578] [6.0] [cxt 0] Parser 'parser' entering state 'start'
[07:15:07.394] [bmv2] [D] [thread 12578] [6.0] [cxt 0] Extracting header 'ethernet'
[07:15:07.394] [bmv2] [D] [thread 12578] [6.0] [cxt 0] Parser state 'start': key is 86dd
[07:15:07.394] [bmv2] [T] [thread 12578] [6.0] [cxt 0] Bytes parsed: 14
[07:15:07.394] [bmv2] [D] [thread 12578] [6.0] [cxt 0] Parser 'parser': end
[07:15:07.394] [bmv2] [D] [thread 12578] [6.0] [cxt 0] Pipeline 'ingress': start
[07:15:07.394] [bmv2] [T] [thread 12578] [6.0] [cxt 0] ms1.p4(223) Condition "hdr.ipv4.isValid() && hdr.ipv4.ttl > 0" (node_2) is false
[07:15:07.394] [bmv2] [D] [thread 12578] [6.0] [cxt 0] Pipeline 'ingress': end
[07:15:07.394] [bmv2] [D] [thread 12578] [6.0] [cxt 0] Egress port is 0
[07:15:07.394] [bmv2] [D] [thread 12579] [6.0] [cxt 0] Pipeline 'egress': start
[07:15:07.394] [bmv2] [D] [thread 12579] [6.0] [cxt 0] Pipeline 'egress': end
[07:15:07.394] [bmv2] [D] [thread 12579] [6.0] [cxt 0] Deparser 'deparser': start
[07:15:07.394] [bmv2] [T] [thread 12579] [6.0] [cxt 0] Skipping checksum 'cksum' update because condition not met
[07:15:07.395] [bmv2] [D] [thread 12579] [6.0] [cxt 0] Deparsing header 'ethernet'
[07:15:07.395] [bmv2] [D] [thread 12579] [6.0] [cxt 0] Deparser 'deparser': end
election_id {
  low: 1
}
updates {
  type: MODIFY
  entity {
    table_entry {
      table_id: 33581078
      action {
        action {
          action_id: 16805608
        }
      }
      is_default_action: true
    }
  }
}
[07:15:07.395] [bmv2] [D] [thread 12583] [6.0] [cxt 0] Transmitting packet of size 107 out of port 0
[07:15:07.395] [bmv2] [D] [thread 12578] [7.0] [cxt 0] Processing packet received on port 1
[07:15:07.395] [bmv2] [D] [thread 12578] [7.0] [cxt 0] Parser 'parser': start
[07:15:07.395] [bmv2] [D] [thread 12578] [7.0] [cxt 0] Parser 'parser' entering state 'start'
[07:15:07.395] [bmv2] [D] [thread 12578] [7.0] [cxt 0] Extracting header 'ethernet'
[07:15:07.395] [bmv2] [D] [thread 12578] [7.0] [cxt 0] Parser state 'start': key is 86dd
[07:15:07.395] [bmv2] [T] [thread 12578] [7.0] [cxt 0] Bytes parsed: 14
[07:15:07.395] [bmv2] [D] [thread 12578] [7.0] [cxt 0] Parser 'parser': end
[07:15:07.395] [bmv2] [D] [thread 12578] [7.0] [cxt 0] Pipeline 'ingress': start
[07:15:07.395] [bmv2] [T] [thread 12578] [7.0] [cxt 0] ms1.p4(223) Condition "hdr.ipv4.isValid() && hdr.ipv4.ttl > 0" (node_2) is false
[07:15:07.395] [bmv2] [D] [thread 12578] [7.0] [cxt 0] Pipeline 'ingress': end
[07:15:07.395] [bmv2] [D] [thread 12578] [7.0] [cxt 0] Egress port is 0
[07:15:07.395] [bmv2] [D] [thread 12571] Set default entry for table 'MyIngress.Ops': MyIngress.drop - 
[07:15:07.395] [bmv2] [D] [thread 12579] [7.0] [cxt 0] Pipeline 'egress': start
[07:15:07.395] [bmv2] [D] [thread 12579] [7.0] [cxt 0] Pipeline 'egress': end
[07:15:07.395] [bmv2] [D] [thread 12579] [7.0] [cxt 0] Deparser 'deparser': start
[07:15:07.395] [bmv2] [T] [thread 12579] [7.0] [cxt 0] Skipping checksum 'cksum' update because condition not met
[07:15:07.395] [bmv2] [D] [thread 12579] [7.0] [cxt 0] Deparsing header 'ethernet'
[07:15:07.395] [bmv2] [D] [thread 12579] [7.0] [cxt 0] Deparser 'deparser': end
[07:15:07.395] [bmv2] [D] [thread 12583] [7.0] [cxt 0] Transmitting packet of size 90 out of port 0
P4Runtime Write
election_id {
  low: 1
}
updates {
  type: INSERT
  entity {
    table_entry {
      table_id: 33581078
      match {
        field_id: 1
        exact {
          value: "\000"
        }
      }
      action {
        action {
          action_id: 16810522
        }
      }
    }
  }
}
[07:15:07.398] [bmv2] [D] [thread 12572] Entry 0 added to table 'MyIngress.Ops'
[07:15:07.398] [bmv2] [D] [thread 12572] Dumping entry 0
Match key:
* hdr.kvsQuery.queryType: EXACT     00
Action entry: MyIngress.get - 

P4Runtime Write
election_id {
  low: 1
}
updates {
  type: INSERT
  entity {
    table_entry {
      table_id: 33581078
      match {
        field_id: 1
        exact {
          value: "\001"
        }
      }
      action {
        action {
          action_id: 16829933
        }
      }
    }
  }
}
[07:15:07.401] [bmv2] [D] [thread 12572] Entry 1 added to table 'MyIngress.Ops'
[07:15:07.401] [bmv2] [D] [thread 12572] Dumping entry 1
Match key:
* hdr.kvsQuery.queryType: EXACT     01
Action entry: MyIngress.put - 

P4Runtime Write
election_id {
  low: 1
}
updates {
  type: INSERT
  entity {
    table_entry {
      table_id: 33581078
      match {
        field_id: 1
        exact {
          value: "\002"
        }
      }
      action {
        action {
          action_id: 16813393
        }
      }
    }
  }
}
[07:15:07.404] [bmv2] [D] [thread 12585] Entry 2 added to table 'MyIngress.Ops'
[07:15:07.404] [bmv2] [D] [thread 12585] Dumping entry 2
Match key:
* hdr.kvsQuery.queryType: EXACT     02
Action entry: MyIngress.rangeGet - 

P4Runtime Write
election_id {
  low: 1
}
updates {
  type: INSERT
  entity {
    table_entry {
      table_id: 33560387
      match {
        field_id: 1
        lpm {
          value: "\n\000\001\001"
          prefix_len: 32
        }
      }
      action {
        action {
          action_id: 16826124
          params {
            param_id: 1
            value: "\n\000\001\001"
          }
          params {
            param_id: 2
            value: "\000\001"
          }
        }
      }
    }
  }
}
[07:15:07.419] [bmv2] [D] [thread 12585] Entry 0 added to table 'MyIngress.Forwarding'
[07:15:07.419] [bmv2] [D] [thread 12585] Dumping entry 0
Match key:
* hdr.ipv4.dstAddr    : LPM       0a000101/32
Action entry: MyIngress.set_nhop - a000101,1,

P4Runtime Write
election_id {
  low: 1
}
updates {
  type: INSERT
  entity {
    packet_replication_engine_entry {
      clone_session_entry {
        session_id: 1
        replicas {
          egress_port: 1
          instance: 1
        }
      }
    }
  }
}
[07:15:07.424] [bmv2] [D] [thread 12585] mgrp node created for mgid 32769
[07:15:07.424] [bmv2] [D] [thread 12585] node created for rid 1
[07:15:07.424] [bmv2] [D] [thread 12585] node associated with mgid 32769
Connection removed
[07:15:07.529] [bmv2] [D] [thread 12578] [8.0] [cxt 0] Processing packet received on port 1
[07:15:07.529] [bmv2] [D] [thread 12578] [8.0] [cxt 0] Parser 'parser': start
[07:15:07.530] [bmv2] [D] [thread 12578] [8.0] [cxt 0] Parser 'parser' entering state 'start'
[07:15:07.530] [bmv2] [D] [thread 12578] [8.0] [cxt 0] Extracting header 'ethernet'
[07:15:07.530] [bmv2] [D] [thread 12578] [8.0] [cxt 0] Parser state 'start': key is 86dd
[07:15:07.530] [bmv2] [T] [thread 12578] [8.0] [cxt 0] Bytes parsed: 14
[07:15:07.530] [bmv2] [D] [thread 12578] [8.0] [cxt 0] Parser 'parser': end
[07:15:07.530] [bmv2] [D] [thread 12578] [8.0] [cxt 0] Pipeline 'ingress': start
[07:15:07.530] [bmv2] [T] [thread 12578] [8.0] [cxt 0] ms1.p4(223) Condition "hdr.ipv4.isValid() && hdr.ipv4.ttl > 0" (node_2) is false
[07:15:07.530] [bmv2] [D] [thread 12578] [8.0] [cxt 0] Pipeline 'ingress': end
[07:15:07.530] [bmv2] [D] [thread 12578] [8.0] [cxt 0] Egress port is 0
[07:15:07.530] [bmv2] [D] [thread 12579] [8.0] [cxt 0] Pipeline 'egress': start
[07:15:07.530] [bmv2] [D] [thread 12579] [8.0] [cxt 0] Pipeline 'egress': end
[07:15:07.530] [bmv2] [D] [thread 12579] [8.0] [cxt 0] Deparser 'deparser': start
[07:15:07.530] [bmv2] [T] [thread 12579] [8.0] [cxt 0] Skipping checksum 'cksum' update because condition not met
[07:15:07.530] [bmv2] [D] [thread 12579] [8.0] [cxt 0] Deparsing header 'ethernet'
[07:15:07.530] [bmv2] [D] [thread 12579] [8.0] [cxt 0] Deparser 'deparser': end
[07:15:07.530] [bmv2] [D] [thread 12583] [8.0] [cxt 0] Transmitting packet of size 208 out of port 0
[07:15:07.777] [bmv2] [D] [thread 12578] [9.0] [cxt 0] Processing packet received on port 1
[07:15:07.777] [bmv2] [D] [thread 12578] [9.0] [cxt 0] Parser 'parser': start
[07:15:07.777] [bmv2] [D] [thread 12578] [9.0] [cxt 0] Parser 'parser' entering state 'start'
[07:15:07.777] [bmv2] [D] [thread 12578] [9.0] [cxt 0] Extracting header 'ethernet'
[07:15:07.777] [bmv2] [D] [thread 12578] [9.0] [cxt 0] Parser state 'start': key is 86dd
[07:15:07.777] [bmv2] [T] [thread 12578] [9.0] [cxt 0] Bytes parsed: 14
[07:15:07.777] [bmv2] [D] [thread 12578] [9.0] [cxt 0] Parser 'parser': end
[07:15:07.777] [bmv2] [D] [thread 12578] [9.0] [cxt 0] Pipeline 'ingress': start
[07:15:07.777] [bmv2] [T] [thread 12578] [9.0] [cxt 0] ms1.p4(223) Condition "hdr.ipv4.isValid() && hdr.ipv4.ttl > 0" (node_2) is false
[07:15:07.777] [bmv2] [D] [thread 12578] [9.0] [cxt 0] Pipeline 'ingress': end
[07:15:07.777] [bmv2] [D] [thread 12578] [9.0] [cxt 0] Egress port is 0
[07:15:07.777] [bmv2] [D] [thread 12579] [9.0] [cxt 0] Pipeline 'egress': start
[07:15:07.777] [bmv2] [D] [thread 12579] [9.0] [cxt 0] Pipeline 'egress': end
[07:15:07.777] [bmv2] [D] [thread 12579] [9.0] [cxt 0] Deparser 'deparser': start
[07:15:07.778] [bmv2] [T] [thread 12579] [9.0] [cxt 0] Skipping checksum 'cksum' update because condition not met
[07:15:07.778] [bmv2] [D] [thread 12579] [9.0] [cxt 0] Deparsing header 'ethernet'
[07:15:07.778] [bmv2] [D] [thread 12579] [9.0] [cxt 0] Deparser 'deparser': end
[07:15:07.778] [bmv2] [D] [thread 12583] [9.0] [cxt 0] Transmitting packet of size 208 out of port 0
[07:15:08.037] [bmv2] [D] [thread 12578] [10.0] [cxt 0] Processing packet received on port 1
[07:15:08.037] [bmv2] [D] [thread 12578] [10.0] [cxt 0] Parser 'parser': start
[07:15:08.037] [bmv2] [D] [thread 12578] [10.0] [cxt 0] Parser 'parser' entering state 'start'
[07:15:08.037] [bmv2] [D] [thread 12578] [10.0] [cxt 0] Extracting header 'ethernet'
[07:15:08.037] [bmv2] [D] [thread 12578] [10.0] [cxt 0] Parser state 'start': key is 86dd
[07:15:08.037] [bmv2] [T] [thread 12578] [10.0] [cxt 0] Bytes parsed: 14
[07:15:08.037] [bmv2] [D] [thread 12578] [10.0] [cxt 0] Parser 'parser': end
[07:15:08.037] [bmv2] [D] [thread 12578] [10.0] [cxt 0] Pipeline 'ingress': start
[07:15:08.037] [bmv2] [T] [thread 12578] [10.0] [cxt 0] ms1.p4(223) Condition "hdr.ipv4.isValid() && hdr.ipv4.ttl > 0" (node_2) is false
[07:15:08.037] [bmv2] [D] [thread 12578] [10.0] [cxt 0] Pipeline 'ingress': end
[07:15:08.037] [bmv2] [D] [thread 12578] [10.0] [cxt 0] Egress port is 0
[07:15:08.037] [bmv2] [D] [thread 12579] [10.0] [cxt 0] Pipeline 'egress': start
[07:15:08.037] [bmv2] [D] [thread 12579] [10.0] [cxt 0] Pipeline 'egress': end
[07:15:08.037] [bmv2] [D] [thread 12579] [10.0] [cxt 0] Deparser 'deparser': start
[07:15:08.037] [bmv2] [T] [thread 12579] [10.0] [cxt 0] Skipping checksum 'cksum' update because condition not met
[07:15:08.037] [bmv2] [D] [thread 12579] [10.0] [cxt 0] Deparsing header 'ethernet'
[07:15:08.037] [bmv2] [D] [thread 12579] [10.0] [cxt 0] Deparser 'deparser': end
[07:15:08.037] [bmv2] [D] [thread 12583] [10.0] [cxt 0] Transmitting packet of size 208 out of port 0
[07:15:08.210] [bmv2] [D] [thread 12578] [11.0] [cxt 0] Processing packet received on port 1
[07:15:08.210] [bmv2] [D] [thread 12578] [11.0] [cxt 0] Parser 'parser': start
[07:15:08.210] [bmv2] [D] [thread 12578] [11.0] [cxt 0] Parser 'parser' entering state 'start'
[07:15:08.210] [bmv2] [D] [thread 12578] [11.0] [cxt 0] Extracting header 'ethernet'
[07:15:08.210] [bmv2] [D] [thread 12578] [11.0] [cxt 0] Parser state 'start': key is 86dd
[07:15:08.210] [bmv2] [T] [thread 12578] [11.0] [cxt 0] Bytes parsed: 14
[07:15:08.210] [bmv2] [D] [thread 12578] [11.0] [cxt 0] Parser 'parser': end
[07:15:08.210] [bmv2] [D] [thread 12578] [11.0] [cxt 0] Pipeline 'ingress': start
[07:15:08.210] [bmv2] [T] [thread 12578] [11.0] [cxt 0] ms1.p4(223) Condition "hdr.ipv4.isValid() && hdr.ipv4.ttl > 0" (node_2) is false
[07:15:08.211] [bmv2] [D] [thread 12578] [11.0] [cxt 0] Pipeline 'ingress': end
[07:15:08.211] [bmv2] [D] [thread 12578] [11.0] [cxt 0] Egress port is 0
[07:15:08.211] [bmv2] [D] [thread 12579] [11.0] [cxt 0] Pipeline 'egress': start
[07:15:08.211] [bmv2] [D] [thread 12579] [11.0] [cxt 0] Pipeline 'egress': end
[07:15:08.211] [bmv2] [D] [thread 12579] [11.0] [cxt 0] Deparser 'deparser': start
[07:15:08.211] [bmv2] [T] [thread 12579] [11.0] [cxt 0] Skipping checksum 'cksum' update because condition not met
[07:15:08.211] [bmv2] [D] [thread 12579] [11.0] [cxt 0] Deparsing header 'ethernet'
[07:15:08.211] [bmv2] [D] [thread 12579] [11.0] [cxt 0] Deparser 'deparser': end
[07:15:08.211] [bmv2] [D] [thread 12583] [11.0] [cxt 0] Transmitting packet of size 110 out of port 0
[07:15:08.245] [bmv2] [D] [thread 12578] [12.0] [cxt 0] Processing packet received on port 1
[07:15:08.246] [bmv2] [D] [thread 12578] [12.0] [cxt 0] Parser 'parser': start
[07:15:08.246] [bmv2] [D] [thread 12578] [12.0] [cxt 0] Parser 'parser' entering state 'start'
[07:15:08.246] [bmv2] [D] [thread 12578] [12.0] [cxt 0] Extracting header 'ethernet'
[07:15:08.246] [bmv2] [D] [thread 12578] [12.0] [cxt 0] Parser state 'start': key is 86dd
[07:15:08.246] [bmv2] [T] [thread 12578] [12.0] [cxt 0] Bytes parsed: 14
[07:15:08.246] [bmv2] [D] [thread 12578] [12.0] [cxt 0] Parser 'parser': end
[07:15:08.246] [bmv2] [D] [thread 12578] [12.0] [cxt 0] Pipeline 'ingress': start
[07:15:08.246] [bmv2] [T] [thread 12578] [12.0] [cxt 0] ms1.p4(223) Condition "hdr.ipv4.isValid() && hdr.ipv4.ttl > 0" (node_2) is false
[07:15:08.246] [bmv2] [D] [thread 12578] [12.0] [cxt 0] Pipeline 'ingress': end
[07:15:08.246] [bmv2] [D] [thread 12578] [12.0] [cxt 0] Egress port is 0
[07:15:08.246] [bmv2] [D] [thread 12579] [12.0] [cxt 0] Pipeline 'egress': start
[07:15:08.246] [bmv2] [D] [thread 12579] [12.0] [cxt 0] Pipeline 'egress': end
[07:15:08.246] [bmv2] [D] [thread 12579] [12.0] [cxt 0] Deparser 'deparser': start
[07:15:08.246] [bmv2] [T] [thread 12579] [12.0] [cxt 0] Skipping checksum 'cksum' update because condition not met
[07:15:08.246] [bmv2] [D] [thread 12579] [12.0] [cxt 0] Deparsing header 'ethernet'
[07:15:08.246] [bmv2] [D] [thread 12579] [12.0] [cxt 0] Deparser 'deparser': end
[07:15:08.246] [bmv2] [D] [thread 12583] [12.0] [cxt 0] Transmitting packet of size 196 out of port 0
[07:15:08.346] [bmv2] [D] [thread 12578] [13.0] [cxt 0] Processing packet received on port 1
[07:15:08.346] [bmv2] [D] [thread 12578] [13.0] [cxt 0] Parser 'parser': start
[07:15:08.346] [bmv2] [D] [thread 12578] [13.0] [cxt 0] Parser 'parser' entering state 'start'
[07:15:08.346] [bmv2] [D] [thread 12578] [13.0] [cxt 0] Extracting header 'ethernet'
[07:15:08.346] [bmv2] [D] [thread 12578] [13.0] [cxt 0] Parser state 'start': key is 86dd
[07:15:08.346] [bmv2] [T] [thread 12578] [13.0] [cxt 0] Bytes parsed: 14
[07:15:08.346] [bmv2] [D] [thread 12578] [13.0] [cxt 0] Parser 'parser': end
[07:15:08.346] [bmv2] [D] [thread 12578] [13.0] [cxt 0] Pipeline 'ingress': start
[07:15:08.347] [bmv2] [T] [thread 12578] [13.0] [cxt 0] ms1.p4(223) Condition "hdr.ipv4.isValid() && hdr.ipv4.ttl > 0" (node_2) is false
[07:15:08.347] [bmv2] [D] [thread 12578] [13.0] [cxt 0] Pipeline 'ingress': end
[07:15:08.347] [bmv2] [D] [thread 12578] [13.0] [cxt 0] Egress port is 0
[07:15:08.347] [bmv2] [D] [thread 12579] [13.0] [cxt 0] Pipeline 'egress': start
[07:15:08.347] [bmv2] [D] [thread 12579] [13.0] [cxt 0] Pipeline 'egress': end
[07:15:08.347] [bmv2] [D] [thread 12579] [13.0] [cxt 0] Deparser 'deparser': start
[07:15:08.347] [bmv2] [T] [thread 12579] [13.0] [cxt 0] Skipping checksum 'cksum' update because condition not met
[07:15:08.347] [bmv2] [D] [thread 12579] [13.0] [cxt 0] Deparsing header 'ethernet'
[07:15:08.347] [bmv2] [D] [thread 12579] [13.0] [cxt 0] Deparser 'deparser': end
[07:15:08.347] [bmv2] [D] [thread 12583] [13.0] [cxt 0] Transmitting packet of size 107 out of port 0
[07:15:09.486] [bmv2] [D] [thread 12578] [14.0] [cxt 0] Processing packet received on port 1
[07:15:09.486] [bmv2] [D] [thread 12578] [14.0] [cxt 0] Parser 'parser': start
[07:15:09.486] [bmv2] [D] [thread 12578] [14.0] [cxt 0] Parser 'parser' entering state 'start'
[07:15:09.486] [bmv2] [D] [thread 12578] [14.0] [cxt 0] Extracting header 'ethernet'
[07:15:09.486] [bmv2] [D] [thread 12578] [14.0] [cxt 0] Parser state 'start': key is 86dd
[07:15:09.486] [bmv2] [T] [thread 12578] [14.0] [cxt 0] Bytes parsed: 14
[07:15:09.486] [bmv2] [D] [thread 12578] [14.0] [cxt 0] Parser 'parser': end
[07:15:09.486] [bmv2] [D] [thread 12578] [14.0] [cxt 0] Pipeline 'ingress': start
[07:15:09.486] [bmv2] [T] [thread 12578] [14.0] [cxt 0] ms1.p4(223) Condition "hdr.ipv4.isValid() && hdr.ipv4.ttl > 0" (node_2) is false
[07:15:09.486] [bmv2] [D] [thread 12578] [14.0] [cxt 0] Pipeline 'ingress': end
[07:15:09.486] [bmv2] [D] [thread 12578] [14.0] [cxt 0] Egress port is 0
[07:15:09.486] [bmv2] [D] [thread 12579] [14.0] [cxt 0] Pipeline 'egress': start
[07:15:09.486] [bmv2] [D] [thread 12579] [14.0] [cxt 0] Pipeline 'egress': end
[07:15:09.486] [bmv2] [D] [thread 12579] [14.0] [cxt 0] Deparser 'deparser': start
[07:15:09.486] [bmv2] [T] [thread 12579] [14.0] [cxt 0] Skipping checksum 'cksum' update because condition not met
[07:15:09.486] [bmv2] [D] [thread 12579] [14.0] [cxt 0] Deparsing header 'ethernet'
[07:15:09.486] [bmv2] [D] [thread 12579] [14.0] [cxt 0] Deparser 'deparser': end
[07:15:09.486] [bmv2] [D] [thread 12583] [14.0] [cxt 0] Transmitting packet of size 196 out of port 0
[07:15:10.347] [bmv2] [D] [thread 12578] [15.0] [cxt 0] Processing packet received on port 1
[07:15:10.347] [bmv2] [D] [thread 12578] [15.0] [cxt 0] Parser 'parser': start
[07:15:10.347] [bmv2] [D] [thread 12578] [15.0] [cxt 0] Parser 'parser' entering state 'start'
[07:15:10.347] [bmv2] [D] [thread 12578] [15.0] [cxt 0] Extracting header 'ethernet'
[07:15:10.347] [bmv2] [D] [thread 12578] [15.0] [cxt 0] Parser state 'start': key is 86dd
[07:15:10.347] [bmv2] [T] [thread 12578] [15.0] [cxt 0] Bytes parsed: 14
[07:15:10.347] [bmv2] [D] [thread 12578] [15.0] [cxt 0] Parser 'parser': end
[07:15:10.347] [bmv2] [D] [thread 12578] [15.0] [cxt 0] Pipeline 'ingress': start
[07:15:10.347] [bmv2] [T] [thread 12578] [15.0] [cxt 0] ms1.p4(223) Condition "hdr.ipv4.isValid() && hdr.ipv4.ttl > 0" (node_2) is false
[07:15:10.348] [bmv2] [D] [thread 12578] [15.0] [cxt 0] Pipeline 'ingress': end
[07:15:10.348] [bmv2] [D] [thread 12578] [15.0] [cxt 0] Egress port is 0
[07:15:10.348] [bmv2] [D] [thread 12579] [15.0] [cxt 0] Pipeline 'egress': start
[07:15:10.348] [bmv2] [D] [thread 12579] [15.0] [cxt 0] Pipeline 'egress': end
[07:15:10.348] [bmv2] [D] [thread 12579] [15.0] [cxt 0] Deparser 'deparser': start
[07:15:10.348] [bmv2] [T] [thread 12579] [15.0] [cxt 0] Skipping checksum 'cksum' update because condition not met
[07:15:10.348] [bmv2] [D] [thread 12579] [15.0] [cxt 0] Deparsing header 'ethernet'
[07:15:10.348] [bmv2] [D] [thread 12579] [15.0] [cxt 0] Deparser 'deparser': end
[07:15:10.348] [bmv2] [D] [thread 12583] [15.0] [cxt 0] Transmitting packet of size 107 out of port 0
[07:15:11.279] [bmv2] [D] [thread 12578] [16.0] [cxt 0] Processing packet received on port 1
[07:15:11.279] [bmv2] [D] [thread 12578] [16.0] [cxt 0] Parser 'parser': start
[07:15:11.279] [bmv2] [D] [thread 12578] [16.0] [cxt 0] Parser 'parser' entering state 'start'
[07:15:11.279] [bmv2] [D] [thread 12578] [16.0] [cxt 0] Extracting header 'ethernet'
[07:15:11.279] [bmv2] [D] [thread 12578] [16.0] [cxt 0] Parser state 'start': key is 86dd
[07:15:11.279] [bmv2] [T] [thread 12578] [16.0] [cxt 0] Bytes parsed: 14
[07:15:11.279] [bmv2] [D] [thread 12578] [16.0] [cxt 0] Parser 'parser': end
[07:15:11.279] [bmv2] [D] [thread 12578] [16.0] [cxt 0] Pipeline 'ingress': start
[07:15:11.279] [bmv2] [T] [thread 12578] [16.0] [cxt 0] ms1.p4(223) Condition "hdr.ipv4.isValid() && hdr.ipv4.ttl > 0" (node_2) is false
[07:15:11.279] [bmv2] [D] [thread 12578] [16.0] [cxt 0] Pipeline 'ingress': end
[07:15:11.279] [bmv2] [D] [thread 12578] [16.0] [cxt 0] Egress port is 0
[07:15:11.279] [bmv2] [D] [thread 12579] [16.0] [cxt 0] Pipeline 'egress': start
[07:15:11.279] [bmv2] [D] [thread 12579] [16.0] [cxt 0] Pipeline 'egress': end
[07:15:11.279] [bmv2] [D] [thread 12579] [16.0] [cxt 0] Deparser 'deparser': start
[07:15:11.279] [bmv2] [T] [thread 12579] [16.0] [cxt 0] Skipping checksum 'cksum' update because condition not met
[07:15:11.279] [bmv2] [D] [thread 12579] [16.0] [cxt 0] Deparsing header 'ethernet'
[07:15:11.279] [bmv2] [D] [thread 12579] [16.0] [cxt 0] Deparser 'deparser': end
[07:15:11.280] [bmv2] [D] [thread 12583] [16.0] [cxt 0] Transmitting packet of size 70 out of port 0
[07:15:11.727] [bmv2] [D] [thread 12578] [17.0] [cxt 0] Processing packet received on port 1
[07:15:11.727] [bmv2] [D] [thread 12578] [17.0] [cxt 0] Parser 'parser': start
[07:15:11.727] [bmv2] [D] [thread 12578] [17.0] [cxt 0] Parser 'parser' entering state 'start'
[07:15:11.727] [bmv2] [D] [thread 12578] [17.0] [cxt 0] Extracting header 'ethernet'
[07:15:11.727] [bmv2] [D] [thread 12578] [17.0] [cxt 0] Parser state 'start': key is 86dd
[07:15:11.727] [bmv2] [T] [thread 12578] [17.0] [cxt 0] Bytes parsed: 14
[07:15:11.727] [bmv2] [D] [thread 12578] [17.0] [cxt 0] Parser 'parser': end
[07:15:11.727] [bmv2] [D] [thread 12578] [17.0] [cxt 0] Pipeline 'ingress': start
[07:15:11.727] [bmv2] [T] [thread 12578] [17.0] [cxt 0] ms1.p4(223) Condition "hdr.ipv4.isValid() && hdr.ipv4.ttl > 0" (node_2) is false
[07:15:11.727] [bmv2] [D] [thread 12578] [17.0] [cxt 0] Pipeline 'ingress': end
[07:15:11.727] [bmv2] [D] [thread 12578] [17.0] [cxt 0] Egress port is 0
[07:15:11.727] [bmv2] [D] [thread 12579] [17.0] [cxt 0] Pipeline 'egress': start
[07:15:11.727] [bmv2] [D] [thread 12579] [17.0] [cxt 0] Pipeline 'egress': end
[07:15:11.727] [bmv2] [D] [thread 12579] [17.0] [cxt 0] Deparser 'deparser': start
[07:15:11.727] [bmv2] [T] [thread 12579] [17.0] [cxt 0] Skipping checksum 'cksum' update because condition not met
[07:15:11.727] [bmv2] [D] [thread 12579] [17.0] [cxt 0] Deparsing header 'ethernet'
[07:15:11.727] [bmv2] [D] [thread 12579] [17.0] [cxt 0] Deparser 'deparser': end
[07:15:11.727] [bmv2] [D] [thread 12583] [17.0] [cxt 0] Transmitting packet of size 196 out of port 0
[07:15:14.349] [bmv2] [D] [thread 12578] [18.0] [cxt 0] Processing packet received on port 1
[07:15:14.350] [bmv2] [D] [thread 12578] [18.0] [cxt 0] Parser 'parser': start
[07:15:14.350] [bmv2] [D] [thread 12578] [18.0] [cxt 0] Parser 'parser' entering state 'start'
[07:15:14.350] [bmv2] [D] [thread 12578] [18.0] [cxt 0] Extracting header 'ethernet'
[07:15:14.350] [bmv2] [D] [thread 12578] [18.0] [cxt 0] Parser state 'start': key is 86dd
[07:15:14.350] [bmv2] [T] [thread 12578] [18.0] [cxt 0] Bytes parsed: 14
[07:15:14.350] [bmv2] [D] [thread 12578] [18.0] [cxt 0] Parser 'parser': end
[07:15:14.350] [bmv2] [D] [thread 12578] [18.0] [cxt 0] Pipeline 'ingress': start
[07:15:14.350] [bmv2] [T] [thread 12578] [18.0] [cxt 0] ms1.p4(223) Condition "hdr.ipv4.isValid() && hdr.ipv4.ttl > 0" (node_2) is false
[07:15:14.350] [bmv2] [D] [thread 12578] [18.0] [cxt 0] Pipeline 'ingress': end
[07:15:14.350] [bmv2] [D] [thread 12578] [18.0] [cxt 0] Egress port is 0
[07:15:14.350] [bmv2] [D] [thread 12579] [18.0] [cxt 0] Pipeline 'egress': start
[07:15:14.350] [bmv2] [D] [thread 12579] [18.0] [cxt 0] Pipeline 'egress': end
[07:15:14.350] [bmv2] [D] [thread 12579] [18.0] [cxt 0] Deparser 'deparser': start
[07:15:14.350] [bmv2] [T] [thread 12579] [18.0] [cxt 0] Skipping checksum 'cksum' update because condition not met
[07:15:14.350] [bmv2] [D] [thread 12579] [18.0] [cxt 0] Deparsing header 'ethernet'
[07:15:14.350] [bmv2] [D] [thread 12579] [18.0] [cxt 0] Deparser 'deparser': end
[07:15:14.350] [bmv2] [D] [thread 12583] [18.0] [cxt 0] Transmitting packet of size 107 out of port 0
[07:15:15.284] [bmv2] [D] [thread 12578] [19.0] [cxt 0] Processing packet received on port 1
[07:15:15.284] [bmv2] [D] [thread 12578] [19.0] [cxt 0] Parser 'parser': start
[07:15:15.285] [bmv2] [D] [thread 12578] [19.0] [cxt 0] Parser 'parser' entering state 'start'
[07:15:15.285] [bmv2] [D] [thread 12578] [19.0] [cxt 0] Extracting header 'ethernet'
[07:15:15.285] [bmv2] [D] [thread 12578] [19.0] [cxt 0] Parser state 'start': key is 86dd
[07:15:15.285] [bmv2] [T] [thread 12578] [19.0] [cxt 0] Bytes parsed: 14
[07:15:15.285] [bmv2] [D] [thread 12578] [19.0] [cxt 0] Parser 'parser': end
[07:15:15.285] [bmv2] [D] [thread 12578] [19.0] [cxt 0] Pipeline 'ingress': start
[07:15:15.285] [bmv2] [T] [thread 12578] [19.0] [cxt 0] ms1.p4(223) Condition "hdr.ipv4.isValid() && hdr.ipv4.ttl > 0" (node_2) is false
[07:15:15.285] [bmv2] [D] [thread 12578] [19.0] [cxt 0] Pipeline 'ingress': end
[07:15:15.285] [bmv2] [D] [thread 12578] [19.0] [cxt 0] Egress port is 0
[07:15:15.285] [bmv2] [D] [thread 12579] [19.0] [cxt 0] Pipeline 'egress': start
[07:15:15.285] [bmv2] [D] [thread 12579] [19.0] [cxt 0] Pipeline 'egress': end
[07:15:15.285] [bmv2] [D] [thread 12579] [19.0] [cxt 0] Deparser 'deparser': start
[07:15:15.285] [bmv2] [T] [thread 12579] [19.0] [cxt 0] Skipping checksum 'cksum' update because condition not met
[07:15:15.285] [bmv2] [D] [thread 12579] [19.0] [cxt 0] Deparsing header 'ethernet'
[07:15:15.285] [bmv2] [D] [thread 12579] [19.0] [cxt 0] Deparser 'deparser': end
[07:15:15.285] [bmv2] [D] [thread 12583] [19.0] [cxt 0] Transmitting packet of size 70 out of port 0
