Calling target program-options parser
Adding interface s2-eth1 as port 1
[04:27:17.383] [bmv2] [D] [thread 5816] Adding interface s2-eth1 as port 1
Adding interface s2-eth2 as port 2
[04:27:17.430] [bmv2] [D] [thread 5816] Adding interface s2-eth2 as port 2
I1105 04:27:17.475111534    5816 server_builder.cc:247]      Synchronous server. Num CQs: 1, Min pollers: 1, Max Pollers: 2147483647, CQ timeout (msec): 1000
Server listening on 0.0.0.0:50052
[04:27:17.477] [bmv2] [I] [thread 5816] Starting Thrift server on port 9091
[04:27:17.478] [bmv2] [I] [thread 5816] Thrift server was started
New connection
P4Runtime SetForwardingPipelineConfig
[04:27:20.071] [bmv2] [W] [thread 5867] [P4Runtime] p4::tmp::P4DeviceConfig is deprecated
[04:27:20.072] [bmv2] [D] [thread 5867] Set default default entry for table 'MyIngress.ecmp_group': NoAction - 
[04:27:20.072] [bmv2] [D] [thread 5867] Set default default entry for table 'MyIngress.ecmp_nhop': NoAction - 
[04:27:20.072] [bmv2] [D] [thread 5867] Set default default entry for table 'tbl_act': act - 
[04:27:20.072] [bmv2] [D] [thread 5867] Set default default entry for table 'tbl_act_0': act_0 - 
[04:27:20.072] [bmv2] [D] [thread 5867] Set default default entry for table 'tbl_act_1': act_1 - 
[04:27:20.076] [bmv2] [D] [thread 5875] [0.0] [cxt 0] Processing packet received on port 1
[04:27:20.076] [bmv2] [D] [thread 5875] [0.0] [cxt 0] Parser 'parser': start
[04:27:20.076] [bmv2] [D] [thread 5875] [0.0] [cxt 0] Parser 'parser' entering state 'start'
[04:27:20.076] [bmv2] [D] [thread 5875] [0.0] [cxt 0] Extracting header 'ethernet'
[04:27:20.076] [bmv2] [D] [thread 5875] [0.0] [cxt 0] Parser state 'start': key is 86dd
[04:27:20.076] [bmv2] [T] [thread 5875] [0.0] [cxt 0] Bytes parsed: 14
[04:27:20.076] [bmv2] [D] [thread 5875] [0.0] [cxt 0] Parser 'parser': end
[04:27:20.076] [bmv2] [D] [thread 5875] [0.0] [cxt 0] Pipeline 'ingress': start
[04:27:20.076] [bmv2] [T] [thread 5875] [0.0] [cxt 0] ecmp.p4(190) Condition "hdr.ipv4.isValid() && hdr.ipv4.ttl > 0" (node_2) is false
[04:27:20.076] [bmv2] [D] [thread 5875] [0.0] [cxt 0] Pipeline 'ingress': end
[04:27:20.076] [bmv2] [D] [thread 5875] [0.0] [cxt 0] Egress port is 0
[04:27:20.076] [bmv2] [D] [thread 5875] [1.0] [cxt 0] Processing packet received on port 2
[04:27:20.076] [bmv2] [D] [thread 5875] [1.0] [cxt 0] Parser 'parser': start
[04:27:20.076] [bmv2] [D] [thread 5875] [1.0] [cxt 0] Parser 'parser' entering state 'start'
[04:27:20.076] [bmv2] [D] [thread 5875] [1.0] [cxt 0] Extracting header 'ethernet'
[04:27:20.076] [bmv2] [D] [thread 5875] [1.0] [cxt 0] Parser state 'start': key is 86dd
[04:27:20.076] [bmv2] [T] [thread 5875] [1.0] [cxt 0] Bytes parsed: 14
[04:27:20.076] [bmv2] [D] [thread 5875] [1.0] [cxt 0] Parser 'parser': end
[04:27:20.076] [bmv2] [D] [thread 5875] [1.0] [cxt 0] Pipeline 'ingress': start
[04:27:20.076] [bmv2] [T] [thread 5875] [1.0] [cxt 0] ecmp.p4(190) Condition "hdr.ipv4.isValid() && hdr.ipv4.ttl > 0" (node_2) is false
[04:27:20.076] [bmv2] [D] [thread 5875] [1.0] [cxt 0] Pipeline 'ingress': end
[04:27:20.076] [bmv2] [D] [thread 5875] [1.0] [cxt 0] Egress port is 0
[04:27:20.076] [bmv2] [D] [thread 5875] [2.0] [cxt 0] Processing packet received on port 1
[04:27:20.076] [bmv2] [D] [thread 5875] [2.0] [cxt 0] Parser 'parser': start
[04:27:20.076] [bmv2] [D] [thread 5875] [2.0] [cxt 0] Parser 'parser' entering state 'start'
[04:27:20.076] [bmv2] [D] [thread 5875] [2.0] [cxt 0] Extracting header 'ethernet'
[04:27:20.076] [bmv2] [D] [thread 5875] [2.0] [cxt 0] Parser state 'start': key is 86dd
[04:27:20.076] [bmv2] [T] [thread 5875] [2.0] [cxt 0] Bytes parsed: 14
[04:27:20.076] [bmv2] [D] [thread 5875] [2.0] [cxt 0] Parser 'parser': end
[04:27:20.076] [bmv2] [D] [thread 5875] [2.0] [cxt 0] Pipeline 'ingress': start
P4Runtime Write
[04:27:20.076] [bmv2] [T] [thread 5875] [2.0] [cxt 0] ecmp.p4(190) Condition "hdr.ipv4.isValid() && hdr.ipv4.ttl > 0" (node_2) is false
[04:27:20.076] [bmv2] [D] [thread 5875] [2.0] [cxt 0] Pipeline 'ingress': end
[04:27:20.076] [bmv2] [D] [thread 5875] [2.0] [cxt 0] Egress port is 0
[04:27:20.076] [bmv2] [D] [thread 5875] [3.0] [cxt 0] Processing packet received on port 2
[04:27:20.076] [bmv2] [D] [thread 5875] [3.0] [cxt 0] Parser 'parser': start
[04:27:20.076] [bmv2] [D] [thread 5875] [3.0] [cxt 0] Parser 'parser' entering state 'start'
[04:27:20.076] [bmv2] [D] [thread 5875] [3.0] [cxt 0] Extracting header 'ethernet'
[04:27:20.076] [bmv2] [D] [thread 5875] [3.0] [cxt 0] Parser state 'start': key is 86dd
[04:27:20.076] [bmv2] [T] [thread 5875] [3.0] [cxt 0] Bytes parsed: 14
[04:27:20.076] [bmv2] [D] [thread 5875] [3.0] [cxt 0] Parser 'parser': end
[04:27:20.076] [bmv2] [D] [thread 5875] [3.0] [cxt 0] Pipeline 'ingress': start
[04:27:20.076] [bmv2] [T] [thread 5875] [3.0] [cxt 0] ecmp.p4(190) Condition "hdr.ipv4.isValid() && hdr.ipv4.ttl > 0" (node_2) is false
[04:27:20.076] [bmv2] [D] [thread 5875] [3.0] [cxt 0] Pipeline 'ingress': end
[04:27:20.076] [bmv2] [D] [thread 5875] [3.0] [cxt 0] Egress port is 0
[04:27:20.076] [bmv2] [D] [thread 5875] [4.0] [cxt 0] Processing packet received on port 1
[04:27:20.076] [bmv2] [D] [thread 5875] [4.0] [cxt 0] Parser 'parser': start
[04:27:20.076] [bmv2] [D] [thread 5875] [4.0] [cxt 0] Parser 'parser' entering state 'start'
[04:27:20.076] [bmv2] [D] [thread 5875] [4.0] [cxt 0] Extracting header 'ethernet'
[04:27:20.076] [bmv2] [D] [thread 5875] [4.0] [cxt 0] Parser state 'start': key is 86dd
[04:27:20.076] [bmv2] [T] [thread 5875] [4.0] [cxt 0] Bytes parsed: 14
[04:27:20.076] [bmv2] [D] [thread 5875] [4.0] [cxt 0] Parser 'parser': end
[04:27:20.076] [bmv2] [D] [thread 5875] [4.0] [cxt 0] Pipeline 'ingress': start
[04:27:20.076] [bmv2] [T] [thread 5875] [4.0] [cxt 0] ecmp.p4(190) Condition "hdr.ipv4.isValid() && hdr.ipv4.ttl > 0" (node_2) is false
[04:27:20.076] [bmv2] [D] [thread 5875] [4.0] [cxt 0] Pipeline 'ingress': end
[04:27:20.076] [bmv2] [D] [thread 5875] [4.0] [cxt 0] Egress port is 0
[04:27:20.076] [bmv2] [D] [thread 5875] [5.0] [cxt 0] Processing packet received on port 2
[04:27:20.076] [bmv2] [D] [thread 5875] [5.0] [cxt 0] Parser 'parser': start
[04:27:20.076] [bmv2] [D] [thread 5875] [5.0] [cxt 0] Parser 'parser' entering state 'start'
[04:27:20.076] [bmv2] [D] [thread 5875] [5.0] [cxt 0] Extracting header 'ethernet'
[04:27:20.076] [bmv2] [D] [thread 5875] [5.0] [cxt 0] Parser state 'start': key is 86dd
[04:27:20.076] [bmv2] [T] [thread 5875] [5.0] [cxt 0] Bytes parsed: 14
[04:27:20.076] [bmv2] [D] [thread 5875] [5.0] [cxt 0] Parser 'parser': end
[04:27:20.076] [bmv2] [D] [thread 5875] [5.0] [cxt 0] Pipeline 'ingress': start
[04:27:20.076] [bmv2] [T] [thread 5875] [5.0] [cxt 0] ecmp.p4(190) Condition "hdr.ipv4.isValid() && hdr.ipv4.ttl > 0" (node_2) is false
[04:27:20.076] [bmv2] [D] [thread 5875] [5.0] [cxt 0] Pipeline 'ingress': end
[04:27:20.076] [bmv2] [D] [thread 5875] [5.0] [cxt 0] Egress port is 0
[04:27:20.076] [bmv2] [D] [thread 5875] [6.0] [cxt 0] Processing packet received on port 1
[04:27:20.076] [bmv2] [D] [thread 5875] [6.0] [cxt 0] Parser 'parser': start
[04:27:20.076] [bmv2] [D] [thread 5875] [6.0] [cxt 0] Parser 'parser' entering state 'start'
[04:27:20.076] [bmv2] [D] [thread 5875] [6.0] [cxt 0] Extracting header 'ethernet'
[04:27:20.076] [bmv2] [D] [thread 5875] [6.0] [cxt 0] Parser state 'start': key is 86dd
[04:27:20.076] [bmv2] [T] [thread 5875] [6.0] [cxt 0] Bytes parsed: 14
[04:27:20.076] [bmv2] [D] [thread 5875] [6.0] [cxt 0] Parser 'parser': end
[04:27:20.076] [bmv2] [D] [thread 5875] [6.0] [cxt 0] Pipeline 'ingress': start
[04:27:20.076] [bmv2] [T] [thread 5875] [6.0] [cxt 0] ecmp.p4(190) Condition "hdr.ipv4.isValid() && hdr.ipv4.ttl > 0" (node_2) is false
[04:27:20.076] [bmv2] [D] [thread 5875] [6.0] [cxt 0] Pipeline 'ingress': end
[04:27:20.076] [bmv2] [D] [thread 5875] [6.0] [cxt 0] Egress port is 0
[04:27:20.076] [bmv2] [D] [thread 5875] [7.0] [cxt 0] Processing packet received on port 2
[04:27:20.076] [bmv2] [D] [thread 5875] [7.0] [cxt 0] Parser 'parser': start
[04:27:20.076] [bmv2] [D] [thread 5875] [7.0] [cxt 0] Parser 'parser' entering state 'start'
[04:27:20.076] [bmv2] [D] [thread 5875] [7.0] [cxt 0] Extracting header 'ethernet'
[04:27:20.076] [bmv2] [D] [thread 5875] [7.0] [cxt 0] Parser state 'start': key is 86dd
[04:27:20.076] [bmv2] [T] [thread 5875] [7.0] [cxt 0] Bytes parsed: 14
[04:27:20.076] [bmv2] [D] [thread 5875] [7.0] [cxt 0] Parser 'parser': end
[04:27:20.076] [bmv2] [D] [thread 5875] [7.0] [cxt 0] Pipeline 'ingress': start
[04:27:20.076] [bmv2] [T] [thread 5875] [7.0] [cxt 0] ecmp.p4(190) Condition "hdr.ipv4.isValid() && hdr.ipv4.ttl > 0" (node_2) is false
[04:27:20.076] [bmv2] [D] [thread 5875] [7.0] [cxt 0] Pipeline 'ingress': end
[04:27:20.076] [bmv2] [D] [thread 5875] [7.0] [cxt 0] Egress port is 0
[04:27:20.076] [bmv2] [D] [thread 5875] [8.0] [cxt 0] Processing packet received on port 1
[04:27:20.076] [bmv2] [D] [thread 5875] [8.0] [cxt 0] Parser 'parser': start
[04:27:20.076] [bmv2] [D] [thread 5875] [8.0] [cxt 0] Parser 'parser' entering state 'start'
[04:27:20.076] [bmv2] [D] [thread 5875] [8.0] [cxt 0] Extracting header 'ethernet'
[04:27:20.077] [bmv2] [D] [thread 5875] [8.0] [cxt 0] Parser state 'start': key is 86dd
[04:27:20.077] [bmv2] [T] [thread 5875] [8.0] [cxt 0] Bytes parsed: 14
[04:27:20.077] [bmv2] [D] [thread 5875] [8.0] [cxt 0] Parser 'parser': end
[04:27:20.077] [bmv2] [D] [thread 5875] [8.0] [cxt 0] Pipeline 'ingress': start
[04:27:20.077] [bmv2] [T] [thread 5875] [8.0] [cxt 0] ecmp.p4(190) Condition "hdr.ipv4.isValid() && hdr.ipv4.ttl > 0" (node_2) is false
[04:27:20.077] [bmv2] [D] [thread 5875] [8.0] [cxt 0] Pipeline 'ingress': end
[04:27:20.077] [bmv2] [D] [thread 5875] [8.0] [cxt 0] Egress port is 0
[04:27:20.077] [bmv2] [D] [thread 5875] [9.0] [cxt 0] Processing packet received on port 2
[04:27:20.077] [bmv2] [D] [thread 5875] [9.0] [cxt 0] Parser 'parser': start
[04:27:20.077] [bmv2] [D] [thread 5875] [9.0] [cxt 0] Parser 'parser' entering state 'start'
[04:27:20.077] [bmv2] [D] [thread 5875] [9.0] [cxt 0] Extracting header 'ethernet'
[04:27:20.077] [bmv2] [D] [thread 5875] [9.0] [cxt 0] Parser state 'start': key is 86dd
[04:27:20.077] [bmv2] [T] [thread 5875] [9.0] [cxt 0] Bytes parsed: 14
[04:27:20.077] [bmv2] [D] [thread 5875] [9.0] [cxt 0] Parser 'parser': end
[04:27:20.077] [bmv2] [D] [thread 5875] [9.0] [cxt 0] Pipeline 'ingress': start
[04:27:20.077] [bmv2] [T] [thread 5875] [9.0] [cxt 0] ecmp.p4(190) Condition "hdr.ipv4.isValid() && hdr.ipv4.ttl > 0" (node_2) is false
[04:27:20.077] [bmv2] [D] [thread 5875] [9.0] [cxt 0] Pipeline 'ingress': end
[04:27:20.077] [bmv2] [D] [thread 5875] [9.0] [cxt 0] Egress port is 0
[04:27:20.077] [bmv2] [D] [thread 5875] [10.0] [cxt 0] Processing packet received on port 1
[04:27:20.077] [bmv2] [D] [thread 5875] [10.0] [cxt 0] Parser 'parser': start
[04:27:20.077] [bmv2] [D] [thread 5875] [10.0] [cxt 0] Parser 'parser' entering state 'start'
[04:27:20.077] [bmv2] [D] [thread 5875] [10.0] [cxt 0] Extracting header 'ethernet'
[04:27:20.077] [bmv2] [D] [thread 5875] [10.0] [cxt 0] Parser state 'start': key is 86dd
[04:27:20.077] [bmv2] [T] [thread 5875] [10.0] [cxt 0] Bytes parsed: 14
[04:27:20.077] [bmv2] [D] [thread 5875] [10.0] [cxt 0] Parser 'parser': end
[04:27:20.077] [bmv2] [D] [thread 5875] [10.0] [cxt 0] Pipeline 'ingress': start
[04:27:20.077] [bmv2] [T] [thread 5875] [10.0] [cxt 0] ecmp.p4(190) Condition "hdr.ipv4.isValid() && hdr.ipv4.ttl > 0" (node_2) is false
[04:27:20.077] [bmv2] [D] [thread 5875] [10.0] [cxt 0] Pipeline 'ingress': end
[04:27:20.077] [bmv2] [D] [thread 5875] [10.0] [cxt 0] Egress port is 0
[04:27:20.077] [bmv2] [D] [thread 5875] [11.0] [cxt 0] Processing packet received on port 2
[04:27:20.077] [bmv2] [D] [thread 5875] [11.0] [cxt 0] Parser 'parser': start
[04:27:20.077] [bmv2] [D] [thread 5875] [11.0] [cxt 0] Parser 'parser' entering state 'start'
[04:27:20.077] [bmv2] [D] [thread 5875] [11.0] [cxt 0] Extracting header 'ethernet'
[04:27:20.077] [bmv2] [D] [thread 5875] [11.0] [cxt 0] Parser state 'start': key is 86dd
[04:27:20.077] [bmv2] [T] [thread 5875] [11.0] [cxt 0] Bytes parsed: 14
[04:27:20.077] [bmv2] [D] [thread 5875] [11.0] [cxt 0] Parser 'parser': end
[04:27:20.077] [bmv2] [D] [thread 5875] [11.0] [cxt 0] Pipeline 'ingress': start
[04:27:20.077] [bmv2] [T] [thread 5875] [11.0] [cxt 0] ecmp.p4(190) Condition "hdr.ipv4.isValid() && hdr.ipv4.ttl > 0" (node_2) is false
[04:27:20.077] [bmv2] [D] [thread 5875] [11.0] [cxt 0] Pipeline 'ingress': end
[04:27:20.077] [bmv2] [D] [thread 5875] [11.0] [cxt 0] Egress port is 0
[04:27:20.077] [bmv2] [D] [thread 5875] [12.0] [cxt 0] Processing packet received on port 1
[04:27:20.077] [bmv2] [D] [thread 5875] [12.0] [cxt 0] Parser 'parser': start
[04:27:20.077] [bmv2] [D] [thread 5875] [12.0] [cxt 0] Parser 'parser' entering state 'start'
[04:27:20.077] [bmv2] [D] [thread 5875] [12.0] [cxt 0] Extracting header 'ethernet'
[04:27:20.077] [bmv2] [D] [thread 5875] [12.0] [cxt 0] Parser state 'start': key is 86dd
[04:27:20.077] [bmv2] [T] [thread 5875] [12.0] [cxt 0] Bytes parsed: 14
[04:27:20.077] [bmv2] [D] [thread 5875] [12.0] [cxt 0] Parser 'parser': end
[04:27:20.077] [bmv2] [D] [thread 5875] [12.0] [cxt 0] Pipeline 'ingress': start
[04:27:20.077] [bmv2] [T] [thread 5875] [12.0] [cxt 0] ecmp.p4(190) Condition "hdr.ipv4.isValid() && hdr.ipv4.ttl > 0" (node_2) is false
[04:27:20.077] [bmv2] [D] [thread 5875] [12.0] [cxt 0] Pipeline 'ingress': end
[04:27:20.077] [bmv2] [D] [thread 5875] [12.0] [cxt 0] Egress port is 0
[04:27:20.077] [bmv2] [D] [thread 5875] [13.0] [cxt 0] Processing packet received on port 2
[04:27:20.077] [bmv2] [D] [thread 5875] [13.0] [cxt 0] Parser 'parser': start
[04:27:20.077] [bmv2] [D] [thread 5875] [13.0] [cxt 0] Parser 'parser' entering state 'start'
[04:27:20.077] [bmv2] [D] [thread 5875] [13.0] [cxt 0] Extracting header 'ethernet'
[04:27:20.077] [bmv2] [D] [thread 5875] [13.0] [cxt 0] Parser state 'start': key is 86dd
[04:27:20.077] [bmv2] [T] [thread 5875] [13.0] [cxt 0] Bytes parsed: 14
[04:27:20.077] [bmv2] [D] [thread 5875] [13.0] [cxt 0] Parser 'parser': end
[04:27:20.077] [bmv2] [D] [thread 5875] [13.0] [cxt 0] Pipeline 'ingress': start
[04:27:20.077] [bmv2] [T] [thread 5875] [13.0] [cxt 0] ecmp.p4(190) Condition "hdr.ipv4.isValid() && hdr.ipv4.ttl > 0" (node_2) is false
[04:27:20.077] [bmv2] [D] [thread 5875] [13.0] [cxt 0] Pipeline 'ingress': end
[04:27:20.077] [bmv2] [D] [thread 5875] [13.0] [cxt 0] Egress port is 0
[04:27:20.077] [bmv2] [D] [thread 5876] [0.0] [cxt 0] Pipeline 'egress': start
[04:27:20.077] [bmv2] [D] [thread 5876] [0.0] [cxt 0] Pipeline 'egress': end
[04:27:20.077] [bmv2] [D] [thread 5876] [0.0] [cxt 0] Deparser 'deparser': start
[04:27:20.077] [bmv2] [T] [thread 5876] [0.0] [cxt 0] Skipping checksum 'cksum' update because condition not met
[04:27:20.077] [bmv2] [D] [thread 5876] [0.0] [cxt 0] Deparsing header 'ethernet'
[04:27:20.077] [bmv2] [D] [thread 5876] [0.0] [cxt 0] Deparser 'deparser': end
[04:27:20.077] [bmv2] [D] [thread 5876] [1.0] [cxt 0] Pipeline 'egress': start
[04:27:20.077] [bmv2] [D] [thread 5876] [1.0] [cxt 0] Pipeline 'egress': end
[04:27:20.077] [bmv2] [D] [thread 5876] [1.0] [cxt 0] Deparser 'deparser': start
[04:27:20.077] [bmv2] [T] [thread 5876] [1.0] [cxt 0] Skipping checksum 'cksum' update because condition not met
[04:27:20.077] [bmv2] [D] [thread 5876] [1.0] [cxt 0] Deparsing header 'ethernet'
[04:27:20.077] [bmv2] [D] [thread 5876] [1.0] [cxt 0] Deparser 'deparser': end
[04:27:20.077] [bmv2] [D] [thread 5876] [2.0] [cxt 0] Pipeline 'egress': start
[04:27:20.077] [bmv2] [D] [thread 5876] [2.0] [cxt 0] Pipeline 'egress': end
[04:27:20.077] [bmv2] [D] [thread 5876] [2.0] [cxt 0] Deparser 'deparser': start
[04:27:20.077] [bmv2] [T] [thread 5876] [2.0] [cxt 0] Skipping checksum 'cksum' update because condition not met
[04:27:20.077] [bmv2] [D] [thread 5876] [2.0] [cxt 0] Deparsing header 'ethernet'
[04:27:20.077] [bmv2] [D] [thread 5876] [2.0] [cxt 0] Deparser 'deparser': end
[04:27:20.077] [bmv2] [D] [thread 5876] [3.0] [cxt 0] Pipeline 'egress': start
[04:27:20.077] [bmv2] [D] [thread 5876] [3.0] [cxt 0] Pipeline 'egress': end
[04:27:20.077] [bmv2] [D] [thread 5876] [3.0] [cxt 0] Deparser 'deparser': start
[04:27:20.077] [bmv2] [T] [thread 5876] [3.0] [cxt 0] Skipping checksum 'cksum' update because condition not met
[04:27:20.077] [bmv2] [D] [thread 5876] [3.0] [cxt 0] Deparsing header 'ethernet'
[04:27:20.077] [bmv2] [D] [thread 5876] [3.0] [cxt 0] Deparser 'deparser': end
[04:27:20.077] [bmv2] [D] [thread 5876] [4.0] [cxt 0] Pipeline 'egress': start
[04:27:20.077] [bmv2] [D] [thread 5876] [4.0] [cxt 0] Pipeline 'egress': end
[04:27:20.077] [bmv2] [D] [thread 5876] [4.0] [cxt 0] Deparser 'deparser': start
[04:27:20.077] [bmv2] [T] [thread 5876] [4.0] [cxt 0] Skipping checksum 'cksum' update because condition not met
[04:27:20.077] [bmv2] [D] [thread 5876] [4.0] [cxt 0] Deparsing header 'ethernet'
[04:27:20.077] [bmv2] [D] [thread 5876] [4.0] [cxt 0] Deparser 'deparser': end
[04:27:20.077] [bmv2] [D] [thread 5876] [5.0] [cxt 0] Pipeline 'egress': start
[04:27:20.077] [bmv2] [D] [thread 5876] [5.0] [cxt 0] Pipeline 'egress': end
[04:27:20.077] [bmv2] [D] [thread 5876] [5.0] [cxt 0] Deparser 'deparser': start
[04:27:20.077] [bmv2] [T] [thread 5876] [5.0] [cxt 0] Skipping checksum 'cksum' update because condition not met
[04:27:20.077] [bmv2] [D] [thread 5876] [5.0] [cxt 0] Deparsing header 'ethernet'
[04:27:20.077] [bmv2] [D] [thread 5876] [5.0] [cxt 0] Deparser 'deparser': end
[04:27:20.077] [bmv2] [D] [thread 5876] [6.0] [cxt 0] Pipeline 'egress': start
[04:27:20.077] [bmv2] [D] [thread 5876] [6.0] [cxt 0] Pipeline 'egress': end
[04:27:20.077] [bmv2] [D] [thread 5876] [6.0] [cxt 0] Deparser 'deparser': start
[04:27:20.077] [bmv2] [T] [thread 5876] [6.0] [cxt 0] Skipping checksum 'cksum' update because condition not met
[04:27:20.077] [bmv2] [D] [thread 5876] [6.0] [cxt 0] Deparsing header 'ethernet'
[04:27:20.077] [bmv2] [D] [thread 5876] [6.0] [cxt 0] Deparser 'deparser': end
[04:27:20.077] [bmv2] [D] [thread 5876] [7.0] [cxt 0] Pipeline 'egress': start
[04:27:20.077] [bmv2] [D] [thread 5876] [7.0] [cxt 0] Pipeline 'egress': end
[04:27:20.077] [bmv2] [D] [thread 5876] [7.0] [cxt 0] Deparser 'deparser': start
[04:27:20.077] [bmv2] [T] [thread 5876] [7.0] [cxt 0] Skipping checksum 'cksum' update because condition not met
[04:27:20.077] [bmv2] [D] [thread 5876] [7.0] [cxt 0] Deparsing header 'ethernet'
[04:27:20.078] [bmv2] [D] [thread 5876] [7.0] [cxt 0] Deparser 'deparser': end
[04:27:20.078] [bmv2] [D] [thread 5876] [8.0] [cxt 0] Pipeline 'egress': start
[04:27:20.078] [bmv2] [D] [thread 5876] [8.0] [cxt 0] Pipeline 'egress': end
[04:27:20.078] [bmv2] [D] [thread 5876] [8.0] [cxt 0] Deparser 'deparser': start
[04:27:20.078] [bmv2] [T] [thread 5876] [8.0] [cxt 0] Skipping checksum 'cksum' update because condition not met
[04:27:20.078] [bmv2] [D] [thread 5876] [8.0] [cxt 0] Deparsing header 'ethernet'
[04:27:20.078] [bmv2] [D] [thread 5876] [8.0] [cxt 0] Deparser 'deparser': end
[04:27:20.078] [bmv2] [D] [thread 5876] [9.0] [cxt 0] Pipeline 'egress': start
[04:27:20.078] [bmv2] [D] [thread 5876] [9.0] [cxt 0] Pipeline 'egress': end
[04:27:20.078] [bmv2] [D] [thread 5876] [9.0] [cxt 0] Deparser 'deparser': start
[04:27:20.078] [bmv2] [T] [thread 5876] [9.0] [cxt 0] Skipping checksum 'cksum' update because condition not met
[04:27:20.078] [bmv2] [D] [thread 5876] [9.0] [cxt 0] Deparsing header 'ethernet'
[04:27:20.078] [bmv2] [D] [thread 5876] [9.0] [cxt 0] Deparser 'deparser': end
[04:27:20.078] [bmv2] [D] [thread 5876] [10.0] [cxt 0] Pipeline 'egress': start
[04:27:20.078] [bmv2] [D] [thread 5876] [10.0] [cxt 0] Pipeline 'egress': end
[04:27:20.078] [bmv2] [D] [thread 5876] [10.0] [cxt 0] Deparser 'deparser': start
[04:27:20.078] [bmv2] [T] [thread 5876] [10.0] [cxt 0] Skipping checksum 'cksum' update because condition not met
[04:27:20.078] [bmv2] [D] [thread 5876] [10.0] [cxt 0] Deparsing header 'ethernet'
[04:27:20.078] [bmv2] [D] [thread 5876] [10.0] [cxt 0] Deparser 'deparser': end
[04:27:20.078] [bmv2] [D] [thread 5876] [11.0] [cxt 0] Pipeline 'egress': start
[04:27:20.078] [bmv2] [D] [thread 5876] [11.0] [cxt 0] Pipeline 'egress': end
[04:27:20.078] [bmv2] [D] [thread 5876] [11.0] [cxt 0] Deparser 'deparser': start
[04:27:20.078] [bmv2] [T] [thread 5876] [11.0] [cxt 0] Skipping checksum 'cksum' update because condition not met
[04:27:20.078] [bmv2] [D] [thread 5876] [11.0] [cxt 0] Deparsing header 'ethernet'
[04:27:20.078] [bmv2] [D] [thread 5876] [11.0] [cxt 0] Deparser 'deparser': end
[04:27:20.078] [bmv2] [D] [thread 5876] [12.0] [cxt 0] Pipeline 'egress': start
[04:27:20.078] [bmv2] [D] [thread 5876] [12.0] [cxt 0] Pipeline 'egress': end
[04:27:20.078] [bmv2] [D] [thread 5876] [12.0] [cxt 0] Deparser 'deparser': start
[04:27:20.078] [bmv2] [T] [thread 5876] [12.0] [cxt 0] Skipping checksum 'cksum' update because condition not met
[04:27:20.078] [bmv2] [D] [thread 5876] [12.0] [cxt 0] Deparsing header 'ethernet'
[04:27:20.078] [bmv2] [D] [thread 5876] [12.0] [cxt 0] Deparser 'deparser': end
[04:27:20.078] [bmv2] [D] [thread 5876] [13.0] [cxt 0] Pipeline 'egress': start
[04:27:20.078] [bmv2] [D] [thread 5876] [13.0] [cxt 0] Pipeline 'egress': end
[04:27:20.078] [bmv2] [D] [thread 5876] [13.0] [cxt 0] Deparser 'deparser': start
[04:27:20.078] [bmv2] [T] [thread 5876] [13.0] [cxt 0] Skipping checksum 'cksum' update because condition not met
[04:27:20.078] [bmv2] [D] [thread 5876] [13.0] [cxt 0] Deparsing header 'ethernet'
[04:27:20.078] [bmv2] [D] [thread 5876] [13.0] [cxt 0] Deparser 'deparser': end
[04:27:20.078] [bmv2] [D] [thread 5880] [0.0] [cxt 0] Transmitting packet of size 90 out of port 0
[04:27:20.078] [bmv2] [D] [thread 5880] [1.0] [cxt 0] Transmitting packet of size 90 out of port 0
[04:27:20.078] [bmv2] [D] [thread 5880] [2.0] [cxt 0] Transmitting packet of size 70 out of port 0
[04:27:20.078] [bmv2] [D] [thread 5880] [3.0] [cxt 0] Transmitting packet of size 90 out of port 0
[04:27:20.078] [bmv2] [D] [thread 5880] [4.0] [cxt 0] Transmitting packet of size 90 out of port 0
[04:27:20.078] [bmv2] [D] [thread 5880] [5.0] [cxt 0] Transmitting packet of size 70 out of port 0
[04:27:20.078] [bmv2] [D] [thread 5880] [6.0] [cxt 0] Transmitting packet of size 107 out of port 0
[04:27:20.078] [bmv2] [D] [thread 5880] [7.0] [cxt 0] Transmitting packet of size 90 out of port 0
[04:27:20.078] [bmv2] [D] [thread 5880] [8.0] [cxt 0] Transmitting packet of size 208 out of port 0
[04:27:20.078] [bmv2] [D] [thread 5880] [9.0] [cxt 0] Transmitting packet of size 107 out of port 0
[04:27:20.078] [bmv2] [D] [thread 5880] [10.0] [cxt 0] Transmitting packet of size 90 out of port 0
[04:27:20.078] [bmv2] [D] [thread 5880] [11.0] [cxt 0] Transmitting packet of size 90 out of port 0
[04:27:20.078] [bmv2] [D] [thread 5880] [12.0] [cxt 0] Transmitting packet of size 70 out of port 0
[04:27:20.078] [bmv2] [D] [thread 5880] [13.0] [cxt 0] Transmitting packet of size 70 out of port 0
device_id: 1
election_id {
  low: 1
}
updates {
  type: MODIFY
  entity {
    table_entry {
      table_id: 33558969
      action {
        action {
          action_id: 16805608
        }
      }
      is_default_action: true
    }
  }
}
[04:27:20.079] [bmv2] [D] [thread 5867] Set default entry for table 'MyIngress.ecmp_group': MyIngress.drop - 
P4Runtime Write
device_id: 1
election_id {
  low: 1
}
updates {
  type: INSERT
  entity {
    table_entry {
      table_id: 33608915
      match {
        field_id: 1
        exact {
          value: "\000\000"
        }
      }
      action {
        action {
          action_id: 16826124
          params {
            param_id: 1
            value: "\n\000\002\002"
          }
          params {
            param_id: 2
            value: "\000\002"
          }
        }
      }
    }
  }
}
[04:27:20.081] [bmv2] [D] [thread 5869] Entry 0 added to table 'MyIngress.ecmp_nhop'
[04:27:20.081] [bmv2] [D] [thread 5869] Dumping entry 0
Match key:
* meta.ecmp_select    : EXACT     0000
Action entry: MyIngress.set_nhop - a000202,2,

Connection removed
[04:27:20.138] [bmv2] [D] [thread 5875] [14.0] [cxt 0] Processing packet received on port 2
[04:27:20.138] [bmv2] [D] [thread 5875] [14.0] [cxt 0] Parser 'parser': start
[04:27:20.138] [bmv2] [D] [thread 5875] [14.0] [cxt 0] Parser 'parser' entering state 'start'
[04:27:20.138] [bmv2] [D] [thread 5875] [14.0] [cxt 0] Extracting header 'ethernet'
[04:27:20.138] [bmv2] [D] [thread 5875] [14.0] [cxt 0] Parser state 'start': key is 86dd
[04:27:20.138] [bmv2] [T] [thread 5875] [14.0] [cxt 0] Bytes parsed: 14
[04:27:20.138] [bmv2] [D] [thread 5875] [14.0] [cxt 0] Parser 'parser': end
[04:27:20.138] [bmv2] [D] [thread 5875] [14.0] [cxt 0] Pipeline 'ingress': start
[04:27:20.138] [bmv2] [T] [thread 5875] [14.0] [cxt 0] ecmp.p4(190) Condition "hdr.ipv4.isValid() && hdr.ipv4.ttl > 0" (node_2) is false
[04:27:20.138] [bmv2] [D] [thread 5875] [14.0] [cxt 0] Pipeline 'ingress': end
[04:27:20.138] [bmv2] [D] [thread 5875] [14.0] [cxt 0] Egress port is 0
[04:27:20.138] [bmv2] [D] [thread 5876] [14.0] [cxt 0] Pipeline 'egress': start
[04:27:20.138] [bmv2] [D] [thread 5876] [14.0] [cxt 0] Pipeline 'egress': end
[04:27:20.138] [bmv2] [D] [thread 5876] [14.0] [cxt 0] Deparser 'deparser': start
[04:27:20.138] [bmv2] [T] [thread 5876] [14.0] [cxt 0] Skipping checksum 'cksum' update because condition not met
[04:27:20.138] [bmv2] [D] [thread 5876] [14.0] [cxt 0] Deparsing header 'ethernet'
[04:27:20.138] [bmv2] [D] [thread 5876] [14.0] [cxt 0] Deparser 'deparser': end
[04:27:20.138] [bmv2] [D] [thread 5880] [14.0] [cxt 0] Transmitting packet of size 196 out of port 0
[04:27:20.179] [bmv2] [D] [thread 5875] [15.0] [cxt 0] Processing packet received on port 1
[04:27:20.179] [bmv2] [D] [thread 5875] [15.0] [cxt 0] Parser 'parser': start
[04:27:20.179] [bmv2] [D] [thread 5875] [15.0] [cxt 0] Parser 'parser' entering state 'start'
[04:27:20.179] [bmv2] [D] [thread 5875] [15.0] [cxt 0] Extracting header 'ethernet'
[04:27:20.179] [bmv2] [D] [thread 5875] [15.0] [cxt 0] Parser state 'start': key is 86dd
[04:27:20.179] [bmv2] [T] [thread 5875] [15.0] [cxt 0] Bytes parsed: 14
[04:27:20.179] [bmv2] [D] [thread 5875] [15.0] [cxt 0] Parser 'parser': end
[04:27:20.179] [bmv2] [D] [thread 5875] [15.0] [cxt 0] Pipeline 'ingress': start
[04:27:20.179] [bmv2] [T] [thread 5875] [15.0] [cxt 0] ecmp.p4(190) Condition "hdr.ipv4.isValid() && hdr.ipv4.ttl > 0" (node_2) is false
[04:27:20.179] [bmv2] [D] [thread 5875] [15.0] [cxt 0] Pipeline 'ingress': end
[04:27:20.179] [bmv2] [D] [thread 5875] [15.0] [cxt 0] Egress port is 0
[04:27:20.179] [bmv2] [D] [thread 5876] [15.0] [cxt 0] Pipeline 'egress': start
[04:27:20.179] [bmv2] [D] [thread 5876] [15.0] [cxt 0] Pipeline 'egress': end
[04:27:20.179] [bmv2] [D] [thread 5876] [15.0] [cxt 0] Deparser 'deparser': start
[04:27:20.179] [bmv2] [T] [thread 5876] [15.0] [cxt 0] Skipping checksum 'cksum' update because condition not met
[04:27:20.179] [bmv2] [D] [thread 5876] [15.0] [cxt 0] Deparsing header 'ethernet'
[04:27:20.179] [bmv2] [D] [thread 5876] [15.0] [cxt 0] Deparser 'deparser': end
[04:27:20.179] [bmv2] [D] [thread 5880] [15.0] [cxt 0] Transmitting packet of size 196 out of port 0
[04:27:20.445] [bmv2] [D] [thread 5875] [16.0] [cxt 0] Processing packet received on port 1
[04:27:20.445] [bmv2] [D] [thread 5875] [16.0] [cxt 0] Parser 'parser': start
[04:27:20.445] [bmv2] [D] [thread 5875] [16.0] [cxt 0] Parser 'parser' entering state 'start'
[04:27:20.445] [bmv2] [D] [thread 5875] [16.0] [cxt 0] Extracting header 'ethernet'
[04:27:20.445] [bmv2] [D] [thread 5875] [16.0] [cxt 0] Parser state 'start': key is 86dd
[04:27:20.445] [bmv2] [T] [thread 5875] [16.0] [cxt 0] Bytes parsed: 14
[04:27:20.445] [bmv2] [D] [thread 5875] [16.0] [cxt 0] Parser 'parser': end
[04:27:20.445] [bmv2] [D] [thread 5875] [16.0] [cxt 0] Pipeline 'ingress': start
[04:27:20.445] [bmv2] [T] [thread 5875] [16.0] [cxt 0] ecmp.p4(190) Condition "hdr.ipv4.isValid() && hdr.ipv4.ttl > 0" (node_2) is false
[04:27:20.445] [bmv2] [D] [thread 5875] [16.0] [cxt 0] Pipeline 'ingress': end
[04:27:20.445] [bmv2] [D] [thread 5875] [16.0] [cxt 0] Egress port is 0
[04:27:20.445] [bmv2] [D] [thread 5876] [16.0] [cxt 0] Pipeline 'egress': start
[04:27:20.445] [bmv2] [D] [thread 5876] [16.0] [cxt 0] Pipeline 'egress': end
[04:27:20.445] [bmv2] [D] [thread 5876] [16.0] [cxt 0] Deparser 'deparser': start
[04:27:20.445] [bmv2] [T] [thread 5876] [16.0] [cxt 0] Skipping checksum 'cksum' update because condition not met
[04:27:20.445] [bmv2] [D] [thread 5876] [16.0] [cxt 0] Deparsing header 'ethernet'
[04:27:20.445] [bmv2] [D] [thread 5876] [16.0] [cxt 0] Deparser 'deparser': end
[04:27:20.445] [bmv2] [D] [thread 5880] [16.0] [cxt 0] Transmitting packet of size 196 out of port 0
[04:27:21.089] [bmv2] [D] [thread 5875] [17.0] [cxt 0] Processing packet received on port 2
[04:27:21.089] [bmv2] [D] [thread 5875] [17.0] [cxt 0] Parser 'parser': start
[04:27:21.089] [bmv2] [D] [thread 5875] [17.0] [cxt 0] Parser 'parser' entering state 'start'
[04:27:21.089] [bmv2] [D] [thread 5875] [17.0] [cxt 0] Extracting header 'ethernet'
[04:27:21.089] [bmv2] [D] [thread 5875] [17.0] [cxt 0] Parser state 'start': key is 86dd
[04:27:21.089] [bmv2] [T] [thread 5875] [17.0] [cxt 0] Bytes parsed: 14
[04:27:21.089] [bmv2] [D] [thread 5875] [17.0] [cxt 0] Parser 'parser': end
[04:27:21.089] [bmv2] [D] [thread 5875] [17.0] [cxt 0] Pipeline 'ingress': start
[04:27:21.089] [bmv2] [T] [thread 5875] [17.0] [cxt 0] ecmp.p4(190) Condition "hdr.ipv4.isValid() && hdr.ipv4.ttl > 0" (node_2) is false
[04:27:21.089] [bmv2] [D] [thread 5875] [17.0] [cxt 0] Pipeline 'ingress': end
[04:27:21.089] [bmv2] [D] [thread 5875] [17.0] [cxt 0] Egress port is 0
[04:27:21.090] [bmv2] [D] [thread 5876] [17.0] [cxt 0] Pipeline 'egress': start
[04:27:21.090] [bmv2] [D] [thread 5876] [17.0] [cxt 0] Pipeline 'egress': end
[04:27:21.090] [bmv2] [D] [thread 5876] [17.0] [cxt 0] Deparser 'deparser': start
[04:27:21.090] [bmv2] [T] [thread 5876] [17.0] [cxt 0] Skipping checksum 'cksum' update because condition not met
[04:27:21.090] [bmv2] [D] [thread 5876] [17.0] [cxt 0] Deparsing header 'ethernet'
[04:27:21.090] [bmv2] [D] [thread 5876] [17.0] [cxt 0] Deparser 'deparser': end
[04:27:21.090] [bmv2] [D] [thread 5880] [17.0] [cxt 0] Transmitting packet of size 107 out of port 0
[04:27:21.130] [bmv2] [D] [thread 5875] [18.0] [cxt 0] Processing packet received on port 1
[04:27:21.130] [bmv2] [D] [thread 5875] [18.0] [cxt 0] Parser 'parser': start
[04:27:21.130] [bmv2] [D] [thread 5875] [18.0] [cxt 0] Parser 'parser' entering state 'start'
[04:27:21.130] [bmv2] [D] [thread 5875] [18.0] [cxt 0] Extracting header 'ethernet'
[04:27:21.130] [bmv2] [D] [thread 5875] [18.0] [cxt 0] Parser state 'start': key is 86dd
[04:27:21.130] [bmv2] [T] [thread 5875] [18.0] [cxt 0] Bytes parsed: 14
[04:27:21.130] [bmv2] [D] [thread 5875] [18.0] [cxt 0] Parser 'parser': end
[04:27:21.130] [bmv2] [D] [thread 5875] [18.0] [cxt 0] Pipeline 'ingress': start
[04:27:21.130] [bmv2] [T] [thread 5875] [18.0] [cxt 0] ecmp.p4(190) Condition "hdr.ipv4.isValid() && hdr.ipv4.ttl > 0" (node_2) is false
[04:27:21.130] [bmv2] [D] [thread 5875] [18.0] [cxt 0] Pipeline 'ingress': end
[04:27:21.130] [bmv2] [D] [thread 5875] [18.0] [cxt 0] Egress port is 0
[04:27:21.130] [bmv2] [D] [thread 5876] [18.0] [cxt 0] Pipeline 'egress': start
[04:27:21.130] [bmv2] [D] [thread 5876] [18.0] [cxt 0] Pipeline 'egress': end
[04:27:21.130] [bmv2] [D] [thread 5876] [18.0] [cxt 0] Deparser 'deparser': start
[04:27:21.130] [bmv2] [T] [thread 5876] [18.0] [cxt 0] Skipping checksum 'cksum' update because condition not met
[04:27:21.130] [bmv2] [D] [thread 5876] [18.0] [cxt 0] Deparsing header 'ethernet'
[04:27:21.130] [bmv2] [D] [thread 5876] [18.0] [cxt 0] Deparser 'deparser': end
[04:27:21.130] [bmv2] [D] [thread 5880] [18.0] [cxt 0] Transmitting packet of size 107 out of port 0
[04:27:21.389] [bmv2] [D] [thread 5875] [19.0] [cxt 0] Processing packet received on port 1
[04:27:21.389] [bmv2] [D] [thread 5875] [19.0] [cxt 0] Parser 'parser': start
[04:27:21.389] [bmv2] [D] [thread 5875] [19.0] [cxt 0] Parser 'parser' entering state 'start'
[04:27:21.389] [bmv2] [D] [thread 5875] [19.0] [cxt 0] Extracting header 'ethernet'
[04:27:21.389] [bmv2] [D] [thread 5875] [19.0] [cxt 0] Parser state 'start': key is 86dd
[04:27:21.389] [bmv2] [T] [thread 5875] [19.0] [cxt 0] Bytes parsed: 14
[04:27:21.389] [bmv2] [D] [thread 5875] [19.0] [cxt 0] Parser 'parser': end
[04:27:21.389] [bmv2] [D] [thread 5875] [19.0] [cxt 0] Pipeline 'ingress': start
[04:27:21.389] [bmv2] [T] [thread 5875] [19.0] [cxt 0] ecmp.p4(190) Condition "hdr.ipv4.isValid() && hdr.ipv4.ttl > 0" (node_2) is false
[04:27:21.389] [bmv2] [D] [thread 5875] [19.0] [cxt 0] Pipeline 'ingress': end
[04:27:21.389] [bmv2] [D] [thread 5875] [19.0] [cxt 0] Egress port is 0
[04:27:21.389] [bmv2] [D] [thread 5876] [19.0] [cxt 0] Pipeline 'egress': start
[04:27:21.389] [bmv2] [D] [thread 5876] [19.0] [cxt 0] Pipeline 'egress': end
[04:27:21.389] [bmv2] [D] [thread 5876] [19.0] [cxt 0] Deparser 'deparser': start
[04:27:21.389] [bmv2] [T] [thread 5876] [19.0] [cxt 0] Skipping checksum 'cksum' update because condition not met
[04:27:21.389] [bmv2] [D] [thread 5876] [19.0] [cxt 0] Deparsing header 'ethernet'
[04:27:21.389] [bmv2] [D] [thread 5876] [19.0] [cxt 0] Deparser 'deparser': end
[04:27:21.389] [bmv2] [D] [thread 5880] [19.0] [cxt 0] Transmitting packet of size 107 out of port 0
[04:27:21.888] [bmv2] [D] [thread 5875] [20.0] [cxt 0] Processing packet received on port 2
[04:27:21.888] [bmv2] [D] [thread 5875] [20.0] [cxt 0] Parser 'parser': start
[04:27:21.888] [bmv2] [D] [thread 5875] [20.0] [cxt 0] Parser 'parser' entering state 'start'
[04:27:21.888] [bmv2] [D] [thread 5875] [20.0] [cxt 0] Extracting header 'ethernet'
[04:27:21.888] [bmv2] [D] [thread 5875] [20.0] [cxt 0] Parser state 'start': key is 86dd
[04:27:21.888] [bmv2] [T] [thread 5875] [20.0] [cxt 0] Bytes parsed: 14
[04:27:21.888] [bmv2] [D] [thread 5875] [20.0] [cxt 0] Parser 'parser': end
[04:27:21.888] [bmv2] [D] [thread 5875] [20.0] [cxt 0] Pipeline 'ingress': start
[04:27:21.888] [bmv2] [T] [thread 5875] [20.0] [cxt 0] ecmp.p4(190) Condition "hdr.ipv4.isValid() && hdr.ipv4.ttl > 0" (node_2) is false
[04:27:21.888] [bmv2] [D] [thread 5875] [20.0] [cxt 0] Pipeline 'ingress': end
[04:27:21.888] [bmv2] [D] [thread 5875] [20.0] [cxt 0] Egress port is 0
[04:27:21.888] [bmv2] [D] [thread 5876] [20.0] [cxt 0] Pipeline 'egress': start
[04:27:21.888] [bmv2] [D] [thread 5876] [20.0] [cxt 0] Pipeline 'egress': end
[04:27:21.888] [bmv2] [D] [thread 5876] [20.0] [cxt 0] Deparser 'deparser': start
[04:27:21.888] [bmv2] [T] [thread 5876] [20.0] [cxt 0] Skipping checksum 'cksum' update because condition not met
[04:27:21.888] [bmv2] [D] [thread 5876] [20.0] [cxt 0] Deparsing header 'ethernet'
[04:27:21.888] [bmv2] [D] [thread 5876] [20.0] [cxt 0] Deparser 'deparser': end
[04:27:21.888] [bmv2] [D] [thread 5880] [20.0] [cxt 0] Transmitting packet of size 70 out of port 0
[04:27:21.990] [bmv2] [D] [thread 5875] [21.0] [cxt 0] Processing packet received on port 2
[04:27:21.990] [bmv2] [D] [thread 5875] [21.0] [cxt 0] Parser 'parser': start
[04:27:21.990] [bmv2] [D] [thread 5875] [21.0] [cxt 0] Parser 'parser' entering state 'start'
[04:27:21.991] [bmv2] [D] [thread 5875] [21.0] [cxt 0] Extracting header 'ethernet'
[04:27:21.991] [bmv2] [D] [thread 5875] [21.0] [cxt 0] Parser state 'start': key is 86dd
[04:27:21.991] [bmv2] [T] [thread 5875] [21.0] [cxt 0] Bytes parsed: 14
[04:27:21.991] [bmv2] [D] [thread 5875] [21.0] [cxt 0] Parser 'parser': end
[04:27:21.991] [bmv2] [D] [thread 5875] [21.0] [cxt 0] Pipeline 'ingress': start
[04:27:21.991] [bmv2] [T] [thread 5875] [21.0] [cxt 0] ecmp.p4(190) Condition "hdr.ipv4.isValid() && hdr.ipv4.ttl > 0" (node_2) is false
[04:27:21.991] [bmv2] [D] [thread 5875] [21.0] [cxt 0] Pipeline 'ingress': end
[04:27:21.991] [bmv2] [D] [thread 5875] [21.0] [cxt 0] Egress port is 0
[04:27:21.991] [bmv2] [D] [thread 5876] [21.0] [cxt 0] Pipeline 'egress': start
[04:27:21.991] [bmv2] [D] [thread 5876] [21.0] [cxt 0] Pipeline 'egress': end
[04:27:21.991] [bmv2] [D] [thread 5876] [21.0] [cxt 0] Deparser 'deparser': start
[04:27:21.991] [bmv2] [T] [thread 5876] [21.0] [cxt 0] Skipping checksum 'cksum' update because condition not met
[04:27:21.991] [bmv2] [D] [thread 5876] [21.0] [cxt 0] Deparsing header 'ethernet'
[04:27:21.991] [bmv2] [D] [thread 5876] [21.0] [cxt 0] Deparser 'deparser': end
[04:27:21.991] [bmv2] [D] [thread 5880] [21.0] [cxt 0] Transmitting packet of size 70 out of port 0
[04:27:22.034] [bmv2] [D] [thread 5875] [22.0] [cxt 0] Processing packet received on port 1
[04:27:22.034] [bmv2] [D] [thread 5875] [22.0] [cxt 0] Parser 'parser': start
[04:27:22.034] [bmv2] [D] [thread 5875] [22.0] [cxt 0] Parser 'parser' entering state 'start'
[04:27:22.034] [bmv2] [D] [thread 5875] [22.0] [cxt 0] Extracting header 'ethernet'
[04:27:22.034] [bmv2] [D] [thread 5875] [22.0] [cxt 0] Parser state 'start': key is 86dd
[04:27:22.034] [bmv2] [T] [thread 5875] [22.0] [cxt 0] Bytes parsed: 14
[04:27:22.034] [bmv2] [D] [thread 5875] [22.0] [cxt 0] Parser 'parser': end
[04:27:22.034] [bmv2] [D] [thread 5875] [22.0] [cxt 0] Pipeline 'ingress': start
[04:27:22.034] [bmv2] [T] [thread 5875] [22.0] [cxt 0] ecmp.p4(190) Condition "hdr.ipv4.isValid() && hdr.ipv4.ttl > 0" (node_2) is false
[04:27:22.034] [bmv2] [D] [thread 5875] [22.0] [cxt 0] Pipeline 'ingress': end
[04:27:22.034] [bmv2] [D] [thread 5875] [22.0] [cxt 0] Egress port is 0
[04:27:22.034] [bmv2] [D] [thread 5876] [22.0] [cxt 0] Pipeline 'egress': start
[04:27:22.034] [bmv2] [D] [thread 5876] [22.0] [cxt 0] Pipeline 'egress': end
[04:27:22.034] [bmv2] [D] [thread 5876] [22.0] [cxt 0] Deparser 'deparser': start
[04:27:22.034] [bmv2] [T] [thread 5876] [22.0] [cxt 0] Skipping checksum 'cksum' update because condition not met
[04:27:22.034] [bmv2] [D] [thread 5876] [22.0] [cxt 0] Deparsing header 'ethernet'
[04:27:22.034] [bmv2] [D] [thread 5876] [22.0] [cxt 0] Deparser 'deparser': end
[04:27:22.034] [bmv2] [D] [thread 5880] [22.0] [cxt 0] Transmitting packet of size 70 out of port 0
[04:27:22.235] [bmv2] [D] [thread 5875] [23.0] [cxt 0] Processing packet received on port 2
[04:27:22.235] [bmv2] [D] [thread 5875] [23.0] [cxt 0] Parser 'parser': start
[04:27:22.235] [bmv2] [D] [thread 5875] [23.0] [cxt 0] Parser 'parser' entering state 'start'
[04:27:22.235] [bmv2] [D] [thread 5875] [23.0] [cxt 0] Extracting header 'ethernet'
[04:27:22.235] [bmv2] [D] [thread 5875] [23.0] [cxt 0] Parser state 'start': key is 86dd
[04:27:22.235] [bmv2] [T] [thread 5875] [23.0] [cxt 0] Bytes parsed: 14
[04:27:22.235] [bmv2] [D] [thread 5875] [23.0] [cxt 0] Parser 'parser': end
[04:27:22.235] [bmv2] [D] [thread 5875] [23.0] [cxt 0] Pipeline 'ingress': start
[04:27:22.235] [bmv2] [T] [thread 5875] [23.0] [cxt 0] ecmp.p4(190) Condition "hdr.ipv4.isValid() && hdr.ipv4.ttl > 0" (node_2) is false
[04:27:22.235] [bmv2] [D] [thread 5875] [23.0] [cxt 0] Pipeline 'ingress': end
[04:27:22.235] [bmv2] [D] [thread 5875] [23.0] [cxt 0] Egress port is 0
[04:27:22.235] [bmv2] [D] [thread 5876] [23.0] [cxt 0] Pipeline 'egress': start
[04:27:22.235] [bmv2] [D] [thread 5876] [23.0] [cxt 0] Pipeline 'egress': end
[04:27:22.235] [bmv2] [D] [thread 5876] [23.0] [cxt 0] Deparser 'deparser': start
[04:27:22.235] [bmv2] [T] [thread 5876] [23.0] [cxt 0] Skipping checksum 'cksum' update because condition not met
[04:27:22.235] [bmv2] [D] [thread 5876] [23.0] [cxt 0] Deparsing header 'ethernet'
[04:27:22.235] [bmv2] [D] [thread 5876] [23.0] [cxt 0] Deparser 'deparser': end
[04:27:22.235] [bmv2] [D] [thread 5880] [23.0] [cxt 0] Transmitting packet of size 196 out of port 0
[04:27:22.286] [bmv2] [D] [thread 5875] [24.0] [cxt 0] Processing packet received on port 1
[04:27:22.286] [bmv2] [D] [thread 5875] [24.0] [cxt 0] Parser 'parser': start
[04:27:22.286] [bmv2] [D] [thread 5875] [24.0] [cxt 0] Parser 'parser' entering state 'start'
[04:27:22.286] [bmv2] [D] [thread 5875] [24.0] [cxt 0] Extracting header 'ethernet'
[04:27:22.286] [bmv2] [D] [thread 5875] [24.0] [cxt 0] Parser state 'start': key is 86dd
[04:27:22.286] [bmv2] [T] [thread 5875] [24.0] [cxt 0] Bytes parsed: 14
[04:27:22.286] [bmv2] [D] [thread 5875] [24.0] [cxt 0] Parser 'parser': end
[04:27:22.286] [bmv2] [D] [thread 5875] [24.0] [cxt 0] Pipeline 'ingress': start
[04:27:22.286] [bmv2] [T] [thread 5875] [24.0] [cxt 0] ecmp.p4(190) Condition "hdr.ipv4.isValid() && hdr.ipv4.ttl > 0" (node_2) is false
[04:27:22.286] [bmv2] [D] [thread 5875] [24.0] [cxt 0] Pipeline 'ingress': end
[04:27:22.286] [bmv2] [D] [thread 5875] [24.0] [cxt 0] Egress port is 0
[04:27:22.286] [bmv2] [D] [thread 5876] [24.0] [cxt 0] Pipeline 'egress': start
[04:27:22.286] [bmv2] [D] [thread 5876] [24.0] [cxt 0] Pipeline 'egress': end
[04:27:22.286] [bmv2] [D] [thread 5876] [24.0] [cxt 0] Deparser 'deparser': start
[04:27:22.286] [bmv2] [T] [thread 5876] [24.0] [cxt 0] Skipping checksum 'cksum' update because condition not met
[04:27:22.286] [bmv2] [D] [thread 5876] [24.0] [cxt 0] Deparsing header 'ethernet'
[04:27:22.286] [bmv2] [D] [thread 5876] [24.0] [cxt 0] Deparser 'deparser': end
[04:27:22.286] [bmv2] [D] [thread 5880] [24.0] [cxt 0] Transmitting packet of size 70 out of port 0
[04:27:22.345] [bmv2] [D] [thread 5875] [25.0] [cxt 0] Processing packet received on port 2
[04:27:22.345] [bmv2] [D] [thread 5875] [25.0] [cxt 0] Parser 'parser': start
[04:27:22.345] [bmv2] [D] [thread 5875] [25.0] [cxt 0] Parser 'parser' entering state 'start'
[04:27:22.345] [bmv2] [D] [thread 5875] [25.0] [cxt 0] Extracting header 'ethernet'
[04:27:22.345] [bmv2] [D] [thread 5875] [25.0] [cxt 0] Parser state 'start': key is 86dd
[04:27:22.345] [bmv2] [T] [thread 5875] [25.0] [cxt 0] Bytes parsed: 14
[04:27:22.345] [bmv2] [D] [thread 5875] [25.0] [cxt 0] Parser 'parser': end
[04:27:22.345] [bmv2] [D] [thread 5875] [25.0] [cxt 0] Pipeline 'ingress': start
[04:27:22.345] [bmv2] [T] [thread 5875] [25.0] [cxt 0] ecmp.p4(190) Condition "hdr.ipv4.isValid() && hdr.ipv4.ttl > 0" (node_2) is false
[04:27:22.345] [bmv2] [D] [thread 5875] [25.0] [cxt 0] Pipeline 'ingress': end
[04:27:22.345] [bmv2] [D] [thread 5875] [25.0] [cxt 0] Egress port is 0
[04:27:22.345] [bmv2] [D] [thread 5876] [25.0] [cxt 0] Pipeline 'egress': start
[04:27:22.345] [bmv2] [D] [thread 5876] [25.0] [cxt 0] Pipeline 'egress': end
[04:27:22.345] [bmv2] [D] [thread 5876] [25.0] [cxt 0] Deparser 'deparser': start
[04:27:22.345] [bmv2] [T] [thread 5876] [25.0] [cxt 0] Skipping checksum 'cksum' update because condition not met
[04:27:22.345] [bmv2] [D] [thread 5876] [25.0] [cxt 0] Deparsing header 'ethernet'
[04:27:22.345] [bmv2] [D] [thread 5876] [25.0] [cxt 0] Deparser 'deparser': end
[04:27:22.346] [bmv2] [D] [thread 5880] [25.0] [cxt 0] Transmitting packet of size 196 out of port 0
[04:27:22.380] [bmv2] [D] [thread 5875] [26.0] [cxt 0] Processing packet received on port 1
[04:27:22.380] [bmv2] [D] [thread 5875] [26.0] [cxt 0] Parser 'parser': start
[04:27:22.380] [bmv2] [D] [thread 5875] [26.0] [cxt 0] Parser 'parser' entering state 'start'
[04:27:22.380] [bmv2] [D] [thread 5875] [26.0] [cxt 0] Extracting header 'ethernet'
[04:27:22.380] [bmv2] [D] [thread 5875] [26.0] [cxt 0] Parser state 'start': key is 86dd
[04:27:22.380] [bmv2] [T] [thread 5875] [26.0] [cxt 0] Bytes parsed: 14
[04:27:22.380] [bmv2] [D] [thread 5875] [26.0] [cxt 0] Parser 'parser': end
[04:27:22.380] [bmv2] [D] [thread 5875] [26.0] [cxt 0] Pipeline 'ingress': start
[04:27:22.380] [bmv2] [T] [thread 5875] [26.0] [cxt 0] ecmp.p4(190) Condition "hdr.ipv4.isValid() && hdr.ipv4.ttl > 0" (node_2) is false
[04:27:22.380] [bmv2] [D] [thread 5875] [26.0] [cxt 0] Pipeline 'ingress': end
[04:27:22.380] [bmv2] [D] [thread 5875] [26.0] [cxt 0] Egress port is 0
[04:27:22.380] [bmv2] [D] [thread 5876] [26.0] [cxt 0] Pipeline 'egress': start
[04:27:22.380] [bmv2] [D] [thread 5876] [26.0] [cxt 0] Pipeline 'egress': end
[04:27:22.380] [bmv2] [D] [thread 5876] [26.0] [cxt 0] Deparser 'deparser': start
[04:27:22.380] [bmv2] [T] [thread 5876] [26.0] [cxt 0] Skipping checksum 'cksum' update because condition not met
[04:27:22.380] [bmv2] [D] [thread 5876] [26.0] [cxt 0] Deparsing header 'ethernet'
[04:27:22.380] [bmv2] [D] [thread 5876] [26.0] [cxt 0] Deparser 'deparser': end
[04:27:22.381] [bmv2] [D] [thread 5880] [26.0] [cxt 0] Transmitting packet of size 196 out of port 0
[04:27:22.644] [bmv2] [D] [thread 5875] [27.0] [cxt 0] Processing packet received on port 1
[04:27:22.644] [bmv2] [D] [thread 5875] [27.0] [cxt 0] Parser 'parser': start
[04:27:22.644] [bmv2] [D] [thread 5875] [27.0] [cxt 0] Parser 'parser' entering state 'start'
[04:27:22.644] [bmv2] [D] [thread 5875] [27.0] [cxt 0] Extracting header 'ethernet'
[04:27:22.645] [bmv2] [D] [thread 5875] [27.0] [cxt 0] Parser state 'start': key is 86dd
[04:27:22.645] [bmv2] [T] [thread 5875] [27.0] [cxt 0] Bytes parsed: 14
[04:27:22.645] [bmv2] [D] [thread 5875] [27.0] [cxt 0] Parser 'parser': end
[04:27:22.645] [bmv2] [D] [thread 5875] [27.0] [cxt 0] Pipeline 'ingress': start
[04:27:22.645] [bmv2] [T] [thread 5875] [27.0] [cxt 0] ecmp.p4(190) Condition "hdr.ipv4.isValid() && hdr.ipv4.ttl > 0" (node_2) is false
[04:27:22.645] [bmv2] [D] [thread 5875] [27.0] [cxt 0] Pipeline 'ingress': end
[04:27:22.645] [bmv2] [D] [thread 5875] [27.0] [cxt 0] Egress port is 0
[04:27:22.645] [bmv2] [D] [thread 5876] [27.0] [cxt 0] Pipeline 'egress': start
[04:27:22.645] [bmv2] [D] [thread 5876] [27.0] [cxt 0] Pipeline 'egress': end
[04:27:22.645] [bmv2] [D] [thread 5876] [27.0] [cxt 0] Deparser 'deparser': start
[04:27:22.645] [bmv2] [T] [thread 5876] [27.0] [cxt 0] Skipping checksum 'cksum' update because condition not met
[04:27:22.645] [bmv2] [D] [thread 5876] [27.0] [cxt 0] Deparsing header 'ethernet'
[04:27:22.645] [bmv2] [D] [thread 5876] [27.0] [cxt 0] Deparser 'deparser': end
[04:27:22.646] [bmv2] [D] [thread 5880] [27.0] [cxt 0] Transmitting packet of size 196 out of port 0
open: No such file or directory
open: No such file or directory
