Calling target program-options parser
Adding interface s1-eth1 as port 1
[08:06:35.113] [bmv2] [D] [thread 8760] Adding interface s1-eth1 as port 1
I1108 08:06:35.171574836    8760 server_builder.cc:247]      Synchronous server. Num CQs: 1, Min pollers: 1, Max Pollers: 2147483647, CQ timeout (msec): 1000
Server listening on 0.0.0.0:50052
[08:06:35.173] [bmv2] [I] [thread 8760] Starting Thrift server on port 9091
[08:06:35.174] [bmv2] [I] [thread 8760] Thrift server was started
New connection
P4Runtime SetForwardingPipelineConfig
[08:06:37.863] [bmv2] [W] [thread 8820] [P4Runtime] p4::tmp::P4DeviceConfig is deprecated
[08:06:37.867] [bmv2] [D] [thread 8820] Set default default entry for table 'MyIngress.Forwarding': NoAction - 
[08:06:37.867] [bmv2] [D] [thread 8820] Set default default entry for table 'MyIngress.Ops': NoAction - 
[08:06:37.868] [bmv2] [D] [thread 8820] Set default default entry for table 'tbl_act': act_0 - 
[08:06:37.868] [bmv2] [D] [thread 8820] Set default default entry for table 'tbl_act_0': act - 
[08:06:37.868] [bmv2] [D] [thread 8820] Set default default entry for table 'tbl_act_1': act_1 - 
P4Runtime Write
device_id: 1
election_id {
  low: 1
}
updates {
  type: MODIFY
  entity {
    table_entry {
      table_id: 33581078
      action {
        action {
          action_id: 16805608
        }
      }
      is_default_action: true
    }
  }
}
[08:06:37.873] [bmv2] [D] [thread 8820] Set default entry for table 'MyIngress.Ops': MyIngress.drop - 
[08:06:37.874] [bmv2] [D] [thread 8827] [0.0] [cxt 0] Processing packet received on port 1
[08:06:37.874] [bmv2] [D] [thread 8827] [0.0] [cxt 0] Parser 'parser': start
[08:06:37.874] [bmv2] [D] [thread 8827] [0.0] [cxt 0] Parser 'parser' entering state 'start'
[08:06:37.874] [bmv2] [D] [thread 8827] [0.0] [cxt 0] Extracting header 'ethernet'
[08:06:37.874] [bmv2] [D] [thread 8827] [0.0] [cxt 0] Parser state 'start': key is 86dd
[08:06:37.874] [bmv2] [T] [thread 8827] [0.0] [cxt 0] Bytes parsed: 14
[08:06:37.874] [bmv2] [D] [thread 8827] [0.0] [cxt 0] Parser 'parser': end
[08:06:37.874] [bmv2] [D] [thread 8827] [0.0] [cxt 0] Pipeline 'ingress': start
[08:06:37.874] [bmv2] [T] [thread 8827] [0.0] [cxt 0] ms2-1.p4(231) Condition "hdr.ipv4.isValid() && hdr.ipv4.ttl > 0" (node_2) is false
[08:06:37.874] [bmv2] [D] [thread 8827] [0.0] [cxt 0] Pipeline 'ingress': end
[08:06:37.874] [bmv2] [D] [thread 8827] [0.0] [cxt 0] Egress port is 0
[08:06:37.875] [bmv2] [D] [thread 8828] [0.0] [cxt 0] Pipeline 'egress': start
[08:06:37.875] [bmv2] [D] [thread 8828] [0.0] [cxt 0] Pipeline 'egress': end
[08:06:37.875] [bmv2] [D] [thread 8828] [0.0] [cxt 0] Deparser 'deparser': start
[08:06:37.875] [bmv2] [T] [thread 8828] [0.0] [cxt 0] Skipping checksum 'cksum' update because condition not met
[08:06:37.875] [bmv2] [D] [thread 8828] [0.0] [cxt 0] Deparsing header 'ethernet'
[08:06:37.875] [bmv2] [D] [thread 8828] [0.0] [cxt 0] Deparser 'deparser': end
[08:06:37.875] [bmv2] [D] [thread 8832] [0.0] [cxt 0] Transmitting packet of size 90 out of port 0
[08:06:37.875] [bmv2] [D] [thread 8827] [1.0] [cxt 0] Processing packet received on port 1
[08:06:37.875] [bmv2] [D] [thread 8827] [1.0] [cxt 0] Parser 'parser': start
[08:06:37.875] [bmv2] [D] [thread 8827] [1.0] [cxt 0] Parser 'parser' entering state 'start'
[08:06:37.875] [bmv2] [D] [thread 8827] [1.0] [cxt 0] Extracting header 'ethernet'
[08:06:37.875] [bmv2] [D] [thread 8827] [1.0] [cxt 0] Parser state 'start': key is 86dd
[08:06:37.875] [bmv2] [T] [thread 8827] [1.0] [cxt 0] Bytes parsed: 14
[08:06:37.875] [bmv2] [D] [thread 8827] [1.0] [cxt 0] Parser 'parser': end
[08:06:37.875] [bmv2] [D] [thread 8827] [1.0] [cxt 0] Pipeline 'ingress': start
[08:06:37.875] [bmv2] [T] [thread 8827] [1.0] [cxt 0] ms2-1.p4(231) Condition "hdr.ipv4.isValid() && hdr.ipv4.ttl > 0" (node_2) is false
[08:06:37.875] [bmv2] [D] [thread 8827] [1.0] [cxt 0] Pipeline 'ingress': end
[08:06:37.875] [bmv2] [D] [thread 8827] [1.0] [cxt 0] Egress port is 0
[08:06:37.875] [bmv2] [D] [thread 8828] [1.0] [cxt 0] Pipeline 'egress': start
[08:06:37.875] [bmv2] [D] [thread 8828] [1.0] [cxt 0] Pipeline 'egress': end
[08:06:37.875] [bmv2] [D] [thread 8828] [1.0] [cxt 0] Deparser 'deparser': start
[08:06:37.875] [bmv2] [T] [thread 8828] [1.0] [cxt 0] Skipping checksum 'cksum' update because condition not met
[08:06:37.875] [bmv2] [D] [thread 8828] [1.0] [cxt 0] Deparsing header 'ethernet'
[08:06:37.875] [bmv2] [D] [thread 8828] [1.0] [cxt 0] Deparser 'deparser': end
[08:06:37.875] [bmv2] [D] [thread 8832] [1.0] [cxt 0] Transmitting packet of size 70 out of port 0
[08:06:37.876] [bmv2] [D] [thread 8827] [2.0] [cxt 0] Processing packet received on port 1
[08:06:37.876] [bmv2] [D] [thread 8827] [2.0] [cxt 0] Parser 'parser': start
[08:06:37.876] [bmv2] [D] [thread 8827] [2.0] [cxt 0] Parser 'parser' entering state 'start'
[08:06:37.876] [bmv2] [D] [thread 8827] [2.0] [cxt 0] Extracting header 'ethernet'
[08:06:37.876] [bmv2] [D] [thread 8827] [2.0] [cxt 0] Parser state 'start': key is 86dd
[08:06:37.876] [bmv2] [T] [thread 8827] [2.0] [cxt 0] Bytes parsed: 14
[08:06:37.876] [bmv2] [D] [thread 8827] [2.0] [cxt 0] Parser 'parser': end
[08:06:37.876] [bmv2] [D] [thread 8827] [2.0] [cxt 0] Pipeline 'ingress': start
[08:06:37.876] [bmv2] [T] [thread 8827] [2.0] [cxt 0] ms2-1.p4(231) Condition "hdr.ipv4.isValid() && hdr.ipv4.ttl > 0" (node_2) is false
[08:06:37.876] [bmv2] [D] [thread 8827] [2.0] [cxt 0] Pipeline 'ingress': end
[08:06:37.876] [bmv2] [D] [thread 8827] [2.0] [cxt 0] Egress port is 0
[08:06:37.876] [bmv2] [D] [thread 8828] [2.0] [cxt 0] Pipeline 'egress': start
[08:06:37.876] [bmv2] [D] [thread 8828] [2.0] [cxt 0] Pipeline 'egress': end
[08:06:37.876] [bmv2] [D] [thread 8828] [2.0] [cxt 0] Deparser 'deparser': start
[08:06:37.876] [bmv2] [T] [thread 8828] [2.0] [cxt 0] Skipping checksum 'cksum' update because condition not met
[08:06:37.876] [bmv2] [D] [thread 8828] [2.0] [cxt 0] Deparsing header 'ethernet'
[08:06:37.876] [bmv2] [D] [thread 8828] [2.0] [cxt 0] Deparser 'deparser': end
[08:06:37.876] [bmv2] [D] [thread 8832] [2.0] [cxt 0] Transmitting packet of size 90 out of port 0
P4Runtime Write
device_id: 1
election_id {
  low: 1
}
updates {
  type: INSERT
  entity {
    table_entry {
      table_id: 33581078
      match {
        field_id: 1
        exact {
          value: "\000"
        }
      }
      action {
        action {
          action_id: 16810522
        }
      }
    }
  }
}
[08:06:37.876] [bmv2] [D] [thread 8820] Entry 0 added to table 'MyIngress.Ops'
[08:06:37.876] [bmv2] [D] [thread 8820] Dumping entry 0
Match key:
* hdr.kvsQuery.queryType: EXACT     00
Action entry: MyIngress.get - 

[08:06:37.876] [bmv2] [D] [thread 8827] [3.0] [cxt 0] Processing packet received on port 1
[08:06:37.876] [bmv2] [D] [thread 8827] [3.0] [cxt 0] Parser 'parser': start
[08:06:37.876] [bmv2] [D] [thread 8827] [3.0] [cxt 0] Parser 'parser' entering state 'start'
[08:06:37.876] [bmv2] [D] [thread 8827] [3.0] [cxt 0] Extracting header 'ethernet'
[08:06:37.876] [bmv2] [D] [thread 8827] [3.0] [cxt 0] Parser state 'start': key is 86dd
[08:06:37.876] [bmv2] [T] [thread 8827] [3.0] [cxt 0] Bytes parsed: 14
[08:06:37.876] [bmv2] [D] [thread 8827] [3.0] [cxt 0] Parser 'parser': end
[08:06:37.877] [bmv2] [D] [thread 8827] [3.0] [cxt 0] Pipeline 'ingress': start
[08:06:37.877] [bmv2] [T] [thread 8827] [3.0] [cxt 0] ms2-1.p4(231) Condition "hdr.ipv4.isValid() && hdr.ipv4.ttl > 0" (node_2) is false
[08:06:37.877] [bmv2] [D] [thread 8827] [3.0] [cxt 0] Pipeline 'ingress': end
[08:06:37.877] [bmv2] [D] [thread 8827] [3.0] [cxt 0] Egress port is 0
[08:06:37.877] [bmv2] [D] [thread 8828] [3.0] [cxt 0] Pipeline 'egress': start
[08:06:37.877] [bmv2] [D] [thread 8828] [3.0] [cxt 0] Pipeline 'egress': end
[08:06:37.877] [bmv2] [D] [thread 8828] [3.0] [cxt 0] Deparser 'deparser': start
[08:06:37.877] [bmv2] [T] [thread 8828] [3.0] [cxt 0] Skipping checksum 'cksum' update because condition not met
[08:06:37.877] [bmv2] [D] [thread 8828] [3.0] [cxt 0] Deparsing header 'ethernet'
[08:06:37.877] [bmv2] [D] [thread 8828] [3.0] [cxt 0] Deparser 'deparser': end
[08:06:37.877] [bmv2] [D] [thread 8832] [3.0] [cxt 0] Transmitting packet of size 107 out of port 0
P4Runtime Write
device_id: 1
election_id {
  low: 1
}
updates {
  type: INSERT
  entity {
    table_entry {
      table_id: 33581078
      match {
        field_id: 1
        exact {
          value: "\001"
        }
      }
      action {
        action {
          action_id: 16829933
        }
      }
    }
  }
}
[08:06:37.879] [bmv2] [D] [thread 8820] Entry 1 added to table 'MyIngress.Ops'
[08:06:37.879] [bmv2] [D] [thread 8820] Dumping entry 1
Match key:
* hdr.kvsQuery.queryType: EXACT     01
Action entry: MyIngress.put - 

P4Runtime Write
device_id: 1
election_id {
  low: 1
}
updates {
  type: INSERT
  entity {
    table_entry {
      table_id: 33581078
      match {
        field_id: 1
        exact {
          value: "\002"
        }
      }
      action {
        action {
          action_id: 16813393
        }
      }
    }
  }
}
[08:06:37.880] [bmv2] [D] [thread 8820] Entry 2 added to table 'MyIngress.Ops'
[08:06:37.880] [bmv2] [D] [thread 8820] Dumping entry 2
Match key:
* hdr.kvsQuery.queryType: EXACT     02
Action entry: MyIngress.rangeGet - 

P4Runtime Write
device_id: 1
election_id {
  low: 1
}
updates {
  type: INSERT
  entity {
    table_entry {
      table_id: 33560387
      match {
        field_id: 1
        lpm {
          value: "\n\000\001\001"
          prefix_len: 32
        }
      }
      action {
        action {
          action_id: 16826124
          params {
            param_id: 1
            value: "\n\000\001\001"
          }
          params {
            param_id: 2
            value: "\000\001"
          }
        }
      }
    }
  }
}
[08:06:37.882] [bmv2] [D] [thread 8820] Entry 0 added to table 'MyIngress.Forwarding'
[08:06:37.882] [bmv2] [D] [thread 8820] Dumping entry 0
Match key:
* hdr.ipv4.dstAddr    : LPM       0a000101/32
Action entry: MyIngress.set_nhop - a000101,1,

[08:06:37.882] [bmv2] [D] [thread 8827] [4.0] [cxt 0] Processing packet received on port 1
[08:06:37.882] [bmv2] [D] [thread 8827] [4.0] [cxt 0] Parser 'parser': start
[08:06:37.882] [bmv2] [D] [thread 8827] [4.0] [cxt 0] Parser 'parser' entering state 'start'
[08:06:37.882] [bmv2] [D] [thread 8827] [4.0] [cxt 0] Extracting header 'ethernet'
[08:06:37.882] [bmv2] [D] [thread 8827] [4.0] [cxt 0] Parser state 'start': key is 86dd
[08:06:37.882] [bmv2] [T] [thread 8827] [4.0] [cxt 0] Bytes parsed: 14
[08:06:37.882] [bmv2] [D] [thread 8827] [4.0] [cxt 0] Parser 'parser': end
[08:06:37.882] [bmv2] [D] [thread 8827] [4.0] [cxt 0] Pipeline 'ingress': start
[08:06:37.882] [bmv2] [T] [thread 8827] [4.0] [cxt 0] ms2-1.p4(231) Condition "hdr.ipv4.isValid() && hdr.ipv4.ttl > 0" (node_2) is false
[08:06:37.882] [bmv2] [D] [thread 8827] [4.0] [cxt 0] Pipeline 'ingress': end
[08:06:37.882] [bmv2] [D] [thread 8827] [4.0] [cxt 0] Egress port is 0
[08:06:37.882] [bmv2] [D] [thread 8828] [4.0] [cxt 0] Pipeline 'egress': start
[08:06:37.882] [bmv2] [D] [thread 8828] [4.0] [cxt 0] Pipeline 'egress': end
[08:06:37.882] [bmv2] [D] [thread 8828] [4.0] [cxt 0] Deparser 'deparser': start
[08:06:37.882] [bmv2] [T] [thread 8828] [4.0] [cxt 0] Skipping checksum 'cksum' update because condition not met
[08:06:37.882] [bmv2] [D] [thread 8828] [4.0] [cxt 0] Deparsing header 'ethernet'
[08:06:37.882] [bmv2] [D] [thread 8828] [4.0] [cxt 0] Deparser 'deparser': end
[08:06:37.882] [bmv2] [D] [thread 8832] [4.0] [cxt 0] Transmitting packet of size 208 out of port 0
[08:06:37.883] [bmv2] [D] [thread 8827] [5.0] [cxt 0] Processing packet received on port 1
[08:06:37.883] [bmv2] [D] [thread 8827] [5.0] [cxt 0] Parser 'parser': start
[08:06:37.883] [bmv2] [D] [thread 8827] [5.0] [cxt 0] Parser 'parser' entering state 'start'
[08:06:37.883] [bmv2] [D] [thread 8827] [5.0] [cxt 0] Extracting header 'ethernet'
P4Runtime Write
device_id: 1
election_id {
  low: 1
}
updates {
  type: INSERT
  entity {
    packet_replication_engine_entry {
      clone_session_entry {
        session_id: 1
        replicas {
          egress_port: 1
          instance: 1
        }
      }
    }
  }
}
[08:06:37.883] [bmv2] [D] [thread 8820] mgrp node created for mgid 32769
[08:06:37.883] [bmv2] [D] [thread 8820] node created for rid 1
[08:06:37.883] [bmv2] [D] [thread 8820] node associated with mgid 32769
[08:06:37.883] [bmv2] [D] [thread 8827] [5.0] [cxt 0] Parser state 'start': key is 86dd
[08:06:37.883] [bmv2] [T] [thread 8827] [5.0] [cxt 0] Bytes parsed: 14
[08:06:37.883] [bmv2] [D] [thread 8827] [5.0] [cxt 0] Parser 'parser': end
[08:06:37.883] [bmv2] [D] [thread 8827] [5.0] [cxt 0] Pipeline 'ingress': start
[08:06:37.883] [bmv2] [T] [thread 8827] [5.0] [cxt 0] ms2-1.p4(231) Condition "hdr.ipv4.isValid() && hdr.ipv4.ttl > 0" (node_2) is false
[08:06:37.883] [bmv2] [D] [thread 8827] [5.0] [cxt 0] Pipeline 'ingress': end
[08:06:37.883] [bmv2] [D] [thread 8827] [5.0] [cxt 0] Egress port is 0
[08:06:37.883] [bmv2] [D] [thread 8827] [6.0] [cxt 0] Processing packet received on port 1
[08:06:37.883] [bmv2] [D] [thread 8827] [6.0] [cxt 0] Parser 'parser': start
[08:06:37.883] [bmv2] [D] [thread 8827] [6.0] [cxt 0] Parser 'parser' entering state 'start'
[08:06:37.883] [bmv2] [D] [thread 8827] [6.0] [cxt 0] Extracting header 'ethernet'
[08:06:37.883] [bmv2] [D] [thread 8827] [6.0] [cxt 0] Parser state 'start': key is 86dd
[08:06:37.883] [bmv2] [T] [thread 8827] [6.0] [cxt 0] Bytes parsed: 14
[08:06:37.883] [bmv2] [D] [thread 8827] [6.0] [cxt 0] Parser 'parser': end
[08:06:37.883] [bmv2] [D] [thread 8827] [6.0] [cxt 0] Pipeline 'ingress': start
[08:06:37.883] [bmv2] [T] [thread 8827] [6.0] [cxt 0] ms2-1.p4(231) Condition "hdr.ipv4.isValid() && hdr.ipv4.ttl > 0" (node_2) is false
[08:06:37.883] [bmv2] [D] [thread 8827] [6.0] [cxt 0] Pipeline 'ingress': end
[08:06:37.884] [bmv2] [D] [thread 8828] [5.0] [cxt 0] Pipeline 'egress': start
[08:06:37.884] [bmv2] [D] [thread 8828] [5.0] [cxt 0] Pipeline 'egress': end
[08:06:37.884] [bmv2] [D] [thread 8828] [5.0] [cxt 0] Deparser 'deparser': start
[08:06:37.884] [bmv2] [T] [thread 8828] [5.0] [cxt 0] Skipping checksum 'cksum' update because condition not met
[08:06:37.884] [bmv2] [D] [thread 8828] [5.0] [cxt 0] Deparsing header 'ethernet'
[08:06:37.884] [bmv2] [D] [thread 8828] [5.0] [cxt 0] Deparser 'deparser': end
[08:06:37.884] [bmv2] [D] [thread 8832] [5.0] [cxt 0] Transmitting packet of size 90 out of port 0
[08:06:37.884] [bmv2] [D] [thread 8827] [6.0] [cxt 0] Egress port is 0
Connection removed
[08:06:37.885] [bmv2] [D] [thread 8828] [6.0] [cxt 0] Pipeline 'egress': start
[08:06:37.885] [bmv2] [D] [thread 8828] [6.0] [cxt 0] Pipeline 'egress': end
[08:06:37.885] [bmv2] [D] [thread 8828] [6.0] [cxt 0] Deparser 'deparser': start
[08:06:37.885] [bmv2] [T] [thread 8828] [6.0] [cxt 0] Skipping checksum 'cksum' update because condition not met
[08:06:37.885] [bmv2] [D] [thread 8828] [6.0] [cxt 0] Deparsing header 'ethernet'
[08:06:37.885] [bmv2] [D] [thread 8828] [6.0] [cxt 0] Deparser 'deparser': end
[08:06:37.885] [bmv2] [D] [thread 8832] [6.0] [cxt 0] Transmitting packet of size 90 out of port 0
[08:06:38.059] [bmv2] [D] [thread 8827] [7.0] [cxt 0] Processing packet received on port 1
[08:06:38.059] [bmv2] [D] [thread 8827] [7.0] [cxt 0] Parser 'parser': start
[08:06:38.059] [bmv2] [D] [thread 8827] [7.0] [cxt 0] Parser 'parser' entering state 'start'
[08:06:38.059] [bmv2] [D] [thread 8827] [7.0] [cxt 0] Extracting header 'ethernet'
[08:06:38.059] [bmv2] [D] [thread 8827] [7.0] [cxt 0] Parser state 'start': key is 86dd
[08:06:38.059] [bmv2] [T] [thread 8827] [7.0] [cxt 0] Bytes parsed: 14
[08:06:38.059] [bmv2] [D] [thread 8827] [7.0] [cxt 0] Parser 'parser': end
[08:06:38.059] [bmv2] [D] [thread 8827] [7.0] [cxt 0] Pipeline 'ingress': start
[08:06:38.059] [bmv2] [T] [thread 8827] [7.0] [cxt 0] ms2-1.p4(231) Condition "hdr.ipv4.isValid() && hdr.ipv4.ttl > 0" (node_2) is false
[08:06:38.059] [bmv2] [D] [thread 8827] [7.0] [cxt 0] Pipeline 'ingress': end
[08:06:38.059] [bmv2] [D] [thread 8827] [7.0] [cxt 0] Egress port is 0
[08:06:38.059] [bmv2] [D] [thread 8828] [7.0] [cxt 0] Pipeline 'egress': start
[08:06:38.059] [bmv2] [D] [thread 8828] [7.0] [cxt 0] Pipeline 'egress': end
[08:06:38.059] [bmv2] [D] [thread 8828] [7.0] [cxt 0] Deparser 'deparser': start
[08:06:38.059] [bmv2] [T] [thread 8828] [7.0] [cxt 0] Skipping checksum 'cksum' update because condition not met
[08:06:38.059] [bmv2] [D] [thread 8828] [7.0] [cxt 0] Deparsing header 'ethernet'
[08:06:38.059] [bmv2] [D] [thread 8828] [7.0] [cxt 0] Deparser 'deparser': end
[08:06:38.059] [bmv2] [D] [thread 8832] [7.0] [cxt 0] Transmitting packet of size 196 out of port 0
[08:06:38.673] [bmv2] [D] [thread 8827] [8.0] [cxt 0] Processing packet received on port 1
[08:06:38.673] [bmv2] [D] [thread 8827] [8.0] [cxt 0] Parser 'parser': start
[08:06:38.673] [bmv2] [D] [thread 8827] [8.0] [cxt 0] Parser 'parser' entering state 'start'
[08:06:38.673] [bmv2] [D] [thread 8827] [8.0] [cxt 0] Extracting header 'ethernet'
[08:06:38.673] [bmv2] [D] [thread 8827] [8.0] [cxt 0] Parser state 'start': key is 86dd
[08:06:38.673] [bmv2] [T] [thread 8827] [8.0] [cxt 0] Bytes parsed: 14
[08:06:38.673] [bmv2] [D] [thread 8827] [8.0] [cxt 0] Parser 'parser': end
[08:06:38.673] [bmv2] [D] [thread 8827] [8.0] [cxt 0] Pipeline 'ingress': start
[08:06:38.673] [bmv2] [T] [thread 8827] [8.0] [cxt 0] ms2-1.p4(231) Condition "hdr.ipv4.isValid() && hdr.ipv4.ttl > 0" (node_2) is false
[08:06:38.673] [bmv2] [D] [thread 8827] [8.0] [cxt 0] Pipeline 'ingress': end
[08:06:38.673] [bmv2] [D] [thread 8827] [8.0] [cxt 0] Egress port is 0
[08:06:38.673] [bmv2] [D] [thread 8828] [8.0] [cxt 0] Pipeline 'egress': start
[08:06:38.673] [bmv2] [D] [thread 8828] [8.0] [cxt 0] Pipeline 'egress': end
[08:06:38.673] [bmv2] [D] [thread 8828] [8.0] [cxt 0] Deparser 'deparser': start
[08:06:38.673] [bmv2] [T] [thread 8828] [8.0] [cxt 0] Skipping checksum 'cksum' update because condition not met
[08:06:38.673] [bmv2] [D] [thread 8828] [8.0] [cxt 0] Deparsing header 'ethernet'
[08:06:38.673] [bmv2] [D] [thread 8828] [8.0] [cxt 0] Deparser 'deparser': end
[08:06:38.673] [bmv2] [D] [thread 8832] [8.0] [cxt 0] Transmitting packet of size 107 out of port 0
[08:06:38.960] [bmv2] [D] [thread 8827] [9.0] [cxt 0] Processing packet received on port 1
[08:06:38.960] [bmv2] [D] [thread 8827] [9.0] [cxt 0] Parser 'parser': start
[08:06:38.960] [bmv2] [D] [thread 8827] [9.0] [cxt 0] Parser 'parser' entering state 'start'
[08:06:38.960] [bmv2] [D] [thread 8827] [9.0] [cxt 0] Extracting header 'ethernet'
[08:06:38.960] [bmv2] [D] [thread 8827] [9.0] [cxt 0] Parser state 'start': key is 86dd
[08:06:38.960] [bmv2] [T] [thread 8827] [9.0] [cxt 0] Bytes parsed: 14
[08:06:38.960] [bmv2] [D] [thread 8827] [9.0] [cxt 0] Parser 'parser': end
[08:06:38.960] [bmv2] [D] [thread 8827] [9.0] [cxt 0] Pipeline 'ingress': start
[08:06:38.960] [bmv2] [T] [thread 8827] [9.0] [cxt 0] ms2-1.p4(231) Condition "hdr.ipv4.isValid() && hdr.ipv4.ttl > 0" (node_2) is false
[08:06:38.960] [bmv2] [D] [thread 8827] [9.0] [cxt 0] Pipeline 'ingress': end
[08:06:38.960] [bmv2] [D] [thread 8827] [9.0] [cxt 0] Egress port is 0
[08:06:38.960] [bmv2] [D] [thread 8828] [9.0] [cxt 0] Pipeline 'egress': start
[08:06:38.960] [bmv2] [D] [thread 8828] [9.0] [cxt 0] Pipeline 'egress': end
[08:06:38.960] [bmv2] [D] [thread 8828] [9.0] [cxt 0] Deparser 'deparser': start
[08:06:38.960] [bmv2] [T] [thread 8828] [9.0] [cxt 0] Skipping checksum 'cksum' update because condition not met
[08:06:38.960] [bmv2] [D] [thread 8828] [9.0] [cxt 0] Deparsing header 'ethernet'
[08:06:38.960] [bmv2] [D] [thread 8828] [9.0] [cxt 0] Deparser 'deparser': end
[08:06:38.960] [bmv2] [D] [thread 8832] [9.0] [cxt 0] Transmitting packet of size 107 out of port 0
[08:06:39.576] [bmv2] [D] [thread 8827] [10.0] [cxt 0] Processing packet received on port 1
[08:06:39.576] [bmv2] [D] [thread 8827] [10.0] [cxt 0] Parser 'parser': start
[08:06:39.576] [bmv2] [D] [thread 8827] [10.0] [cxt 0] Parser 'parser' entering state 'start'
[08:06:39.576] [bmv2] [D] [thread 8827] [10.0] [cxt 0] Extracting header 'ethernet'
[08:06:39.576] [bmv2] [D] [thread 8827] [10.0] [cxt 0] Parser state 'start': key is 86dd
[08:06:39.576] [bmv2] [T] [thread 8827] [10.0] [cxt 0] Bytes parsed: 14
[08:06:39.576] [bmv2] [D] [thread 8827] [10.0] [cxt 0] Parser 'parser': end
[08:06:39.576] [bmv2] [D] [thread 8827] [10.0] [cxt 0] Pipeline 'ingress': start
[08:06:39.576] [bmv2] [T] [thread 8827] [10.0] [cxt 0] ms2-1.p4(231) Condition "hdr.ipv4.isValid() && hdr.ipv4.ttl > 0" (node_2) is false
[08:06:39.576] [bmv2] [D] [thread 8827] [10.0] [cxt 0] Pipeline 'ingress': end
[08:06:39.576] [bmv2] [D] [thread 8827] [10.0] [cxt 0] Egress port is 0
[08:06:39.576] [bmv2] [D] [thread 8828] [10.0] [cxt 0] Pipeline 'egress': start
[08:06:39.576] [bmv2] [D] [thread 8828] [10.0] [cxt 0] Pipeline 'egress': end
[08:06:39.576] [bmv2] [D] [thread 8828] [10.0] [cxt 0] Deparser 'deparser': start
[08:06:39.576] [bmv2] [T] [thread 8828] [10.0] [cxt 0] Skipping checksum 'cksum' update because condition not met
[08:06:39.576] [bmv2] [D] [thread 8828] [10.0] [cxt 0] Deparsing header 'ethernet'
[08:06:39.576] [bmv2] [D] [thread 8828] [10.0] [cxt 0] Deparser 'deparser': end
[08:06:39.576] [bmv2] [D] [thread 8832] [10.0] [cxt 0] Transmitting packet of size 70 out of port 0
[08:06:39.859] [bmv2] [D] [thread 8827] [11.0] [cxt 0] Processing packet received on port 1
[08:06:39.859] [bmv2] [D] [thread 8827] [11.0] [cxt 0] Parser 'parser': start
[08:06:39.859] [bmv2] [D] [thread 8827] [11.0] [cxt 0] Parser 'parser' entering state 'start'
[08:06:39.859] [bmv2] [D] [thread 8827] [11.0] [cxt 0] Extracting header 'ethernet'
[08:06:39.859] [bmv2] [D] [thread 8827] [11.0] [cxt 0] Parser state 'start': key is 86dd
[08:06:39.859] [bmv2] [T] [thread 8827] [11.0] [cxt 0] Bytes parsed: 14
[08:06:39.859] [bmv2] [D] [thread 8827] [11.0] [cxt 0] Parser 'parser': end
[08:06:39.859] [bmv2] [D] [thread 8827] [11.0] [cxt 0] Pipeline 'ingress': start
[08:06:39.859] [bmv2] [T] [thread 8827] [11.0] [cxt 0] ms2-1.p4(231) Condition "hdr.ipv4.isValid() && hdr.ipv4.ttl > 0" (node_2) is false
[08:06:39.859] [bmv2] [D] [thread 8827] [11.0] [cxt 0] Pipeline 'ingress': end
[08:06:39.859] [bmv2] [D] [thread 8827] [11.0] [cxt 0] Egress port is 0
[08:06:39.859] [bmv2] [D] [thread 8828] [11.0] [cxt 0] Pipeline 'egress': start
[08:06:39.859] [bmv2] [D] [thread 8828] [11.0] [cxt 0] Pipeline 'egress': end
[08:06:39.859] [bmv2] [D] [thread 8828] [11.0] [cxt 0] Deparser 'deparser': start
[08:06:39.859] [bmv2] [T] [thread 8828] [11.0] [cxt 0] Skipping checksum 'cksum' update because condition not met
[08:06:39.859] [bmv2] [D] [thread 8828] [11.0] [cxt 0] Deparsing header 'ethernet'
[08:06:39.859] [bmv2] [D] [thread 8828] [11.0] [cxt 0] Deparser 'deparser': end
[08:06:39.859] [bmv2] [D] [thread 8832] [11.0] [cxt 0] Transmitting packet of size 70 out of port 0
[08:06:39.977] [bmv2] [D] [thread 8827] [12.0] [cxt 0] Processing packet received on port 1
[08:06:39.977] [bmv2] [D] [thread 8827] [12.0] [cxt 0] Parser 'parser': start
[08:06:39.977] [bmv2] [D] [thread 8827] [12.0] [cxt 0] Parser 'parser' entering state 'start'
[08:06:39.977] [bmv2] [D] [thread 8827] [12.0] [cxt 0] Extracting header 'ethernet'
[08:06:39.977] [bmv2] [D] [thread 8827] [12.0] [cxt 0] Parser state 'start': key is 86dd
[08:06:39.977] [bmv2] [T] [thread 8827] [12.0] [cxt 0] Bytes parsed: 14
[08:06:39.977] [bmv2] [D] [thread 8827] [12.0] [cxt 0] Parser 'parser': end
[08:06:39.977] [bmv2] [D] [thread 8827] [12.0] [cxt 0] Pipeline 'ingress': start
[08:06:39.977] [bmv2] [T] [thread 8827] [12.0] [cxt 0] ms2-1.p4(231) Condition "hdr.ipv4.isValid() && hdr.ipv4.ttl > 0" (node_2) is false
[08:06:39.977] [bmv2] [D] [thread 8827] [12.0] [cxt 0] Pipeline 'ingress': end
[08:06:39.977] [bmv2] [D] [thread 8827] [12.0] [cxt 0] Egress port is 0
[08:06:39.977] [bmv2] [D] [thread 8828] [12.0] [cxt 0] Pipeline 'egress': start
[08:06:39.977] [bmv2] [D] [thread 8828] [12.0] [cxt 0] Pipeline 'egress': end
[08:06:39.977] [bmv2] [D] [thread 8828] [12.0] [cxt 0] Deparser 'deparser': start
[08:06:39.977] [bmv2] [T] [thread 8828] [12.0] [cxt 0] Skipping checksum 'cksum' update because condition not met
[08:06:39.977] [bmv2] [D] [thread 8828] [12.0] [cxt 0] Deparsing header 'ethernet'
[08:06:39.977] [bmv2] [D] [thread 8828] [12.0] [cxt 0] Deparser 'deparser': end
[08:06:39.977] [bmv2] [D] [thread 8832] [12.0] [cxt 0] Transmitting packet of size 196 out of port 0
[08:06:40.275] [bmv2] [D] [thread 8827] [13.0] [cxt 0] Processing packet received on port 1
[08:06:40.275] [bmv2] [D] [thread 8827] [13.0] [cxt 0] Parser 'parser': start
[08:06:40.275] [bmv2] [D] [thread 8827] [13.0] [cxt 0] Parser 'parser' entering state 'start'
[08:06:40.275] [bmv2] [D] [thread 8827] [13.0] [cxt 0] Extracting header 'ethernet'
[08:06:40.275] [bmv2] [D] [thread 8827] [13.0] [cxt 0] Parser state 'start': key is 86dd
[08:06:40.275] [bmv2] [T] [thread 8827] [13.0] [cxt 0] Bytes parsed: 14
[08:06:40.275] [bmv2] [D] [thread 8827] [13.0] [cxt 0] Parser 'parser': end
[08:06:40.275] [bmv2] [D] [thread 8827] [13.0] [cxt 0] Pipeline 'ingress': start
[08:06:40.275] [bmv2] [T] [thread 8827] [13.0] [cxt 0] ms2-1.p4(231) Condition "hdr.ipv4.isValid() && hdr.ipv4.ttl > 0" (node_2) is false
[08:06:40.275] [bmv2] [D] [thread 8827] [13.0] [cxt 0] Pipeline 'ingress': end
[08:06:40.275] [bmv2] [D] [thread 8827] [13.0] [cxt 0] Egress port is 0
[08:06:40.275] [bmv2] [D] [thread 8828] [13.0] [cxt 0] Pipeline 'egress': start
[08:06:40.275] [bmv2] [D] [thread 8828] [13.0] [cxt 0] Pipeline 'egress': end
[08:06:40.276] [bmv2] [D] [thread 8828] [13.0] [cxt 0] Deparser 'deparser': start
[08:06:40.276] [bmv2] [T] [thread 8828] [13.0] [cxt 0] Skipping checksum 'cksum' update because condition not met
[08:06:40.276] [bmv2] [D] [thread 8828] [13.0] [cxt 0] Deparsing header 'ethernet'
[08:06:40.276] [bmv2] [D] [thread 8828] [13.0] [cxt 0] Deparser 'deparser': end
[08:06:40.276] [bmv2] [D] [thread 8832] [13.0] [cxt 0] Transmitting packet of size 196 out of port 0
[08:06:42.676] [bmv2] [D] [thread 8827] [14.0] [cxt 0] Processing packet received on port 1
[08:06:42.676] [bmv2] [D] [thread 8827] [14.0] [cxt 0] Parser 'parser': start
[08:06:42.676] [bmv2] [D] [thread 8827] [14.0] [cxt 0] Parser 'parser' entering state 'start'
[08:06:42.676] [bmv2] [D] [thread 8827] [14.0] [cxt 0] Extracting header 'ethernet'
[08:06:42.676] [bmv2] [D] [thread 8827] [14.0] [cxt 0] Parser state 'start': key is 86dd
[08:06:42.676] [bmv2] [T] [thread 8827] [14.0] [cxt 0] Bytes parsed: 14
[08:06:42.676] [bmv2] [D] [thread 8827] [14.0] [cxt 0] Parser 'parser': end
[08:06:42.676] [bmv2] [D] [thread 8827] [14.0] [cxt 0] Pipeline 'ingress': start
[08:06:42.676] [bmv2] [T] [thread 8827] [14.0] [cxt 0] ms2-1.p4(231) Condition "hdr.ipv4.isValid() && hdr.ipv4.ttl > 0" (node_2) is false
[08:06:42.676] [bmv2] [D] [thread 8827] [14.0] [cxt 0] Pipeline 'ingress': end
[08:06:42.676] [bmv2] [D] [thread 8827] [14.0] [cxt 0] Egress port is 0
[08:06:42.676] [bmv2] [D] [thread 8828] [14.0] [cxt 0] Pipeline 'egress': start
[08:06:42.676] [bmv2] [D] [thread 8828] [14.0] [cxt 0] Pipeline 'egress': end
[08:06:42.676] [bmv2] [D] [thread 8828] [14.0] [cxt 0] Deparser 'deparser': start
[08:06:42.676] [bmv2] [T] [thread 8828] [14.0] [cxt 0] Skipping checksum 'cksum' update because condition not met
[08:06:42.676] [bmv2] [D] [thread 8828] [14.0] [cxt 0] Deparsing header 'ethernet'
[08:06:42.676] [bmv2] [D] [thread 8828] [14.0] [cxt 0] Deparser 'deparser': end
[08:06:42.676] [bmv2] [D] [thread 8832] [14.0] [cxt 0] Transmitting packet of size 107 out of port 0
[08:06:42.960] [bmv2] [D] [thread 8827] [15.0] [cxt 0] Processing packet received on port 1
[08:06:42.960] [bmv2] [D] [thread 8827] [15.0] [cxt 0] Parser 'parser': start
[08:06:42.960] [bmv2] [D] [thread 8827] [15.0] [cxt 0] Parser 'parser' entering state 'start'
[08:06:42.960] [bmv2] [D] [thread 8827] [15.0] [cxt 0] Extracting header 'ethernet'
[08:06:42.960] [bmv2] [D] [thread 8827] [15.0] [cxt 0] Parser state 'start': key is 86dd
[08:06:42.960] [bmv2] [T] [thread 8827] [15.0] [cxt 0] Bytes parsed: 14
[08:06:42.960] [bmv2] [D] [thread 8827] [15.0] [cxt 0] Parser 'parser': end
[08:06:42.960] [bmv2] [D] [thread 8827] [15.0] [cxt 0] Pipeline 'ingress': start
[08:06:42.960] [bmv2] [T] [thread 8827] [15.0] [cxt 0] ms2-1.p4(231) Condition "hdr.ipv4.isValid() && hdr.ipv4.ttl > 0" (node_2) is false
[08:06:42.960] [bmv2] [D] [thread 8827] [15.0] [cxt 0] Pipeline 'ingress': end
[08:06:42.960] [bmv2] [D] [thread 8827] [15.0] [cxt 0] Egress port is 0
[08:06:42.960] [bmv2] [D] [thread 8828] [15.0] [cxt 0] Pipeline 'egress': start
[08:06:42.960] [bmv2] [D] [thread 8828] [15.0] [cxt 0] Pipeline 'egress': end
[08:06:42.960] [bmv2] [D] [thread 8828] [15.0] [cxt 0] Deparser 'deparser': start
[08:06:42.960] [bmv2] [T] [thread 8828] [15.0] [cxt 0] Skipping checksum 'cksum' update because condition not met
[08:06:42.960] [bmv2] [D] [thread 8828] [15.0] [cxt 0] Deparsing header 'ethernet'
[08:06:42.960] [bmv2] [D] [thread 8828] [15.0] [cxt 0] Deparser 'deparser': end
[08:06:42.960] [bmv2] [D] [thread 8832] [15.0] [cxt 0] Transmitting packet of size 107 out of port 0
[08:06:43.583] [bmv2] [D] [thread 8827] [16.0] [cxt 0] Processing packet received on port 1
[08:06:43.583] [bmv2] [D] [thread 8827] [16.0] [cxt 0] Parser 'parser': start
[08:06:43.583] [bmv2] [D] [thread 8827] [16.0] [cxt 0] Parser 'parser' entering state 'start'
[08:06:43.583] [bmv2] [D] [thread 8827] [16.0] [cxt 0] Extracting header 'ethernet'
[08:06:43.584] [bmv2] [D] [thread 8827] [16.0] [cxt 0] Parser state 'start': key is 86dd
[08:06:43.584] [bmv2] [T] [thread 8827] [16.0] [cxt 0] Bytes parsed: 14
[08:06:43.584] [bmv2] [D] [thread 8827] [16.0] [cxt 0] Parser 'parser': end
[08:06:43.584] [bmv2] [D] [thread 8827] [16.0] [cxt 0] Pipeline 'ingress': start
[08:06:43.584] [bmv2] [T] [thread 8827] [16.0] [cxt 0] ms2-1.p4(231) Condition "hdr.ipv4.isValid() && hdr.ipv4.ttl > 0" (node_2) is false
[08:06:43.584] [bmv2] [D] [thread 8827] [16.0] [cxt 0] Pipeline 'ingress': end
[08:06:43.584] [bmv2] [D] [thread 8827] [16.0] [cxt 0] Egress port is 0
[08:06:43.584] [bmv2] [D] [thread 8828] [16.0] [cxt 0] Pipeline 'egress': start
[08:06:43.584] [bmv2] [D] [thread 8828] [16.0] [cxt 0] Pipeline 'egress': end
[08:06:43.584] [bmv2] [D] [thread 8828] [16.0] [cxt 0] Deparser 'deparser': start
[08:06:43.584] [bmv2] [T] [thread 8828] [16.0] [cxt 0] Skipping checksum 'cksum' update because condition not met
[08:06:43.584] [bmv2] [D] [thread 8828] [16.0] [cxt 0] Deparsing header 'ethernet'
[08:06:43.584] [bmv2] [D] [thread 8828] [16.0] [cxt 0] Deparser 'deparser': end
[08:06:43.584] [bmv2] [D] [thread 8832] [16.0] [cxt 0] Transmitting packet of size 70 out of port 0
[08:06:43.865] [bmv2] [D] [thread 8827] [17.0] [cxt 0] Processing packet received on port 1
[08:06:43.865] [bmv2] [D] [thread 8827] [17.0] [cxt 0] Parser 'parser': start
[08:06:43.865] [bmv2] [D] [thread 8827] [17.0] [cxt 0] Parser 'parser' entering state 'start'
[08:06:43.865] [bmv2] [D] [thread 8827] [17.0] [cxt 0] Extracting header 'ethernet'
[08:06:43.865] [bmv2] [D] [thread 8827] [17.0] [cxt 0] Parser state 'start': key is 86dd
[08:06:43.865] [bmv2] [T] [thread 8827] [17.0] [cxt 0] Bytes parsed: 14
[08:06:43.865] [bmv2] [D] [thread 8827] [17.0] [cxt 0] Parser 'parser': end
[08:06:43.865] [bmv2] [D] [thread 8827] [17.0] [cxt 0] Pipeline 'ingress': start
[08:06:43.865] [bmv2] [T] [thread 8827] [17.0] [cxt 0] ms2-1.p4(231) Condition "hdr.ipv4.isValid() && hdr.ipv4.ttl > 0" (node_2) is false
[08:06:43.865] [bmv2] [D] [thread 8827] [17.0] [cxt 0] Pipeline 'ingress': end
[08:06:43.865] [bmv2] [D] [thread 8827] [17.0] [cxt 0] Egress port is 0
[08:06:43.865] [bmv2] [D] [thread 8828] [17.0] [cxt 0] Pipeline 'egress': start
[08:06:43.867] [bmv2] [D] [thread 8828] [17.0] [cxt 0] Pipeline 'egress': end
[08:06:43.867] [bmv2] [D] [thread 8828] [17.0] [cxt 0] Deparser 'deparser': start
[08:06:43.867] [bmv2] [T] [thread 8828] [17.0] [cxt 0] Skipping checksum 'cksum' update because condition not met
[08:06:43.867] [bmv2] [D] [thread 8828] [17.0] [cxt 0] Deparsing header 'ethernet'
[08:06:43.867] [bmv2] [D] [thread 8828] [17.0] [cxt 0] Deparser 'deparser': end
[08:06:43.867] [bmv2] [D] [thread 8832] [17.0] [cxt 0] Transmitting packet of size 70 out of port 0
[08:06:46.328] [bmv2] [D] [thread 8827] [18.0] [cxt 0] Processing packet received on port 1
[08:06:46.328] [bmv2] [D] [thread 8827] [18.0] [cxt 0] Parser 'parser': start
[08:06:46.328] [bmv2] [D] [thread 8827] [18.0] [cxt 0] Parser 'parser' entering state 'start'
[08:06:46.328] [bmv2] [D] [thread 8827] [18.0] [cxt 0] Extracting header 'ethernet'
[08:06:46.328] [bmv2] [D] [thread 8827] [18.0] [cxt 0] Parser state 'start': key is 0800
[08:06:46.328] [bmv2] [T] [thread 8827] [18.0] [cxt 0] Bytes parsed: 14
[08:06:46.328] [bmv2] [D] [thread 8827] [18.0] [cxt 0] Parser 'parser' entering state 'parse_ipv4'
[08:06:46.328] [bmv2] [D] [thread 8827] [18.0] [cxt 0] Extracting header 'ipv4'
[08:06:46.328] [bmv2] [D] [thread 8827] [18.0] [cxt 0] Parser state 'parse_ipv4': key is fc
[08:06:46.328] [bmv2] [T] [thread 8827] [18.0] [cxt 0] Bytes parsed: 34
[08:06:46.328] [bmv2] [D] [thread 8827] [18.0] [cxt 0] Parser 'parser' entering state 'parse_kvsQuery'
[08:06:46.328] [bmv2] [D] [thread 8827] [18.0] [cxt 0] Extracting header 'kvsQuery'
[08:06:46.328] [bmv2] [D] [thread 8827] [18.0] [cxt 0] Parser state 'parse_kvsQuery': key is fd
[08:06:46.328] [bmv2] [T] [thread 8827] [18.0] [cxt 0] Bytes parsed: 48
[08:06:46.328] [bmv2] [D] [thread 8827] [18.0] [cxt 0] Parser 'parser' entering state 'parse_response'
[08:06:46.329] [bmv2] [D] [thread 8827] [18.0] [cxt 0] Extracting to header stack 0, next header is 6
[08:06:46.329] [bmv2] [D] [thread 8827] [18.0] [cxt 0] Parser state 'parse_response': key is 01
[08:06:46.329] [bmv2] [T] [thread 8827] [18.0] [cxt 0] Bytes parsed: 53
[08:06:46.329] [bmv2] [D] [thread 8827] [18.0] [cxt 0] Parser 'parser' entering state 'parse_tcp'
[08:06:46.329] [bmv2] [D] [thread 8827] [18.0] [cxt 0] Extracting header 'tcp'
[08:06:46.329] [bmv2] [D] [thread 8827] [18.0] [cxt 0] Parser state 'parse_tcp' has no switch, going to default next state
[08:06:46.329] [bmv2] [T] [thread 8827] [18.0] [cxt 0] Bytes parsed: 73
[08:06:46.329] [bmv2] [D] [thread 8827] [18.0] [cxt 0] Parser 'parser': end
[08:06:46.329] [bmv2] [D] [thread 8827] [18.0] [cxt 0] Pipeline 'ingress': start
[08:06:46.329] [bmv2] [T] [thread 8827] [18.0] [cxt 0] ms2-1.p4(231) Condition "hdr.ipv4.isValid() && hdr.ipv4.ttl > 0" (node_2) is true
[08:06:46.329] [bmv2] [T] [thread 8827] [18.0] [cxt 0] Applying table 'MyIngress.Forwarding'
[08:06:46.329] [bmv2] [D] [thread 8827] [18.0] [cxt 0] Looking up key:
* hdr.ipv4.dstAddr    : 0a000101

[08:06:46.329] [bmv2] [D] [thread 8827] [18.0] [cxt 0] Table 'MyIngress.Forwarding': hit with handle 0
[08:06:46.329] [bmv2] [D] [thread 8827] [18.0] [cxt 0] Dumping entry 0
Match key:
* hdr.ipv4.dstAddr    : LPM       0a000101/32
Action entry: MyIngress.set_nhop - a000101,1,

[08:06:46.329] [bmv2] [D] [thread 8827] [18.0] [cxt 0] Action entry is MyIngress.set_nhop - a000101,1,
[08:06:46.329] [bmv2] [T] [thread 8827] [18.0] [cxt 0] Action MyIngress.set_nhop
[08:06:46.329] [bmv2] [T] [thread 8827] [18.0] [cxt 0] ms2-1.p4(172) Primitive hdr.ipv4.dstAddr = nhop_ipv4
[08:06:46.329] [bmv2] [T] [thread 8827] [18.0] [cxt 0] ms2-1.p4(173) Primitive standard_metadata.egress_spec = port
[08:06:46.329] [bmv2] [T] [thread 8827] [18.0] [cxt 0] Applying table 'MyIngress.Ops'
[08:06:46.329] [bmv2] [D] [thread 8827] [18.0] [cxt 0] Looking up key:
* hdr.kvsQuery.queryType: 00

[08:06:46.329] [bmv2] [D] [thread 8827] [18.0] [cxt 0] Table 'MyIngress.Ops': hit with handle 0
[08:06:46.329] [bmv2] [D] [thread 8827] [18.0] [cxt 0] Dumping entry 0
Match key:
* hdr.kvsQuery.queryType: EXACT     00
Action entry: MyIngress.get - 

[08:06:46.329] [bmv2] [D] [thread 8827] [18.0] [cxt 0] Action entry is MyIngress.get - 
[08:06:46.329] [bmv2] [T] [thread 8827] [18.0] [cxt 0] Action MyIngress.get
[08:06:46.329] [bmv2] [T] [thread 8827] [18.0] [cxt 0] ms2-1.p4(184) Primitive database.read(hdr.response[0].value, hdr.kvsQuery.key)
[08:06:46.329] [bmv2] [T] [thread 8827] [18.0] [cxt 0] Read register 'MyIngress.database' at index 0 read value 0
[08:06:46.329] [bmv2] [T] [thread 8827] [18.0] [cxt 0] ms2-1.p4(185) Primitive isFilled.read(hdr.response[0].isNull, hdr.kvsQuery.key)
[08:06:46.329] [bmv2] [T] [thread 8827] [18.0] [cxt 0] Read register 'MyIngress.isFilled' at index 0 read value 0
[08:06:46.329] [bmv2] [T] [thread 8827] [18.0] [cxt 0] Applying table 'tbl_act'
[08:06:46.329] [bmv2] [D] [thread 8827] [18.0] [cxt 0] Looking up key:

[08:06:46.329] [bmv2] [D] [thread 8827] [18.0] [cxt 0] Table 'tbl_act': miss
[08:06:46.329] [bmv2] [D] [thread 8827] [18.0] [cxt 0] Action entry is act_0 - 
[08:06:46.329] [bmv2] [T] [thread 8827] [18.0] [cxt 0] Action act_0
[08:06:46.329] [bmv2] [T] [thread 8827] [18.0] [cxt 0] ms2-1.p4(234) Primitive hdr.kvsQuery.padding = 1
[08:06:46.329] [bmv2] [T] [thread 8827] [18.0] [cxt 0] ms2-1.p4(235) Primitive hdr.kvsQuery.switchID = 1
[08:06:46.329] [bmv2] [T] [thread 8827] [18.0] [cxt 0] ms2-1.p4(237) Condition "hdr.kvsQuery.pingPong == 1" (node_6) is false
[08:06:46.329] [bmv2] [T] [thread 8827] [18.0] [cxt 0] ms2-1.p4(240) Condition "hdr.kvsQuery.queryType == 2" (node_8) is false
[08:06:46.329] [bmv2] [D] [thread 8827] [18.0] [cxt 0] Pipeline 'ingress': end
[08:06:46.329] [bmv2] [D] [thread 8827] [18.0] [cxt 0] Egress port is 1
[08:06:46.329] [bmv2] [D] [thread 8829] [18.0] [cxt 0] Pipeline 'egress': start
[08:06:46.329] [bmv2] [D] [thread 8829] [18.0] [cxt 0] Pipeline 'egress': end
[08:06:46.329] [bmv2] [D] [thread 8829] [18.0] [cxt 0] Deparser 'deparser': start
[08:06:46.329] [bmv2] [D] [thread 8829] [18.0] [cxt 0] Updating checksum 'cksum'
[08:06:46.329] [bmv2] [D] [thread 8829] [18.0] [cxt 0] Deparsing header 'ethernet'
[08:06:46.329] [bmv2] [D] [thread 8829] [18.0] [cxt 0] Deparsing header 'ipv4'
[08:06:46.329] [bmv2] [D] [thread 8829] [18.0] [cxt 0] Deparsing header 'kvsQuery'
[08:06:46.329] [bmv2] [D] [thread 8829] [18.0] [cxt 0] Deparsing header 'response[0]'
[08:06:46.329] [bmv2] [D] [thread 8829] [18.0] [cxt 0] Deparsing header 'tcp'
[08:06:46.329] [bmv2] [D] [thread 8829] [18.0] [cxt 0] Deparser 'deparser': end
[08:06:46.329] [bmv2] [D] [thread 8832] [18.0] [cxt 0] Transmitting packet of size 76 out of port 1
[08:06:49.520] [bmv2] [D] [thread 8827] [19.0] [cxt 0] Processing packet received on port 1
[08:06:49.520] [bmv2] [D] [thread 8827] [19.0] [cxt 0] Parser 'parser': start
[08:06:49.520] [bmv2] [D] [thread 8827] [19.0] [cxt 0] Parser 'parser' entering state 'start'
[08:06:49.520] [bmv2] [D] [thread 8827] [19.0] [cxt 0] Extracting header 'ethernet'
[08:06:49.520] [bmv2] [D] [thread 8827] [19.0] [cxt 0] Parser state 'start': key is 0800
[08:06:49.520] [bmv2] [T] [thread 8827] [19.0] [cxt 0] Bytes parsed: 14
[08:06:49.520] [bmv2] [D] [thread 8827] [19.0] [cxt 0] Parser 'parser' entering state 'parse_ipv4'
[08:06:49.520] [bmv2] [D] [thread 8827] [19.0] [cxt 0] Extracting header 'ipv4'
[08:06:49.520] [bmv2] [D] [thread 8827] [19.0] [cxt 0] Parser state 'parse_ipv4': key is fc
[08:06:49.520] [bmv2] [T] [thread 8827] [19.0] [cxt 0] Bytes parsed: 34
[08:06:49.520] [bmv2] [D] [thread 8827] [19.0] [cxt 0] Parser 'parser' entering state 'parse_kvsQuery'
[08:06:49.520] [bmv2] [D] [thread 8827] [19.0] [cxt 0] Extracting header 'kvsQuery'
[08:06:49.520] [bmv2] [D] [thread 8827] [19.0] [cxt 0] Parser state 'parse_kvsQuery': key is 06
[08:06:49.520] [bmv2] [T] [thread 8827] [19.0] [cxt 0] Bytes parsed: 48
[08:06:49.520] [bmv2] [D] [thread 8827] [19.0] [cxt 0] Parser 'parser' entering state 'parse_tcp'
[08:06:49.520] [bmv2] [D] [thread 8827] [19.0] [cxt 0] Extracting header 'tcp'
[08:06:49.520] [bmv2] [D] [thread 8827] [19.0] [cxt 0] Parser state 'parse_tcp' has no switch, going to default next state
[08:06:49.520] [bmv2] [T] [thread 8827] [19.0] [cxt 0] Bytes parsed: 68
[08:06:49.520] [bmv2] [D] [thread 8827] [19.0] [cxt 0] Parser 'parser': end
[08:06:49.520] [bmv2] [D] [thread 8827] [19.0] [cxt 0] Pipeline 'ingress': start
[08:06:49.520] [bmv2] [T] [thread 8827] [19.0] [cxt 0] ms2-1.p4(231) Condition "hdr.ipv4.isValid() && hdr.ipv4.ttl > 0" (node_2) is true
[08:06:49.520] [bmv2] [T] [thread 8827] [19.0] [cxt 0] Applying table 'MyIngress.Forwarding'
[08:06:49.520] [bmv2] [D] [thread 8827] [19.0] [cxt 0] Looking up key:
* hdr.ipv4.dstAddr    : 0a000101

[08:06:49.520] [bmv2] [D] [thread 8827] [19.0] [cxt 0] Table 'MyIngress.Forwarding': hit with handle 0
[08:06:49.520] [bmv2] [D] [thread 8827] [19.0] [cxt 0] Dumping entry 0
Match key:
* hdr.ipv4.dstAddr    : LPM       0a000101/32
Action entry: MyIngress.set_nhop - a000101,1,

[08:06:49.520] [bmv2] [D] [thread 8827] [19.0] [cxt 0] Action entry is MyIngress.set_nhop - a000101,1,
[08:06:49.520] [bmv2] [T] [thread 8827] [19.0] [cxt 0] Action MyIngress.set_nhop
[08:06:49.520] [bmv2] [T] [thread 8827] [19.0] [cxt 0] ms2-1.p4(172) Primitive hdr.ipv4.dstAddr = nhop_ipv4
[08:06:49.520] [bmv2] [T] [thread 8827] [19.0] [cxt 0] ms2-1.p4(173) Primitive standard_metadata.egress_spec = port
[08:06:49.520] [bmv2] [T] [thread 8827] [19.0] [cxt 0] Applying table 'MyIngress.Ops'
[08:06:49.520] [bmv2] [D] [thread 8827] [19.0] [cxt 0] Looking up key:
* hdr.kvsQuery.queryType: 01

[08:06:49.520] [bmv2] [D] [thread 8827] [19.0] [cxt 0] Table 'MyIngress.Ops': hit with handle 1
[08:06:49.520] [bmv2] [D] [thread 8827] [19.0] [cxt 0] Dumping entry 1
Match key:
* hdr.kvsQuery.queryType: EXACT     01
Action entry: MyIngress.put - 

[08:06:49.520] [bmv2] [D] [thread 8827] [19.0] [cxt 0] Action entry is MyIngress.put - 
[08:06:49.520] [bmv2] [T] [thread 8827] [19.0] [cxt 0] Action MyIngress.put
[08:06:49.520] [bmv2] [T] [thread 8827] [19.0] [cxt 0] ms2-1.p4(189) Primitive database.write(hdr.kvsQuery.key, hdr.kvsQuery.value)
[08:06:49.520] [bmv2] [T] [thread 8827] [19.0] [cxt 0] Wrote register 'MyIngress.database' at index 0 with value 5
[08:06:49.520] [bmv2] [T] [thread 8827] [19.0] [cxt 0] ms2-1.p4(190) Primitive isFilled.write(hdr.kvsQuery.key, 1)
[08:06:49.520] [bmv2] [T] [thread 8827] [19.0] [cxt 0] Wrote register 'MyIngress.isFilled' at index 0 with value 1
[08:06:49.520] [bmv2] [T] [thread 8827] [19.0] [cxt 0] Applying table 'tbl_act'
[08:06:49.520] [bmv2] [D] [thread 8827] [19.0] [cxt 0] Looking up key:

[08:06:49.520] [bmv2] [D] [thread 8827] [19.0] [cxt 0] Table 'tbl_act': miss
[08:06:49.520] [bmv2] [D] [thread 8827] [19.0] [cxt 0] Action entry is act_0 - 
[08:06:49.520] [bmv2] [T] [thread 8827] [19.0] [cxt 0] Action act_0
[08:06:49.520] [bmv2] [T] [thread 8827] [19.0] [cxt 0] ms2-1.p4(234) Primitive hdr.kvsQuery.padding = 1
[08:06:49.520] [bmv2] [T] [thread 8827] [19.0] [cxt 0] ms2-1.p4(235) Primitive hdr.kvsQuery.switchID = 1
[08:06:49.520] [bmv2] [T] [thread 8827] [19.0] [cxt 0] ms2-1.p4(237) Condition "hdr.kvsQuery.pingPong == 1" (node_6) is false
[08:06:49.520] [bmv2] [T] [thread 8827] [19.0] [cxt 0] ms2-1.p4(240) Condition "hdr.kvsQuery.queryType == 2" (node_8) is false
[08:06:49.520] [bmv2] [D] [thread 8827] [19.0] [cxt 0] Pipeline 'ingress': end
[08:06:49.520] [bmv2] [D] [thread 8827] [19.0] [cxt 0] Egress port is 1
[08:06:49.520] [bmv2] [D] [thread 8829] [19.0] [cxt 0] Pipeline 'egress': start
[08:06:49.520] [bmv2] [D] [thread 8829] [19.0] [cxt 0] Pipeline 'egress': end
[08:06:49.520] [bmv2] [D] [thread 8829] [19.0] [cxt 0] Deparser 'deparser': start
[08:06:49.520] [bmv2] [D] [thread 8829] [19.0] [cxt 0] Updating checksum 'cksum'
[08:06:49.520] [bmv2] [D] [thread 8829] [19.0] [cxt 0] Deparsing header 'ethernet'
[08:06:49.520] [bmv2] [D] [thread 8829] [19.0] [cxt 0] Deparsing header 'ipv4'
[08:06:49.520] [bmv2] [D] [thread 8829] [19.0] [cxt 0] Deparsing header 'kvsQuery'
[08:06:49.521] [bmv2] [D] [thread 8829] [19.0] [cxt 0] Deparsing header 'tcp'
[08:06:49.521] [bmv2] [D] [thread 8829] [19.0] [cxt 0] Deparser 'deparser': end
[08:06:49.521] [bmv2] [D] [thread 8832] [19.0] [cxt 0] Transmitting packet of size 71 out of port 1
[08:06:50.696] [bmv2] [D] [thread 8827] [20.0] [cxt 0] Processing packet received on port 1
[08:06:50.696] [bmv2] [D] [thread 8827] [20.0] [cxt 0] Parser 'parser': start
[08:06:50.696] [bmv2] [D] [thread 8827] [20.0] [cxt 0] Parser 'parser' entering state 'start'
[08:06:50.696] [bmv2] [D] [thread 8827] [20.0] [cxt 0] Extracting header 'ethernet'
[08:06:50.696] [bmv2] [D] [thread 8827] [20.0] [cxt 0] Parser state 'start': key is 86dd
[08:06:50.696] [bmv2] [T] [thread 8827] [20.0] [cxt 0] Bytes parsed: 14
[08:06:50.696] [bmv2] [D] [thread 8827] [20.0] [cxt 0] Parser 'parser': end
[08:06:50.696] [bmv2] [D] [thread 8827] [20.0] [cxt 0] Pipeline 'ingress': start
[08:06:50.696] [bmv2] [T] [thread 8827] [20.0] [cxt 0] ms2-1.p4(231) Condition "hdr.ipv4.isValid() && hdr.ipv4.ttl > 0" (node_2) is false
[08:06:50.696] [bmv2] [D] [thread 8827] [20.0] [cxt 0] Pipeline 'ingress': end
[08:06:50.696] [bmv2] [D] [thread 8827] [20.0] [cxt 0] Egress port is 0
[08:06:50.696] [bmv2] [D] [thread 8828] [20.0] [cxt 0] Pipeline 'egress': start
[08:06:50.696] [bmv2] [D] [thread 8828] [20.0] [cxt 0] Pipeline 'egress': end
[08:06:50.696] [bmv2] [D] [thread 8828] [20.0] [cxt 0] Deparser 'deparser': start
[08:06:50.696] [bmv2] [T] [thread 8828] [20.0] [cxt 0] Skipping checksum 'cksum' update because condition not met
[08:06:50.696] [bmv2] [D] [thread 8828] [20.0] [cxt 0] Deparsing header 'ethernet'
[08:06:50.696] [bmv2] [D] [thread 8828] [20.0] [cxt 0] Deparser 'deparser': end
[08:06:50.696] [bmv2] [D] [thread 8832] [20.0] [cxt 0] Transmitting packet of size 107 out of port 0
[08:06:50.800] [bmv2] [D] [thread 8827] [21.0] [cxt 0] Processing packet received on port 1
[08:06:50.800] [bmv2] [D] [thread 8827] [21.0] [cxt 0] Parser 'parser': start
[08:06:50.800] [bmv2] [D] [thread 8827] [21.0] [cxt 0] Parser 'parser' entering state 'start'
[08:06:50.800] [bmv2] [D] [thread 8827] [21.0] [cxt 0] Extracting header 'ethernet'
[08:06:50.800] [bmv2] [D] [thread 8827] [21.0] [cxt 0] Parser state 'start': key is 0800
[08:06:50.800] [bmv2] [T] [thread 8827] [21.0] [cxt 0] Bytes parsed: 14
[08:06:50.800] [bmv2] [D] [thread 8827] [21.0] [cxt 0] Parser 'parser' entering state 'parse_ipv4'
[08:06:50.800] [bmv2] [D] [thread 8827] [21.0] [cxt 0] Extracting header 'ipv4'
[08:06:50.800] [bmv2] [D] [thread 8827] [21.0] [cxt 0] Parser state 'parse_ipv4': key is fc
[08:06:50.800] [bmv2] [T] [thread 8827] [21.0] [cxt 0] Bytes parsed: 34
[08:06:50.800] [bmv2] [D] [thread 8827] [21.0] [cxt 0] Parser 'parser' entering state 'parse_kvsQuery'
[08:06:50.800] [bmv2] [D] [thread 8827] [21.0] [cxt 0] Extracting header 'kvsQuery'
[08:06:50.800] [bmv2] [D] [thread 8827] [21.0] [cxt 0] Parser state 'parse_kvsQuery': key is fd
[08:06:50.800] [bmv2] [T] [thread 8827] [21.0] [cxt 0] Bytes parsed: 48
[08:06:50.800] [bmv2] [D] [thread 8827] [21.0] [cxt 0] Parser 'parser' entering state 'parse_response'
[08:06:50.800] [bmv2] [D] [thread 8827] [21.0] [cxt 0] Extracting to header stack 0, next header is 6
[08:06:50.800] [bmv2] [D] [thread 8827] [21.0] [cxt 0] Parser state 'parse_response': key is 01
[08:06:50.800] [bmv2] [T] [thread 8827] [21.0] [cxt 0] Bytes parsed: 53
[08:06:50.800] [bmv2] [D] [thread 8827] [21.0] [cxt 0] Parser 'parser' entering state 'parse_tcp'
[08:06:50.800] [bmv2] [D] [thread 8827] [21.0] [cxt 0] Extracting header 'tcp'
[08:06:50.800] [bmv2] [D] [thread 8827] [21.0] [cxt 0] Parser state 'parse_tcp' has no switch, going to default next state
[08:06:50.800] [bmv2] [T] [thread 8827] [21.0] [cxt 0] Bytes parsed: 73
[08:06:50.800] [bmv2] [D] [thread 8827] [21.0] [cxt 0] Parser 'parser': end
[08:06:50.800] [bmv2] [D] [thread 8827] [21.0] [cxt 0] Pipeline 'ingress': start
[08:06:50.800] [bmv2] [T] [thread 8827] [21.0] [cxt 0] ms2-1.p4(231) Condition "hdr.ipv4.isValid() && hdr.ipv4.ttl > 0" (node_2) is true
[08:06:50.800] [bmv2] [T] [thread 8827] [21.0] [cxt 0] Applying table 'MyIngress.Forwarding'
[08:06:50.800] [bmv2] [D] [thread 8827] [21.0] [cxt 0] Looking up key:
* hdr.ipv4.dstAddr    : 0a000101

[08:06:50.800] [bmv2] [D] [thread 8827] [21.0] [cxt 0] Table 'MyIngress.Forwarding': hit with handle 0
[08:06:50.800] [bmv2] [D] [thread 8827] [21.0] [cxt 0] Dumping entry 0
Match key:
* hdr.ipv4.dstAddr    : LPM       0a000101/32
Action entry: MyIngress.set_nhop - a000101,1,

[08:06:50.800] [bmv2] [D] [thread 8827] [21.0] [cxt 0] Action entry is MyIngress.set_nhop - a000101,1,
[08:06:50.800] [bmv2] [T] [thread 8827] [21.0] [cxt 0] Action MyIngress.set_nhop
[08:06:50.800] [bmv2] [T] [thread 8827] [21.0] [cxt 0] ms2-1.p4(172) Primitive hdr.ipv4.dstAddr = nhop_ipv4
[08:06:50.800] [bmv2] [T] [thread 8827] [21.0] [cxt 0] ms2-1.p4(173) Primitive standard_metadata.egress_spec = port
[08:06:50.800] [bmv2] [T] [thread 8827] [21.0] [cxt 0] Applying table 'MyIngress.Ops'
[08:06:50.800] [bmv2] [D] [thread 8827] [21.0] [cxt 0] Looking up key:
* hdr.kvsQuery.queryType: 00

[08:06:50.800] [bmv2] [D] [thread 8827] [21.0] [cxt 0] Table 'MyIngress.Ops': hit with handle 0
[08:06:50.800] [bmv2] [D] [thread 8827] [21.0] [cxt 0] Dumping entry 0
Match key:
* hdr.kvsQuery.queryType: EXACT     00
Action entry: MyIngress.get - 

[08:06:50.800] [bmv2] [D] [thread 8827] [21.0] [cxt 0] Action entry is MyIngress.get - 
[08:06:50.800] [bmv2] [T] [thread 8827] [21.0] [cxt 0] Action MyIngress.get
[08:06:50.800] [bmv2] [T] [thread 8827] [21.0] [cxt 0] ms2-1.p4(184) Primitive database.read(hdr.response[0].value, hdr.kvsQuery.key)
[08:06:50.800] [bmv2] [T] [thread 8827] [21.0] [cxt 0] Read register 'MyIngress.database' at index 0 read value 5
[08:06:50.800] [bmv2] [T] [thread 8827] [21.0] [cxt 0] ms2-1.p4(185) Primitive isFilled.read(hdr.response[0].isNull, hdr.kvsQuery.key)
[08:06:50.800] [bmv2] [T] [thread 8827] [21.0] [cxt 0] Read register 'MyIngress.isFilled' at index 0 read value 1
[08:06:50.800] [bmv2] [T] [thread 8827] [21.0] [cxt 0] Applying table 'tbl_act'
[08:06:50.800] [bmv2] [D] [thread 8827] [21.0] [cxt 0] Looking up key:

[08:06:50.800] [bmv2] [D] [thread 8827] [21.0] [cxt 0] Table 'tbl_act': miss
[08:06:50.800] [bmv2] [D] [thread 8827] [21.0] [cxt 0] Action entry is act_0 - 
[08:06:50.800] [bmv2] [T] [thread 8827] [21.0] [cxt 0] Action act_0
[08:06:50.800] [bmv2] [T] [thread 8827] [21.0] [cxt 0] ms2-1.p4(234) Primitive hdr.kvsQuery.padding = 1
[08:06:50.800] [bmv2] [T] [thread 8827] [21.0] [cxt 0] ms2-1.p4(235) Primitive hdr.kvsQuery.switchID = 1
[08:06:50.800] [bmv2] [T] [thread 8827] [21.0] [cxt 0] ms2-1.p4(237) Condition "hdr.kvsQuery.pingPong == 1" (node_6) is false
[08:06:50.800] [bmv2] [T] [thread 8827] [21.0] [cxt 0] ms2-1.p4(240) Condition "hdr.kvsQuery.queryType == 2" (node_8) is false
[08:06:50.800] [bmv2] [D] [thread 8827] [21.0] [cxt 0] Pipeline 'ingress': end
[08:06:50.800] [bmv2] [D] [thread 8827] [21.0] [cxt 0] Egress port is 1
[08:06:50.800] [bmv2] [D] [thread 8829] [21.0] [cxt 0] Pipeline 'egress': start
[08:06:50.800] [bmv2] [D] [thread 8829] [21.0] [cxt 0] Pipeline 'egress': end
[08:06:50.800] [bmv2] [D] [thread 8829] [21.0] [cxt 0] Deparser 'deparser': start
[08:06:50.800] [bmv2] [D] [thread 8829] [21.0] [cxt 0] Updating checksum 'cksum'
[08:06:50.800] [bmv2] [D] [thread 8829] [21.0] [cxt 0] Deparsing header 'ethernet'
[08:06:50.800] [bmv2] [D] [thread 8829] [21.0] [cxt 0] Deparsing header 'ipv4'
[08:06:50.800] [bmv2] [D] [thread 8829] [21.0] [cxt 0] Deparsing header 'kvsQuery'
[08:06:50.800] [bmv2] [D] [thread 8829] [21.0] [cxt 0] Deparsing header 'response[0]'
[08:06:50.800] [bmv2] [D] [thread 8829] [21.0] [cxt 0] Deparsing header 'tcp'
[08:06:50.800] [bmv2] [D] [thread 8829] [21.0] [cxt 0] Deparser 'deparser': end
[08:06:50.800] [bmv2] [D] [thread 8832] [21.0] [cxt 0] Transmitting packet of size 76 out of port 1
[08:06:50.961] [bmv2] [D] [thread 8827] [22.0] [cxt 0] Processing packet received on port 1
[08:06:50.961] [bmv2] [D] [thread 8827] [22.0] [cxt 0] Parser 'parser': start
[08:06:50.961] [bmv2] [D] [thread 8827] [22.0] [cxt 0] Parser 'parser' entering state 'start'
[08:06:50.961] [bmv2] [D] [thread 8827] [22.0] [cxt 0] Extracting header 'ethernet'
[08:06:50.961] [bmv2] [D] [thread 8827] [22.0] [cxt 0] Parser state 'start': key is 86dd
[08:06:50.961] [bmv2] [T] [thread 8827] [22.0] [cxt 0] Bytes parsed: 14
[08:06:50.961] [bmv2] [D] [thread 8827] [22.0] [cxt 0] Parser 'parser': end
[08:06:50.961] [bmv2] [D] [thread 8827] [22.0] [cxt 0] Pipeline 'ingress': start
[08:06:50.961] [bmv2] [T] [thread 8827] [22.0] [cxt 0] ms2-1.p4(231) Condition "hdr.ipv4.isValid() && hdr.ipv4.ttl > 0" (node_2) is false
[08:06:50.961] [bmv2] [D] [thread 8827] [22.0] [cxt 0] Pipeline 'ingress': end
[08:06:50.961] [bmv2] [D] [thread 8827] [22.0] [cxt 0] Egress port is 0
[08:06:50.961] [bmv2] [D] [thread 8828] [22.0] [cxt 0] Pipeline 'egress': start
[08:06:50.961] [bmv2] [D] [thread 8828] [22.0] [cxt 0] Pipeline 'egress': end
[08:06:50.961] [bmv2] [D] [thread 8828] [22.0] [cxt 0] Deparser 'deparser': start
[08:06:50.961] [bmv2] [T] [thread 8828] [22.0] [cxt 0] Skipping checksum 'cksum' update because condition not met
[08:06:50.961] [bmv2] [D] [thread 8828] [22.0] [cxt 0] Deparsing header 'ethernet'
[08:06:50.961] [bmv2] [D] [thread 8828] [22.0] [cxt 0] Deparser 'deparser': end
[08:06:50.961] [bmv2] [D] [thread 8832] [22.0] [cxt 0] Transmitting packet of size 107 out of port 0
[08:06:52.782] [bmv2] [D] [thread 8827] [23.0] [cxt 0] Processing packet received on port 1
[08:06:52.782] [bmv2] [D] [thread 8827] [23.0] [cxt 0] Parser 'parser': start
[08:06:52.783] [bmv2] [D] [thread 8827] [23.0] [cxt 0] Parser 'parser' entering state 'start'
[08:06:52.783] [bmv2] [D] [thread 8827] [23.0] [cxt 0] Extracting header 'ethernet'
[08:06:52.783] [bmv2] [D] [thread 8827] [23.0] [cxt 0] Parser state 'start': key is 0800
[08:06:52.783] [bmv2] [T] [thread 8827] [23.0] [cxt 0] Bytes parsed: 14
[08:06:52.783] [bmv2] [D] [thread 8827] [23.0] [cxt 0] Parser 'parser' entering state 'parse_ipv4'
[08:06:52.783] [bmv2] [D] [thread 8827] [23.0] [cxt 0] Extracting header 'ipv4'
[08:06:52.783] [bmv2] [D] [thread 8827] [23.0] [cxt 0] Parser state 'parse_ipv4': key is fc
[08:06:52.783] [bmv2] [T] [thread 8827] [23.0] [cxt 0] Bytes parsed: 34
[08:06:52.783] [bmv2] [D] [thread 8827] [23.0] [cxt 0] Parser 'parser' entering state 'parse_kvsQuery'
[08:06:52.783] [bmv2] [D] [thread 8827] [23.0] [cxt 0] Extracting header 'kvsQuery'
[08:06:52.783] [bmv2] [D] [thread 8827] [23.0] [cxt 0] Parser state 'parse_kvsQuery': key is 06
[08:06:52.783] [bmv2] [T] [thread 8827] [23.0] [cxt 0] Bytes parsed: 48
[08:06:52.783] [bmv2] [D] [thread 8827] [23.0] [cxt 0] Parser 'parser' entering state 'parse_tcp'
[08:06:52.783] [bmv2] [D] [thread 8827] [23.0] [cxt 0] Extracting header 'tcp'
[08:06:52.783] [bmv2] [D] [thread 8827] [23.0] [cxt 0] Parser state 'parse_tcp' has no switch, going to default next state
[08:06:52.783] [bmv2] [T] [thread 8827] [23.0] [cxt 0] Bytes parsed: 68
[08:06:52.783] [bmv2] [D] [thread 8827] [23.0] [cxt 0] Parser 'parser': end
[08:06:52.783] [bmv2] [D] [thread 8827] [23.0] [cxt 0] Pipeline 'ingress': start
[08:06:52.783] [bmv2] [T] [thread 8827] [23.0] [cxt 0] ms2-1.p4(231) Condition "hdr.ipv4.isValid() && hdr.ipv4.ttl > 0" (node_2) is true
[08:06:52.783] [bmv2] [T] [thread 8827] [23.0] [cxt 0] Applying table 'MyIngress.Forwarding'
[08:06:52.783] [bmv2] [D] [thread 8827] [23.0] [cxt 0] Looking up key:
* hdr.ipv4.dstAddr    : 0a000101

[08:06:52.783] [bmv2] [D] [thread 8827] [23.0] [cxt 0] Table 'MyIngress.Forwarding': hit with handle 0
[08:06:52.783] [bmv2] [D] [thread 8827] [23.0] [cxt 0] Dumping entry 0
Match key:
* hdr.ipv4.dstAddr    : LPM       0a000101/32
Action entry: MyIngress.set_nhop - a000101,1,

[08:06:52.783] [bmv2] [D] [thread 8827] [23.0] [cxt 0] Action entry is MyIngress.set_nhop - a000101,1,
[08:06:52.783] [bmv2] [T] [thread 8827] [23.0] [cxt 0] Action MyIngress.set_nhop
[08:06:52.783] [bmv2] [T] [thread 8827] [23.0] [cxt 0] ms2-1.p4(172) Primitive hdr.ipv4.dstAddr = nhop_ipv4
[08:06:52.783] [bmv2] [T] [thread 8827] [23.0] [cxt 0] ms2-1.p4(173) Primitive standard_metadata.egress_spec = port
[08:06:52.783] [bmv2] [T] [thread 8827] [23.0] [cxt 0] Applying table 'MyIngress.Ops'
[08:06:52.783] [bmv2] [D] [thread 8827] [23.0] [cxt 0] Looking up key:
* hdr.kvsQuery.queryType: 01

[08:06:52.783] [bmv2] [D] [thread 8827] [23.0] [cxt 0] Table 'MyIngress.Ops': hit with handle 1
[08:06:52.783] [bmv2] [D] [thread 8827] [23.0] [cxt 0] Dumping entry 1
Match key:
* hdr.kvsQuery.queryType: EXACT     01
Action entry: MyIngress.put - 

[08:06:52.783] [bmv2] [D] [thread 8827] [23.0] [cxt 0] Action entry is MyIngress.put - 
[08:06:52.783] [bmv2] [T] [thread 8827] [23.0] [cxt 0] Action MyIngress.put
[08:06:52.783] [bmv2] [T] [thread 8827] [23.0] [cxt 0] ms2-1.p4(189) Primitive database.write(hdr.kvsQuery.key, hdr.kvsQuery.value)
[08:06:52.783] [bmv2] [T] [thread 8827] [23.0] [cxt 0] Wrote register 'MyIngress.database' at index 0 with value 5
[08:06:52.783] [bmv2] [T] [thread 8827] [23.0] [cxt 0] ms2-1.p4(190) Primitive isFilled.write(hdr.kvsQuery.key, 1)
[08:06:52.783] [bmv2] [T] [thread 8827] [23.0] [cxt 0] Wrote register 'MyIngress.isFilled' at index 0 with value 1
[08:06:52.783] [bmv2] [T] [thread 8827] [23.0] [cxt 0] Applying table 'tbl_act'
[08:06:52.783] [bmv2] [D] [thread 8827] [23.0] [cxt 0] Looking up key:

[08:06:52.783] [bmv2] [D] [thread 8827] [23.0] [cxt 0] Table 'tbl_act': miss
[08:06:52.783] [bmv2] [D] [thread 8827] [23.0] [cxt 0] Action entry is act_0 - 
[08:06:52.783] [bmv2] [T] [thread 8827] [23.0] [cxt 0] Action act_0
[08:06:52.783] [bmv2] [T] [thread 8827] [23.0] [cxt 0] ms2-1.p4(234) Primitive hdr.kvsQuery.padding = 1
[08:06:52.783] [bmv2] [T] [thread 8827] [23.0] [cxt 0] ms2-1.p4(235) Primitive hdr.kvsQuery.switchID = 1
[08:06:52.783] [bmv2] [T] [thread 8827] [23.0] [cxt 0] ms2-1.p4(237) Condition "hdr.kvsQuery.pingPong == 1" (node_6) is false
[08:06:52.783] [bmv2] [T] [thread 8827] [23.0] [cxt 0] ms2-1.p4(240) Condition "hdr.kvsQuery.queryType == 2" (node_8) is false
[08:06:52.783] [bmv2] [D] [thread 8827] [23.0] [cxt 0] Pipeline 'ingress': end
[08:06:52.783] [bmv2] [D] [thread 8827] [23.0] [cxt 0] Egress port is 1
[08:06:52.784] [bmv2] [D] [thread 8829] [23.0] [cxt 0] Pipeline 'egress': start
[08:06:52.784] [bmv2] [D] [thread 8829] [23.0] [cxt 0] Pipeline 'egress': end
[08:06:52.784] [bmv2] [D] [thread 8829] [23.0] [cxt 0] Deparser 'deparser': start
[08:06:52.784] [bmv2] [D] [thread 8829] [23.0] [cxt 0] Updating checksum 'cksum'
[08:06:52.784] [bmv2] [D] [thread 8829] [23.0] [cxt 0] Deparsing header 'ethernet'
[08:06:52.784] [bmv2] [D] [thread 8829] [23.0] [cxt 0] Deparsing header 'ipv4'
[08:06:52.784] [bmv2] [D] [thread 8829] [23.0] [cxt 0] Deparsing header 'kvsQuery'
[08:06:52.784] [bmv2] [D] [thread 8829] [23.0] [cxt 0] Deparsing header 'tcp'
[08:06:52.784] [bmv2] [D] [thread 8829] [23.0] [cxt 0] Deparser 'deparser': end
[08:06:52.784] [bmv2] [D] [thread 8832] [23.0] [cxt 0] Transmitting packet of size 71 out of port 1
[08:06:54.583] [bmv2] [D] [thread 8827] [24.0] [cxt 0] Processing packet received on port 1
[08:06:54.583] [bmv2] [D] [thread 8827] [24.0] [cxt 0] Parser 'parser': start
[08:06:54.583] [bmv2] [D] [thread 8827] [24.0] [cxt 0] Parser 'parser' entering state 'start'
[08:06:54.583] [bmv2] [D] [thread 8827] [24.0] [cxt 0] Extracting header 'ethernet'
[08:06:54.583] [bmv2] [D] [thread 8827] [24.0] [cxt 0] Parser state 'start': key is 0800
[08:06:54.583] [bmv2] [T] [thread 8827] [24.0] [cxt 0] Bytes parsed: 14
[08:06:54.583] [bmv2] [D] [thread 8827] [24.0] [cxt 0] Parser 'parser' entering state 'parse_ipv4'
[08:06:54.583] [bmv2] [D] [thread 8827] [24.0] [cxt 0] Extracting header 'ipv4'
[08:06:54.583] [bmv2] [D] [thread 8827] [24.0] [cxt 0] Parser state 'parse_ipv4': key is fc
[08:06:54.583] [bmv2] [T] [thread 8827] [24.0] [cxt 0] Bytes parsed: 34
[08:06:54.583] [bmv2] [D] [thread 8827] [24.0] [cxt 0] Parser 'parser' entering state 'parse_kvsQuery'
[08:06:54.583] [bmv2] [D] [thread 8827] [24.0] [cxt 0] Extracting header 'kvsQuery'
[08:06:54.583] [bmv2] [D] [thread 8827] [24.0] [cxt 0] Parser state 'parse_kvsQuery': key is fd
[08:06:54.583] [bmv2] [T] [thread 8827] [24.0] [cxt 0] Bytes parsed: 48
[08:06:54.583] [bmv2] [D] [thread 8827] [24.0] [cxt 0] Parser 'parser' entering state 'parse_response'
[08:06:54.583] [bmv2] [D] [thread 8827] [24.0] [cxt 0] Extracting to header stack 0, next header is 6
[08:06:54.583] [bmv2] [D] [thread 8827] [24.0] [cxt 0] Parser state 'parse_response': key is 01
[08:06:54.583] [bmv2] [T] [thread 8827] [24.0] [cxt 0] Bytes parsed: 53
[08:06:54.583] [bmv2] [D] [thread 8827] [24.0] [cxt 0] Parser 'parser' entering state 'parse_tcp'
[08:06:54.583] [bmv2] [D] [thread 8827] [24.0] [cxt 0] Extracting header 'tcp'
[08:06:54.583] [bmv2] [D] [thread 8827] [24.0] [cxt 0] Parser state 'parse_tcp' has no switch, going to default next state
[08:06:54.583] [bmv2] [T] [thread 8827] [24.0] [cxt 0] Bytes parsed: 73
[08:06:54.583] [bmv2] [D] [thread 8827] [24.0] [cxt 0] Parser 'parser': end
[08:06:54.583] [bmv2] [D] [thread 8827] [24.0] [cxt 0] Pipeline 'ingress': start
[08:06:54.583] [bmv2] [T] [thread 8827] [24.0] [cxt 0] ms2-1.p4(231) Condition "hdr.ipv4.isValid() && hdr.ipv4.ttl > 0" (node_2) is true
[08:06:54.583] [bmv2] [T] [thread 8827] [24.0] [cxt 0] Applying table 'MyIngress.Forwarding'
[08:06:54.583] [bmv2] [D] [thread 8827] [24.0] [cxt 0] Looking up key:
* hdr.ipv4.dstAddr    : 0a000101

[08:06:54.583] [bmv2] [D] [thread 8827] [24.0] [cxt 0] Table 'MyIngress.Forwarding': hit with handle 0
[08:06:54.583] [bmv2] [D] [thread 8827] [24.0] [cxt 0] Dumping entry 0
Match key:
* hdr.ipv4.dstAddr    : LPM       0a000101/32
Action entry: MyIngress.set_nhop - a000101,1,

[08:06:54.583] [bmv2] [D] [thread 8827] [24.0] [cxt 0] Action entry is MyIngress.set_nhop - a000101,1,
[08:06:54.583] [bmv2] [T] [thread 8827] [24.0] [cxt 0] Action MyIngress.set_nhop
[08:06:54.583] [bmv2] [T] [thread 8827] [24.0] [cxt 0] ms2-1.p4(172) Primitive hdr.ipv4.dstAddr = nhop_ipv4
[08:06:54.583] [bmv2] [T] [thread 8827] [24.0] [cxt 0] ms2-1.p4(173) Primitive standard_metadata.egress_spec = port
[08:06:54.583] [bmv2] [T] [thread 8827] [24.0] [cxt 0] Applying table 'MyIngress.Ops'
[08:06:54.583] [bmv2] [D] [thread 8827] [24.0] [cxt 0] Looking up key:
* hdr.kvsQuery.queryType: 00

[08:06:54.583] [bmv2] [D] [thread 8827] [24.0] [cxt 0] Table 'MyIngress.Ops': hit with handle 0
[08:06:54.583] [bmv2] [D] [thread 8827] [24.0] [cxt 0] Dumping entry 0
Match key:
* hdr.kvsQuery.queryType: EXACT     00
Action entry: MyIngress.get - 

[08:06:54.583] [bmv2] [D] [thread 8827] [24.0] [cxt 0] Action entry is MyIngress.get - 
[08:06:54.583] [bmv2] [T] [thread 8827] [24.0] [cxt 0] Action MyIngress.get
[08:06:54.583] [bmv2] [T] [thread 8827] [24.0] [cxt 0] ms2-1.p4(184) Primitive database.read(hdr.response[0].value, hdr.kvsQuery.key)
[08:06:54.583] [bmv2] [T] [thread 8827] [24.0] [cxt 0] Read register 'MyIngress.database' at index 0 read value 5
[08:06:54.583] [bmv2] [T] [thread 8827] [24.0] [cxt 0] ms2-1.p4(185) Primitive isFilled.read(hdr.response[0].isNull, hdr.kvsQuery.key)
[08:06:54.583] [bmv2] [T] [thread 8827] [24.0] [cxt 0] Read register 'MyIngress.isFilled' at index 0 read value 1
[08:06:54.583] [bmv2] [T] [thread 8827] [24.0] [cxt 0] Applying table 'tbl_act'
[08:06:54.583] [bmv2] [D] [thread 8827] [24.0] [cxt 0] Looking up key:

[08:06:54.583] [bmv2] [D] [thread 8827] [24.0] [cxt 0] Table 'tbl_act': miss
[08:06:54.583] [bmv2] [D] [thread 8827] [24.0] [cxt 0] Action entry is act_0 - 
[08:06:54.583] [bmv2] [T] [thread 8827] [24.0] [cxt 0] Action act_0
[08:06:54.583] [bmv2] [T] [thread 8827] [24.0] [cxt 0] ms2-1.p4(234) Primitive hdr.kvsQuery.padding = 1
[08:06:54.583] [bmv2] [T] [thread 8827] [24.0] [cxt 0] ms2-1.p4(235) Primitive hdr.kvsQuery.switchID = 1
[08:06:54.583] [bmv2] [T] [thread 8827] [24.0] [cxt 0] ms2-1.p4(237) Condition "hdr.kvsQuery.pingPong == 1" (node_6) is false
[08:06:54.583] [bmv2] [T] [thread 8827] [24.0] [cxt 0] ms2-1.p4(240) Condition "hdr.kvsQuery.queryType == 2" (node_8) is false
[08:06:54.583] [bmv2] [D] [thread 8827] [24.0] [cxt 0] Pipeline 'ingress': end
[08:06:54.583] [bmv2] [D] [thread 8827] [24.0] [cxt 0] Egress port is 1
[08:06:54.583] [bmv2] [D] [thread 8829] [24.0] [cxt 0] Pipeline 'egress': start
[08:06:54.583] [bmv2] [D] [thread 8829] [24.0] [cxt 0] Pipeline 'egress': end
[08:06:54.583] [bmv2] [D] [thread 8829] [24.0] [cxt 0] Deparser 'deparser': start
[08:06:54.584] [bmv2] [D] [thread 8829] [24.0] [cxt 0] Updating checksum 'cksum'
[08:06:54.584] [bmv2] [D] [thread 8829] [24.0] [cxt 0] Deparsing header 'ethernet'
[08:06:54.584] [bmv2] [D] [thread 8829] [24.0] [cxt 0] Deparsing header 'ipv4'
[08:06:54.584] [bmv2] [D] [thread 8829] [24.0] [cxt 0] Deparsing header 'kvsQuery'
[08:06:54.584] [bmv2] [D] [thread 8829] [24.0] [cxt 0] Deparsing header 'response[0]'
[08:06:54.584] [bmv2] [D] [thread 8829] [24.0] [cxt 0] Deparsing header 'tcp'
[08:06:54.584] [bmv2] [D] [thread 8829] [24.0] [cxt 0] Deparser 'deparser': end
[08:06:54.584] [bmv2] [D] [thread 8832] [24.0] [cxt 0] Transmitting packet of size 76 out of port 1
[08:07:06.711] [bmv2] [D] [thread 8827] [25.0] [cxt 0] Processing packet received on port 1
[08:07:06.711] [bmv2] [D] [thread 8827] [25.0] [cxt 0] Parser 'parser': start
[08:07:06.711] [bmv2] [D] [thread 8827] [25.0] [cxt 0] Parser 'parser' entering state 'start'
[08:07:06.711] [bmv2] [D] [thread 8827] [25.0] [cxt 0] Extracting header 'ethernet'
[08:07:06.711] [bmv2] [D] [thread 8827] [25.0] [cxt 0] Parser state 'start': key is 86dd
[08:07:06.711] [bmv2] [T] [thread 8827] [25.0] [cxt 0] Bytes parsed: 14
[08:07:06.711] [bmv2] [D] [thread 8827] [25.0] [cxt 0] Parser 'parser': end
[08:07:06.711] [bmv2] [D] [thread 8827] [25.0] [cxt 0] Pipeline 'ingress': start
[08:07:06.711] [bmv2] [T] [thread 8827] [25.0] [cxt 0] ms2-1.p4(231) Condition "hdr.ipv4.isValid() && hdr.ipv4.ttl > 0" (node_2) is false
[08:07:06.711] [bmv2] [D] [thread 8827] [25.0] [cxt 0] Pipeline 'ingress': end
[08:07:06.711] [bmv2] [D] [thread 8827] [25.0] [cxt 0] Egress port is 0
[08:07:06.712] [bmv2] [D] [thread 8828] [25.0] [cxt 0] Pipeline 'egress': start
[08:07:06.712] [bmv2] [D] [thread 8828] [25.0] [cxt 0] Pipeline 'egress': end
[08:07:06.712] [bmv2] [D] [thread 8828] [25.0] [cxt 0] Deparser 'deparser': start
[08:07:06.712] [bmv2] [T] [thread 8828] [25.0] [cxt 0] Skipping checksum 'cksum' update because condition not met
[08:07:06.712] [bmv2] [D] [thread 8828] [25.0] [cxt 0] Deparsing header 'ethernet'
[08:07:06.712] [bmv2] [D] [thread 8828] [25.0] [cxt 0] Deparser 'deparser': end
[08:07:06.712] [bmv2] [D] [thread 8832] [25.0] [cxt 0] Transmitting packet of size 107 out of port 0
[08:07:06.961] [bmv2] [D] [thread 8827] [26.0] [cxt 0] Processing packet received on port 1
[08:07:06.961] [bmv2] [D] [thread 8827] [26.0] [cxt 0] Parser 'parser': start
[08:07:06.961] [bmv2] [D] [thread 8827] [26.0] [cxt 0] Parser 'parser' entering state 'start'
[08:07:06.961] [bmv2] [D] [thread 8827] [26.0] [cxt 0] Extracting header 'ethernet'
[08:07:06.961] [bmv2] [D] [thread 8827] [26.0] [cxt 0] Parser state 'start': key is 86dd
[08:07:06.961] [bmv2] [T] [thread 8827] [26.0] [cxt 0] Bytes parsed: 14
[08:07:06.961] [bmv2] [D] [thread 8827] [26.0] [cxt 0] Parser 'parser': end
[08:07:06.961] [bmv2] [D] [thread 8827] [26.0] [cxt 0] Pipeline 'ingress': start
[08:07:06.961] [bmv2] [T] [thread 8827] [26.0] [cxt 0] ms2-1.p4(231) Condition "hdr.ipv4.isValid() && hdr.ipv4.ttl > 0" (node_2) is false
[08:07:06.961] [bmv2] [D] [thread 8827] [26.0] [cxt 0] Pipeline 'ingress': end
[08:07:06.961] [bmv2] [D] [thread 8827] [26.0] [cxt 0] Egress port is 0
[08:07:06.961] [bmv2] [D] [thread 8828] [26.0] [cxt 0] Pipeline 'egress': start
[08:07:06.961] [bmv2] [D] [thread 8828] [26.0] [cxt 0] Pipeline 'egress': end
[08:07:06.961] [bmv2] [D] [thread 8828] [26.0] [cxt 0] Deparser 'deparser': start
[08:07:06.961] [bmv2] [T] [thread 8828] [26.0] [cxt 0] Skipping checksum 'cksum' update because condition not met
[08:07:06.961] [bmv2] [D] [thread 8828] [26.0] [cxt 0] Deparsing header 'ethernet'
[08:07:06.961] [bmv2] [D] [thread 8828] [26.0] [cxt 0] Deparser 'deparser': end
[08:07:06.961] [bmv2] [D] [thread 8832] [26.0] [cxt 0] Transmitting packet of size 107 out of port 0
[08:07:38.740] [bmv2] [D] [thread 8827] [27.0] [cxt 0] Processing packet received on port 1
[08:07:38.740] [bmv2] [D] [thread 8827] [27.0] [cxt 0] Parser 'parser': start
[08:07:38.740] [bmv2] [D] [thread 8827] [27.0] [cxt 0] Parser 'parser' entering state 'start'
[08:07:38.740] [bmv2] [D] [thread 8827] [27.0] [cxt 0] Extracting header 'ethernet'
[08:07:38.740] [bmv2] [D] [thread 8827] [27.0] [cxt 0] Parser state 'start': key is 86dd
[08:07:38.740] [bmv2] [T] [thread 8827] [27.0] [cxt 0] Bytes parsed: 14
[08:07:38.740] [bmv2] [D] [thread 8827] [27.0] [cxt 0] Parser 'parser': end
[08:07:38.740] [bmv2] [D] [thread 8827] [27.0] [cxt 0] Pipeline 'ingress': start
[08:07:38.740] [bmv2] [T] [thread 8827] [27.0] [cxt 0] ms2-1.p4(231) Condition "hdr.ipv4.isValid() && hdr.ipv4.ttl > 0" (node_2) is false
[08:07:38.741] [bmv2] [D] [thread 8827] [27.0] [cxt 0] Pipeline 'ingress': end
[08:07:38.741] [bmv2] [D] [thread 8827] [27.0] [cxt 0] Egress port is 0
[08:07:38.741] [bmv2] [D] [thread 8828] [27.0] [cxt 0] Pipeline 'egress': start
[08:07:38.741] [bmv2] [D] [thread 8828] [27.0] [cxt 0] Pipeline 'egress': end
[08:07:38.741] [bmv2] [D] [thread 8828] [27.0] [cxt 0] Deparser 'deparser': start
[08:07:38.741] [bmv2] [T] [thread 8828] [27.0] [cxt 0] Skipping checksum 'cksum' update because condition not met
[08:07:38.741] [bmv2] [D] [thread 8828] [27.0] [cxt 0] Deparsing header 'ethernet'
[08:07:38.741] [bmv2] [D] [thread 8828] [27.0] [cxt 0] Deparser 'deparser': end
[08:07:38.741] [bmv2] [D] [thread 8832] [27.0] [cxt 0] Transmitting packet of size 107 out of port 0
[08:07:38.964] [bmv2] [D] [thread 8827] [28.0] [cxt 0] Processing packet received on port 1
[08:07:38.964] [bmv2] [D] [thread 8827] [28.0] [cxt 0] Parser 'parser': start
[08:07:38.964] [bmv2] [D] [thread 8827] [28.0] [cxt 0] Parser 'parser' entering state 'start'
[08:07:38.964] [bmv2] [D] [thread 8827] [28.0] [cxt 0] Extracting header 'ethernet'
[08:07:38.964] [bmv2] [D] [thread 8827] [28.0] [cxt 0] Parser state 'start': key is 86dd
[08:07:38.964] [bmv2] [T] [thread 8827] [28.0] [cxt 0] Bytes parsed: 14
[08:07:38.964] [bmv2] [D] [thread 8827] [28.0] [cxt 0] Parser 'parser': end
[08:07:38.964] [bmv2] [D] [thread 8827] [28.0] [cxt 0] Pipeline 'ingress': start
[08:07:38.964] [bmv2] [T] [thread 8827] [28.0] [cxt 0] ms2-1.p4(231) Condition "hdr.ipv4.isValid() && hdr.ipv4.ttl > 0" (node_2) is false
[08:07:38.964] [bmv2] [D] [thread 8827] [28.0] [cxt 0] Pipeline 'ingress': end
[08:07:38.964] [bmv2] [D] [thread 8827] [28.0] [cxt 0] Egress port is 0
[08:07:38.964] [bmv2] [D] [thread 8828] [28.0] [cxt 0] Pipeline 'egress': start
[08:07:38.964] [bmv2] [D] [thread 8828] [28.0] [cxt 0] Pipeline 'egress': end
[08:07:38.964] [bmv2] [D] [thread 8828] [28.0] [cxt 0] Deparser 'deparser': start
[08:07:38.964] [bmv2] [T] [thread 8828] [28.0] [cxt 0] Skipping checksum 'cksum' update because condition not met
[08:07:38.965] [bmv2] [D] [thread 8828] [28.0] [cxt 0] Deparsing header 'ethernet'
[08:07:38.965] [bmv2] [D] [thread 8828] [28.0] [cxt 0] Deparser 'deparser': end
[08:07:38.965] [bmv2] [D] [thread 8832] [28.0] [cxt 0] Transmitting packet of size 107 out of port 0
open: No such file or directory
