Calling target program-options parser
Adding interface s2-eth1 as port 1
[04:55:51.332] [bmv2] [D] [thread 4686] Adding interface s2-eth1 as port 1
I1115 04:55:51.359199354    4686 server_builder.cc:247]      Synchronous server. Num CQs: 1, Min pollers: 1, Max Pollers: 2147483647, CQ timeout (msec): 1000
Server listening on 0.0.0.0:50053
[04:55:51.362] [bmv2] [I] [thread 4686] Starting Thrift server on port 9092
[04:55:51.363] [bmv2] [I] [thread 4686] Thrift server was started
New connection
P4Runtime SetForwardingPipelineConfig
[04:55:54.121] [bmv2] [W] [thread 4725] [P4Runtime] p4::tmp::P4DeviceConfig is deprecated
[04:55:54.140] [bmv2] [D] [thread 4725] Set default default entry for table 'MyIngress.Ops': NoAction - 
[04:55:54.141] [bmv2] [D] [thread 4725] Set default default entry for table 'tbl_act': act_0 - 
[04:55:54.141] [bmv2] [D] [thread 4725] Set default default entry for table 'tbl_act_0': act - 
[04:55:54.141] [bmv2] [D] [thread 4725] Set default default entry for table 'tbl_act_1': act_1 - 
[04:55:54.141] [bmv2] [D] [thread 4725] Set default default entry for table 'MyIngress.Forwarding': NoAction - 
P4Runtime Write
device_id: 2
election_id {
  low: 1
}
updates {
  type: MODIFY
  entity {
    table_entry {
      table_id: 33581078
      action {
        action {
          action_id: 16805608
        }
      }
      is_default_action: true
    }
  }
}
[04:55:54.157] [bmv2] [D] [thread 4725] Set default entry for table 'MyIngress.Ops': MyIngress.drop - 
P4Runtime Write
device_id: 2
election_id {
  low: 1
}
updates {
  type: INSERT
  entity {
    table_entry {
      table_id: 33581078
      match {
        field_id: 1
        exact {
          value: "\000"
        }
      }
      match {
        field_id: 2
        exact {
          value: "\000"
        }
      }
      action {
        action {
          action_id: 16810522
        }
      }
    }
  }
}
[04:55:54.166] [bmv2] [D] [thread 4725] Entry 0 added to table 'MyIngress.Ops'
[04:55:54.166] [bmv2] [D] [thread 4725] Dumping entry 0
Match key:
* hdr.kvsQuery.queryType: EXACT     00
* hdr.kvsQuery.pingPong : EXACT     00
Action entry: MyIngress.get - 

P4Runtime Write
device_id: 2
election_id {
  low: 1
}
updates {
  type: INSERT
  entity {
    table_entry {
      table_id: 33581078
      match {
        field_id: 1
        exact {
          value: "\001"
        }
      }
      match {
        field_id: 2
        exact {
          value: "\000"
        }
      }
      action {
        action {
          action_id: 16829933
        }
      }
    }
  }
}
[04:55:54.172] [bmv2] [D] [thread 4725] Entry 1 added to table 'MyIngress.Ops'
[04:55:54.172] [bmv2] [D] [thread 4725] Dumping entry 1
Match key:
* hdr.kvsQuery.queryType: EXACT     01
* hdr.kvsQuery.pingPong : EXACT     00
Action entry: MyIngress.put - 

P4Runtime Write
device_id: 2
election_id {
  low: 1
}
updates {
  type: INSERT
  entity {
    table_entry {
      table_id: 33581078
      match {
        field_id: 1
        exact {
          value: "\002"
        }
      }
      match {
        field_id: 2
        exact {
          value: "\000"
        }
      }
      action {
        action {
          action_id: 16813393
        }
      }
    }
  }
}
[04:55:54.248] [bmv2] [D] [thread 4726] Entry 2 added to table 'MyIngress.Ops'
[04:55:54.248] [bmv2] [D] [thread 4726] Dumping entry 2
Match key:
* hdr.kvsQuery.queryType: EXACT     02
* hdr.kvsQuery.pingPong : EXACT     00
Action entry: MyIngress.rangeGet - 

P4Runtime Write
device_id: 2
election_id {
  low: 1
}
updates {
  type: INSERT
  entity {
    table_entry {
      table_id: 33560387
      match {
        field_id: 1
        lpm {
          value: "\n\000\001\001"
          prefix_len: 32
        }
      }
      action {
        action {
          action_id: 16826124
          params {
            param_id: 1
            value: "\n\000\001\001"
          }
          params {
            param_id: 2
            value: "\000\001"
          }
        }
      }
    }
  }
}
[04:55:54.252] [bmv2] [D] [thread 4725] Entry 0 added to table 'MyIngress.Forwarding'
[04:55:54.253] [bmv2] [D] [thread 4725] Dumping entry 0
Match key:
* hdr.ipv4.dstAddr    : LPM       0a000101/32
Action entry: MyIngress.set_nhop - a000101,1,

P4Runtime Write
device_id: 2
election_id {
  low: 1
}
updates {
  type: INSERT
  entity {
    packet_replication_engine_entry {
      clone_session_entry {
        session_id: 1
        replicas {
          egress_port: 1
          instance: 1
        }
      }
    }
  }
}
[04:55:54.255] [bmv2] [D] [thread 4726] mgrp node created for mgid 32769
[04:55:54.255] [bmv2] [D] [thread 4726] node created for rid 1
[04:55:54.255] [bmv2] [D] [thread 4726] node associated with mgid 32769
Connection removed
[04:55:54.264] [bmv2] [D] [thread 4732] [0.0] [cxt 0] Processing packet received on port 1
[04:55:54.264] [bmv2] [D] [thread 4732] [0.0] [cxt 0] Parser 'parser': start
[04:55:54.264] [bmv2] [D] [thread 4732] [0.0] [cxt 0] Parser 'parser' entering state 'start'
[04:55:54.264] [bmv2] [D] [thread 4732] [0.0] [cxt 0] Extracting header 'ethernet'
[04:55:54.265] [bmv2] [D] [thread 4732] [0.0] [cxt 0] Parser state 'start': key is 86dd
[04:55:54.265] [bmv2] [T] [thread 4732] [0.0] [cxt 0] Bytes parsed: 14
[04:55:54.265] [bmv2] [D] [thread 4732] [0.0] [cxt 0] Parser 'parser': end
[04:55:54.265] [bmv2] [D] [thread 4732] [0.0] [cxt 0] Pipeline 'ingress': start
[04:55:54.265] [bmv2] [T] [thread 4732] [0.0] [cxt 0] ms2-2.p4(231) Condition "hdr.response[0].isValid()" (node_2) is false
[04:55:54.265] [bmv2] [D] [thread 4732] [0.0] [cxt 0] Pipeline 'ingress': end
[04:55:54.265] [bmv2] [D] [thread 4732] [0.0] [cxt 0] Egress port is 0
[04:55:54.265] [bmv2] [D] [thread 4733] [0.0] [cxt 0] Pipeline 'egress': start
[04:55:54.265] [bmv2] [D] [thread 4733] [0.0] [cxt 0] Pipeline 'egress': end
[04:55:54.265] [bmv2] [D] [thread 4733] [0.0] [cxt 0] Deparser 'deparser': start
[04:55:54.265] [bmv2] [T] [thread 4733] [0.0] [cxt 0] Skipping checksum 'cksum' update because condition not met
[04:55:54.265] [bmv2] [D] [thread 4733] [0.0] [cxt 0] Deparsing header 'ethernet'
[04:55:54.265] [bmv2] [D] [thread 4733] [0.0] [cxt 0] Deparser 'deparser': end
[04:55:54.267] [bmv2] [D] [thread 4737] [0.0] [cxt 0] Transmitting packet of size 90 out of port 0
[04:55:54.393] [bmv2] [D] [thread 4732] [1.0] [cxt 0] Processing packet received on port 1
[04:55:54.393] [bmv2] [D] [thread 4732] [1.0] [cxt 0] Parser 'parser': start
[04:55:54.393] [bmv2] [D] [thread 4732] [1.0] [cxt 0] Parser 'parser' entering state 'start'
[04:55:54.393] [bmv2] [D] [thread 4732] [1.0] [cxt 0] Extracting header 'ethernet'
[04:55:54.393] [bmv2] [D] [thread 4732] [1.0] [cxt 0] Parser state 'start': key is 86dd
[04:55:54.393] [bmv2] [T] [thread 4732] [1.0] [cxt 0] Bytes parsed: 14
[04:55:54.393] [bmv2] [D] [thread 4732] [1.0] [cxt 0] Parser 'parser': end
[04:55:54.393] [bmv2] [D] [thread 4732] [1.0] [cxt 0] Pipeline 'ingress': start
[04:55:54.393] [bmv2] [T] [thread 4732] [1.0] [cxt 0] ms2-2.p4(231) Condition "hdr.response[0].isValid()" (node_2) is false
[04:55:54.393] [bmv2] [D] [thread 4732] [1.0] [cxt 0] Pipeline 'ingress': end
[04:55:54.393] [bmv2] [D] [thread 4732] [1.0] [cxt 0] Egress port is 0
[04:55:54.393] [bmv2] [D] [thread 4733] [1.0] [cxt 0] Pipeline 'egress': start
[04:55:54.393] [bmv2] [D] [thread 4733] [1.0] [cxt 0] Pipeline 'egress': end
[04:55:54.393] [bmv2] [D] [thread 4733] [1.0] [cxt 0] Deparser 'deparser': start
[04:55:54.393] [bmv2] [T] [thread 4733] [1.0] [cxt 0] Skipping checksum 'cksum' update because condition not met
[04:55:54.393] [bmv2] [D] [thread 4733] [1.0] [cxt 0] Deparsing header 'ethernet'
[04:55:54.393] [bmv2] [D] [thread 4733] [1.0] [cxt 0] Deparser 'deparser': end
[04:55:54.393] [bmv2] [D] [thread 4737] [1.0] [cxt 0] Transmitting packet of size 208 out of port 0
[04:55:54.393] [bmv2] [D] [thread 4732] [2.0] [cxt 0] Processing packet received on port 1
[04:55:54.393] [bmv2] [D] [thread 4732] [2.0] [cxt 0] Parser 'parser': start
[04:55:54.393] [bmv2] [D] [thread 4732] [2.0] [cxt 0] Parser 'parser' entering state 'start'
[04:55:54.393] [bmv2] [D] [thread 4732] [2.0] [cxt 0] Extracting header 'ethernet'
[04:55:54.393] [bmv2] [D] [thread 4732] [2.0] [cxt 0] Parser state 'start': key is 86dd
[04:55:54.393] [bmv2] [T] [thread 4732] [2.0] [cxt 0] Bytes parsed: 14
[04:55:54.393] [bmv2] [D] [thread 4732] [2.0] [cxt 0] Parser 'parser': end
[04:55:54.393] [bmv2] [D] [thread 4732] [2.0] [cxt 0] Pipeline 'ingress': start
[04:55:54.393] [bmv2] [T] [thread 4732] [2.0] [cxt 0] ms2-2.p4(231) Condition "hdr.response[0].isValid()" (node_2) is false
[04:55:54.393] [bmv2] [D] [thread 4732] [2.0] [cxt 0] Pipeline 'ingress': end
[04:55:54.393] [bmv2] [D] [thread 4732] [2.0] [cxt 0] Egress port is 0
[04:55:54.393] [bmv2] [D] [thread 4733] [2.0] [cxt 0] Pipeline 'egress': start
[04:55:54.393] [bmv2] [D] [thread 4733] [2.0] [cxt 0] Pipeline 'egress': end
[04:55:54.393] [bmv2] [D] [thread 4733] [2.0] [cxt 0] Deparser 'deparser': start
[04:55:54.393] [bmv2] [T] [thread 4733] [2.0] [cxt 0] Skipping checksum 'cksum' update because condition not met
[04:55:54.393] [bmv2] [D] [thread 4733] [2.0] [cxt 0] Deparsing header 'ethernet'
[04:55:54.393] [bmv2] [D] [thread 4733] [2.0] [cxt 0] Deparser 'deparser': end
[04:55:54.393] [bmv2] [D] [thread 4737] [2.0] [cxt 0] Transmitting packet of size 90 out of port 0
[04:55:54.394] [bmv2] [D] [thread 4732] [3.0] [cxt 0] Processing packet received on port 1
[04:55:54.394] [bmv2] [D] [thread 4732] [3.0] [cxt 0] Parser 'parser': start
[04:55:54.394] [bmv2] [D] [thread 4732] [3.0] [cxt 0] Parser 'parser' entering state 'start'
[04:55:54.394] [bmv2] [D] [thread 4732] [3.0] [cxt 0] Extracting header 'ethernet'
[04:55:54.394] [bmv2] [D] [thread 4732] [3.0] [cxt 0] Parser state 'start': key is 86dd
[04:55:54.394] [bmv2] [T] [thread 4732] [3.0] [cxt 0] Bytes parsed: 14
[04:55:54.394] [bmv2] [D] [thread 4732] [3.0] [cxt 0] Parser 'parser': end
[04:55:54.394] [bmv2] [D] [thread 4732] [3.0] [cxt 0] Pipeline 'ingress': start
[04:55:54.394] [bmv2] [T] [thread 4732] [3.0] [cxt 0] ms2-2.p4(231) Condition "hdr.response[0].isValid()" (node_2) is false
[04:55:54.394] [bmv2] [D] [thread 4732] [3.0] [cxt 0] Pipeline 'ingress': end
[04:55:54.394] [bmv2] [D] [thread 4732] [3.0] [cxt 0] Egress port is 0
[04:55:54.394] [bmv2] [D] [thread 4733] [3.0] [cxt 0] Pipeline 'egress': start
[04:55:54.394] [bmv2] [D] [thread 4733] [3.0] [cxt 0] Pipeline 'egress': end
[04:55:54.394] [bmv2] [D] [thread 4733] [3.0] [cxt 0] Deparser 'deparser': start
[04:55:54.394] [bmv2] [T] [thread 4733] [3.0] [cxt 0] Skipping checksum 'cksum' update because condition not met
[04:55:54.394] [bmv2] [D] [thread 4733] [3.0] [cxt 0] Deparsing header 'ethernet'
[04:55:54.394] [bmv2] [D] [thread 4733] [3.0] [cxt 0] Deparser 'deparser': end
[04:55:54.394] [bmv2] [D] [thread 4737] [3.0] [cxt 0] Transmitting packet of size 208 out of port 0
[04:55:54.394] [bmv2] [D] [thread 4732] [4.0] [cxt 0] Processing packet received on port 1
[04:55:54.394] [bmv2] [D] [thread 4732] [4.0] [cxt 0] Parser 'parser': start
[04:55:54.394] [bmv2] [D] [thread 4732] [4.0] [cxt 0] Parser 'parser' entering state 'start'
[04:55:54.394] [bmv2] [D] [thread 4732] [4.0] [cxt 0] Extracting header 'ethernet'
[04:55:54.394] [bmv2] [D] [thread 4732] [4.0] [cxt 0] Parser state 'start': key is 86dd
[04:55:54.394] [bmv2] [T] [thread 4732] [4.0] [cxt 0] Bytes parsed: 14
[04:55:54.394] [bmv2] [D] [thread 4732] [4.0] [cxt 0] Parser 'parser': end
[04:55:54.394] [bmv2] [D] [thread 4732] [4.0] [cxt 0] Pipeline 'ingress': start
[04:55:54.394] [bmv2] [T] [thread 4732] [4.0] [cxt 0] ms2-2.p4(231) Condition "hdr.response[0].isValid()" (node_2) is false
[04:55:54.394] [bmv2] [D] [thread 4732] [4.0] [cxt 0] Pipeline 'ingress': end
[04:55:54.394] [bmv2] [D] [thread 4732] [4.0] [cxt 0] Egress port is 0
[04:55:54.394] [bmv2] [D] [thread 4733] [4.0] [cxt 0] Pipeline 'egress': start
[04:55:54.394] [bmv2] [D] [thread 4733] [4.0] [cxt 0] Pipeline 'egress': end
[04:55:54.394] [bmv2] [D] [thread 4733] [4.0] [cxt 0] Deparser 'deparser': start
[04:55:54.394] [bmv2] [T] [thread 4733] [4.0] [cxt 0] Skipping checksum 'cksum' update because condition not met
[04:55:54.394] [bmv2] [D] [thread 4733] [4.0] [cxt 0] Deparsing header 'ethernet'
[04:55:54.394] [bmv2] [D] [thread 4733] [4.0] [cxt 0] Deparser 'deparser': end
[04:55:54.394] [bmv2] [D] [thread 4737] [4.0] [cxt 0] Transmitting packet of size 208 out of port 0
[04:55:54.395] [bmv2] [D] [thread 4732] [5.0] [cxt 0] Processing packet received on port 1
[04:55:54.395] [bmv2] [D] [thread 4732] [5.0] [cxt 0] Parser 'parser': start
[04:55:54.395] [bmv2] [D] [thread 4732] [5.0] [cxt 0] Parser 'parser' entering state 'start'
[04:55:54.395] [bmv2] [D] [thread 4732] [5.0] [cxt 0] Extracting header 'ethernet'
[04:55:54.395] [bmv2] [D] [thread 4732] [5.0] [cxt 0] Parser state 'start': key is 86dd
[04:55:54.395] [bmv2] [T] [thread 4732] [5.0] [cxt 0] Bytes parsed: 14
[04:55:54.395] [bmv2] [D] [thread 4732] [5.0] [cxt 0] Parser 'parser': end
[04:55:54.395] [bmv2] [D] [thread 4732] [5.0] [cxt 0] Pipeline 'ingress': start
[04:55:54.395] [bmv2] [T] [thread 4732] [5.0] [cxt 0] ms2-2.p4(231) Condition "hdr.response[0].isValid()" (node_2) is false
[04:55:54.395] [bmv2] [D] [thread 4732] [5.0] [cxt 0] Pipeline 'ingress': end
[04:55:54.395] [bmv2] [D] [thread 4732] [5.0] [cxt 0] Egress port is 0
[04:55:54.395] [bmv2] [D] [thread 4733] [5.0] [cxt 0] Pipeline 'egress': start
[04:55:54.395] [bmv2] [D] [thread 4733] [5.0] [cxt 0] Pipeline 'egress': end
[04:55:54.395] [bmv2] [D] [thread 4733] [5.0] [cxt 0] Deparser 'deparser': start
[04:55:54.395] [bmv2] [T] [thread 4733] [5.0] [cxt 0] Skipping checksum 'cksum' update because condition not met
[04:55:54.395] [bmv2] [D] [thread 4733] [5.0] [cxt 0] Deparsing header 'ethernet'
[04:55:54.395] [bmv2] [D] [thread 4733] [5.0] [cxt 0] Deparser 'deparser': end
[04:55:54.395] [bmv2] [D] [thread 4737] [5.0] [cxt 0] Transmitting packet of size 208 out of port 0
[04:55:54.395] [bmv2] [D] [thread 4732] [6.0] [cxt 0] Processing packet received on port 1
[04:55:54.395] [bmv2] [D] [thread 4732] [6.0] [cxt 0] Parser 'parser': start
[04:55:54.395] [bmv2] [D] [thread 4732] [6.0] [cxt 0] Parser 'parser' entering state 'start'
[04:55:54.395] [bmv2] [D] [thread 4732] [6.0] [cxt 0] Extracting header 'ethernet'
[04:55:54.395] [bmv2] [D] [thread 4732] [6.0] [cxt 0] Parser state 'start': key is 86dd
[04:55:54.395] [bmv2] [T] [thread 4732] [6.0] [cxt 0] Bytes parsed: 14
[04:55:54.395] [bmv2] [D] [thread 4732] [6.0] [cxt 0] Parser 'parser': end
[04:55:54.395] [bmv2] [D] [thread 4732] [6.0] [cxt 0] Pipeline 'ingress': start
[04:55:54.395] [bmv2] [T] [thread 4732] [6.0] [cxt 0] ms2-2.p4(231) Condition "hdr.response[0].isValid()" (node_2) is false
[04:55:54.395] [bmv2] [D] [thread 4732] [6.0] [cxt 0] Pipeline 'ingress': end
[04:55:54.395] [bmv2] [D] [thread 4732] [6.0] [cxt 0] Egress port is 0
[04:55:54.395] [bmv2] [D] [thread 4733] [6.0] [cxt 0] Pipeline 'egress': start
[04:55:54.395] [bmv2] [D] [thread 4733] [6.0] [cxt 0] Pipeline 'egress': end
[04:55:54.395] [bmv2] [D] [thread 4733] [6.0] [cxt 0] Deparser 'deparser': start
[04:55:54.395] [bmv2] [T] [thread 4733] [6.0] [cxt 0] Skipping checksum 'cksum' update because condition not met
[04:55:54.395] [bmv2] [D] [thread 4733] [6.0] [cxt 0] Deparsing header 'ethernet'
[04:55:54.395] [bmv2] [D] [thread 4733] [6.0] [cxt 0] Deparser 'deparser': end
[04:55:54.395] [bmv2] [D] [thread 4737] [6.0] [cxt 0] Transmitting packet of size 208 out of port 0
[04:55:54.396] [bmv2] [D] [thread 4732] [7.0] [cxt 0] Processing packet received on port 1
[04:55:54.396] [bmv2] [D] [thread 4732] [7.0] [cxt 0] Parser 'parser': start
[04:55:54.396] [bmv2] [D] [thread 4732] [7.0] [cxt 0] Parser 'parser' entering state 'start'
[04:55:54.396] [bmv2] [D] [thread 4732] [7.0] [cxt 0] Extracting header 'ethernet'
[04:55:54.396] [bmv2] [D] [thread 4732] [7.0] [cxt 0] Parser state 'start': key is 86dd
[04:55:54.396] [bmv2] [T] [thread 4732] [7.0] [cxt 0] Bytes parsed: 14
[04:55:54.396] [bmv2] [D] [thread 4732] [7.0] [cxt 0] Parser 'parser': end
[04:55:54.396] [bmv2] [D] [thread 4732] [7.0] [cxt 0] Pipeline 'ingress': start
[04:55:54.631] [bmv2] [T] [thread 4732] [7.0] [cxt 0] ms2-2.p4(231) Condition "hdr.response[0].isValid()" (node_2) is false
[04:55:54.631] [bmv2] [D] [thread 4732] [7.0] [cxt 0] Pipeline 'ingress': end
[04:55:54.631] [bmv2] [D] [thread 4732] [7.0] [cxt 0] Egress port is 0
[04:55:54.631] [bmv2] [D] [thread 4733] [7.0] [cxt 0] Pipeline 'egress': start
[04:55:54.631] [bmv2] [D] [thread 4733] [7.0] [cxt 0] Pipeline 'egress': end
[04:55:54.631] [bmv2] [D] [thread 4733] [7.0] [cxt 0] Deparser 'deparser': start
[04:55:54.631] [bmv2] [T] [thread 4733] [7.0] [cxt 0] Skipping checksum 'cksum' update because condition not met
[04:55:54.631] [bmv2] [D] [thread 4733] [7.0] [cxt 0] Deparsing header 'ethernet'
[04:55:54.631] [bmv2] [D] [thread 4733] [7.0] [cxt 0] Deparser 'deparser': end
[04:55:54.631] [bmv2] [D] [thread 4737] [7.0] [cxt 0] Transmitting packet of size 107 out of port 0
[04:55:54.631] [bmv2] [D] [thread 4732] [8.0] [cxt 0] Processing packet received on port 1
[04:55:54.631] [bmv2] [D] [thread 4732] [8.0] [cxt 0] Parser 'parser': start
[04:55:54.631] [bmv2] [D] [thread 4732] [8.0] [cxt 0] Parser 'parser' entering state 'start'
[04:55:54.631] [bmv2] [D] [thread 4732] [8.0] [cxt 0] Extracting header 'ethernet'
[04:55:54.631] [bmv2] [D] [thread 4732] [8.0] [cxt 0] Parser state 'start': key is 86dd
[04:55:54.631] [bmv2] [T] [thread 4732] [8.0] [cxt 0] Bytes parsed: 14
[04:55:54.631] [bmv2] [D] [thread 4732] [8.0] [cxt 0] Parser 'parser': end
[04:55:54.631] [bmv2] [D] [thread 4732] [8.0] [cxt 0] Pipeline 'ingress': start
[04:55:54.631] [bmv2] [T] [thread 4732] [8.0] [cxt 0] ms2-2.p4(231) Condition "hdr.response[0].isValid()" (node_2) is false
[04:55:54.631] [bmv2] [D] [thread 4732] [8.0] [cxt 0] Pipeline 'ingress': end
[04:55:54.631] [bmv2] [D] [thread 4732] [8.0] [cxt 0] Egress port is 0
[04:55:54.631] [bmv2] [D] [thread 4733] [8.0] [cxt 0] Pipeline 'egress': start
[04:55:54.631] [bmv2] [D] [thread 4733] [8.0] [cxt 0] Pipeline 'egress': end
[04:55:54.631] [bmv2] [D] [thread 4733] [8.0] [cxt 0] Deparser 'deparser': start
[04:55:54.631] [bmv2] [T] [thread 4733] [8.0] [cxt 0] Skipping checksum 'cksum' update because condition not met
[04:55:54.631] [bmv2] [D] [thread 4733] [8.0] [cxt 0] Deparsing header 'ethernet'
[04:55:54.631] [bmv2] [D] [thread 4733] [8.0] [cxt 0] Deparser 'deparser': end
[04:55:54.631] [bmv2] [D] [thread 4737] [8.0] [cxt 0] Transmitting packet of size 107 out of port 0
[04:55:55.223] [bmv2] [D] [thread 4732] [9.0] [cxt 0] Processing packet received on port 1
[04:55:55.224] [bmv2] [D] [thread 4732] [9.0] [cxt 0] Parser 'parser': start
[04:55:55.224] [bmv2] [D] [thread 4732] [9.0] [cxt 0] Parser 'parser' entering state 'start'
[04:55:55.224] [bmv2] [D] [thread 4732] [9.0] [cxt 0] Extracting header 'ethernet'
[04:55:55.224] [bmv2] [D] [thread 4732] [9.0] [cxt 0] Parser state 'start': key is 86dd
[04:55:55.224] [bmv2] [T] [thread 4732] [9.0] [cxt 0] Bytes parsed: 14
[04:55:55.224] [bmv2] [D] [thread 4732] [9.0] [cxt 0] Parser 'parser': end
[04:55:55.224] [bmv2] [D] [thread 4732] [9.0] [cxt 0] Pipeline 'ingress': start
[04:55:55.224] [bmv2] [T] [thread 4732] [9.0] [cxt 0] ms2-2.p4(231) Condition "hdr.response[0].isValid()" (node_2) is false
[04:55:55.224] [bmv2] [D] [thread 4732] [9.0] [cxt 0] Pipeline 'ingress': end
[04:55:55.224] [bmv2] [D] [thread 4732] [9.0] [cxt 0] Egress port is 0
[04:55:55.224] [bmv2] [D] [thread 4733] [9.0] [cxt 0] Pipeline 'egress': start
[04:55:55.224] [bmv2] [D] [thread 4733] [9.0] [cxt 0] Pipeline 'egress': end
[04:55:55.224] [bmv2] [D] [thread 4733] [9.0] [cxt 0] Deparser 'deparser': start
[04:55:55.224] [bmv2] [T] [thread 4733] [9.0] [cxt 0] Skipping checksum 'cksum' update because condition not met
[04:55:55.224] [bmv2] [D] [thread 4733] [9.0] [cxt 0] Deparsing header 'ethernet'
[04:55:55.224] [bmv2] [D] [thread 4733] [9.0] [cxt 0] Deparser 'deparser': end
[04:55:55.224] [bmv2] [D] [thread 4737] [9.0] [cxt 0] Transmitting packet of size 70 out of port 0
[04:55:55.255] [bmv2] [D] [thread 4732] [10.0] [cxt 0] Processing packet received on port 1
[04:55:55.255] [bmv2] [D] [thread 4732] [10.0] [cxt 0] Parser 'parser': start
[04:55:55.255] [bmv2] [D] [thread 4732] [10.0] [cxt 0] Parser 'parser' entering state 'start'
[04:55:55.255] [bmv2] [D] [thread 4732] [10.0] [cxt 0] Extracting header 'ethernet'
[04:55:55.256] [bmv2] [D] [thread 4732] [10.0] [cxt 0] Parser state 'start': key is 86dd
[04:55:55.256] [bmv2] [T] [thread 4732] [10.0] [cxt 0] Bytes parsed: 14
[04:55:55.256] [bmv2] [D] [thread 4732] [10.0] [cxt 0] Parser 'parser': end
[04:55:55.256] [bmv2] [D] [thread 4732] [10.0] [cxt 0] Pipeline 'ingress': start
[04:55:55.256] [bmv2] [T] [thread 4732] [10.0] [cxt 0] ms2-2.p4(231) Condition "hdr.response[0].isValid()" (node_2) is false
[04:55:55.256] [bmv2] [D] [thread 4732] [10.0] [cxt 0] Pipeline 'ingress': end
[04:55:55.256] [bmv2] [D] [thread 4732] [10.0] [cxt 0] Egress port is 0
[04:55:55.256] [bmv2] [D] [thread 4733] [10.0] [cxt 0] Pipeline 'egress': start
[04:55:55.256] [bmv2] [D] [thread 4733] [10.0] [cxt 0] Pipeline 'egress': end
[04:55:55.256] [bmv2] [D] [thread 4733] [10.0] [cxt 0] Deparser 'deparser': start
[04:55:55.256] [bmv2] [T] [thread 4733] [10.0] [cxt 0] Skipping checksum 'cksum' update because condition not met
[04:55:55.256] [bmv2] [D] [thread 4733] [10.0] [cxt 0] Deparsing header 'ethernet'
[04:55:55.256] [bmv2] [D] [thread 4733] [10.0] [cxt 0] Deparser 'deparser': end
[04:55:55.256] [bmv2] [D] [thread 4737] [10.0] [cxt 0] Transmitting packet of size 70 out of port 0
[04:55:55.401] [bmv2] [D] [thread 4732] [11.0] [cxt 0] Processing packet received on port 1
[04:55:55.401] [bmv2] [D] [thread 4732] [11.0] [cxt 0] Parser 'parser': start
[04:55:55.401] [bmv2] [D] [thread 4732] [11.0] [cxt 0] Parser 'parser' entering state 'start'
[04:55:55.401] [bmv2] [D] [thread 4732] [11.0] [cxt 0] Extracting header 'ethernet'
[04:55:55.401] [bmv2] [D] [thread 4732] [11.0] [cxt 0] Parser state 'start': key is 86dd
[04:55:55.401] [bmv2] [T] [thread 4732] [11.0] [cxt 0] Bytes parsed: 14
[04:55:55.401] [bmv2] [D] [thread 4732] [11.0] [cxt 0] Parser 'parser': end
[04:55:55.401] [bmv2] [D] [thread 4732] [11.0] [cxt 0] Pipeline 'ingress': start
[04:55:55.401] [bmv2] [T] [thread 4732] [11.0] [cxt 0] ms2-2.p4(231) Condition "hdr.response[0].isValid()" (node_2) is false
[04:55:55.401] [bmv2] [D] [thread 4732] [11.0] [cxt 0] Pipeline 'ingress': end
[04:55:55.401] [bmv2] [D] [thread 4732] [11.0] [cxt 0] Egress port is 0
[04:55:55.401] [bmv2] [D] [thread 4733] [11.0] [cxt 0] Pipeline 'egress': start
[04:55:55.401] [bmv2] [D] [thread 4733] [11.0] [cxt 0] Pipeline 'egress': end
[04:55:55.401] [bmv2] [D] [thread 4733] [11.0] [cxt 0] Deparser 'deparser': start
[04:55:55.401] [bmv2] [T] [thread 4733] [11.0] [cxt 0] Skipping checksum 'cksum' update because condition not met
[04:55:55.402] [bmv2] [D] [thread 4733] [11.0] [cxt 0] Deparsing header 'ethernet'
[04:55:55.402] [bmv2] [D] [thread 4733] [11.0] [cxt 0] Deparser 'deparser': end
[04:55:55.402] [bmv2] [D] [thread 4737] [11.0] [cxt 0] Transmitting packet of size 196 out of port 0
[04:55:55.434] [bmv2] [D] [thread 4732] [12.0] [cxt 0] Processing packet received on port 1
[04:55:55.434] [bmv2] [D] [thread 4732] [12.0] [cxt 0] Parser 'parser': start
[04:55:55.434] [bmv2] [D] [thread 4732] [12.0] [cxt 0] Parser 'parser' entering state 'start'
[04:55:55.435] [bmv2] [D] [thread 4732] [12.0] [cxt 0] Extracting header 'ethernet'
[04:55:55.435] [bmv2] [D] [thread 4732] [12.0] [cxt 0] Parser state 'start': key is 86dd
[04:55:55.435] [bmv2] [T] [thread 4732] [12.0] [cxt 0] Bytes parsed: 14
[04:55:55.435] [bmv2] [D] [thread 4732] [12.0] [cxt 0] Parser 'parser': end
[04:55:55.435] [bmv2] [D] [thread 4732] [12.0] [cxt 0] Pipeline 'ingress': start
[04:55:55.435] [bmv2] [T] [thread 4732] [12.0] [cxt 0] ms2-2.p4(231) Condition "hdr.response[0].isValid()" (node_2) is false
[04:55:55.435] [bmv2] [D] [thread 4732] [12.0] [cxt 0] Pipeline 'ingress': end
[04:55:55.435] [bmv2] [D] [thread 4732] [12.0] [cxt 0] Egress port is 0
[04:55:55.435] [bmv2] [D] [thread 4733] [12.0] [cxt 0] Pipeline 'egress': start
[04:55:55.435] [bmv2] [D] [thread 4733] [12.0] [cxt 0] Pipeline 'egress': end
[04:55:55.435] [bmv2] [D] [thread 4733] [12.0] [cxt 0] Deparser 'deparser': start
[04:55:55.435] [bmv2] [T] [thread 4733] [12.0] [cxt 0] Skipping checksum 'cksum' update because condition not met
[04:55:55.435] [bmv2] [D] [thread 4733] [12.0] [cxt 0] Deparsing header 'ethernet'
[04:55:55.435] [bmv2] [D] [thread 4733] [12.0] [cxt 0] Deparser 'deparser': end
[04:55:55.435] [bmv2] [D] [thread 4737] [12.0] [cxt 0] Transmitting packet of size 196 out of port 0
[04:55:58.350] [bmv2] [D] [thread 4732] [13.0] [cxt 0] Processing packet received on port 1
[04:55:58.350] [bmv2] [D] [thread 4732] [13.0] [cxt 0] Parser 'parser': start
[04:55:58.350] [bmv2] [D] [thread 4732] [13.0] [cxt 0] Parser 'parser' entering state 'start'
[04:55:58.350] [bmv2] [D] [thread 4732] [13.0] [cxt 0] Extracting header 'ethernet'
[04:55:58.350] [bmv2] [D] [thread 4732] [13.0] [cxt 0] Parser state 'start': key is 86dd
[04:55:58.350] [bmv2] [T] [thread 4732] [13.0] [cxt 0] Bytes parsed: 14
[04:55:58.350] [bmv2] [D] [thread 4732] [13.0] [cxt 0] Parser 'parser': end
[04:55:58.350] [bmv2] [D] [thread 4732] [13.0] [cxt 0] Pipeline 'ingress': start
[04:55:58.350] [bmv2] [T] [thread 4732] [13.0] [cxt 0] ms2-2.p4(231) Condition "hdr.response[0].isValid()" (node_2) is false
[04:55:58.350] [bmv2] [D] [thread 4732] [13.0] [cxt 0] Pipeline 'ingress': end
[04:55:58.350] [bmv2] [D] [thread 4732] [13.0] [cxt 0] Egress port is 0
[04:55:58.350] [bmv2] [D] [thread 4733] [13.0] [cxt 0] Pipeline 'egress': start
[04:55:58.350] [bmv2] [D] [thread 4733] [13.0] [cxt 0] Pipeline 'egress': end
[04:55:58.350] [bmv2] [D] [thread 4733] [13.0] [cxt 0] Deparser 'deparser': start
[04:55:58.350] [bmv2] [T] [thread 4733] [13.0] [cxt 0] Skipping checksum 'cksum' update because condition not met
[04:55:58.350] [bmv2] [D] [thread 4733] [13.0] [cxt 0] Deparsing header 'ethernet'
[04:55:58.350] [bmv2] [D] [thread 4733] [13.0] [cxt 0] Deparser 'deparser': end
[04:55:58.350] [bmv2] [D] [thread 4737] [13.0] [cxt 0] Transmitting packet of size 107 out of port 0
[04:55:59.232] [bmv2] [D] [thread 4732] [14.0] [cxt 0] Processing packet received on port 1
[04:55:59.232] [bmv2] [D] [thread 4732] [14.0] [cxt 0] Parser 'parser': start
[04:55:59.232] [bmv2] [D] [thread 4732] [14.0] [cxt 0] Parser 'parser' entering state 'start'
[04:55:59.232] [bmv2] [D] [thread 4732] [14.0] [cxt 0] Extracting header 'ethernet'
[04:55:59.232] [bmv2] [D] [thread 4732] [14.0] [cxt 0] Parser state 'start': key is 86dd
[04:55:59.232] [bmv2] [T] [thread 4732] [14.0] [cxt 0] Bytes parsed: 14
[04:55:59.232] [bmv2] [D] [thread 4732] [14.0] [cxt 0] Parser 'parser': end
[04:55:59.232] [bmv2] [D] [thread 4732] [14.0] [cxt 0] Pipeline 'ingress': start
[04:55:59.232] [bmv2] [T] [thread 4732] [14.0] [cxt 0] ms2-2.p4(231) Condition "hdr.response[0].isValid()" (node_2) is false
[04:55:59.232] [bmv2] [D] [thread 4732] [14.0] [cxt 0] Pipeline 'ingress': end
[04:55:59.232] [bmv2] [D] [thread 4732] [14.0] [cxt 0] Egress port is 0
[04:55:59.232] [bmv2] [D] [thread 4733] [14.0] [cxt 0] Pipeline 'egress': start
[04:55:59.232] [bmv2] [D] [thread 4733] [14.0] [cxt 0] Pipeline 'egress': end
[04:55:59.232] [bmv2] [D] [thread 4733] [14.0] [cxt 0] Deparser 'deparser': start
[04:55:59.232] [bmv2] [T] [thread 4733] [14.0] [cxt 0] Skipping checksum 'cksum' update because condition not met
[04:55:59.232] [bmv2] [D] [thread 4733] [14.0] [cxt 0] Deparsing header 'ethernet'
[04:55:59.232] [bmv2] [D] [thread 4733] [14.0] [cxt 0] Deparser 'deparser': end
[04:55:59.232] [bmv2] [D] [thread 4737] [14.0] [cxt 0] Transmitting packet of size 70 out of port 0
[04:55:59.263] [bmv2] [D] [thread 4732] [15.0] [cxt 0] Processing packet received on port 1
[04:55:59.263] [bmv2] [D] [thread 4732] [15.0] [cxt 0] Parser 'parser': start
[04:55:59.263] [bmv2] [D] [thread 4732] [15.0] [cxt 0] Parser 'parser' entering state 'start'
[04:55:59.263] [bmv2] [D] [thread 4732] [15.0] [cxt 0] Extracting header 'ethernet'
[04:55:59.263] [bmv2] [D] [thread 4732] [15.0] [cxt 0] Parser state 'start': key is 86dd
[04:55:59.263] [bmv2] [T] [thread 4732] [15.0] [cxt 0] Bytes parsed: 14
[04:55:59.263] [bmv2] [D] [thread 4732] [15.0] [cxt 0] Parser 'parser': end
[04:55:59.263] [bmv2] [D] [thread 4732] [15.0] [cxt 0] Pipeline 'ingress': start
[04:55:59.263] [bmv2] [T] [thread 4732] [15.0] [cxt 0] ms2-2.p4(231) Condition "hdr.response[0].isValid()" (node_2) is false
[04:55:59.263] [bmv2] [D] [thread 4732] [15.0] [cxt 0] Pipeline 'ingress': end
[04:55:59.263] [bmv2] [D] [thread 4732] [15.0] [cxt 0] Egress port is 0
[04:55:59.263] [bmv2] [D] [thread 4733] [15.0] [cxt 0] Pipeline 'egress': start
[04:55:59.263] [bmv2] [D] [thread 4733] [15.0] [cxt 0] Pipeline 'egress': end
[04:55:59.263] [bmv2] [D] [thread 4733] [15.0] [cxt 0] Deparser 'deparser': start
[04:55:59.263] [bmv2] [T] [thread 4733] [15.0] [cxt 0] Skipping checksum 'cksum' update because condition not met
[04:55:59.263] [bmv2] [D] [thread 4733] [15.0] [cxt 0] Deparsing header 'ethernet'
[04:55:59.263] [bmv2] [D] [thread 4733] [15.0] [cxt 0] Deparser 'deparser': end
[04:55:59.263] [bmv2] [D] [thread 4737] [15.0] [cxt 0] Transmitting packet of size 70 out of port 0
[04:56:06.353] [bmv2] [D] [thread 4732] [16.0] [cxt 0] Processing packet received on port 1
[04:56:06.353] [bmv2] [D] [thread 4732] [16.0] [cxt 0] Parser 'parser': start
[04:56:06.353] [bmv2] [D] [thread 4732] [16.0] [cxt 0] Parser 'parser' entering state 'start'
[04:56:06.353] [bmv2] [D] [thread 4732] [16.0] [cxt 0] Extracting header 'ethernet'
[04:56:06.353] [bmv2] [D] [thread 4732] [16.0] [cxt 0] Parser state 'start': key is 86dd
[04:56:06.353] [bmv2] [T] [thread 4732] [16.0] [cxt 0] Bytes parsed: 14
[04:56:06.353] [bmv2] [D] [thread 4732] [16.0] [cxt 0] Parser 'parser': end
[04:56:06.353] [bmv2] [D] [thread 4732] [16.0] [cxt 0] Pipeline 'ingress': start
[04:56:06.353] [bmv2] [T] [thread 4732] [16.0] [cxt 0] ms2-2.p4(231) Condition "hdr.response[0].isValid()" (node_2) is false
[04:56:06.353] [bmv2] [D] [thread 4732] [16.0] [cxt 0] Pipeline 'ingress': end
[04:56:06.353] [bmv2] [D] [thread 4732] [16.0] [cxt 0] Egress port is 0
[04:56:06.353] [bmv2] [D] [thread 4733] [16.0] [cxt 0] Pipeline 'egress': start
[04:56:06.353] [bmv2] [D] [thread 4733] [16.0] [cxt 0] Pipeline 'egress': end
[04:56:06.353] [bmv2] [D] [thread 4733] [16.0] [cxt 0] Deparser 'deparser': start
[04:56:06.353] [bmv2] [T] [thread 4733] [16.0] [cxt 0] Skipping checksum 'cksum' update because condition not met
[04:56:06.353] [bmv2] [D] [thread 4733] [16.0] [cxt 0] Deparsing header 'ethernet'
[04:56:06.353] [bmv2] [D] [thread 4733] [16.0] [cxt 0] Deparser 'deparser': end
[04:56:06.353] [bmv2] [D] [thread 4737] [16.0] [cxt 0] Transmitting packet of size 107 out of port 0
[04:56:21.207] [bmv2] [D] [thread 4732] [17.0] [cxt 0] Processing packet received on port 1
[04:56:21.207] [bmv2] [D] [thread 4732] [17.0] [cxt 0] Parser 'parser': start
[04:56:21.207] [bmv2] [D] [thread 4732] [17.0] [cxt 0] Parser 'parser' entering state 'start'
[04:56:21.207] [bmv2] [D] [thread 4732] [17.0] [cxt 0] Extracting header 'ethernet'
[04:56:21.207] [bmv2] [D] [thread 4732] [17.0] [cxt 0] Parser state 'start': key is 1234
[04:56:21.207] [bmv2] [T] [thread 4732] [17.0] [cxt 0] Bytes parsed: 14
[04:56:21.207] [bmv2] [D] [thread 4732] [17.0] [cxt 0] Parser 'parser' entering state 'parse_response'
[04:56:21.207] [bmv2] [D] [thread 4732] [17.0] [cxt 0] Extracting to header stack 0, next header is 6
[04:56:21.207] [bmv2] [D] [thread 4732] [17.0] [cxt 0] Parser state 'parse_response': key is 01
[04:56:21.207] [bmv2] [T] [thread 4732] [17.0] [cxt 0] Bytes parsed: 19
[04:56:21.207] [bmv2] [D] [thread 4732] [17.0] [cxt 0] Parser 'parser' entering state 'parse_ipv4'
[04:56:21.207] [bmv2] [D] [thread 4732] [17.0] [cxt 0] Extracting header 'ipv4'
[04:56:21.207] [bmv2] [D] [thread 4732] [17.0] [cxt 0] Parser state 'parse_ipv4': key is fc
[04:56:21.207] [bmv2] [T] [thread 4732] [17.0] [cxt 0] Bytes parsed: 39
[04:56:21.207] [bmv2] [D] [thread 4732] [17.0] [cxt 0] Parser 'parser' entering state 'parse_kvsQuery'
[04:56:21.207] [bmv2] [D] [thread 4732] [17.0] [cxt 0] Extracting header 'kvsQuery'
[04:56:21.207] [bmv2] [D] [thread 4732] [17.0] [cxt 0] Parser state 'parse_kvsQuery': key is 06
[04:56:21.207] [bmv2] [T] [thread 4732] [17.0] [cxt 0] Bytes parsed: 53
[04:56:21.207] [bmv2] [D] [thread 4732] [17.0] [cxt 0] Parser 'parser' entering state 'parse_tcp'
[04:56:21.207] [bmv2] [D] [thread 4732] [17.0] [cxt 0] Extracting header 'tcp'
[04:56:21.207] [bmv2] [D] [thread 4732] [17.0] [cxt 0] Parser state 'parse_tcp' has no switch, going to default next state
[04:56:21.207] [bmv2] [T] [thread 4732] [17.0] [cxt 0] Bytes parsed: 73
[04:56:21.207] [bmv2] [D] [thread 4732] [17.0] [cxt 0] Parser 'parser': end
[04:56:21.207] [bmv2] [D] [thread 4732] [17.0] [cxt 0] Pipeline 'ingress': start
[04:56:21.207] [bmv2] [T] [thread 4732] [17.0] [cxt 0] ms2-2.p4(231) Condition "hdr.response[0].isValid()" (node_2) is true
[04:56:21.207] [bmv2] [T] [thread 4732] [17.0] [cxt 0] Applying table 'MyIngress.Ops'
[04:56:21.207] [bmv2] [D] [thread 4732] [17.0] [cxt 0] Looking up key:
* hdr.kvsQuery.queryType: 01
* hdr.kvsQuery.pingPong : 01

[04:56:21.207] [bmv2] [D] [thread 4732] [17.0] [cxt 0] Table 'MyIngress.Ops': miss
[04:56:21.207] [bmv2] [D] [thread 4732] [17.0] [cxt 0] Action entry is MyIngress.drop - 
[04:56:21.207] [bmv2] [T] [thread 4732] [17.0] [cxt 0] Action MyIngress.drop
[04:56:21.207] [bmv2] [T] [thread 4732] [17.0] [cxt 0] ms2-2.p4(177) Primitive mark_to_drop(standard_metadata)
[04:56:21.207] [bmv2] [T] [thread 4732] [17.0] [cxt 0] Applying table 'tbl_act'
[04:56:21.208] [bmv2] [D] [thread 4732] [17.0] [cxt 0] Looking up key:

[04:56:21.208] [bmv2] [D] [thread 4732] [17.0] [cxt 0] Table 'tbl_act': miss
[04:56:21.208] [bmv2] [D] [thread 4732] [17.0] [cxt 0] Action entry is act_0 - 
[04:56:21.208] [bmv2] [T] [thread 4732] [17.0] [cxt 0] Action act_0
[04:56:21.208] [bmv2] [T] [thread 4732] [17.0] [cxt 0] ms2-2.p4(234) Primitive hdr.kvsQuery.padding = 1
[04:56:21.208] [bmv2] [T] [thread 4732] [17.0] [cxt 0] ms2-2.p4(235) Primitive hdr.kvsQuery.switchID = 2
[04:56:21.208] [bmv2] [T] [thread 4732] [17.0] [cxt 0] ms2-2.p4(236) Condition "hdr.kvsQuery.pingPong == 1" (node_5) is true
[04:56:21.208] [bmv2] [T] [thread 4732] [17.0] [cxt 0] Applying table 'tbl_act_0'
[04:56:21.208] [bmv2] [D] [thread 4732] [17.0] [cxt 0] Looking up key:

[04:56:21.208] [bmv2] [D] [thread 4732] [17.0] [cxt 0] Table 'tbl_act_0': miss
[04:56:21.208] [bmv2] [D] [thread 4732] [17.0] [cxt 0] Action entry is act - 
[04:56:21.208] [bmv2] [T] [thread 4732] [17.0] [cxt 0] Action act
[04:56:21.208] [bmv2] [T] [thread 4732] [17.0] [cxt 0] ms2-2.p4(237) Primitive hdr.kvsQuery.pingPong = 2
[04:56:21.208] [bmv2] [T] [thread 4732] [17.0] [cxt 0] ms2-2.p4(240) Condition "hdr.kvsQuery.queryType == 2 && hdr.kvsQuery.pingPong != 2" (node_7) is false
[04:56:21.208] [bmv2] [T] [thread 4732] [17.0] [cxt 0] Applying table 'MyIngress.Forwarding'
[04:56:21.208] [bmv2] [D] [thread 4732] [17.0] [cxt 0] Looking up key:
* hdr.ipv4.dstAddr    : 0a000101

[04:56:21.208] [bmv2] [D] [thread 4732] [17.0] [cxt 0] Table 'MyIngress.Forwarding': hit with handle 0
[04:56:21.208] [bmv2] [D] [thread 4732] [17.0] [cxt 0] Dumping entry 0
Match key:
* hdr.ipv4.dstAddr    : LPM       0a000101/32
Action entry: MyIngress.set_nhop - a000101,1,

[04:56:21.208] [bmv2] [D] [thread 4732] [17.0] [cxt 0] Action entry is MyIngress.set_nhop - a000101,1,
[04:56:21.208] [bmv2] [T] [thread 4732] [17.0] [cxt 0] Action MyIngress.set_nhop
[04:56:21.208] [bmv2] [T] [thread 4732] [17.0] [cxt 0] ms2-2.p4(171) Primitive hdr.ipv4.dstAddr = nhop_ipv4
[04:56:21.208] [bmv2] [T] [thread 4732] [17.0] [cxt 0] ms2-2.p4(172) Primitive standard_metadata.egress_spec = port
[04:56:21.208] [bmv2] [D] [thread 4732] [17.0] [cxt 0] Pipeline 'ingress': end
[04:56:21.208] [bmv2] [D] [thread 4732] [17.0] [cxt 0] Egress port is 1
[04:56:21.208] [bmv2] [D] [thread 4734] [17.0] [cxt 0] Pipeline 'egress': start
[04:56:21.208] [bmv2] [D] [thread 4734] [17.0] [cxt 0] Pipeline 'egress': end
[04:56:21.208] [bmv2] [D] [thread 4734] [17.0] [cxt 0] Deparser 'deparser': start
[04:56:21.208] [bmv2] [D] [thread 4734] [17.0] [cxt 0] Updating checksum 'cksum'
[04:56:21.208] [bmv2] [D] [thread 4734] [17.0] [cxt 0] Deparsing header 'ethernet'
[04:56:21.208] [bmv2] [D] [thread 4734] [17.0] [cxt 0] Deparsing header 'response[0]'
[04:56:21.208] [bmv2] [D] [thread 4734] [17.0] [cxt 0] Deparsing header 'ipv4'
[04:56:21.208] [bmv2] [D] [thread 4734] [17.0] [cxt 0] Deparsing header 'kvsQuery'
[04:56:21.208] [bmv2] [D] [thread 4734] [17.0] [cxt 0] Deparsing header 'tcp'
[04:56:21.208] [bmv2] [D] [thread 4734] [17.0] [cxt 0] Deparser 'deparser': end
[04:56:21.208] [bmv2] [D] [thread 4737] [17.0] [cxt 0] Transmitting packet of size 76 out of port 1
[04:56:22.353] [bmv2] [D] [thread 4732] [18.0] [cxt 0] Processing packet received on port 1
[04:56:22.353] [bmv2] [D] [thread 4732] [18.0] [cxt 0] Parser 'parser': start
[04:56:22.353] [bmv2] [D] [thread 4732] [18.0] [cxt 0] Parser 'parser' entering state 'start'
[04:56:22.353] [bmv2] [D] [thread 4732] [18.0] [cxt 0] Extracting header 'ethernet'
[04:56:22.353] [bmv2] [D] [thread 4732] [18.0] [cxt 0] Parser state 'start': key is 86dd
[04:56:22.353] [bmv2] [T] [thread 4732] [18.0] [cxt 0] Bytes parsed: 14
[04:56:22.353] [bmv2] [D] [thread 4732] [18.0] [cxt 0] Parser 'parser': end
[04:56:22.353] [bmv2] [D] [thread 4732] [18.0] [cxt 0] Pipeline 'ingress': start
[04:56:22.353] [bmv2] [T] [thread 4732] [18.0] [cxt 0] ms2-2.p4(231) Condition "hdr.response[0].isValid()" (node_2) is false
[04:56:22.353] [bmv2] [D] [thread 4732] [18.0] [cxt 0] Pipeline 'ingress': end
[04:56:22.353] [bmv2] [D] [thread 4732] [18.0] [cxt 0] Egress port is 0
[04:56:22.353] [bmv2] [D] [thread 4733] [18.0] [cxt 0] Pipeline 'egress': start
[04:56:22.353] [bmv2] [D] [thread 4733] [18.0] [cxt 0] Pipeline 'egress': end
[04:56:22.354] [bmv2] [D] [thread 4733] [18.0] [cxt 0] Deparser 'deparser': start
[04:56:22.354] [bmv2] [T] [thread 4733] [18.0] [cxt 0] Skipping checksum 'cksum' update because condition not met
[04:56:22.354] [bmv2] [D] [thread 4733] [18.0] [cxt 0] Deparsing header 'ethernet'
[04:56:22.354] [bmv2] [D] [thread 4733] [18.0] [cxt 0] Deparser 'deparser': end
[04:56:22.354] [bmv2] [D] [thread 4737] [18.0] [cxt 0] Transmitting packet of size 107 out of port 0
[04:56:48.730] [bmv2] [D] [thread 4732] [19.0] [cxt 0] Processing packet received on port 1
[04:56:48.730] [bmv2] [D] [thread 4732] [19.0] [cxt 0] Parser 'parser': start
[04:56:48.730] [bmv2] [D] [thread 4732] [19.0] [cxt 0] Parser 'parser' entering state 'start'
[04:56:48.730] [bmv2] [D] [thread 4732] [19.0] [cxt 0] Extracting header 'ethernet'
[04:56:48.730] [bmv2] [D] [thread 4732] [19.0] [cxt 0] Parser state 'start': key is 1234
[04:56:48.730] [bmv2] [T] [thread 4732] [19.0] [cxt 0] Bytes parsed: 14
[04:56:48.730] [bmv2] [D] [thread 4732] [19.0] [cxt 0] Parser 'parser' entering state 'parse_response'
[04:56:48.730] [bmv2] [D] [thread 4732] [19.0] [cxt 0] Extracting to header stack 0, next header is 6
[04:56:48.730] [bmv2] [D] [thread 4732] [19.0] [cxt 0] Parser state 'parse_response': key is 01
[04:56:48.730] [bmv2] [T] [thread 4732] [19.0] [cxt 0] Bytes parsed: 19
[04:56:48.730] [bmv2] [D] [thread 4732] [19.0] [cxt 0] Parser 'parser' entering state 'parse_ipv4'
[04:56:48.730] [bmv2] [D] [thread 4732] [19.0] [cxt 0] Extracting header 'ipv4'
[04:56:48.730] [bmv2] [D] [thread 4732] [19.0] [cxt 0] Parser state 'parse_ipv4': key is fc
[04:56:48.730] [bmv2] [T] [thread 4732] [19.0] [cxt 0] Bytes parsed: 39
[04:56:48.730] [bmv2] [D] [thread 4732] [19.0] [cxt 0] Parser 'parser' entering state 'parse_kvsQuery'
[04:56:48.730] [bmv2] [D] [thread 4732] [19.0] [cxt 0] Extracting header 'kvsQuery'
[04:56:48.730] [bmv2] [D] [thread 4732] [19.0] [cxt 0] Parser state 'parse_kvsQuery': key is 06
[04:56:48.730] [bmv2] [T] [thread 4732] [19.0] [cxt 0] Bytes parsed: 53
[04:56:48.730] [bmv2] [D] [thread 4732] [19.0] [cxt 0] Parser 'parser' entering state 'parse_tcp'
[04:56:48.730] [bmv2] [D] [thread 4732] [19.0] [cxt 0] Extracting header 'tcp'
[04:56:48.730] [bmv2] [D] [thread 4732] [19.0] [cxt 0] Parser state 'parse_tcp' has no switch, going to default next state
[04:56:48.730] [bmv2] [T] [thread 4732] [19.0] [cxt 0] Bytes parsed: 73
[04:56:48.730] [bmv2] [D] [thread 4732] [19.0] [cxt 0] Parser 'parser': end
[04:56:48.730] [bmv2] [D] [thread 4732] [19.0] [cxt 0] Pipeline 'ingress': start
[04:56:48.730] [bmv2] [T] [thread 4732] [19.0] [cxt 0] ms2-2.p4(231) Condition "hdr.response[0].isValid()" (node_2) is true
[04:56:48.730] [bmv2] [T] [thread 4732] [19.0] [cxt 0] Applying table 'MyIngress.Ops'
[04:56:48.730] [bmv2] [D] [thread 4732] [19.0] [cxt 0] Looking up key:
* hdr.kvsQuery.queryType: 00
* hdr.kvsQuery.pingPong : 01

[04:56:48.730] [bmv2] [D] [thread 4732] [19.0] [cxt 0] Table 'MyIngress.Ops': miss
[04:56:48.730] [bmv2] [D] [thread 4732] [19.0] [cxt 0] Action entry is MyIngress.drop - 
[04:56:48.730] [bmv2] [T] [thread 4732] [19.0] [cxt 0] Action MyIngress.drop
[04:56:48.730] [bmv2] [T] [thread 4732] [19.0] [cxt 0] ms2-2.p4(177) Primitive mark_to_drop(standard_metadata)
[04:56:48.731] [bmv2] [T] [thread 4732] [19.0] [cxt 0] Applying table 'tbl_act'
[04:56:48.731] [bmv2] [D] [thread 4732] [19.0] [cxt 0] Looking up key:

[04:56:48.731] [bmv2] [D] [thread 4732] [19.0] [cxt 0] Table 'tbl_act': miss
[04:56:48.731] [bmv2] [D] [thread 4732] [19.0] [cxt 0] Action entry is act_0 - 
[04:56:48.731] [bmv2] [T] [thread 4732] [19.0] [cxt 0] Action act_0
[04:56:48.731] [bmv2] [T] [thread 4732] [19.0] [cxt 0] ms2-2.p4(234) Primitive hdr.kvsQuery.padding = 1
[04:56:48.731] [bmv2] [T] [thread 4732] [19.0] [cxt 0] ms2-2.p4(235) Primitive hdr.kvsQuery.switchID = 2
[04:56:48.731] [bmv2] [T] [thread 4732] [19.0] [cxt 0] ms2-2.p4(236) Condition "hdr.kvsQuery.pingPong == 1" (node_5) is true
[04:56:48.731] [bmv2] [T] [thread 4732] [19.0] [cxt 0] Applying table 'tbl_act_0'
[04:56:48.731] [bmv2] [D] [thread 4732] [19.0] [cxt 0] Looking up key:

[04:56:48.731] [bmv2] [D] [thread 4732] [19.0] [cxt 0] Table 'tbl_act_0': miss
[04:56:48.731] [bmv2] [D] [thread 4732] [19.0] [cxt 0] Action entry is act - 
[04:56:48.731] [bmv2] [T] [thread 4732] [19.0] [cxt 0] Action act
[04:56:48.731] [bmv2] [T] [thread 4732] [19.0] [cxt 0] ms2-2.p4(237) Primitive hdr.kvsQuery.pingPong = 2
[04:56:48.731] [bmv2] [T] [thread 4732] [19.0] [cxt 0] ms2-2.p4(240) Condition "hdr.kvsQuery.queryType == 2 && hdr.kvsQuery.pingPong != 2" (node_7) is false
[04:56:48.731] [bmv2] [T] [thread 4732] [19.0] [cxt 0] Applying table 'MyIngress.Forwarding'
[04:56:48.731] [bmv2] [D] [thread 4732] [19.0] [cxt 0] Looking up key:
* hdr.ipv4.dstAddr    : 0a000101

[04:56:48.731] [bmv2] [D] [thread 4732] [19.0] [cxt 0] Table 'MyIngress.Forwarding': hit with handle 0
[04:56:48.731] [bmv2] [D] [thread 4732] [19.0] [cxt 0] Dumping entry 0
Match key:
* hdr.ipv4.dstAddr    : LPM       0a000101/32
Action entry: MyIngress.set_nhop - a000101,1,

[04:56:48.731] [bmv2] [D] [thread 4732] [19.0] [cxt 0] Action entry is MyIngress.set_nhop - a000101,1,
[04:56:48.731] [bmv2] [T] [thread 4732] [19.0] [cxt 0] Action MyIngress.set_nhop
[04:56:48.731] [bmv2] [T] [thread 4732] [19.0] [cxt 0] ms2-2.p4(171) Primitive hdr.ipv4.dstAddr = nhop_ipv4
[04:56:48.731] [bmv2] [T] [thread 4732] [19.0] [cxt 0] ms2-2.p4(172) Primitive standard_metadata.egress_spec = port
[04:56:48.731] [bmv2] [D] [thread 4732] [19.0] [cxt 0] Pipeline 'ingress': end
[04:56:48.731] [bmv2] [D] [thread 4732] [19.0] [cxt 0] Egress port is 1
[04:56:48.731] [bmv2] [D] [thread 4734] [19.0] [cxt 0] Pipeline 'egress': start
[04:56:48.731] [bmv2] [D] [thread 4734] [19.0] [cxt 0] Pipeline 'egress': end
[04:56:48.731] [bmv2] [D] [thread 4734] [19.0] [cxt 0] Deparser 'deparser': start
[04:56:48.731] [bmv2] [D] [thread 4734] [19.0] [cxt 0] Updating checksum 'cksum'
[04:56:48.731] [bmv2] [D] [thread 4734] [19.0] [cxt 0] Deparsing header 'ethernet'
[04:56:48.731] [bmv2] [D] [thread 4734] [19.0] [cxt 0] Deparsing header 'response[0]'
[04:56:48.731] [bmv2] [D] [thread 4734] [19.0] [cxt 0] Deparsing header 'ipv4'
[04:56:48.731] [bmv2] [D] [thread 4734] [19.0] [cxt 0] Deparsing header 'kvsQuery'
[04:56:48.731] [bmv2] [D] [thread 4734] [19.0] [cxt 0] Deparsing header 'tcp'
[04:56:48.731] [bmv2] [D] [thread 4734] [19.0] [cxt 0] Deparser 'deparser': end
[04:56:48.731] [bmv2] [D] [thread 4737] [19.0] [cxt 0] Transmitting packet of size 76 out of port 1
[04:56:54.520] [bmv2] [D] [thread 4732] [20.0] [cxt 0] Processing packet received on port 1
[04:56:54.520] [bmv2] [D] [thread 4732] [20.0] [cxt 0] Parser 'parser': start
[04:56:54.520] [bmv2] [D] [thread 4732] [20.0] [cxt 0] Parser 'parser' entering state 'start'
[04:56:54.520] [bmv2] [D] [thread 4732] [20.0] [cxt 0] Extracting header 'ethernet'
[04:56:54.520] [bmv2] [D] [thread 4732] [20.0] [cxt 0] Parser state 'start': key is 86dd
[04:56:54.520] [bmv2] [T] [thread 4732] [20.0] [cxt 0] Bytes parsed: 14
[04:56:54.520] [bmv2] [D] [thread 4732] [20.0] [cxt 0] Parser 'parser': end
[04:56:54.520] [bmv2] [D] [thread 4732] [20.0] [cxt 0] Pipeline 'ingress': start
[04:56:54.520] [bmv2] [T] [thread 4732] [20.0] [cxt 0] ms2-2.p4(231) Condition "hdr.response[0].isValid()" (node_2) is false
[04:56:54.520] [bmv2] [D] [thread 4732] [20.0] [cxt 0] Pipeline 'ingress': end
[04:56:54.520] [bmv2] [D] [thread 4732] [20.0] [cxt 0] Egress port is 0
[04:56:54.520] [bmv2] [D] [thread 4733] [20.0] [cxt 0] Pipeline 'egress': start
[04:56:54.520] [bmv2] [D] [thread 4733] [20.0] [cxt 0] Pipeline 'egress': end
[04:56:54.520] [bmv2] [D] [thread 4733] [20.0] [cxt 0] Deparser 'deparser': start
[04:56:54.520] [bmv2] [T] [thread 4733] [20.0] [cxt 0] Skipping checksum 'cksum' update because condition not met
[04:56:54.520] [bmv2] [D] [thread 4733] [20.0] [cxt 0] Deparsing header 'ethernet'
[04:56:54.520] [bmv2] [D] [thread 4733] [20.0] [cxt 0] Deparser 'deparser': end
[04:56:54.521] [bmv2] [D] [thread 4737] [20.0] [cxt 0] Transmitting packet of size 107 out of port 0
[04:56:54.521] [bmv2] [D] [thread 4732] [21.0] [cxt 0] Processing packet received on port 1
[04:56:54.521] [bmv2] [D] [thread 4732] [21.0] [cxt 0] Parser 'parser': start
[04:56:54.521] [bmv2] [D] [thread 4732] [21.0] [cxt 0] Parser 'parser' entering state 'start'
[04:56:54.521] [bmv2] [D] [thread 4732] [21.0] [cxt 0] Extracting header 'ethernet'
[04:56:54.521] [bmv2] [D] [thread 4732] [21.0] [cxt 0] Parser state 'start': key is 86dd
[04:56:54.521] [bmv2] [T] [thread 4732] [21.0] [cxt 0] Bytes parsed: 14
[04:56:54.521] [bmv2] [D] [thread 4732] [21.0] [cxt 0] Parser 'parser': end
[04:56:54.521] [bmv2] [D] [thread 4732] [21.0] [cxt 0] Pipeline 'ingress': start
[04:56:54.521] [bmv2] [T] [thread 4732] [21.0] [cxt 0] ms2-2.p4(231) Condition "hdr.response[0].isValid()" (node_2) is false
[04:56:54.521] [bmv2] [D] [thread 4732] [21.0] [cxt 0] Pipeline 'ingress': end
[04:56:54.521] [bmv2] [D] [thread 4732] [21.0] [cxt 0] Egress port is 0
[04:56:54.521] [bmv2] [D] [thread 4733] [21.0] [cxt 0] Pipeline 'egress': start
[04:56:54.521] [bmv2] [D] [thread 4733] [21.0] [cxt 0] Pipeline 'egress': end
[04:56:54.521] [bmv2] [D] [thread 4733] [21.0] [cxt 0] Deparser 'deparser': start
[04:56:54.521] [bmv2] [T] [thread 4733] [21.0] [cxt 0] Skipping checksum 'cksum' update because condition not met
[04:56:54.521] [bmv2] [D] [thread 4733] [21.0] [cxt 0] Deparsing header 'ethernet'
[04:56:54.521] [bmv2] [D] [thread 4733] [21.0] [cxt 0] Deparser 'deparser': end
[04:56:54.521] [bmv2] [D] [thread 4737] [21.0] [cxt 0] Transmitting packet of size 107 out of port 0
[04:57:58.653] [bmv2] [D] [thread 4732] [22.0] [cxt 0] Processing packet received on port 1
[04:57:58.653] [bmv2] [D] [thread 4732] [22.0] [cxt 0] Parser 'parser': start
[04:57:58.653] [bmv2] [D] [thread 4732] [22.0] [cxt 0] Parser 'parser' entering state 'start'
[04:57:58.653] [bmv2] [D] [thread 4732] [22.0] [cxt 0] Extracting header 'ethernet'
[04:57:58.653] [bmv2] [D] [thread 4732] [22.0] [cxt 0] Parser state 'start': key is 86dd
[04:57:58.653] [bmv2] [T] [thread 4732] [22.0] [cxt 0] Bytes parsed: 14
[04:57:58.653] [bmv2] [D] [thread 4732] [22.0] [cxt 0] Parser 'parser': end
[04:57:58.653] [bmv2] [D] [thread 4732] [22.0] [cxt 0] Pipeline 'ingress': start
[04:57:58.653] [bmv2] [T] [thread 4732] [22.0] [cxt 0] ms2-2.p4(231) Condition "hdr.response[0].isValid()" (node_2) is false
[04:57:58.653] [bmv2] [D] [thread 4732] [22.0] [cxt 0] Pipeline 'ingress': end
[04:57:58.653] [bmv2] [D] [thread 4732] [22.0] [cxt 0] Egress port is 0
[04:57:58.653] [bmv2] [D] [thread 4732] [23.0] [cxt 0] Processing packet received on port 1
[04:57:58.653] [bmv2] [D] [thread 4732] [23.0] [cxt 0] Parser 'parser': start
[04:57:58.653] [bmv2] [D] [thread 4732] [23.0] [cxt 0] Parser 'parser' entering state 'start'
[04:57:58.654] [bmv2] [D] [thread 4732] [23.0] [cxt 0] Extracting header 'ethernet'
[04:57:58.654] [bmv2] [D] [thread 4732] [23.0] [cxt 0] Parser state 'start': key is 86dd
[04:57:58.654] [bmv2] [T] [thread 4732] [23.0] [cxt 0] Bytes parsed: 14
[04:57:58.654] [bmv2] [D] [thread 4732] [23.0] [cxt 0] Parser 'parser': end
[04:57:58.654] [bmv2] [D] [thread 4732] [23.0] [cxt 0] Pipeline 'ingress': start
[04:57:58.654] [bmv2] [T] [thread 4732] [23.0] [cxt 0] ms2-2.p4(231) Condition "hdr.response[0].isValid()" (node_2) is false
[04:57:58.654] [bmv2] [D] [thread 4732] [23.0] [cxt 0] Pipeline 'ingress': end
[04:57:58.654] [bmv2] [D] [thread 4732] [23.0] [cxt 0] Egress port is 0
[04:57:58.654] [bmv2] [D] [thread 4733] [22.0] [cxt 0] Pipeline 'egress': start
[04:57:58.654] [bmv2] [D] [thread 4733] [22.0] [cxt 0] Pipeline 'egress': end
[04:57:58.654] [bmv2] [D] [thread 4733] [22.0] [cxt 0] Deparser 'deparser': start
[04:57:58.654] [bmv2] [T] [thread 4733] [22.0] [cxt 0] Skipping checksum 'cksum' update because condition not met
[04:57:58.654] [bmv2] [D] [thread 4733] [22.0] [cxt 0] Deparsing header 'ethernet'
[04:57:58.654] [bmv2] [D] [thread 4733] [22.0] [cxt 0] Deparser 'deparser': end
[04:57:58.654] [bmv2] [D] [thread 4733] [23.0] [cxt 0] Pipeline 'egress': start
[04:57:58.654] [bmv2] [D] [thread 4733] [23.0] [cxt 0] Pipeline 'egress': end
[04:57:58.654] [bmv2] [D] [thread 4733] [23.0] [cxt 0] Deparser 'deparser': start
[04:57:58.654] [bmv2] [T] [thread 4733] [23.0] [cxt 0] Skipping checksum 'cksum' update because condition not met
[04:57:58.654] [bmv2] [D] [thread 4733] [23.0] [cxt 0] Deparsing header 'ethernet'
[04:57:58.654] [bmv2] [D] [thread 4733] [23.0] [cxt 0] Deparser 'deparser': end
[04:57:58.654] [bmv2] [D] [thread 4737] [22.0] [cxt 0] Transmitting packet of size 107 out of port 0
[04:57:58.654] [bmv2] [D] [thread 4737] [23.0] [cxt 0] Transmitting packet of size 107 out of port 0
[05:00:06.627] [bmv2] [D] [thread 4732] [24.0] [cxt 0] Processing packet received on port 1
[05:00:06.628] [bmv2] [D] [thread 4732] [24.0] [cxt 0] Parser 'parser': start
[05:00:06.628] [bmv2] [D] [thread 4732] [24.0] [cxt 0] Parser 'parser' entering state 'start'
[05:00:06.628] [bmv2] [D] [thread 4732] [24.0] [cxt 0] Extracting header 'ethernet'
[05:00:06.628] [bmv2] [D] [thread 4732] [24.0] [cxt 0] Parser state 'start': key is 86dd
[05:00:06.628] [bmv2] [T] [thread 4732] [24.0] [cxt 0] Bytes parsed: 14
[05:00:06.628] [bmv2] [D] [thread 4732] [24.0] [cxt 0] Parser 'parser': end
[05:00:06.628] [bmv2] [D] [thread 4732] [24.0] [cxt 0] Pipeline 'ingress': start
[05:00:06.628] [bmv2] [T] [thread 4732] [24.0] [cxt 0] ms2-2.p4(231) Condition "hdr.response[0].isValid()" (node_2) is false
[05:00:06.628] [bmv2] [D] [thread 4732] [24.0] [cxt 0] Pipeline 'ingress': end
[05:00:06.628] [bmv2] [D] [thread 4732] [24.0] [cxt 0] Egress port is 0
[05:00:06.628] [bmv2] [D] [thread 4733] [24.0] [cxt 0] Pipeline 'egress': start
[05:00:06.628] [bmv2] [D] [thread 4733] [24.0] [cxt 0] Pipeline 'egress': end
[05:00:06.628] [bmv2] [D] [thread 4733] [24.0] [cxt 0] Deparser 'deparser': start
[05:00:06.628] [bmv2] [T] [thread 4733] [24.0] [cxt 0] Skipping checksum 'cksum' update because condition not met
[05:00:06.628] [bmv2] [D] [thread 4733] [24.0] [cxt 0] Deparsing header 'ethernet'
[05:00:06.628] [bmv2] [D] [thread 4733] [24.0] [cxt 0] Deparser 'deparser': end
[05:00:06.628] [bmv2] [D] [thread 4737] [24.0] [cxt 0] Transmitting packet of size 107 out of port 0
[05:00:06.628] [bmv2] [D] [thread 4732] [25.0] [cxt 0] Processing packet received on port 1
[05:00:06.628] [bmv2] [D] [thread 4732] [25.0] [cxt 0] Parser 'parser': start
[05:00:06.628] [bmv2] [D] [thread 4732] [25.0] [cxt 0] Parser 'parser' entering state 'start'
[05:00:06.628] [bmv2] [D] [thread 4732] [25.0] [cxt 0] Extracting header 'ethernet'
[05:00:06.628] [bmv2] [D] [thread 4732] [25.0] [cxt 0] Parser state 'start': key is 86dd
[05:00:06.628] [bmv2] [T] [thread 4732] [25.0] [cxt 0] Bytes parsed: 14
[05:00:06.628] [bmv2] [D] [thread 4732] [25.0] [cxt 0] Parser 'parser': end
[05:00:06.628] [bmv2] [D] [thread 4732] [25.0] [cxt 0] Pipeline 'ingress': start
[05:00:06.628] [bmv2] [T] [thread 4732] [25.0] [cxt 0] ms2-2.p4(231) Condition "hdr.response[0].isValid()" (node_2) is false
[05:00:06.628] [bmv2] [D] [thread 4732] [25.0] [cxt 0] Pipeline 'ingress': end
[05:00:06.628] [bmv2] [D] [thread 4732] [25.0] [cxt 0] Egress port is 0
[05:00:06.628] [bmv2] [D] [thread 4733] [25.0] [cxt 0] Pipeline 'egress': start
[05:00:06.628] [bmv2] [D] [thread 4733] [25.0] [cxt 0] Pipeline 'egress': end
[05:00:06.628] [bmv2] [D] [thread 4733] [25.0] [cxt 0] Deparser 'deparser': start
[05:00:06.628] [bmv2] [T] [thread 4733] [25.0] [cxt 0] Skipping checksum 'cksum' update because condition not met
[05:00:06.628] [bmv2] [D] [thread 4733] [25.0] [cxt 0] Deparsing header 'ethernet'
[05:00:06.628] [bmv2] [D] [thread 4733] [25.0] [cxt 0] Deparser 'deparser': end
[05:00:06.628] [bmv2] [D] [thread 4737] [25.0] [cxt 0] Transmitting packet of size 107 out of port 0
open: No such file or directory
