Calling target program-options parser
Adding interface s1-eth1 as port 1
[06:38:43.128] [bmv2] [D] [thread 10847] Adding interface s1-eth1 as port 1
I1111 06:38:43.158677132   10847 server_builder.cc:247]      Synchronous server. Num CQs: 1, Min pollers: 1, Max Pollers: 2147483647, CQ timeout (msec): 1000
Server listening on 0.0.0.0:50052
[06:38:43.160] [bmv2] [I] [thread 10847] Starting Thrift server on port 9091
[06:38:43.161] [bmv2] [I] [thread 10847] Thrift server was started
New connection
P4Runtime SetForwardingPipelineConfig
[06:38:46.135] [bmv2] [W] [thread 10913] [P4Runtime] p4::tmp::P4DeviceConfig is deprecated
[06:38:46.143] [bmv2] [D] [thread 10913] Set default default entry for table 'MyIngress.Ops': NoAction - 
[06:38:46.143] [bmv2] [D] [thread 10913] Set default default entry for table 'tbl_act': act - 
[06:38:46.143] [bmv2] [D] [thread 10913] Set default default entry for table 'MyIngress.Pong': NoAction - 
[06:38:46.143] [bmv2] [D] [thread 10913] Set default default entry for table 'tbl_act_0': act_0 - 
[06:38:46.143] [bmv2] [D] [thread 10913] Set default default entry for table 'MyIngress.Forwarding': NoAction - 
P4Runtime Write
device_id: 1
election_id {
  low: 1
}
updates {
  type: MODIFY
  entity {
    table_entry {
      table_id: 33581078
      action {
        action {
          action_id: 16805608
        }
      }
      is_default_action: true
    }
  }
}
[06:38:46.221] [bmv2] [D] [thread 10914] Set default entry for table 'MyIngress.Ops': MyIngress.drop - 
P4Runtime Write
device_id: 1
election_id {
  low: 1
}
updates {
  type: INSERT
  entity {
    table_entry {
      table_id: 33581078
      match {
        field_id: 1
        exact {
          value: "\000"
        }
      }
      match {
        field_id: 2
        exact {
          value: "\000"
        }
      }
      action {
        action {
          action_id: 16810522
        }
      }
    }
  }
}
[06:38:46.287] [bmv2] [D] [thread 10914] Entry 0 added to table 'MyIngress.Ops'
[06:38:46.287] [bmv2] [D] [thread 10914] Dumping entry 0
Match key:
* hdr.kvsQuery.queryType: EXACT     00
* hdr.kvsQuery.pingPong : EXACT     00
Action entry: MyIngress.get - 

P4Runtime Write
device_id: 1
election_id {
  low: 1
}
updates {
  type: INSERT
  entity {
    table_entry {
      table_id: 33581078
      match {
        field_id: 1
        exact {
          value: "\001"
        }
      }
      match {
        field_id: 2
        exact {
          value: "\000"
        }
      }
      action {
        action {
          action_id: 16829933
        }
      }
    }
  }
}
[06:38:46.291] [bmv2] [D] [thread 10914] Entry 1 added to table 'MyIngress.Ops'
[06:38:46.291] [bmv2] [D] [thread 10914] Dumping entry 1
Match key:
* hdr.kvsQuery.queryType: EXACT     01
* hdr.kvsQuery.pingPong : EXACT     00
Action entry: MyIngress.put - 

P4Runtime Write
device_id: 1
election_id {
  low: 1
}
updates {
  type: INSERT
  entity {
    table_entry {
      table_id: 33581078
      match {
        field_id: 1
        exact {
          value: "\002"
        }
      }
      match {
        field_id: 2
        exact {
          value: "\000"
        }
      }
      action {
        action {
          action_id: 16813393
        }
      }
    }
  }
}
[06:38:46.295] [bmv2] [D] [thread 10914] Entry 2 added to table 'MyIngress.Ops'
[06:38:46.295] [bmv2] [D] [thread 10914] Dumping entry 2
Match key:
* hdr.kvsQuery.queryType: EXACT     02
* hdr.kvsQuery.pingPong : EXACT     00
Action entry: MyIngress.rangeGet - 

[06:38:46.296] [bmv2] [D] [thread 10920] [0.0] [cxt 0] Processing packet received on port 1
[06:38:46.296] [bmv2] [D] [thread 10920] [0.0] [cxt 0] Parser 'parser': start
[06:38:46.296] [bmv2] [D] [thread 10920] [0.0] [cxt 0] Parser 'parser' entering state 'start'
[06:38:46.296] [bmv2] [D] [thread 10920] [0.0] [cxt 0] Extracting header 'ethernet'
[06:38:46.296] [bmv2] [D] [thread 10920] [0.0] [cxt 0] Parser state 'start': key is 86dd
[06:38:46.296] [bmv2] [T] [thread 10920] [0.0] [cxt 0] Bytes parsed: 14
[06:38:46.296] [bmv2] [D] [thread 10920] [0.0] [cxt 0] Parser 'parser': end
[06:38:46.296] [bmv2] [D] [thread 10920] [0.0] [cxt 0] Pipeline 'ingress': start
[06:38:46.296] [bmv2] [T] [thread 10920] [0.0] [cxt 0] ms3-1.p4(245) Condition "hdr.ipv4.isValid() && hdr.ipv4.ttl > 0" (node_2) is false
[06:38:46.296] [bmv2] [D] [thread 10920] [0.0] [cxt 0] Pipeline 'ingress': end
[06:38:46.296] [bmv2] [D] [thread 10920] [0.0] [cxt 0] Egress port is 0
[06:38:46.296] [bmv2] [D] [thread 10921] [0.0] [cxt 0] Pipeline 'egress': start
[06:38:46.296] [bmv2] [D] [thread 10921] [0.0] [cxt 0] Pipeline 'egress': end
[06:38:46.296] [bmv2] [D] [thread 10921] [0.0] [cxt 0] Deparser 'deparser': start
[06:38:46.296] [bmv2] [T] [thread 10921] [0.0] [cxt 0] Skipping checksum 'cksum' update because condition not met
[06:38:46.296] [bmv2] [D] [thread 10921] [0.0] [cxt 0] Deparsing header 'ethernet'
[06:38:46.296] [bmv2] [D] [thread 10921] [0.0] [cxt 0] Deparser 'deparser': end
[06:38:46.296] [bmv2] [D] [thread 10925] [0.0] [cxt 0] Transmitting packet of size 78 out of port 0
[06:38:46.296] [bmv2] [D] [thread 10920] [1.0] [cxt 0] Processing packet received on port 1
[06:38:46.296] [bmv2] [D] [thread 10920] [1.0] [cxt 0] Parser 'parser': start
[06:38:46.296] [bmv2] [D] [thread 10920] [1.0] [cxt 0] Parser 'parser' entering state 'start'
[06:38:46.296] [bmv2] [D] [thread 10920] [1.0] [cxt 0] Extracting header 'ethernet'
[06:38:46.296] [bmv2] [D] [thread 10920] [1.0] [cxt 0] Parser state 'start': key is 86dd
[06:38:46.296] [bmv2] [T] [thread 10920] [1.0] [cxt 0] Bytes parsed: 14
[06:38:46.296] [bmv2] [D] [thread 10920] [1.0] [cxt 0] Parser 'parser': end
[06:38:46.296] [bmv2] [D] [thread 10920] [1.0] [cxt 0] Pipeline 'ingress': start
[06:38:46.296] [bmv2] [T] [thread 10920] [1.0] [cxt 0] ms3-1.p4(245) Condition "hdr.ipv4.isValid() && hdr.ipv4.ttl > 0" (node_2) is false
[06:38:46.296] [bmv2] [D] [thread 10920] [1.0] [cxt 0] Pipeline 'ingress': end
[06:38:46.296] [bmv2] [D] [thread 10920] [1.0] [cxt 0] Egress port is 0
[06:38:46.296] [bmv2] [D] [thread 10921] [1.0] [cxt 0] Pipeline 'egress': start
[06:38:46.296] [bmv2] [D] [thread 10921] [1.0] [cxt 0] Pipeline 'egress': end
[06:38:46.296] [bmv2] [D] [thread 10921] [1.0] [cxt 0] Deparser 'deparser': start
[06:38:46.296] [bmv2] [T] [thread 10921] [1.0] [cxt 0] Skipping checksum 'cksum' update because condition not met
[06:38:46.296] [bmv2] [D] [thread 10921] [1.0] [cxt 0] Deparsing header 'ethernet'
[06:38:46.296] [bmv2] [D] [thread 10921] [1.0] [cxt 0] Deparser 'deparser': end
[06:38:46.296] [bmv2] [D] [thread 10925] [1.0] [cxt 0] Transmitting packet of size 90 out of port 0
[06:38:46.296] [bmv2] [D] [thread 10920] [2.0] [cxt 0] Processing packet received on port 1
[06:38:46.296] [bmv2] [D] [thread 10920] [2.0] [cxt 0] Parser 'parser': start
[06:38:46.296] [bmv2] [D] [thread 10920] [2.0] [cxt 0] Parser 'parser' entering state 'start'
[06:38:46.296] [bmv2] [D] [thread 10920] [2.0] [cxt 0] Extracting header 'ethernet'
[06:38:46.296] [bmv2] [D] [thread 10920] [2.0] [cxt 0] Parser state 'start': key is 86dd
[06:38:46.296] [bmv2] [T] [thread 10920] [2.0] [cxt 0] Bytes parsed: 14
[06:38:46.296] [bmv2] [D] [thread 10920] [2.0] [cxt 0] Parser 'parser': end
[06:38:46.296] [bmv2] [D] [thread 10920] [2.0] [cxt 0] Pipeline 'ingress': start
[06:38:46.296] [bmv2] [T] [thread 10920] [2.0] [cxt 0] ms3-1.p4(245) Condition "hdr.ipv4.isValid() && hdr.ipv4.ttl > 0" (node_2) is false
[06:38:46.296] [bmv2] [D] [thread 10920] [2.0] [cxt 0] Pipeline 'ingress': end
[06:38:46.296] [bmv2] [D] [thread 10920] [2.0] [cxt 0] Egress port is 0
[06:38:46.296] [bmv2] [D] [thread 10921] [2.0] [cxt 0] Pipeline 'egress': start
[06:38:46.296] [bmv2] [D] [thread 10921] [2.0] [cxt 0] Pipeline 'egress': end
[06:38:46.296] [bmv2] [D] [thread 10921] [2.0] [cxt 0] Deparser 'deparser': start
[06:38:46.296] [bmv2] [T] [thread 10921] [2.0] [cxt 0] Skipping checksum 'cksum' update because condition not met
[06:38:46.296] [bmv2] [D] [thread 10921] [2.0] [cxt 0] Deparsing header 'ethernet'
[06:38:46.296] [bmv2] [D] [thread 10921] [2.0] [cxt 0] Deparser 'deparser': end
[06:38:46.296] [bmv2] [D] [thread 10925] [2.0] [cxt 0] Transmitting packet of size 70 out of port 0
[06:38:46.297] [bmv2] [D] [thread 10920] [3.0] [cxt 0] Processing packet received on port 1
[06:38:46.297] [bmv2] [D] [thread 10920] [3.0] [cxt 0] Parser 'parser': start
[06:38:46.297] [bmv2] [D] [thread 10920] [3.0] [cxt 0] Parser 'parser' entering state 'start'
[06:38:46.297] [bmv2] [D] [thread 10920] [3.0] [cxt 0] Extracting header 'ethernet'
[06:38:46.297] [bmv2] [D] [thread 10920] [3.0] [cxt 0] Parser state 'start': key is 86dd
[06:38:46.297] [bmv2] [T] [thread 10920] [3.0] [cxt 0] Bytes parsed: 14
[06:38:46.297] [bmv2] [D] [thread 10920] [3.0] [cxt 0] Parser 'parser': end
[06:38:46.297] [bmv2] [D] [thread 10920] [3.0] [cxt 0] Pipeline 'ingress': start
[06:38:46.297] [bmv2] [T] [thread 10920] [3.0] [cxt 0] ms3-1.p4(245) Condition "hdr.ipv4.isValid() && hdr.ipv4.ttl > 0" (node_2) is false
[06:38:46.297] [bmv2] [D] [thread 10920] [3.0] [cxt 0] Pipeline 'ingress': end
[06:38:46.297] [bmv2] [D] [thread 10920] [3.0] [cxt 0] Egress port is 0
[06:38:46.297] [bmv2] [D] [thread 10921] [3.0] [cxt 0] Pipeline 'egress': start
[06:38:46.297] [bmv2] [D] [thread 10921] [3.0] [cxt 0] Pipeline 'egress': end
[06:38:46.297] [bmv2] [D] [thread 10921] [3.0] [cxt 0] Deparser 'deparser': start
[06:38:46.297] [bmv2] [T] [thread 10921] [3.0] [cxt 0] Skipping checksum 'cksum' update because condition not met
[06:38:46.297] [bmv2] [D] [thread 10921] [3.0] [cxt 0] Deparsing header 'ethernet'
[06:38:46.297] [bmv2] [D] [thread 10921] [3.0] [cxt 0] Deparser 'deparser': end
[06:38:46.298] [bmv2] [D] [thread 10925] [3.0] [cxt 0] Transmitting packet of size 90 out of port 0
[06:38:46.298] [bmv2] [D] [thread 10920] [4.0] [cxt 0] Processing packet received on port 1
[06:38:46.298] [bmv2] [D] [thread 10920] [4.0] [cxt 0] Parser 'parser': start
[06:38:46.298] [bmv2] [D] [thread 10920] [4.0] [cxt 0] Parser 'parser' entering state 'start'
[06:38:46.298] [bmv2] [D] [thread 10920] [4.0] [cxt 0] Extracting header 'ethernet'
[06:38:46.298] [bmv2] [D] [thread 10920] [4.0] [cxt 0] Parser state 'start': key is 86dd
[06:38:46.298] [bmv2] [T] [thread 10920] [4.0] [cxt 0] Bytes parsed: 14
[06:38:46.298] [bmv2] [D] [thread 10920] [4.0] [cxt 0] Parser 'parser': end
[06:38:46.298] [bmv2] [D] [thread 10920] [4.0] [cxt 0] Pipeline 'ingress': start
[06:38:46.298] [bmv2] [T] [thread 10920] [4.0] [cxt 0] ms3-1.p4(245) Condition "hdr.ipv4.isValid() && hdr.ipv4.ttl > 0" (node_2) is false
[06:38:46.298] [bmv2] [D] [thread 10920] [4.0] [cxt 0] Pipeline 'ingress': end
[06:38:46.298] [bmv2] [D] [thread 10920] [4.0] [cxt 0] Egress port is 0
[06:38:46.298] [bmv2] [D] [thread 10921] [4.0] [cxt 0] Pipeline 'egress': start
[06:38:46.298] [bmv2] [D] [thread 10921] [4.0] [cxt 0] Pipeline 'egress': end
[06:38:46.298] [bmv2] [D] [thread 10921] [4.0] [cxt 0] Deparser 'deparser': start
[06:38:46.298] [bmv2] [T] [thread 10921] [4.0] [cxt 0] Skipping checksum 'cksum' update because condition not met
[06:38:46.298] [bmv2] [D] [thread 10921] [4.0] [cxt 0] Deparsing header 'ethernet'
[06:38:46.298] [bmv2] [D] [thread 10921] [4.0] [cxt 0] Deparser 'deparser': end
[06:38:46.298] [bmv2] [D] [thread 10925] [4.0] [cxt 0] Transmitting packet of size 208 out of port 0
[06:38:46.298] [bmv2] [D] [thread 10920] [5.0] [cxt 0] Processing packet received on port 1
[06:38:46.298] [bmv2] [D] [thread 10920] [5.0] [cxt 0] Parser 'parser': start
[06:38:46.298] [bmv2] [D] [thread 10920] [5.0] [cxt 0] Parser 'parser' entering state 'start'
[06:38:46.298] [bmv2] [D] [thread 10920] [5.0] [cxt 0] Extracting header 'ethernet'
[06:38:46.298] [bmv2] [D] [thread 10920] [5.0] [cxt 0] Parser state 'start': key is 86dd
[06:38:46.298] [bmv2] [T] [thread 10920] [5.0] [cxt 0] Bytes parsed: 14
[06:38:46.298] [bmv2] [D] [thread 10920] [5.0] [cxt 0] Parser 'parser': end
[06:38:46.298] [bmv2] [D] [thread 10920] [5.0] [cxt 0] Pipeline 'ingress': start
[06:38:46.298] [bmv2] [T] [thread 10920] [5.0] [cxt 0] ms3-1.p4(245) Condition "hdr.ipv4.isValid() && hdr.ipv4.ttl > 0" (node_2) is false
[06:38:46.298] [bmv2] [D] [thread 10920] [5.0] [cxt 0] Pipeline 'ingress': end
[06:38:46.298] [bmv2] [D] [thread 10920] [5.0] [cxt 0] Egress port is 0
[06:38:46.298] [bmv2] [D] [thread 10921] [5.0] [cxt 0] Pipeline 'egress': start
[06:38:46.298] [bmv2] [D] [thread 10921] [5.0] [cxt 0] Pipeline 'egress': end
[06:38:46.298] [bmv2] [D] [thread 10921] [5.0] [cxt 0] Deparser 'deparser': start
[06:38:46.298] [bmv2] [T] [thread 10921] [5.0] [cxt 0] Skipping checksum 'cksum' update because condition not met
[06:38:46.298] [bmv2] [D] [thread 10921] [5.0] [cxt 0] Deparsing header 'ethernet'
[06:38:46.298] [bmv2] [D] [thread 10921] [5.0] [cxt 0] Deparser 'deparser': end
[06:38:46.298] [bmv2] [D] [thread 10925] [5.0] [cxt 0] Transmitting packet of size 107 out of port 0
[06:38:46.298] [bmv2] [D] [thread 10920] [6.0] [cxt 0] Processing packet received on port 1
[06:38:46.298] [bmv2] [D] [thread 10920] [6.0] [cxt 0] Parser 'parser': start
[06:38:46.298] [bmv2] [D] [thread 10920] [6.0] [cxt 0] Parser 'parser' entering state 'start'
[06:38:46.298] [bmv2] [D] [thread 10920] [6.0] [cxt 0] Extracting header 'ethernet'
[06:38:46.298] [bmv2] [D] [thread 10920] [6.0] [cxt 0] Parser state 'start': key is 86dd
[06:38:46.298] [bmv2] [T] [thread 10920] [6.0] [cxt 0] Bytes parsed: 14
[06:38:46.298] [bmv2] [D] [thread 10920] [6.0] [cxt 0] Parser 'parser': end
[06:38:46.298] [bmv2] [D] [thread 10920] [6.0] [cxt 0] Pipeline 'ingress': start
[06:38:46.298] [bmv2] [T] [thread 10920] [6.0] [cxt 0] ms3-1.p4(245) Condition "hdr.ipv4.isValid() && hdr.ipv4.ttl > 0" (node_2) is false
[06:38:46.298] [bmv2] [D] [thread 10920] [6.0] [cxt 0] Pipeline 'ingress': end
[06:38:46.298] [bmv2] [D] [thread 10920] [6.0] [cxt 0] Egress port is 0
[06:38:46.298] [bmv2] [D] [thread 10921] [6.0] [cxt 0] Pipeline 'egress': start
[06:38:46.298] [bmv2] [D] [thread 10921] [6.0] [cxt 0] Pipeline 'egress': end
[06:38:46.298] [bmv2] [D] [thread 10921] [6.0] [cxt 0] Deparser 'deparser': start
[06:38:46.298] [bmv2] [T] [thread 10921] [6.0] [cxt 0] Skipping checksum 'cksum' update because condition not met
[06:38:46.298] [bmv2] [D] [thread 10921] [6.0] [cxt 0] Deparsing header 'ethernet'
[06:38:46.298] [bmv2] [D] [thread 10921] [6.0] [cxt 0] Deparser 'deparser': end
[06:38:46.298] [bmv2] [D] [thread 10925] [6.0] [cxt 0] Transmitting packet of size 90 out of port 0
P4Runtime Write
device_id: 1
election_id {
  low: 1
}
updates {
  type: INSERT
  entity {
    table_entry {
      table_id: 33560387
      match {
        field_id: 1
        lpm {
          value: "\n\000\001\001"
          prefix_len: 32
        }
      }
      action {
        action {
          action_id: 16826124
          params {
            param_id: 1
            value: "\n\000\001\001"
          }
          params {
            param_id: 2
            value: "\000\001"
          }
        }
      }
    }
  }
}
[06:38:46.349] [bmv2] [D] [thread 10914] Entry 0 added to table 'MyIngress.Forwarding'
[06:38:46.349] [bmv2] [D] [thread 10914] Dumping entry 0
Match key:
* hdr.ipv4.dstAddr    : LPM       0a000101/32
Action entry: MyIngress.set_nhop - a000101,1,

P4Runtime Write
device_id: 1
election_id {
  low: 1
}
updates {
  type: INSERT
  entity {
    table_entry {
      table_id: 33605580
      match {
        field_id: 1
        exact {
          value: "\001"
        }
      }
      action {
        action {
          action_id: 16842025
        }
      }
    }
  }
}
[06:38:46.352] [bmv2] [D] [thread 10914] Entry 0 added to table 'MyIngress.Pong'
[06:38:46.352] [bmv2] [D] [thread 10914] Dumping entry 0
Match key:
* hdr.kvsQuery.pingPong: EXACT     01
Action entry: MyIngress.setPong - 

P4Runtime Write
device_id: 1
election_id {
  low: 1
}
updates {
  type: INSERT
  entity {
    packet_replication_engine_entry {
      clone_session_entry {
        session_id: 1
        replicas {
          egress_port: 1
          instance: 1
        }
      }
    }
  }
}
[06:38:46.354] [bmv2] [D] [thread 10914] mgrp node created for mgid 32769
[06:38:46.354] [bmv2] [D] [thread 10914] node created for rid 1
[06:38:46.354] [bmv2] [D] [thread 10914] node associated with mgid 32769
Connection removed
[06:38:47.227] [bmv2] [D] [thread 10920] [7.0] [cxt 0] Processing packet received on port 1
[06:38:47.227] [bmv2] [D] [thread 10920] [7.0] [cxt 0] Parser 'parser': start
[06:38:47.227] [bmv2] [D] [thread 10920] [7.0] [cxt 0] Parser 'parser' entering state 'start'
[06:38:47.227] [bmv2] [D] [thread 10920] [7.0] [cxt 0] Extracting header 'ethernet'
[06:38:47.227] [bmv2] [D] [thread 10920] [7.0] [cxt 0] Parser state 'start': key is 86dd
[06:38:47.227] [bmv2] [T] [thread 10920] [7.0] [cxt 0] Bytes parsed: 14
[06:38:47.227] [bmv2] [D] [thread 10920] [7.0] [cxt 0] Parser 'parser': end
[06:38:47.227] [bmv2] [D] [thread 10920] [7.0] [cxt 0] Pipeline 'ingress': start
[06:38:47.227] [bmv2] [T] [thread 10920] [7.0] [cxt 0] ms3-1.p4(245) Condition "hdr.ipv4.isValid() && hdr.ipv4.ttl > 0" (node_2) is false
[06:38:47.227] [bmv2] [D] [thread 10920] [7.0] [cxt 0] Pipeline 'ingress': end
[06:38:47.227] [bmv2] [D] [thread 10920] [7.0] [cxt 0] Egress port is 0
[06:38:47.227] [bmv2] [D] [thread 10921] [7.0] [cxt 0] Pipeline 'egress': start
[06:38:47.227] [bmv2] [D] [thread 10921] [7.0] [cxt 0] Pipeline 'egress': end
[06:38:47.227] [bmv2] [D] [thread 10921] [7.0] [cxt 0] Deparser 'deparser': start
[06:38:47.227] [bmv2] [T] [thread 10921] [7.0] [cxt 0] Skipping checksum 'cksum' update because condition not met
[06:38:47.227] [bmv2] [D] [thread 10921] [7.0] [cxt 0] Deparsing header 'ethernet'
[06:38:47.227] [bmv2] [D] [thread 10921] [7.0] [cxt 0] Deparser 'deparser': end
[06:38:47.227] [bmv2] [D] [thread 10925] [7.0] [cxt 0] Transmitting packet of size 107 out of port 0
[06:38:48.005] [bmv2] [D] [thread 10920] [8.0] [cxt 0] Processing packet received on port 1
[06:38:48.005] [bmv2] [D] [thread 10920] [8.0] [cxt 0] Parser 'parser': start
[06:38:48.005] [bmv2] [D] [thread 10920] [8.0] [cxt 0] Parser 'parser' entering state 'start'
[06:38:48.005] [bmv2] [D] [thread 10920] [8.0] [cxt 0] Extracting header 'ethernet'
[06:38:48.005] [bmv2] [D] [thread 10920] [8.0] [cxt 0] Parser state 'start': key is 86dd
[06:38:48.005] [bmv2] [T] [thread 10920] [8.0] [cxt 0] Bytes parsed: 14
[06:38:48.005] [bmv2] [D] [thread 10920] [8.0] [cxt 0] Parser 'parser': end
[06:38:48.005] [bmv2] [D] [thread 10920] [8.0] [cxt 0] Pipeline 'ingress': start
[06:38:48.005] [bmv2] [T] [thread 10920] [8.0] [cxt 0] ms3-1.p4(245) Condition "hdr.ipv4.isValid() && hdr.ipv4.ttl > 0" (node_2) is false
[06:38:48.005] [bmv2] [D] [thread 10920] [8.0] [cxt 0] Pipeline 'ingress': end
[06:38:48.005] [bmv2] [D] [thread 10920] [8.0] [cxt 0] Egress port is 0
[06:38:48.006] [bmv2] [D] [thread 10921] [8.0] [cxt 0] Pipeline 'egress': start
[06:38:48.006] [bmv2] [D] [thread 10921] [8.0] [cxt 0] Pipeline 'egress': end
[06:38:48.006] [bmv2] [D] [thread 10921] [8.0] [cxt 0] Deparser 'deparser': start
[06:38:48.006] [bmv2] [T] [thread 10921] [8.0] [cxt 0] Skipping checksum 'cksum' update because condition not met
[06:38:48.006] [bmv2] [D] [thread 10921] [8.0] [cxt 0] Deparsing header 'ethernet'
[06:38:48.006] [bmv2] [D] [thread 10921] [8.0] [cxt 0] Deparser 'deparser': end
[06:38:48.006] [bmv2] [D] [thread 10925] [8.0] [cxt 0] Transmitting packet of size 196 out of port 0
[06:38:48.095] [bmv2] [D] [thread 10920] [9.0] [cxt 0] Processing packet received on port 1
[06:38:48.095] [bmv2] [D] [thread 10920] [9.0] [cxt 0] Parser 'parser': start
[06:38:48.095] [bmv2] [D] [thread 10920] [9.0] [cxt 0] Parser 'parser' entering state 'start'
[06:38:48.095] [bmv2] [D] [thread 10920] [9.0] [cxt 0] Extracting header 'ethernet'
[06:38:48.095] [bmv2] [D] [thread 10920] [9.0] [cxt 0] Parser state 'start': key is 86dd
[06:38:48.095] [bmv2] [T] [thread 10920] [9.0] [cxt 0] Bytes parsed: 14
[06:38:48.095] [bmv2] [D] [thread 10920] [9.0] [cxt 0] Parser 'parser': end
[06:38:48.095] [bmv2] [D] [thread 10920] [9.0] [cxt 0] Pipeline 'ingress': start
[06:38:48.095] [bmv2] [T] [thread 10920] [9.0] [cxt 0] ms3-1.p4(245) Condition "hdr.ipv4.isValid() && hdr.ipv4.ttl > 0" (node_2) is false
[06:38:48.095] [bmv2] [D] [thread 10920] [9.0] [cxt 0] Pipeline 'ingress': end
[06:38:48.095] [bmv2] [D] [thread 10920] [9.0] [cxt 0] Egress port is 0
[06:38:48.095] [bmv2] [D] [thread 10921] [9.0] [cxt 0] Pipeline 'egress': start
[06:38:48.095] [bmv2] [D] [thread 10921] [9.0] [cxt 0] Pipeline 'egress': end
[06:38:48.095] [bmv2] [D] [thread 10921] [9.0] [cxt 0] Deparser 'deparser': start
[06:38:48.095] [bmv2] [T] [thread 10921] [9.0] [cxt 0] Skipping checksum 'cksum' update because condition not met
[06:38:48.095] [bmv2] [D] [thread 10921] [9.0] [cxt 0] Deparsing header 'ethernet'
[06:38:48.095] [bmv2] [D] [thread 10921] [9.0] [cxt 0] Deparser 'deparser': end
[06:38:48.095] [bmv2] [D] [thread 10925] [9.0] [cxt 0] Transmitting packet of size 196 out of port 0
[06:38:48.138] [bmv2] [D] [thread 10920] [10.0] [cxt 0] Processing packet received on port 1
[06:38:48.138] [bmv2] [D] [thread 10920] [10.0] [cxt 0] Parser 'parser': start
[06:38:48.138] [bmv2] [D] [thread 10920] [10.0] [cxt 0] Parser 'parser' entering state 'start'
[06:38:48.138] [bmv2] [D] [thread 10920] [10.0] [cxt 0] Extracting header 'ethernet'
[06:38:48.138] [bmv2] [D] [thread 10920] [10.0] [cxt 0] Parser state 'start': key is 86dd
[06:38:48.138] [bmv2] [T] [thread 10920] [10.0] [cxt 0] Bytes parsed: 14
[06:38:48.138] [bmv2] [D] [thread 10920] [10.0] [cxt 0] Parser 'parser': end
[06:38:48.138] [bmv2] [D] [thread 10920] [10.0] [cxt 0] Pipeline 'ingress': start
[06:38:48.138] [bmv2] [T] [thread 10920] [10.0] [cxt 0] ms3-1.p4(245) Condition "hdr.ipv4.isValid() && hdr.ipv4.ttl > 0" (node_2) is false
[06:38:48.138] [bmv2] [D] [thread 10920] [10.0] [cxt 0] Pipeline 'ingress': end
[06:38:48.138] [bmv2] [D] [thread 10920] [10.0] [cxt 0] Egress port is 0
[06:38:48.138] [bmv2] [D] [thread 10921] [10.0] [cxt 0] Pipeline 'egress': start
[06:38:48.139] [bmv2] [D] [thread 10921] [10.0] [cxt 0] Pipeline 'egress': end
[06:38:48.139] [bmv2] [D] [thread 10921] [10.0] [cxt 0] Deparser 'deparser': start
[06:38:48.139] [bmv2] [T] [thread 10921] [10.0] [cxt 0] Skipping checksum 'cksum' update because condition not met
[06:38:48.139] [bmv2] [D] [thread 10921] [10.0] [cxt 0] Deparsing header 'ethernet'
[06:38:48.139] [bmv2] [D] [thread 10921] [10.0] [cxt 0] Deparser 'deparser': end
[06:38:48.139] [bmv2] [D] [thread 10925] [10.0] [cxt 0] Transmitting packet of size 70 out of port 0
[06:38:48.262] [bmv2] [D] [thread 10920] [11.0] [cxt 0] Processing packet received on port 1
[06:38:48.262] [bmv2] [D] [thread 10920] [11.0] [cxt 0] Parser 'parser': start
[06:38:48.262] [bmv2] [D] [thread 10920] [11.0] [cxt 0] Parser 'parser' entering state 'start'
[06:38:48.262] [bmv2] [D] [thread 10920] [11.0] [cxt 0] Extracting header 'ethernet'
[06:38:48.262] [bmv2] [D] [thread 10920] [11.0] [cxt 0] Parser state 'start': key is 86dd
[06:38:48.262] [bmv2] [T] [thread 10920] [11.0] [cxt 0] Bytes parsed: 14
[06:38:48.262] [bmv2] [D] [thread 10920] [11.0] [cxt 0] Parser 'parser': end
[06:38:48.262] [bmv2] [D] [thread 10920] [11.0] [cxt 0] Pipeline 'ingress': start
[06:38:48.262] [bmv2] [T] [thread 10920] [11.0] [cxt 0] ms3-1.p4(245) Condition "hdr.ipv4.isValid() && hdr.ipv4.ttl > 0" (node_2) is false
[06:38:48.262] [bmv2] [D] [thread 10920] [11.0] [cxt 0] Pipeline 'ingress': end
[06:38:48.262] [bmv2] [D] [thread 10920] [11.0] [cxt 0] Egress port is 0
[06:38:48.262] [bmv2] [D] [thread 10921] [11.0] [cxt 0] Pipeline 'egress': start
[06:38:48.262] [bmv2] [D] [thread 10921] [11.0] [cxt 0] Pipeline 'egress': end
[06:38:48.262] [bmv2] [D] [thread 10921] [11.0] [cxt 0] Deparser 'deparser': start
[06:38:48.262] [bmv2] [T] [thread 10921] [11.0] [cxt 0] Skipping checksum 'cksum' update because condition not met
[06:38:48.262] [bmv2] [D] [thread 10921] [11.0] [cxt 0] Deparsing header 'ethernet'
[06:38:48.262] [bmv2] [D] [thread 10921] [11.0] [cxt 0] Deparser 'deparser': end
[06:38:48.262] [bmv2] [D] [thread 10925] [11.0] [cxt 0] Transmitting packet of size 70 out of port 0
[06:38:51.227] [bmv2] [D] [thread 10920] [12.0] [cxt 0] Processing packet received on port 1
[06:38:51.227] [bmv2] [D] [thread 10920] [12.0] [cxt 0] Parser 'parser': start
[06:38:51.227] [bmv2] [D] [thread 10920] [12.0] [cxt 0] Parser 'parser' entering state 'start'
[06:38:51.227] [bmv2] [D] [thread 10920] [12.0] [cxt 0] Extracting header 'ethernet'
[06:38:51.227] [bmv2] [D] [thread 10920] [12.0] [cxt 0] Parser state 'start': key is 86dd
[06:38:51.227] [bmv2] [T] [thread 10920] [12.0] [cxt 0] Bytes parsed: 14
[06:38:51.227] [bmv2] [D] [thread 10920] [12.0] [cxt 0] Parser 'parser': end
[06:38:51.227] [bmv2] [D] [thread 10920] [12.0] [cxt 0] Pipeline 'ingress': start
[06:38:51.227] [bmv2] [T] [thread 10920] [12.0] [cxt 0] ms3-1.p4(245) Condition "hdr.ipv4.isValid() && hdr.ipv4.ttl > 0" (node_2) is false
[06:38:51.227] [bmv2] [D] [thread 10920] [12.0] [cxt 0] Pipeline 'ingress': end
[06:38:51.227] [bmv2] [D] [thread 10920] [12.0] [cxt 0] Egress port is 0
[06:38:51.228] [bmv2] [D] [thread 10921] [12.0] [cxt 0] Pipeline 'egress': start
[06:38:51.228] [bmv2] [D] [thread 10921] [12.0] [cxt 0] Pipeline 'egress': end
[06:38:51.228] [bmv2] [D] [thread 10921] [12.0] [cxt 0] Deparser 'deparser': start
[06:38:51.228] [bmv2] [T] [thread 10921] [12.0] [cxt 0] Skipping checksum 'cksum' update because condition not met
[06:38:51.228] [bmv2] [D] [thread 10921] [12.0] [cxt 0] Deparsing header 'ethernet'
[06:38:51.228] [bmv2] [D] [thread 10921] [12.0] [cxt 0] Deparser 'deparser': end
[06:38:51.228] [bmv2] [D] [thread 10925] [12.0] [cxt 0] Transmitting packet of size 107 out of port 0
[06:38:52.150] [bmv2] [D] [thread 10920] [13.0] [cxt 0] Processing packet received on port 1
[06:38:52.150] [bmv2] [D] [thread 10920] [13.0] [cxt 0] Parser 'parser': start
[06:38:52.150] [bmv2] [D] [thread 10920] [13.0] [cxt 0] Parser 'parser' entering state 'start'
[06:38:52.150] [bmv2] [D] [thread 10920] [13.0] [cxt 0] Extracting header 'ethernet'
[06:38:52.150] [bmv2] [D] [thread 10920] [13.0] [cxt 0] Parser state 'start': key is 86dd
[06:38:52.150] [bmv2] [T] [thread 10920] [13.0] [cxt 0] Bytes parsed: 14
[06:38:52.150] [bmv2] [D] [thread 10920] [13.0] [cxt 0] Parser 'parser': end
[06:38:52.150] [bmv2] [D] [thread 10920] [13.0] [cxt 0] Pipeline 'ingress': start
[06:38:52.150] [bmv2] [T] [thread 10920] [13.0] [cxt 0] ms3-1.p4(245) Condition "hdr.ipv4.isValid() && hdr.ipv4.ttl > 0" (node_2) is false
[06:38:52.150] [bmv2] [D] [thread 10920] [13.0] [cxt 0] Pipeline 'ingress': end
[06:38:52.150] [bmv2] [D] [thread 10920] [13.0] [cxt 0] Egress port is 0
[06:38:52.150] [bmv2] [D] [thread 10921] [13.0] [cxt 0] Pipeline 'egress': start
[06:38:52.150] [bmv2] [D] [thread 10921] [13.0] [cxt 0] Pipeline 'egress': end
[06:38:52.150] [bmv2] [D] [thread 10921] [13.0] [cxt 0] Deparser 'deparser': start
[06:38:52.150] [bmv2] [T] [thread 10921] [13.0] [cxt 0] Skipping checksum 'cksum' update because condition not met
[06:38:52.150] [bmv2] [D] [thread 10921] [13.0] [cxt 0] Deparsing header 'ethernet'
[06:38:52.150] [bmv2] [D] [thread 10921] [13.0] [cxt 0] Deparser 'deparser': end
[06:38:52.150] [bmv2] [D] [thread 10925] [13.0] [cxt 0] Transmitting packet of size 70 out of port 0
[06:38:52.269] [bmv2] [D] [thread 10920] [14.0] [cxt 0] Processing packet received on port 1
[06:38:52.269] [bmv2] [D] [thread 10920] [14.0] [cxt 0] Parser 'parser': start
[06:38:52.269] [bmv2] [D] [thread 10920] [14.0] [cxt 0] Parser 'parser' entering state 'start'
[06:38:52.269] [bmv2] [D] [thread 10920] [14.0] [cxt 0] Extracting header 'ethernet'
[06:38:52.269] [bmv2] [D] [thread 10920] [14.0] [cxt 0] Parser state 'start': key is 86dd
[06:38:52.269] [bmv2] [T] [thread 10920] [14.0] [cxt 0] Bytes parsed: 14
[06:38:52.269] [bmv2] [D] [thread 10920] [14.0] [cxt 0] Parser 'parser': end
[06:38:52.269] [bmv2] [D] [thread 10920] [14.0] [cxt 0] Pipeline 'ingress': start
[06:38:52.269] [bmv2] [T] [thread 10920] [14.0] [cxt 0] ms3-1.p4(245) Condition "hdr.ipv4.isValid() && hdr.ipv4.ttl > 0" (node_2) is false
[06:38:52.269] [bmv2] [D] [thread 10920] [14.0] [cxt 0] Pipeline 'ingress': end
[06:38:52.269] [bmv2] [D] [thread 10920] [14.0] [cxt 0] Egress port is 0
[06:38:52.269] [bmv2] [D] [thread 10921] [14.0] [cxt 0] Pipeline 'egress': start
[06:38:52.269] [bmv2] [D] [thread 10921] [14.0] [cxt 0] Pipeline 'egress': end
[06:38:52.269] [bmv2] [D] [thread 10921] [14.0] [cxt 0] Deparser 'deparser': start
[06:38:52.269] [bmv2] [T] [thread 10921] [14.0] [cxt 0] Skipping checksum 'cksum' update because condition not met
[06:38:52.269] [bmv2] [D] [thread 10921] [14.0] [cxt 0] Deparsing header 'ethernet'
[06:38:52.269] [bmv2] [D] [thread 10921] [14.0] [cxt 0] Deparser 'deparser': end
[06:38:52.269] [bmv2] [D] [thread 10925] [14.0] [cxt 0] Transmitting packet of size 70 out of port 0
[06:38:55.739] [bmv2] [D] [thread 10920] [15.0] [cxt 0] Processing packet received on port 1
[06:38:55.739] [bmv2] [D] [thread 10920] [15.0] [cxt 0] Parser 'parser': start
[06:38:55.739] [bmv2] [D] [thread 10920] [15.0] [cxt 0] Parser 'parser' entering state 'start'
[06:38:55.739] [bmv2] [D] [thread 10920] [15.0] [cxt 0] Extracting header 'ethernet'
[06:38:55.739] [bmv2] [D] [thread 10920] [15.0] [cxt 0] Parser state 'start': key is 0800
[06:38:55.739] [bmv2] [T] [thread 10920] [15.0] [cxt 0] Bytes parsed: 14
[06:38:55.739] [bmv2] [D] [thread 10920] [15.0] [cxt 0] Parser 'parser' entering state 'parse_ipv4'
[06:38:55.739] [bmv2] [D] [thread 10920] [15.0] [cxt 0] Extracting header 'ipv4'
[06:38:55.739] [bmv2] [D] [thread 10920] [15.0] [cxt 0] Parser state 'parse_ipv4': key is fc
[06:38:55.739] [bmv2] [T] [thread 10920] [15.0] [cxt 0] Bytes parsed: 34
[06:38:55.739] [bmv2] [D] [thread 10920] [15.0] [cxt 0] Parser 'parser' entering state 'parse_kvsQuery'
[06:38:55.739] [bmv2] [D] [thread 10920] [15.0] [cxt 0] Extracting header 'kvsQuery'
[06:38:55.739] [bmv2] [D] [thread 10920] [15.0] [cxt 0] Parser state 'parse_kvsQuery': key is 06
[06:38:55.739] [bmv2] [T] [thread 10920] [15.0] [cxt 0] Bytes parsed: 48
[06:38:55.739] [bmv2] [D] [thread 10920] [15.0] [cxt 0] Parser 'parser' entering state 'parse_tcp'
[06:38:55.739] [bmv2] [D] [thread 10920] [15.0] [cxt 0] Extracting header 'tcp'
[06:38:55.739] [bmv2] [D] [thread 10920] [15.0] [cxt 0] Parser state 'parse_tcp' has no switch, going to default next state
[06:38:55.739] [bmv2] [T] [thread 10920] [15.0] [cxt 0] Bytes parsed: 68
[06:38:55.739] [bmv2] [D] [thread 10920] [15.0] [cxt 0] Parser 'parser': end
[06:38:55.739] [bmv2] [D] [thread 10920] [15.0] [cxt 0] Pipeline 'ingress': start
[06:38:55.739] [bmv2] [T] [thread 10920] [15.0] [cxt 0] ms3-1.p4(245) Condition "hdr.ipv4.isValid() && hdr.ipv4.ttl > 0" (node_2) is true
[06:38:55.739] [bmv2] [T] [thread 10920] [15.0] [cxt 0] Applying table 'MyIngress.Ops'
[06:38:55.739] [bmv2] [D] [thread 10920] [15.0] [cxt 0] Looking up key:
* hdr.kvsQuery.queryType: 00
* hdr.kvsQuery.pingPong : 00

[06:38:55.739] [bmv2] [D] [thread 10920] [15.0] [cxt 0] Table 'MyIngress.Ops': hit with handle 0
[06:38:55.739] [bmv2] [D] [thread 10920] [15.0] [cxt 0] Dumping entry 0
Match key:
* hdr.kvsQuery.queryType: EXACT     00
* hdr.kvsQuery.pingPong : EXACT     00
Action entry: MyIngress.get - 

[06:38:55.739] [bmv2] [D] [thread 10920] [15.0] [cxt 0] Action entry is MyIngress.get - 
[06:38:55.739] [bmv2] [T] [thread 10920] [15.0] [cxt 0] Action MyIngress.get
[06:38:55.739] [bmv2] [T] [thread 10920] [15.0] [cxt 0] ms3-1.p4(184) Primitive database.read(hdr.response[0].value, hdr.kvsQuery.key)
[06:38:55.739] [bmv2] [T] [thread 10920] [15.0] [cxt 0] Read register 'MyIngress.database' at index 0 read value 0
[06:38:55.739] [bmv2] [T] [thread 10920] [15.0] [cxt 0] ms3-1.p4(185) Primitive isFilled.read(hdr.response[0].isNull, hdr.kvsQuery.key)
[06:38:55.739] [bmv2] [T] [thread 10920] [15.0] [cxt 0] Read register 'MyIngress.isFilled' at index 0 read value 0
[06:38:55.739] [bmv2] [T] [thread 10920] [15.0] [cxt 0] Applying table 'tbl_act'
[06:38:55.739] [bmv2] [D] [thread 10920] [15.0] [cxt 0] Looking up key:

[06:38:55.739] [bmv2] [D] [thread 10920] [15.0] [cxt 0] Table 'tbl_act': miss
[06:38:55.739] [bmv2] [D] [thread 10920] [15.0] [cxt 0] Action entry is act - 
[06:38:55.739] [bmv2] [T] [thread 10920] [15.0] [cxt 0] Action act
[06:38:55.739] [bmv2] [T] [thread 10920] [15.0] [cxt 0] ms3-1.p4(247) Primitive hdr.kvsQuery.padding = 1
[06:38:55.739] [bmv2] [T] [thread 10920] [15.0] [cxt 0] ms3-1.p4(248) Primitive hdr.kvsQuery.switchID = 1
[06:38:55.739] [bmv2] [T] [thread 10920] [15.0] [cxt 0] Applying table 'MyIngress.Pong'
[06:38:55.739] [bmv2] [D] [thread 10920] [15.0] [cxt 0] Looking up key:
* hdr.kvsQuery.pingPong: 00

[06:38:55.739] [bmv2] [D] [thread 10920] [15.0] [cxt 0] Table 'MyIngress.Pong': miss
[06:38:55.739] [bmv2] [D] [thread 10920] [15.0] [cxt 0] Action entry is NoAction - 
[06:38:55.739] [bmv2] [T] [thread 10920] [15.0] [cxt 0] Action NoAction
[06:38:55.739] [bmv2] [T] [thread 10920] [15.0] [cxt 0] ms3-1.p4(254) Condition "hdr.kvsQuery.queryType == 2" (node_6) is false
[06:38:55.739] [bmv2] [T] [thread 10920] [15.0] [cxt 0] Applying table 'MyIngress.Forwarding'
[06:38:55.739] [bmv2] [D] [thread 10920] [15.0] [cxt 0] Looking up key:
* hdr.ipv4.dstAddr    : 0a000101

[06:38:55.739] [bmv2] [D] [thread 10920] [15.0] [cxt 0] Table 'MyIngress.Forwarding': hit with handle 0
[06:38:55.739] [bmv2] [D] [thread 10920] [15.0] [cxt 0] Dumping entry 0
Match key:
* hdr.ipv4.dstAddr    : LPM       0a000101/32
Action entry: MyIngress.set_nhop - a000101,1,

[06:38:55.739] [bmv2] [D] [thread 10920] [15.0] [cxt 0] Action entry is MyIngress.set_nhop - a000101,1,
[06:38:55.739] [bmv2] [T] [thread 10920] [15.0] [cxt 0] Action MyIngress.set_nhop
[06:38:55.739] [bmv2] [T] [thread 10920] [15.0] [cxt 0] ms3-1.p4(172) Primitive hdr.ipv4.dstAddr = nhop_ipv4
[06:38:55.739] [bmv2] [T] [thread 10920] [15.0] [cxt 0] ms3-1.p4(173) Primitive standard_metadata.egress_spec = port
[06:38:55.739] [bmv2] [D] [thread 10920] [15.0] [cxt 0] Pipeline 'ingress': end
[06:38:55.739] [bmv2] [D] [thread 10920] [15.0] [cxt 0] Egress port is 1
[06:38:55.739] [bmv2] [D] [thread 10922] [15.0] [cxt 0] Pipeline 'egress': start
[06:38:55.739] [bmv2] [D] [thread 10922] [15.0] [cxt 0] Pipeline 'egress': end
[06:38:55.739] [bmv2] [D] [thread 10922] [15.0] [cxt 0] Deparser 'deparser': start
[06:38:55.739] [bmv2] [D] [thread 10922] [15.0] [cxt 0] Updating checksum 'cksum'
[06:38:55.739] [bmv2] [D] [thread 10922] [15.0] [cxt 0] Deparsing header 'ethernet'
[06:38:55.739] [bmv2] [D] [thread 10922] [15.0] [cxt 0] Deparsing header 'ipv4'
[06:38:55.739] [bmv2] [D] [thread 10922] [15.0] [cxt 0] Deparsing header 'kvsQuery'
[06:38:55.739] [bmv2] [D] [thread 10922] [15.0] [cxt 0] Deparsing header 'tcp'
[06:38:55.739] [bmv2] [D] [thread 10922] [15.0] [cxt 0] Deparser 'deparser': end
[06:38:55.739] [bmv2] [D] [thread 10925] [15.0] [cxt 0] Transmitting packet of size 76 out of port 1
[06:38:57.490] [bmv2] [D] [thread 10920] [16.0] [cxt 0] Processing packet received on port 1
[06:38:57.490] [bmv2] [D] [thread 10920] [16.0] [cxt 0] Parser 'parser': start
[06:38:57.490] [bmv2] [D] [thread 10920] [16.0] [cxt 0] Parser 'parser' entering state 'start'
[06:38:57.490] [bmv2] [D] [thread 10920] [16.0] [cxt 0] Extracting header 'ethernet'
[06:38:57.490] [bmv2] [D] [thread 10920] [16.0] [cxt 0] Parser state 'start': key is 0800
[06:38:57.490] [bmv2] [T] [thread 10920] [16.0] [cxt 0] Bytes parsed: 14
[06:38:57.490] [bmv2] [D] [thread 10920] [16.0] [cxt 0] Parser 'parser' entering state 'parse_ipv4'
[06:38:57.490] [bmv2] [D] [thread 10920] [16.0] [cxt 0] Extracting header 'ipv4'
[06:38:57.490] [bmv2] [D] [thread 10920] [16.0] [cxt 0] Parser state 'parse_ipv4': key is fc
[06:38:57.490] [bmv2] [T] [thread 10920] [16.0] [cxt 0] Bytes parsed: 34
[06:38:57.490] [bmv2] [D] [thread 10920] [16.0] [cxt 0] Parser 'parser' entering state 'parse_kvsQuery'
[06:38:57.490] [bmv2] [D] [thread 10920] [16.0] [cxt 0] Extracting header 'kvsQuery'
[06:38:57.490] [bmv2] [D] [thread 10920] [16.0] [cxt 0] Parser state 'parse_kvsQuery': key is 06
[06:38:57.490] [bmv2] [T] [thread 10920] [16.0] [cxt 0] Bytes parsed: 48
[06:38:57.490] [bmv2] [D] [thread 10920] [16.0] [cxt 0] Parser 'parser' entering state 'parse_tcp'
[06:38:57.490] [bmv2] [D] [thread 10920] [16.0] [cxt 0] Extracting header 'tcp'
[06:38:57.490] [bmv2] [D] [thread 10920] [16.0] [cxt 0] Parser state 'parse_tcp' has no switch, going to default next state
[06:38:57.490] [bmv2] [T] [thread 10920] [16.0] [cxt 0] Bytes parsed: 68
[06:38:57.490] [bmv2] [D] [thread 10920] [16.0] [cxt 0] Parser 'parser': end
[06:38:57.490] [bmv2] [D] [thread 10920] [16.0] [cxt 0] Pipeline 'ingress': start
[06:38:57.490] [bmv2] [T] [thread 10920] [16.0] [cxt 0] ms3-1.p4(245) Condition "hdr.ipv4.isValid() && hdr.ipv4.ttl > 0" (node_2) is true
[06:38:57.490] [bmv2] [T] [thread 10920] [16.0] [cxt 0] Applying table 'MyIngress.Ops'
[06:38:57.490] [bmv2] [D] [thread 10920] [16.0] [cxt 0] Looking up key:
* hdr.kvsQuery.queryType: 00
* hdr.kvsQuery.pingPong : 00

[06:38:57.490] [bmv2] [D] [thread 10920] [16.0] [cxt 0] Table 'MyIngress.Ops': hit with handle 0
[06:38:57.490] [bmv2] [D] [thread 10920] [16.0] [cxt 0] Dumping entry 0
Match key:
* hdr.kvsQuery.queryType: EXACT     00
* hdr.kvsQuery.pingPong : EXACT     00
Action entry: MyIngress.get - 

[06:38:57.490] [bmv2] [D] [thread 10920] [16.0] [cxt 0] Action entry is MyIngress.get - 
[06:38:57.490] [bmv2] [T] [thread 10920] [16.0] [cxt 0] Action MyIngress.get
[06:38:57.490] [bmv2] [T] [thread 10920] [16.0] [cxt 0] ms3-1.p4(184) Primitive database.read(hdr.response[0].value, hdr.kvsQuery.key)
[06:38:57.490] [bmv2] [T] [thread 10920] [16.0] [cxt 0] Read register 'MyIngress.database' at index 0 read value 0
[06:38:57.490] [bmv2] [T] [thread 10920] [16.0] [cxt 0] ms3-1.p4(185) Primitive isFilled.read(hdr.response[0].isNull, hdr.kvsQuery.key)
[06:38:57.490] [bmv2] [T] [thread 10920] [16.0] [cxt 0] Read register 'MyIngress.isFilled' at index 0 read value 0
[06:38:57.490] [bmv2] [T] [thread 10920] [16.0] [cxt 0] Applying table 'tbl_act'
[06:38:57.490] [bmv2] [D] [thread 10920] [16.0] [cxt 0] Looking up key:

[06:38:57.490] [bmv2] [D] [thread 10920] [16.0] [cxt 0] Table 'tbl_act': miss
[06:38:57.490] [bmv2] [D] [thread 10920] [16.0] [cxt 0] Action entry is act - 
[06:38:57.490] [bmv2] [T] [thread 10920] [16.0] [cxt 0] Action act
[06:38:57.490] [bmv2] [T] [thread 10920] [16.0] [cxt 0] ms3-1.p4(247) Primitive hdr.kvsQuery.padding = 1
[06:38:57.490] [bmv2] [T] [thread 10920] [16.0] [cxt 0] ms3-1.p4(248) Primitive hdr.kvsQuery.switchID = 1
[06:38:57.490] [bmv2] [T] [thread 10920] [16.0] [cxt 0] Applying table 'MyIngress.Pong'
[06:38:57.490] [bmv2] [D] [thread 10920] [16.0] [cxt 0] Looking up key:
* hdr.kvsQuery.pingPong: 00

[06:38:57.490] [bmv2] [D] [thread 10920] [16.0] [cxt 0] Table 'MyIngress.Pong': miss
[06:38:57.490] [bmv2] [D] [thread 10920] [16.0] [cxt 0] Action entry is NoAction - 
[06:38:57.490] [bmv2] [T] [thread 10920] [16.0] [cxt 0] Action NoAction
[06:38:57.490] [bmv2] [T] [thread 10920] [16.0] [cxt 0] ms3-1.p4(254) Condition "hdr.kvsQuery.queryType == 2" (node_6) is false
[06:38:57.490] [bmv2] [T] [thread 10920] [16.0] [cxt 0] Applying table 'MyIngress.Forwarding'
[06:38:57.490] [bmv2] [D] [thread 10920] [16.0] [cxt 0] Looking up key:
* hdr.ipv4.dstAddr    : 0a000101

[06:38:57.490] [bmv2] [D] [thread 10920] [16.0] [cxt 0] Table 'MyIngress.Forwarding': hit with handle 0
[06:38:57.490] [bmv2] [D] [thread 10920] [16.0] [cxt 0] Dumping entry 0
Match key:
* hdr.ipv4.dstAddr    : LPM       0a000101/32
Action entry: MyIngress.set_nhop - a000101,1,

[06:38:57.490] [bmv2] [D] [thread 10920] [16.0] [cxt 0] Action entry is MyIngress.set_nhop - a000101,1,
[06:38:57.490] [bmv2] [T] [thread 10920] [16.0] [cxt 0] Action MyIngress.set_nhop
[06:38:57.490] [bmv2] [T] [thread 10920] [16.0] [cxt 0] ms3-1.p4(172) Primitive hdr.ipv4.dstAddr = nhop_ipv4
[06:38:57.490] [bmv2] [T] [thread 10920] [16.0] [cxt 0] ms3-1.p4(173) Primitive standard_metadata.egress_spec = port
[06:38:57.490] [bmv2] [D] [thread 10920] [16.0] [cxt 0] Pipeline 'ingress': end
[06:38:57.490] [bmv2] [D] [thread 10920] [16.0] [cxt 0] Egress port is 1
[06:38:57.490] [bmv2] [D] [thread 10922] [16.0] [cxt 0] Pipeline 'egress': start
[06:38:57.490] [bmv2] [D] [thread 10922] [16.0] [cxt 0] Pipeline 'egress': end
[06:38:57.490] [bmv2] [D] [thread 10922] [16.0] [cxt 0] Deparser 'deparser': start
[06:38:57.490] [bmv2] [D] [thread 10922] [16.0] [cxt 0] Updating checksum 'cksum'
[06:38:57.490] [bmv2] [D] [thread 10922] [16.0] [cxt 0] Deparsing header 'ethernet'
[06:38:57.490] [bmv2] [D] [thread 10922] [16.0] [cxt 0] Deparsing header 'ipv4'
[06:38:57.490] [bmv2] [D] [thread 10922] [16.0] [cxt 0] Deparsing header 'kvsQuery'
[06:38:57.490] [bmv2] [D] [thread 10922] [16.0] [cxt 0] Deparsing header 'tcp'
[06:38:57.490] [bmv2] [D] [thread 10922] [16.0] [cxt 0] Deparser 'deparser': end
[06:38:57.490] [bmv2] [D] [thread 10925] [16.0] [cxt 0] Transmitting packet of size 76 out of port 1
[06:38:59.263] [bmv2] [D] [thread 10920] [17.0] [cxt 0] Processing packet received on port 1
[06:38:59.263] [bmv2] [D] [thread 10920] [17.0] [cxt 0] Parser 'parser': start
[06:38:59.263] [bmv2] [D] [thread 10920] [17.0] [cxt 0] Parser 'parser' entering state 'start'
[06:38:59.263] [bmv2] [D] [thread 10920] [17.0] [cxt 0] Extracting header 'ethernet'
[06:38:59.263] [bmv2] [D] [thread 10920] [17.0] [cxt 0] Parser state 'start': key is 86dd
[06:38:59.263] [bmv2] [T] [thread 10920] [17.0] [cxt 0] Bytes parsed: 14
[06:38:59.263] [bmv2] [D] [thread 10920] [17.0] [cxt 0] Parser 'parser': end
[06:38:59.263] [bmv2] [D] [thread 10920] [17.0] [cxt 0] Pipeline 'ingress': start
[06:38:59.263] [bmv2] [T] [thread 10920] [17.0] [cxt 0] ms3-1.p4(245) Condition "hdr.ipv4.isValid() && hdr.ipv4.ttl > 0" (node_2) is false
[06:38:59.263] [bmv2] [D] [thread 10920] [17.0] [cxt 0] Pipeline 'ingress': end
[06:38:59.263] [bmv2] [D] [thread 10920] [17.0] [cxt 0] Egress port is 0
[06:38:59.263] [bmv2] [D] [thread 10921] [17.0] [cxt 0] Pipeline 'egress': start
[06:38:59.264] [bmv2] [D] [thread 10921] [17.0] [cxt 0] Pipeline 'egress': end
[06:38:59.264] [bmv2] [D] [thread 10921] [17.0] [cxt 0] Deparser 'deparser': start
[06:38:59.264] [bmv2] [T] [thread 10921] [17.0] [cxt 0] Skipping checksum 'cksum' update because condition not met
[06:38:59.264] [bmv2] [D] [thread 10921] [17.0] [cxt 0] Deparsing header 'ethernet'
[06:38:59.264] [bmv2] [D] [thread 10921] [17.0] [cxt 0] Deparser 'deparser': end
[06:38:59.264] [bmv2] [D] [thread 10925] [17.0] [cxt 0] Transmitting packet of size 107 out of port 0
open: No such file or directory
