Calling target program-options parser
Adding interface s2-eth1 as port 1
[05:35:24.315] [bmv2] [D] [thread 5792] Adding interface s2-eth1 as port 1
I1115 05:35:24.339631268    5792 server_builder.cc:247]      Synchronous server. Num CQs: 1, Min pollers: 1, Max Pollers: 2147483647, CQ timeout (msec): 1000
Server listening on 0.0.0.0:50053
[05:35:24.343] [bmv2] [I] [thread 5792] Starting Thrift server on port 9092
[05:35:24.343] [bmv2] [I] [thread 5792] Thrift server was started
New connection
P4Runtime SetForwardingPipelineConfig
[05:35:26.917] [bmv2] [W] [thread 5832] [P4Runtime] p4::tmp::P4DeviceConfig is deprecated
[05:35:26.927] [bmv2] [D] [thread 5832] Set default default entry for table 'MyIngress.Ops': NoAction - 
[05:35:26.927] [bmv2] [D] [thread 5832] Set default default entry for table 'tbl_act': act_0 - 
[05:35:26.927] [bmv2] [D] [thread 5832] Set default default entry for table 'tbl_act_0': act - 
[05:35:26.927] [bmv2] [D] [thread 5832] Set default default entry for table 'tbl_act_1': act_1 - 
[05:35:26.927] [bmv2] [D] [thread 5832] Set default default entry for table 'MyIngress.Forwarding': NoAction - 
P4Runtime Write
device_id: 2
election_id {
  low: 1
}
updates {
  type: MODIFY
  entity {
    table_entry {
      table_id: 33581078
      action {
        action {
          action_id: 16805608
        }
      }
      is_default_action: true
    }
  }
}
[05:35:26.937] [bmv2] [D] [thread 5833] Set default entry for table 'MyIngress.Ops': MyIngress.drop - 
P4Runtime Write
device_id: 2
election_id {
  low: 1
}
updates {
  type: INSERT
  entity {
    table_entry {
      table_id: 33581078
      match {
        field_id: 1
        exact {
          value: "\000"
        }
      }
      match {
        field_id: 2
        exact {
          value: "\000"
        }
      }
      action {
        action {
          action_id: 16810522
        }
      }
    }
  }
}
[05:35:26.943] [bmv2] [D] [thread 5833] Entry 0 added to table 'MyIngress.Ops'
[05:35:26.943] [bmv2] [D] [thread 5833] Dumping entry 0
Match key:
* hdr.kvsQuery.queryType: EXACT     00
* hdr.kvsQuery.pingPong : EXACT     00
Action entry: MyIngress.get - 

P4Runtime Write
device_id: 2
election_id {
  low: 1
}
updates {
  type: INSERT
  entity {
    table_entry {
      table_id: 33581078
      match {
        field_id: 1
        exact {
          value: "\001"
        }
      }
      match {
        field_id: 2
        exact {
          value: "\000"
        }
      }
      action {
        action {
          action_id: 16829933
        }
      }
    }
  }
}
[05:35:26.945] [bmv2] [D] [thread 5833] Entry 1 added to table 'MyIngress.Ops'
[05:35:26.945] [bmv2] [D] [thread 5833] Dumping entry 1
Match key:
* hdr.kvsQuery.queryType: EXACT     01
* hdr.kvsQuery.pingPong : EXACT     00
Action entry: MyIngress.put - 

P4Runtime Write
device_id: 2
election_id {
  low: 1
}
updates {
  type: INSERT
  entity {
    table_entry {
      table_id: 33581078
      match {
        field_id: 1
        exact {
          value: "\002"
        }
      }
      match {
        field_id: 2
        exact {
          value: "\000"
        }
      }
      action {
        action {
          action_id: 16813393
        }
      }
    }
  }
}
[05:35:26.947] [bmv2] [D] [thread 5833] Entry 2 added to table 'MyIngress.Ops'
[05:35:26.947] [bmv2] [D] [thread 5833] Dumping entry 2
Match key:
* hdr.kvsQuery.queryType: EXACT     02
* hdr.kvsQuery.pingPong : EXACT     00
Action entry: MyIngress.rangeGet - 

P4Runtime Write
device_id: 2
election_id {
  low: 1
}
updates {
  type: INSERT
  entity {
    table_entry {
      table_id: 33560387
      match {
        field_id: 1
        lpm {
          value: "\n\000\001\001"
          prefix_len: 32
        }
      }
      action {
        action {
          action_id: 16826124
          params {
            param_id: 1
            value: "\n\000\001\001"
          }
          params {
            param_id: 2
            value: "\000\001"
          }
        }
      }
    }
  }
}
[05:35:26.949] [bmv2] [D] [thread 5833] Entry 0 added to table 'MyIngress.Forwarding'
[05:35:26.949] [bmv2] [D] [thread 5833] Dumping entry 0
Match key:
* hdr.ipv4.dstAddr    : LPM       0a000101/32
Action entry: MyIngress.set_nhop - a000101,1,

P4Runtime Write
device_id: 2
election_id {
  low: 1
}
updates {
  type: INSERT
  entity {
    packet_replication_engine_entry {
      clone_session_entry {
        session_id: 1
        replicas {
          egress_port: 1
          instance: 1
        }
      }
    }
  }
}
[05:35:26.950] [bmv2] [D] [thread 5833] mgrp node created for mgid 32769
[05:35:26.950] [bmv2] [D] [thread 5833] node created for rid 1
[05:35:26.950] [bmv2] [D] [thread 5833] node associated with mgid 32769
Connection removed
[05:35:26.983] [bmv2] [D] [thread 5842] [0.0] [cxt 0] Processing packet received on port 1
[05:35:26.983] [bmv2] [D] [thread 5842] [0.0] [cxt 0] Parser 'parser': start
[05:35:26.983] [bmv2] [D] [thread 5842] [0.0] [cxt 0] Parser 'parser' entering state 'start'
[05:35:26.983] [bmv2] [D] [thread 5842] [0.0] [cxt 0] Extracting header 'ethernet'
[05:35:26.983] [bmv2] [D] [thread 5842] [0.0] [cxt 0] Parser state 'start': key is 86dd
[05:35:26.983] [bmv2] [T] [thread 5842] [0.0] [cxt 0] Bytes parsed: 14
[05:35:26.983] [bmv2] [D] [thread 5842] [0.0] [cxt 0] Parser 'parser': end
[05:35:26.983] [bmv2] [D] [thread 5842] [0.0] [cxt 0] Pipeline 'ingress': start
[05:35:26.983] [bmv2] [T] [thread 5842] [0.0] [cxt 0] ms3-2.p4(235) Condition "hdr.response[0].isValid()" (node_2) is false
[05:35:26.983] [bmv2] [D] [thread 5842] [0.0] [cxt 0] Pipeline 'ingress': end
[05:35:26.983] [bmv2] [D] [thread 5842] [0.0] [cxt 0] Egress port is 0
[05:35:26.984] [bmv2] [D] [thread 5843] [0.0] [cxt 0] Pipeline 'egress': start
[05:35:26.984] [bmv2] [D] [thread 5843] [0.0] [cxt 0] Pipeline 'egress': end
[05:35:26.984] [bmv2] [D] [thread 5843] [0.0] [cxt 0] Deparser 'deparser': start
[05:35:26.984] [bmv2] [T] [thread 5843] [0.0] [cxt 0] Skipping checksum 'cksum' update because condition not met
[05:35:26.984] [bmv2] [D] [thread 5843] [0.0] [cxt 0] Deparsing header 'ethernet'
[05:35:26.984] [bmv2] [D] [thread 5843] [0.0] [cxt 0] Deparser 'deparser': end
[05:35:26.984] [bmv2] [D] [thread 5847] [0.0] [cxt 0] Transmitting packet of size 208 out of port 0
[05:35:26.984] [bmv2] [D] [thread 5842] [1.0] [cxt 0] Processing packet received on port 1
[05:35:26.984] [bmv2] [D] [thread 5842] [1.0] [cxt 0] Parser 'parser': start
[05:35:26.984] [bmv2] [D] [thread 5842] [1.0] [cxt 0] Parser 'parser' entering state 'start'
[05:35:26.984] [bmv2] [D] [thread 5842] [1.0] [cxt 0] Extracting header 'ethernet'
[05:35:26.984] [bmv2] [D] [thread 5842] [1.0] [cxt 0] Parser state 'start': key is 86dd
[05:35:26.984] [bmv2] [T] [thread 5842] [1.0] [cxt 0] Bytes parsed: 14
[05:35:26.984] [bmv2] [D] [thread 5842] [1.0] [cxt 0] Parser 'parser': end
[05:35:26.984] [bmv2] [D] [thread 5842] [1.0] [cxt 0] Pipeline 'ingress': start
[05:35:26.984] [bmv2] [T] [thread 5842] [1.0] [cxt 0] ms3-2.p4(235) Condition "hdr.response[0].isValid()" (node_2) is false
[05:35:26.984] [bmv2] [D] [thread 5842] [1.0] [cxt 0] Pipeline 'ingress': end
[05:35:26.984] [bmv2] [D] [thread 5842] [1.0] [cxt 0] Egress port is 0
[05:35:26.984] [bmv2] [D] [thread 5843] [1.0] [cxt 0] Pipeline 'egress': start
[05:35:26.984] [bmv2] [D] [thread 5843] [1.0] [cxt 0] Pipeline 'egress': end
[05:35:26.984] [bmv2] [D] [thread 5843] [1.0] [cxt 0] Deparser 'deparser': start
[05:35:26.984] [bmv2] [T] [thread 5843] [1.0] [cxt 0] Skipping checksum 'cksum' update because condition not met
[05:35:26.984] [bmv2] [D] [thread 5843] [1.0] [cxt 0] Deparsing header 'ethernet'
[05:35:26.984] [bmv2] [D] [thread 5843] [1.0] [cxt 0] Deparser 'deparser': end
[05:35:26.984] [bmv2] [D] [thread 5847] [1.0] [cxt 0] Transmitting packet of size 90 out of port 0
[05:35:26.993] [bmv2] [D] [thread 5842] [2.0] [cxt 0] Processing packet received on port 1
[05:35:26.993] [bmv2] [D] [thread 5842] [2.0] [cxt 0] Parser 'parser': start
[05:35:26.993] [bmv2] [D] [thread 5842] [2.0] [cxt 0] Parser 'parser' entering state 'start'
[05:35:26.993] [bmv2] [D] [thread 5842] [2.0] [cxt 0] Extracting header 'ethernet'
[05:35:26.994] [bmv2] [D] [thread 5842] [2.0] [cxt 0] Parser state 'start': key is 86dd
[05:35:26.994] [bmv2] [T] [thread 5842] [2.0] [cxt 0] Bytes parsed: 14
[05:35:26.994] [bmv2] [D] [thread 5842] [2.0] [cxt 0] Parser 'parser': end
[05:35:26.994] [bmv2] [D] [thread 5842] [2.0] [cxt 0] Pipeline 'ingress': start
[05:35:26.994] [bmv2] [T] [thread 5842] [2.0] [cxt 0] ms3-2.p4(235) Condition "hdr.response[0].isValid()" (node_2) is false
[05:35:26.994] [bmv2] [D] [thread 5842] [2.0] [cxt 0] Pipeline 'ingress': end
[05:35:26.994] [bmv2] [D] [thread 5842] [2.0] [cxt 0] Egress port is 0
[05:35:26.994] [bmv2] [D] [thread 5843] [2.0] [cxt 0] Pipeline 'egress': start
[05:35:26.994] [bmv2] [D] [thread 5843] [2.0] [cxt 0] Pipeline 'egress': end
[05:35:26.994] [bmv2] [D] [thread 5843] [2.0] [cxt 0] Deparser 'deparser': start
[05:35:26.994] [bmv2] [T] [thread 5843] [2.0] [cxt 0] Skipping checksum 'cksum' update because condition not met
[05:35:26.994] [bmv2] [D] [thread 5843] [2.0] [cxt 0] Deparsing header 'ethernet'
[05:35:26.994] [bmv2] [D] [thread 5843] [2.0] [cxt 0] Deparser 'deparser': end
[05:35:26.994] [bmv2] [D] [thread 5847] [2.0] [cxt 0] Transmitting packet of size 70 out of port 0
[05:35:26.994] [bmv2] [D] [thread 5842] [3.0] [cxt 0] Processing packet received on port 1
[05:35:26.994] [bmv2] [D] [thread 5842] [3.0] [cxt 0] Parser 'parser': start
[05:35:26.994] [bmv2] [D] [thread 5842] [3.0] [cxt 0] Parser 'parser' entering state 'start'
[05:35:26.994] [bmv2] [D] [thread 5842] [3.0] [cxt 0] Extracting header 'ethernet'
[05:35:26.994] [bmv2] [D] [thread 5842] [3.0] [cxt 0] Parser state 'start': key is 86dd
[05:35:26.994] [bmv2] [T] [thread 5842] [3.0] [cxt 0] Bytes parsed: 14
[05:35:26.994] [bmv2] [D] [thread 5842] [3.0] [cxt 0] Parser 'parser': end
[05:35:26.994] [bmv2] [D] [thread 5842] [3.0] [cxt 0] Pipeline 'ingress': start
[05:35:26.994] [bmv2] [T] [thread 5842] [3.0] [cxt 0] ms3-2.p4(235) Condition "hdr.response[0].isValid()" (node_2) is false
[05:35:26.994] [bmv2] [D] [thread 5842] [3.0] [cxt 0] Pipeline 'ingress': end
[05:35:26.994] [bmv2] [D] [thread 5842] [3.0] [cxt 0] Egress port is 0
[05:35:26.994] [bmv2] [D] [thread 5843] [3.0] [cxt 0] Pipeline 'egress': start
[05:35:26.994] [bmv2] [D] [thread 5843] [3.0] [cxt 0] Pipeline 'egress': end
[05:35:26.994] [bmv2] [D] [thread 5843] [3.0] [cxt 0] Deparser 'deparser': start
[05:35:26.994] [bmv2] [T] [thread 5843] [3.0] [cxt 0] Skipping checksum 'cksum' update because condition not met
[05:35:26.994] [bmv2] [D] [thread 5843] [3.0] [cxt 0] Deparsing header 'ethernet'
[05:35:26.994] [bmv2] [D] [thread 5843] [3.0] [cxt 0] Deparser 'deparser': end
[05:35:26.994] [bmv2] [D] [thread 5847] [3.0] [cxt 0] Transmitting packet of size 90 out of port 0
[05:35:26.994] [bmv2] [D] [thread 5842] [4.0] [cxt 0] Processing packet received on port 1
[05:35:26.994] [bmv2] [D] [thread 5842] [4.0] [cxt 0] Parser 'parser': start
[05:35:26.994] [bmv2] [D] [thread 5842] [4.0] [cxt 0] Parser 'parser' entering state 'start'
[05:35:26.994] [bmv2] [D] [thread 5842] [4.0] [cxt 0] Extracting header 'ethernet'
[05:35:26.994] [bmv2] [D] [thread 5842] [4.0] [cxt 0] Parser state 'start': key is 86dd
[05:35:26.994] [bmv2] [T] [thread 5842] [4.0] [cxt 0] Bytes parsed: 14
[05:35:26.994] [bmv2] [D] [thread 5842] [4.0] [cxt 0] Parser 'parser': end
[05:35:26.994] [bmv2] [D] [thread 5842] [4.0] [cxt 0] Pipeline 'ingress': start
[05:35:26.994] [bmv2] [T] [thread 5842] [4.0] [cxt 0] ms3-2.p4(235) Condition "hdr.response[0].isValid()" (node_2) is false
[05:35:26.994] [bmv2] [D] [thread 5842] [4.0] [cxt 0] Pipeline 'ingress': end
[05:35:26.994] [bmv2] [D] [thread 5842] [4.0] [cxt 0] Egress port is 0
[05:35:26.994] [bmv2] [D] [thread 5843] [4.0] [cxt 0] Pipeline 'egress': start
[05:35:26.994] [bmv2] [D] [thread 5843] [4.0] [cxt 0] Pipeline 'egress': end
[05:35:26.994] [bmv2] [D] [thread 5843] [4.0] [cxt 0] Deparser 'deparser': start
[05:35:26.994] [bmv2] [T] [thread 5843] [4.0] [cxt 0] Skipping checksum 'cksum' update because condition not met
[05:35:26.994] [bmv2] [D] [thread 5843] [4.0] [cxt 0] Deparsing header 'ethernet'
[05:35:26.994] [bmv2] [D] [thread 5843] [4.0] [cxt 0] Deparser 'deparser': end
[05:35:26.994] [bmv2] [D] [thread 5847] [4.0] [cxt 0] Transmitting packet of size 208 out of port 0
[05:35:26.994] [bmv2] [D] [thread 5842] [5.0] [cxt 0] Processing packet received on port 1
[05:35:26.994] [bmv2] [D] [thread 5842] [5.0] [cxt 0] Parser 'parser': start
[05:35:26.994] [bmv2] [D] [thread 5842] [5.0] [cxt 0] Parser 'parser' entering state 'start'
[05:35:26.994] [bmv2] [D] [thread 5842] [5.0] [cxt 0] Extracting header 'ethernet'
[05:35:26.994] [bmv2] [D] [thread 5842] [5.0] [cxt 0] Parser state 'start': key is 86dd
[05:35:26.994] [bmv2] [T] [thread 5842] [5.0] [cxt 0] Bytes parsed: 14
[05:35:26.994] [bmv2] [D] [thread 5842] [5.0] [cxt 0] Parser 'parser': end
[05:35:26.994] [bmv2] [D] [thread 5842] [5.0] [cxt 0] Pipeline 'ingress': start
[05:35:26.994] [bmv2] [T] [thread 5842] [5.0] [cxt 0] ms3-2.p4(235) Condition "hdr.response[0].isValid()" (node_2) is false
[05:35:26.994] [bmv2] [D] [thread 5842] [5.0] [cxt 0] Pipeline 'ingress': end
[05:35:26.994] [bmv2] [D] [thread 5842] [5.0] [cxt 0] Egress port is 0
[05:35:26.994] [bmv2] [D] [thread 5843] [5.0] [cxt 0] Pipeline 'egress': start
[05:35:26.994] [bmv2] [D] [thread 5843] [5.0] [cxt 0] Pipeline 'egress': end
[05:35:26.994] [bmv2] [D] [thread 5843] [5.0] [cxt 0] Deparser 'deparser': start
[05:35:26.994] [bmv2] [T] [thread 5843] [5.0] [cxt 0] Skipping checksum 'cksum' update because condition not met
[05:35:26.995] [bmv2] [D] [thread 5843] [5.0] [cxt 0] Deparsing header 'ethernet'
[05:35:26.995] [bmv2] [D] [thread 5843] [5.0] [cxt 0] Deparser 'deparser': end
[05:35:26.995] [bmv2] [D] [thread 5847] [5.0] [cxt 0] Transmitting packet of size 107 out of port 0
[05:35:26.995] [bmv2] [D] [thread 5842] [6.0] [cxt 0] Processing packet received on port 1
[05:35:27.123] [bmv2] [D] [thread 5842] [6.0] [cxt 0] Parser 'parser': start
[05:35:27.123] [bmv2] [D] [thread 5842] [6.0] [cxt 0] Parser 'parser' entering state 'start'
[05:35:27.123] [bmv2] [D] [thread 5842] [6.0] [cxt 0] Extracting header 'ethernet'
[05:35:27.123] [bmv2] [D] [thread 5842] [6.0] [cxt 0] Parser state 'start': key is 86dd
[05:35:27.123] [bmv2] [T] [thread 5842] [6.0] [cxt 0] Bytes parsed: 14
[05:35:27.123] [bmv2] [D] [thread 5842] [6.0] [cxt 0] Parser 'parser': end
[05:35:27.123] [bmv2] [D] [thread 5842] [6.0] [cxt 0] Pipeline 'ingress': start
[05:35:27.123] [bmv2] [T] [thread 5842] [6.0] [cxt 0] ms3-2.p4(235) Condition "hdr.response[0].isValid()" (node_2) is false
[05:35:27.123] [bmv2] [D] [thread 5842] [6.0] [cxt 0] Pipeline 'ingress': end
[05:35:27.123] [bmv2] [D] [thread 5842] [6.0] [cxt 0] Egress port is 0
[05:35:27.123] [bmv2] [D] [thread 5843] [6.0] [cxt 0] Pipeline 'egress': start
[05:35:27.123] [bmv2] [D] [thread 5843] [6.0] [cxt 0] Pipeline 'egress': end
[05:35:27.123] [bmv2] [D] [thread 5843] [6.0] [cxt 0] Deparser 'deparser': start
[05:35:27.123] [bmv2] [T] [thread 5843] [6.0] [cxt 0] Skipping checksum 'cksum' update because condition not met
[05:35:27.123] [bmv2] [D] [thread 5843] [6.0] [cxt 0] Deparsing header 'ethernet'
[05:35:27.123] [bmv2] [D] [thread 5843] [6.0] [cxt 0] Deparser 'deparser': end
[05:35:27.123] [bmv2] [D] [thread 5847] [6.0] [cxt 0] Transmitting packet of size 110 out of port 0
[05:35:27.152] [bmv2] [D] [thread 5842] [7.0] [cxt 0] Processing packet received on port 1
[05:35:27.152] [bmv2] [D] [thread 5842] [7.0] [cxt 0] Parser 'parser': start
[05:35:27.152] [bmv2] [D] [thread 5842] [7.0] [cxt 0] Parser 'parser' entering state 'start'
[05:35:27.152] [bmv2] [D] [thread 5842] [7.0] [cxt 0] Extracting header 'ethernet'
[05:35:27.152] [bmv2] [D] [thread 5842] [7.0] [cxt 0] Parser state 'start': key is 86dd
[05:35:27.152] [bmv2] [T] [thread 5842] [7.0] [cxt 0] Bytes parsed: 14
[05:35:27.152] [bmv2] [D] [thread 5842] [7.0] [cxt 0] Parser 'parser': end
[05:35:27.152] [bmv2] [D] [thread 5842] [7.0] [cxt 0] Pipeline 'ingress': start
[05:35:27.152] [bmv2] [T] [thread 5842] [7.0] [cxt 0] ms3-2.p4(235) Condition "hdr.response[0].isValid()" (node_2) is false
[05:35:27.152] [bmv2] [D] [thread 5842] [7.0] [cxt 0] Pipeline 'ingress': end
[05:35:27.152] [bmv2] [D] [thread 5842] [7.0] [cxt 0] Egress port is 0
[05:35:27.152] [bmv2] [D] [thread 5843] [7.0] [cxt 0] Pipeline 'egress': start
[05:35:27.152] [bmv2] [D] [thread 5843] [7.0] [cxt 0] Pipeline 'egress': end
[05:35:27.152] [bmv2] [D] [thread 5843] [7.0] [cxt 0] Deparser 'deparser': start
[05:35:27.152] [bmv2] [T] [thread 5843] [7.0] [cxt 0] Skipping checksum 'cksum' update because condition not met
[05:35:27.152] [bmv2] [D] [thread 5843] [7.0] [cxt 0] Deparsing header 'ethernet'
[05:35:27.152] [bmv2] [D] [thread 5843] [7.0] [cxt 0] Deparser 'deparser': end
[05:35:27.152] [bmv2] [D] [thread 5847] [7.0] [cxt 0] Transmitting packet of size 196 out of port 0
[05:35:27.363] [bmv2] [D] [thread 5842] [8.0] [cxt 0] Processing packet received on port 1
[05:35:27.363] [bmv2] [D] [thread 5842] [8.0] [cxt 0] Parser 'parser': start
[05:35:27.363] [bmv2] [D] [thread 5842] [8.0] [cxt 0] Parser 'parser' entering state 'start'
[05:35:27.363] [bmv2] [D] [thread 5842] [8.0] [cxt 0] Extracting header 'ethernet'
[05:35:27.363] [bmv2] [D] [thread 5842] [8.0] [cxt 0] Parser state 'start': key is 86dd
[05:35:27.363] [bmv2] [T] [thread 5842] [8.0] [cxt 0] Bytes parsed: 14
[05:35:27.363] [bmv2] [D] [thread 5842] [8.0] [cxt 0] Parser 'parser': end
[05:35:27.363] [bmv2] [D] [thread 5842] [8.0] [cxt 0] Pipeline 'ingress': start
[05:35:27.363] [bmv2] [T] [thread 5842] [8.0] [cxt 0] ms3-2.p4(235) Condition "hdr.response[0].isValid()" (node_2) is false
[05:35:27.363] [bmv2] [D] [thread 5842] [8.0] [cxt 0] Pipeline 'ingress': end
[05:35:27.363] [bmv2] [D] [thread 5842] [8.0] [cxt 0] Egress port is 0
[05:35:27.363] [bmv2] [D] [thread 5843] [8.0] [cxt 0] Pipeline 'egress': start
[05:35:27.363] [bmv2] [D] [thread 5843] [8.0] [cxt 0] Pipeline 'egress': end
[05:35:27.363] [bmv2] [D] [thread 5843] [8.0] [cxt 0] Deparser 'deparser': start
[05:35:27.363] [bmv2] [T] [thread 5843] [8.0] [cxt 0] Skipping checksum 'cksum' update because condition not met
[05:35:27.363] [bmv2] [D] [thread 5843] [8.0] [cxt 0] Deparsing header 'ethernet'
[05:35:27.363] [bmv2] [D] [thread 5843] [8.0] [cxt 0] Deparser 'deparser': end
[05:35:27.363] [bmv2] [D] [thread 5847] [8.0] [cxt 0] Transmitting packet of size 107 out of port 0
[05:35:27.864] [bmv2] [D] [thread 5842] [9.0] [cxt 0] Processing packet received on port 1
[05:35:27.864] [bmv2] [D] [thread 5842] [9.0] [cxt 0] Parser 'parser': start
[05:35:27.864] [bmv2] [D] [thread 5842] [9.0] [cxt 0] Parser 'parser' entering state 'start'
[05:35:27.864] [bmv2] [D] [thread 5842] [9.0] [cxt 0] Extracting header 'ethernet'
[05:35:27.864] [bmv2] [D] [thread 5842] [9.0] [cxt 0] Parser state 'start': key is 86dd
[05:35:27.864] [bmv2] [T] [thread 5842] [9.0] [cxt 0] Bytes parsed: 14
[05:35:27.864] [bmv2] [D] [thread 5842] [9.0] [cxt 0] Parser 'parser': end
[05:35:27.864] [bmv2] [D] [thread 5842] [9.0] [cxt 0] Pipeline 'ingress': start
[05:35:27.864] [bmv2] [T] [thread 5842] [9.0] [cxt 0] ms3-2.p4(235) Condition "hdr.response[0].isValid()" (node_2) is false
[05:35:27.864] [bmv2] [D] [thread 5842] [9.0] [cxt 0] Pipeline 'ingress': end
[05:35:27.864] [bmv2] [D] [thread 5842] [9.0] [cxt 0] Egress port is 0
[05:35:27.864] [bmv2] [D] [thread 5843] [9.0] [cxt 0] Pipeline 'egress': start
[05:35:27.864] [bmv2] [D] [thread 5843] [9.0] [cxt 0] Pipeline 'egress': end
[05:35:27.864] [bmv2] [D] [thread 5843] [9.0] [cxt 0] Deparser 'deparser': start
[05:35:27.864] [bmv2] [T] [thread 5843] [9.0] [cxt 0] Skipping checksum 'cksum' update because condition not met
[05:35:27.864] [bmv2] [D] [thread 5843] [9.0] [cxt 0] Deparsing header 'ethernet'
[05:35:27.864] [bmv2] [D] [thread 5843] [9.0] [cxt 0] Deparser 'deparser': end
[05:35:27.864] [bmv2] [D] [thread 5847] [9.0] [cxt 0] Transmitting packet of size 107 out of port 0
[05:35:28.240] [bmv2] [D] [thread 5842] [10.0] [cxt 0] Processing packet received on port 1
[05:35:28.240] [bmv2] [D] [thread 5842] [10.0] [cxt 0] Parser 'parser': start
[05:35:28.240] [bmv2] [D] [thread 5842] [10.0] [cxt 0] Parser 'parser' entering state 'start'
[05:35:28.240] [bmv2] [D] [thread 5842] [10.0] [cxt 0] Extracting header 'ethernet'
[05:35:28.240] [bmv2] [D] [thread 5842] [10.0] [cxt 0] Parser state 'start': key is 86dd
[05:35:28.240] [bmv2] [T] [thread 5842] [10.0] [cxt 0] Bytes parsed: 14
[05:35:28.241] [bmv2] [D] [thread 5842] [10.0] [cxt 0] Parser 'parser': end
[05:35:28.241] [bmv2] [D] [thread 5842] [10.0] [cxt 0] Pipeline 'ingress': start
[05:35:28.241] [bmv2] [T] [thread 5842] [10.0] [cxt 0] ms3-2.p4(235) Condition "hdr.response[0].isValid()" (node_2) is false
[05:35:28.241] [bmv2] [D] [thread 5842] [10.0] [cxt 0] Pipeline 'ingress': end
[05:35:28.241] [bmv2] [D] [thread 5842] [10.0] [cxt 0] Egress port is 0
[05:35:28.241] [bmv2] [D] [thread 5843] [10.0] [cxt 0] Pipeline 'egress': start
[05:35:28.241] [bmv2] [D] [thread 5843] [10.0] [cxt 0] Pipeline 'egress': end
[05:35:28.241] [bmv2] [D] [thread 5843] [10.0] [cxt 0] Deparser 'deparser': start
[05:35:28.241] [bmv2] [T] [thread 5843] [10.0] [cxt 0] Skipping checksum 'cksum' update because condition not met
[05:35:28.241] [bmv2] [D] [thread 5843] [10.0] [cxt 0] Deparsing header 'ethernet'
[05:35:28.241] [bmv2] [D] [thread 5843] [10.0] [cxt 0] Deparser 'deparser': end
[05:35:28.241] [bmv2] [D] [thread 5847] [10.0] [cxt 0] Transmitting packet of size 70 out of port 0
[05:35:28.667] [bmv2] [D] [thread 5842] [11.0] [cxt 0] Processing packet received on port 1
[05:35:28.667] [bmv2] [D] [thread 5842] [11.0] [cxt 0] Parser 'parser': start
[05:35:28.667] [bmv2] [D] [thread 5842] [11.0] [cxt 0] Parser 'parser' entering state 'start'
[05:35:28.667] [bmv2] [D] [thread 5842] [11.0] [cxt 0] Extracting header 'ethernet'
[05:35:28.667] [bmv2] [D] [thread 5842] [11.0] [cxt 0] Parser state 'start': key is 86dd
[05:35:28.667] [bmv2] [T] [thread 5842] [11.0] [cxt 0] Bytes parsed: 14
[05:35:28.667] [bmv2] [D] [thread 5842] [11.0] [cxt 0] Parser 'parser': end
[05:35:28.667] [bmv2] [D] [thread 5842] [11.0] [cxt 0] Pipeline 'ingress': start
[05:35:28.667] [bmv2] [T] [thread 5842] [11.0] [cxt 0] ms3-2.p4(235) Condition "hdr.response[0].isValid()" (node_2) is false
[05:35:28.667] [bmv2] [D] [thread 5842] [11.0] [cxt 0] Pipeline 'ingress': end
[05:35:28.667] [bmv2] [D] [thread 5842] [11.0] [cxt 0] Egress port is 0
[05:35:28.667] [bmv2] [D] [thread 5843] [11.0] [cxt 0] Pipeline 'egress': start
[05:35:28.667] [bmv2] [D] [thread 5843] [11.0] [cxt 0] Pipeline 'egress': end
[05:35:28.667] [bmv2] [D] [thread 5843] [11.0] [cxt 0] Deparser 'deparser': start
[05:35:28.667] [bmv2] [T] [thread 5843] [11.0] [cxt 0] Skipping checksum 'cksum' update because condition not met
[05:35:28.667] [bmv2] [D] [thread 5843] [11.0] [cxt 0] Deparsing header 'ethernet'
[05:35:28.667] [bmv2] [D] [thread 5843] [11.0] [cxt 0] Deparser 'deparser': end
[05:35:28.667] [bmv2] [D] [thread 5847] [11.0] [cxt 0] Transmitting packet of size 196 out of port 0
[05:35:28.767] [bmv2] [D] [thread 5842] [12.0] [cxt 0] Processing packet received on port 1
[05:35:28.767] [bmv2] [D] [thread 5842] [12.0] [cxt 0] Parser 'parser': start
[05:35:28.767] [bmv2] [D] [thread 5842] [12.0] [cxt 0] Parser 'parser' entering state 'start'
[05:35:28.767] [bmv2] [D] [thread 5842] [12.0] [cxt 0] Extracting header 'ethernet'
[05:35:28.767] [bmv2] [D] [thread 5842] [12.0] [cxt 0] Parser state 'start': key is 86dd
[05:35:28.767] [bmv2] [T] [thread 5842] [12.0] [cxt 0] Bytes parsed: 14
[05:35:28.767] [bmv2] [D] [thread 5842] [12.0] [cxt 0] Parser 'parser': end
[05:35:28.767] [bmv2] [D] [thread 5842] [12.0] [cxt 0] Pipeline 'ingress': start
[05:35:28.767] [bmv2] [T] [thread 5842] [12.0] [cxt 0] ms3-2.p4(235) Condition "hdr.response[0].isValid()" (node_2) is false
[05:35:28.767] [bmv2] [D] [thread 5842] [12.0] [cxt 0] Pipeline 'ingress': end
[05:35:28.767] [bmv2] [D] [thread 5842] [12.0] [cxt 0] Egress port is 0
[05:35:28.769] [bmv2] [D] [thread 5843] [12.0] [cxt 0] Pipeline 'egress': start
[05:35:28.769] [bmv2] [D] [thread 5843] [12.0] [cxt 0] Pipeline 'egress': end
[05:35:28.769] [bmv2] [D] [thread 5843] [12.0] [cxt 0] Deparser 'deparser': start
[05:35:28.769] [bmv2] [T] [thread 5843] [12.0] [cxt 0] Skipping checksum 'cksum' update because condition not met
[05:35:28.769] [bmv2] [D] [thread 5843] [12.0] [cxt 0] Deparsing header 'ethernet'
[05:35:28.769] [bmv2] [D] [thread 5843] [12.0] [cxt 0] Deparser 'deparser': end
[05:35:28.772] [bmv2] [D] [thread 5847] [12.0] [cxt 0] Transmitting packet of size 70 out of port 0
[05:35:29.209] [bmv2] [D] [thread 5842] [13.0] [cxt 0] Processing packet received on port 1
[05:35:29.209] [bmv2] [D] [thread 5842] [13.0] [cxt 0] Parser 'parser': start
[05:35:29.209] [bmv2] [D] [thread 5842] [13.0] [cxt 0] Parser 'parser' entering state 'start'
[05:35:29.209] [bmv2] [D] [thread 5842] [13.0] [cxt 0] Extracting header 'ethernet'
[05:35:29.209] [bmv2] [D] [thread 5842] [13.0] [cxt 0] Parser state 'start': key is 86dd
[05:35:29.209] [bmv2] [T] [thread 5842] [13.0] [cxt 0] Bytes parsed: 14
[05:35:29.209] [bmv2] [D] [thread 5842] [13.0] [cxt 0] Parser 'parser': end
[05:35:29.209] [bmv2] [D] [thread 5842] [13.0] [cxt 0] Pipeline 'ingress': start
[05:35:29.209] [bmv2] [T] [thread 5842] [13.0] [cxt 0] ms3-2.p4(235) Condition "hdr.response[0].isValid()" (node_2) is false
[05:35:29.209] [bmv2] [D] [thread 5842] [13.0] [cxt 0] Pipeline 'ingress': end
[05:35:29.209] [bmv2] [D] [thread 5842] [13.0] [cxt 0] Egress port is 0
[05:35:29.209] [bmv2] [D] [thread 5843] [13.0] [cxt 0] Pipeline 'egress': start
[05:35:29.209] [bmv2] [D] [thread 5843] [13.0] [cxt 0] Pipeline 'egress': end
[05:35:29.209] [bmv2] [D] [thread 5843] [13.0] [cxt 0] Deparser 'deparser': start
[05:35:29.209] [bmv2] [T] [thread 5843] [13.0] [cxt 0] Skipping checksum 'cksum' update because condition not met
[05:35:29.209] [bmv2] [D] [thread 5843] [13.0] [cxt 0] Deparsing header 'ethernet'
[05:35:29.209] [bmv2] [D] [thread 5843] [13.0] [cxt 0] Deparser 'deparser': end
[05:35:29.210] [bmv2] [D] [thread 5847] [13.0] [cxt 0] Transmitting packet of size 196 out of port 0
[05:35:31.359] [bmv2] [D] [thread 5842] [14.0] [cxt 0] Processing packet received on port 1
[05:35:31.359] [bmv2] [D] [thread 5842] [14.0] [cxt 0] Parser 'parser': start
[05:35:31.359] [bmv2] [D] [thread 5842] [14.0] [cxt 0] Parser 'parser' entering state 'start'
[05:35:31.359] [bmv2] [D] [thread 5842] [14.0] [cxt 0] Extracting header 'ethernet'
[05:35:31.359] [bmv2] [D] [thread 5842] [14.0] [cxt 0] Parser state 'start': key is 86dd
[05:35:31.359] [bmv2] [T] [thread 5842] [14.0] [cxt 0] Bytes parsed: 14
[05:35:31.359] [bmv2] [D] [thread 5842] [14.0] [cxt 0] Parser 'parser': end
[05:35:31.359] [bmv2] [D] [thread 5842] [14.0] [cxt 0] Pipeline 'ingress': start
[05:35:31.359] [bmv2] [T] [thread 5842] [14.0] [cxt 0] ms3-2.p4(235) Condition "hdr.response[0].isValid()" (node_2) is false
[05:35:31.359] [bmv2] [D] [thread 5842] [14.0] [cxt 0] Pipeline 'ingress': end
[05:35:31.359] [bmv2] [D] [thread 5842] [14.0] [cxt 0] Egress port is 0
[05:35:31.359] [bmv2] [D] [thread 5843] [14.0] [cxt 0] Pipeline 'egress': start
[05:35:31.359] [bmv2] [D] [thread 5843] [14.0] [cxt 0] Pipeline 'egress': end
[05:35:31.359] [bmv2] [D] [thread 5843] [14.0] [cxt 0] Deparser 'deparser': start
[05:35:31.359] [bmv2] [T] [thread 5843] [14.0] [cxt 0] Skipping checksum 'cksum' update because condition not met
[05:35:31.359] [bmv2] [D] [thread 5843] [14.0] [cxt 0] Deparsing header 'ethernet'
[05:35:31.359] [bmv2] [D] [thread 5843] [14.0] [cxt 0] Deparser 'deparser': end
[05:35:31.360] [bmv2] [D] [thread 5847] [14.0] [cxt 0] Transmitting packet of size 107 out of port 0
[05:35:31.888] [bmv2] [D] [thread 5842] [15.0] [cxt 0] Processing packet received on port 1
[05:35:31.888] [bmv2] [D] [thread 5842] [15.0] [cxt 0] Parser 'parser': start
[05:35:31.888] [bmv2] [D] [thread 5842] [15.0] [cxt 0] Parser 'parser' entering state 'start'
[05:35:31.888] [bmv2] [D] [thread 5842] [15.0] [cxt 0] Extracting header 'ethernet'
[05:35:31.888] [bmv2] [D] [thread 5842] [15.0] [cxt 0] Parser state 'start': key is 86dd
[05:35:31.888] [bmv2] [T] [thread 5842] [15.0] [cxt 0] Bytes parsed: 14
[05:35:31.888] [bmv2] [D] [thread 5842] [15.0] [cxt 0] Parser 'parser': end
[05:35:31.888] [bmv2] [D] [thread 5842] [15.0] [cxt 0] Pipeline 'ingress': start
[05:35:31.888] [bmv2] [T] [thread 5842] [15.0] [cxt 0] ms3-2.p4(235) Condition "hdr.response[0].isValid()" (node_2) is false
[05:35:31.888] [bmv2] [D] [thread 5842] [15.0] [cxt 0] Pipeline 'ingress': end
[05:35:31.888] [bmv2] [D] [thread 5842] [15.0] [cxt 0] Egress port is 0
[05:35:31.889] [bmv2] [D] [thread 5843] [15.0] [cxt 0] Pipeline 'egress': start
[05:35:31.889] [bmv2] [D] [thread 5843] [15.0] [cxt 0] Pipeline 'egress': end
[05:35:31.889] [bmv2] [D] [thread 5843] [15.0] [cxt 0] Deparser 'deparser': start
[05:35:31.889] [bmv2] [T] [thread 5843] [15.0] [cxt 0] Skipping checksum 'cksum' update because condition not met
[05:35:31.889] [bmv2] [D] [thread 5843] [15.0] [cxt 0] Deparsing header 'ethernet'
[05:35:31.889] [bmv2] [D] [thread 5843] [15.0] [cxt 0] Deparser 'deparser': end
[05:35:31.889] [bmv2] [D] [thread 5847] [15.0] [cxt 0] Transmitting packet of size 107 out of port 0
[05:35:32.248] [bmv2] [D] [thread 5842] [16.0] [cxt 0] Processing packet received on port 1
[05:35:32.249] [bmv2] [D] [thread 5842] [16.0] [cxt 0] Parser 'parser': start
[05:35:32.249] [bmv2] [D] [thread 5842] [16.0] [cxt 0] Parser 'parser' entering state 'start'
[05:35:32.249] [bmv2] [D] [thread 5842] [16.0] [cxt 0] Extracting header 'ethernet'
[05:35:32.249] [bmv2] [D] [thread 5842] [16.0] [cxt 0] Parser state 'start': key is 86dd
[05:35:32.249] [bmv2] [T] [thread 5842] [16.0] [cxt 0] Bytes parsed: 14
[05:35:32.249] [bmv2] [D] [thread 5842] [16.0] [cxt 0] Parser 'parser': end
[05:35:32.249] [bmv2] [D] [thread 5842] [16.0] [cxt 0] Pipeline 'ingress': start
[05:35:32.249] [bmv2] [T] [thread 5842] [16.0] [cxt 0] ms3-2.p4(235) Condition "hdr.response[0].isValid()" (node_2) is false
[05:35:32.249] [bmv2] [D] [thread 5842] [16.0] [cxt 0] Pipeline 'ingress': end
[05:35:32.249] [bmv2] [D] [thread 5842] [16.0] [cxt 0] Egress port is 0
[05:35:32.250] [bmv2] [D] [thread 5843] [16.0] [cxt 0] Pipeline 'egress': start
[05:35:32.250] [bmv2] [D] [thread 5843] [16.0] [cxt 0] Pipeline 'egress': end
[05:35:32.250] [bmv2] [D] [thread 5843] [16.0] [cxt 0] Deparser 'deparser': start
[05:35:32.250] [bmv2] [T] [thread 5843] [16.0] [cxt 0] Skipping checksum 'cksum' update because condition not met
[05:35:32.250] [bmv2] [D] [thread 5843] [16.0] [cxt 0] Deparsing header 'ethernet'
[05:35:32.251] [bmv2] [D] [thread 5843] [16.0] [cxt 0] Deparser 'deparser': end
[05:35:32.252] [bmv2] [D] [thread 5847] [16.0] [cxt 0] Transmitting packet of size 70 out of port 0
[05:35:32.780] [bmv2] [D] [thread 5842] [17.0] [cxt 0] Processing packet received on port 1
[05:35:32.780] [bmv2] [D] [thread 5842] [17.0] [cxt 0] Parser 'parser': start
[05:35:32.780] [bmv2] [D] [thread 5842] [17.0] [cxt 0] Parser 'parser' entering state 'start'
[05:35:32.780] [bmv2] [D] [thread 5842] [17.0] [cxt 0] Extracting header 'ethernet'
[05:35:32.780] [bmv2] [D] [thread 5842] [17.0] [cxt 0] Parser state 'start': key is 86dd
[05:35:32.780] [bmv2] [T] [thread 5842] [17.0] [cxt 0] Bytes parsed: 14
[05:35:32.780] [bmv2] [D] [thread 5842] [17.0] [cxt 0] Parser 'parser': end
[05:35:32.781] [bmv2] [D] [thread 5842] [17.0] [cxt 0] Pipeline 'ingress': start
[05:35:32.781] [bmv2] [T] [thread 5842] [17.0] [cxt 0] ms3-2.p4(235) Condition "hdr.response[0].isValid()" (node_2) is false
[05:35:32.781] [bmv2] [D] [thread 5842] [17.0] [cxt 0] Pipeline 'ingress': end
[05:35:32.781] [bmv2] [D] [thread 5842] [17.0] [cxt 0] Egress port is 0
[05:35:32.782] [bmv2] [D] [thread 5843] [17.0] [cxt 0] Pipeline 'egress': start
[05:35:32.782] [bmv2] [D] [thread 5843] [17.0] [cxt 0] Pipeline 'egress': end
[05:35:32.782] [bmv2] [D] [thread 5843] [17.0] [cxt 0] Deparser 'deparser': start
[05:35:32.782] [bmv2] [T] [thread 5843] [17.0] [cxt 0] Skipping checksum 'cksum' update because condition not met
[05:35:32.782] [bmv2] [D] [thread 5843] [17.0] [cxt 0] Deparsing header 'ethernet'
[05:35:32.782] [bmv2] [D] [thread 5843] [17.0] [cxt 0] Deparser 'deparser': end
[05:35:32.782] [bmv2] [D] [thread 5847] [17.0] [cxt 0] Transmitting packet of size 70 out of port 0
[05:35:39.362] [bmv2] [D] [thread 5842] [18.0] [cxt 0] Processing packet received on port 1
[05:35:39.362] [bmv2] [D] [thread 5842] [18.0] [cxt 0] Parser 'parser': start
[05:35:39.362] [bmv2] [D] [thread 5842] [18.0] [cxt 0] Parser 'parser' entering state 'start'
[05:35:39.362] [bmv2] [D] [thread 5842] [18.0] [cxt 0] Extracting header 'ethernet'
[05:35:39.362] [bmv2] [D] [thread 5842] [18.0] [cxt 0] Parser state 'start': key is 86dd
[05:35:39.362] [bmv2] [T] [thread 5842] [18.0] [cxt 0] Bytes parsed: 14
[05:35:39.362] [bmv2] [D] [thread 5842] [18.0] [cxt 0] Parser 'parser': end
[05:35:39.362] [bmv2] [D] [thread 5842] [18.0] [cxt 0] Pipeline 'ingress': start
[05:35:39.362] [bmv2] [T] [thread 5842] [18.0] [cxt 0] ms3-2.p4(235) Condition "hdr.response[0].isValid()" (node_2) is false
[05:35:39.362] [bmv2] [D] [thread 5842] [18.0] [cxt 0] Pipeline 'ingress': end
[05:35:39.362] [bmv2] [D] [thread 5842] [18.0] [cxt 0] Egress port is 0
[05:35:39.363] [bmv2] [D] [thread 5843] [18.0] [cxt 0] Pipeline 'egress': start
[05:35:39.363] [bmv2] [D] [thread 5843] [18.0] [cxt 0] Pipeline 'egress': end
[05:35:39.363] [bmv2] [D] [thread 5843] [18.0] [cxt 0] Deparser 'deparser': start
[05:35:39.363] [bmv2] [T] [thread 5843] [18.0] [cxt 0] Skipping checksum 'cksum' update because condition not met
[05:35:39.363] [bmv2] [D] [thread 5843] [18.0] [cxt 0] Deparsing header 'ethernet'
[05:35:39.363] [bmv2] [D] [thread 5843] [18.0] [cxt 0] Deparser 'deparser': end
[05:35:39.363] [bmv2] [D] [thread 5847] [18.0] [cxt 0] Transmitting packet of size 107 out of port 0
[05:35:39.869] [bmv2] [D] [thread 5842] [19.0] [cxt 0] Processing packet received on port 1
[05:35:39.869] [bmv2] [D] [thread 5842] [19.0] [cxt 0] Parser 'parser': start
[05:35:39.869] [bmv2] [D] [thread 5842] [19.0] [cxt 0] Parser 'parser' entering state 'start'
[05:35:39.869] [bmv2] [D] [thread 5842] [19.0] [cxt 0] Extracting header 'ethernet'
[05:35:39.869] [bmv2] [D] [thread 5842] [19.0] [cxt 0] Parser state 'start': key is 86dd
[05:35:39.869] [bmv2] [T] [thread 5842] [19.0] [cxt 0] Bytes parsed: 14
[05:35:39.869] [bmv2] [D] [thread 5842] [19.0] [cxt 0] Parser 'parser': end
[05:35:39.869] [bmv2] [D] [thread 5842] [19.0] [cxt 0] Pipeline 'ingress': start
[05:35:39.869] [bmv2] [T] [thread 5842] [19.0] [cxt 0] ms3-2.p4(235) Condition "hdr.response[0].isValid()" (node_2) is false
[05:35:39.869] [bmv2] [D] [thread 5842] [19.0] [cxt 0] Pipeline 'ingress': end
[05:35:39.869] [bmv2] [D] [thread 5842] [19.0] [cxt 0] Egress port is 0
[05:35:39.869] [bmv2] [D] [thread 5843] [19.0] [cxt 0] Pipeline 'egress': start
[05:35:39.869] [bmv2] [D] [thread 5843] [19.0] [cxt 0] Pipeline 'egress': end
[05:35:39.869] [bmv2] [D] [thread 5843] [19.0] [cxt 0] Deparser 'deparser': start
[05:35:39.869] [bmv2] [T] [thread 5843] [19.0] [cxt 0] Skipping checksum 'cksum' update because condition not met
[05:35:39.869] [bmv2] [D] [thread 5843] [19.0] [cxt 0] Deparsing header 'ethernet'
[05:35:39.869] [bmv2] [D] [thread 5843] [19.0] [cxt 0] Deparser 'deparser': end
[05:35:39.869] [bmv2] [D] [thread 5847] [19.0] [cxt 0] Transmitting packet of size 107 out of port 0
[05:35:55.340] [bmv2] [D] [thread 5842] [20.0] [cxt 0] Processing packet received on port 1
[05:35:55.340] [bmv2] [D] [thread 5842] [20.0] [cxt 0] Parser 'parser': start
[05:35:55.340] [bmv2] [D] [thread 5842] [20.0] [cxt 0] Parser 'parser' entering state 'start'
[05:35:55.340] [bmv2] [D] [thread 5842] [20.0] [cxt 0] Extracting header 'ethernet'
[05:35:55.340] [bmv2] [D] [thread 5842] [20.0] [cxt 0] Parser state 'start': key is 86dd
[05:35:55.340] [bmv2] [T] [thread 5842] [20.0] [cxt 0] Bytes parsed: 14
[05:35:55.340] [bmv2] [D] [thread 5842] [20.0] [cxt 0] Parser 'parser': end
[05:35:55.340] [bmv2] [D] [thread 5842] [20.0] [cxt 0] Pipeline 'ingress': start
[05:35:55.340] [bmv2] [T] [thread 5842] [20.0] [cxt 0] ms3-2.p4(235) Condition "hdr.response[0].isValid()" (node_2) is false
[05:35:55.340] [bmv2] [D] [thread 5842] [20.0] [cxt 0] Pipeline 'ingress': end
[05:35:55.340] [bmv2] [D] [thread 5842] [20.0] [cxt 0] Egress port is 0
[05:35:55.340] [bmv2] [D] [thread 5843] [20.0] [cxt 0] Pipeline 'egress': start
[05:35:55.340] [bmv2] [D] [thread 5843] [20.0] [cxt 0] Pipeline 'egress': end
[05:35:55.340] [bmv2] [D] [thread 5843] [20.0] [cxt 0] Deparser 'deparser': start
[05:35:55.340] [bmv2] [T] [thread 5843] [20.0] [cxt 0] Skipping checksum 'cksum' update because condition not met
[05:35:55.340] [bmv2] [D] [thread 5843] [20.0] [cxt 0] Deparsing header 'ethernet'
[05:35:55.340] [bmv2] [D] [thread 5843] [20.0] [cxt 0] Deparser 'deparser': end
[05:35:55.340] [bmv2] [D] [thread 5847] [20.0] [cxt 0] Transmitting packet of size 107 out of port 0
[05:35:55.868] [bmv2] [D] [thread 5842] [21.0] [cxt 0] Processing packet received on port 1
[05:35:55.868] [bmv2] [D] [thread 5842] [21.0] [cxt 0] Parser 'parser': start
[05:35:55.868] [bmv2] [D] [thread 5842] [21.0] [cxt 0] Parser 'parser' entering state 'start'
[05:35:55.868] [bmv2] [D] [thread 5842] [21.0] [cxt 0] Extracting header 'ethernet'
[05:35:55.868] [bmv2] [D] [thread 5842] [21.0] [cxt 0] Parser state 'start': key is 86dd
[05:35:55.868] [bmv2] [T] [thread 5842] [21.0] [cxt 0] Bytes parsed: 14
[05:35:55.868] [bmv2] [D] [thread 5842] [21.0] [cxt 0] Parser 'parser': end
[05:35:55.868] [bmv2] [D] [thread 5842] [21.0] [cxt 0] Pipeline 'ingress': start
[05:35:55.868] [bmv2] [T] [thread 5842] [21.0] [cxt 0] ms3-2.p4(235) Condition "hdr.response[0].isValid()" (node_2) is false
[05:35:55.868] [bmv2] [D] [thread 5842] [21.0] [cxt 0] Pipeline 'ingress': end
[05:35:55.868] [bmv2] [D] [thread 5842] [21.0] [cxt 0] Egress port is 0
[05:35:55.869] [bmv2] [D] [thread 5843] [21.0] [cxt 0] Pipeline 'egress': start
[05:35:55.869] [bmv2] [D] [thread 5843] [21.0] [cxt 0] Pipeline 'egress': end
[05:35:55.869] [bmv2] [D] [thread 5843] [21.0] [cxt 0] Deparser 'deparser': start
[05:35:55.869] [bmv2] [T] [thread 5843] [21.0] [cxt 0] Skipping checksum 'cksum' update because condition not met
[05:35:55.869] [bmv2] [D] [thread 5843] [21.0] [cxt 0] Deparsing header 'ethernet'
[05:35:55.869] [bmv2] [D] [thread 5843] [21.0] [cxt 0] Deparser 'deparser': end
[05:35:55.869] [bmv2] [D] [thread 5847] [21.0] [cxt 0] Transmitting packet of size 107 out of port 0
[05:36:27.340] [bmv2] [D] [thread 5842] [22.0] [cxt 0] Processing packet received on port 1
[05:36:27.340] [bmv2] [D] [thread 5842] [22.0] [cxt 0] Parser 'parser': start
[05:36:27.340] [bmv2] [D] [thread 5842] [22.0] [cxt 0] Parser 'parser' entering state 'start'
[05:36:27.340] [bmv2] [D] [thread 5842] [22.0] [cxt 0] Extracting header 'ethernet'
[05:36:27.340] [bmv2] [D] [thread 5842] [22.0] [cxt 0] Parser state 'start': key is 86dd
[05:36:27.341] [bmv2] [T] [thread 5842] [22.0] [cxt 0] Bytes parsed: 14
[05:36:27.341] [bmv2] [D] [thread 5842] [22.0] [cxt 0] Parser 'parser': end
[05:36:27.341] [bmv2] [D] [thread 5842] [22.0] [cxt 0] Pipeline 'ingress': start
[05:36:27.341] [bmv2] [T] [thread 5842] [22.0] [cxt 0] ms3-2.p4(235) Condition "hdr.response[0].isValid()" (node_2) is false
[05:36:27.341] [bmv2] [D] [thread 5842] [22.0] [cxt 0] Pipeline 'ingress': end
[05:36:27.341] [bmv2] [D] [thread 5842] [22.0] [cxt 0] Egress port is 0
[05:36:27.341] [bmv2] [D] [thread 5843] [22.0] [cxt 0] Pipeline 'egress': start
[05:36:27.341] [bmv2] [D] [thread 5843] [22.0] [cxt 0] Pipeline 'egress': end
[05:36:27.341] [bmv2] [D] [thread 5843] [22.0] [cxt 0] Deparser 'deparser': start
[05:36:27.341] [bmv2] [T] [thread 5843] [22.0] [cxt 0] Skipping checksum 'cksum' update because condition not met
[05:36:27.341] [bmv2] [D] [thread 5843] [22.0] [cxt 0] Deparsing header 'ethernet'
[05:36:27.341] [bmv2] [D] [thread 5843] [22.0] [cxt 0] Deparser 'deparser': end
[05:36:27.341] [bmv2] [D] [thread 5847] [22.0] [cxt 0] Transmitting packet of size 107 out of port 0
[05:36:27.868] [bmv2] [D] [thread 5842] [23.0] [cxt 0] Processing packet received on port 1
[05:36:27.868] [bmv2] [D] [thread 5842] [23.0] [cxt 0] Parser 'parser': start
[05:36:27.868] [bmv2] [D] [thread 5842] [23.0] [cxt 0] Parser 'parser' entering state 'start'
[05:36:27.868] [bmv2] [D] [thread 5842] [23.0] [cxt 0] Extracting header 'ethernet'
[05:36:27.868] [bmv2] [D] [thread 5842] [23.0] [cxt 0] Parser state 'start': key is 86dd
[05:36:27.868] [bmv2] [T] [thread 5842] [23.0] [cxt 0] Bytes parsed: 14
[05:36:27.868] [bmv2] [D] [thread 5842] [23.0] [cxt 0] Parser 'parser': end
[05:36:27.869] [bmv2] [D] [thread 5842] [23.0] [cxt 0] Pipeline 'ingress': start
[05:36:27.869] [bmv2] [T] [thread 5842] [23.0] [cxt 0] ms3-2.p4(235) Condition "hdr.response[0].isValid()" (node_2) is false
[05:36:27.869] [bmv2] [D] [thread 5842] [23.0] [cxt 0] Pipeline 'ingress': end
[05:36:27.869] [bmv2] [D] [thread 5842] [23.0] [cxt 0] Egress port is 0
[05:36:27.869] [bmv2] [D] [thread 5843] [23.0] [cxt 0] Pipeline 'egress': start
[05:36:27.869] [bmv2] [D] [thread 5843] [23.0] [cxt 0] Pipeline 'egress': end
[05:36:27.869] [bmv2] [D] [thread 5843] [23.0] [cxt 0] Deparser 'deparser': start
[05:36:27.869] [bmv2] [T] [thread 5843] [23.0] [cxt 0] Skipping checksum 'cksum' update because condition not met
[05:36:27.869] [bmv2] [D] [thread 5843] [23.0] [cxt 0] Deparsing header 'ethernet'
[05:36:27.869] [bmv2] [D] [thread 5843] [23.0] [cxt 0] Deparser 'deparser': end
[05:36:27.869] [bmv2] [D] [thread 5847] [23.0] [cxt 0] Transmitting packet of size 107 out of port 0
[05:37:31.343] [bmv2] [D] [thread 5842] [24.0] [cxt 0] Processing packet received on port 1
[05:37:31.343] [bmv2] [D] [thread 5842] [24.0] [cxt 0] Parser 'parser': start
[05:37:31.343] [bmv2] [D] [thread 5842] [24.0] [cxt 0] Parser 'parser' entering state 'start'
[05:37:31.343] [bmv2] [D] [thread 5842] [24.0] [cxt 0] Extracting header 'ethernet'
[05:37:31.343] [bmv2] [D] [thread 5842] [24.0] [cxt 0] Parser state 'start': key is 86dd
[05:37:31.343] [bmv2] [T] [thread 5842] [24.0] [cxt 0] Bytes parsed: 14
[05:37:31.343] [bmv2] [D] [thread 5842] [24.0] [cxt 0] Parser 'parser': end
[05:37:31.343] [bmv2] [D] [thread 5842] [24.0] [cxt 0] Pipeline 'ingress': start
[05:37:31.343] [bmv2] [T] [thread 5842] [24.0] [cxt 0] ms3-2.p4(235) Condition "hdr.response[0].isValid()" (node_2) is false
[05:37:31.343] [bmv2] [D] [thread 5842] [24.0] [cxt 0] Pipeline 'ingress': end
[05:37:31.343] [bmv2] [D] [thread 5842] [24.0] [cxt 0] Egress port is 0
[05:37:31.343] [bmv2] [D] [thread 5843] [24.0] [cxt 0] Pipeline 'egress': start
[05:37:31.343] [bmv2] [D] [thread 5843] [24.0] [cxt 0] Pipeline 'egress': end
[05:37:31.343] [bmv2] [D] [thread 5843] [24.0] [cxt 0] Deparser 'deparser': start
[05:37:31.343] [bmv2] [T] [thread 5843] [24.0] [cxt 0] Skipping checksum 'cksum' update because condition not met
[05:37:31.343] [bmv2] [D] [thread 5843] [24.0] [cxt 0] Deparsing header 'ethernet'
[05:37:31.343] [bmv2] [D] [thread 5843] [24.0] [cxt 0] Deparser 'deparser': end
[05:37:31.343] [bmv2] [D] [thread 5847] [24.0] [cxt 0] Transmitting packet of size 107 out of port 0
[05:37:31.927] [bmv2] [D] [thread 5842] [25.0] [cxt 0] Processing packet received on port 1
[05:37:31.927] [bmv2] [D] [thread 5842] [25.0] [cxt 0] Parser 'parser': start
[05:37:31.927] [bmv2] [D] [thread 5842] [25.0] [cxt 0] Parser 'parser' entering state 'start'
[05:37:31.927] [bmv2] [D] [thread 5842] [25.0] [cxt 0] Extracting header 'ethernet'
[05:37:31.927] [bmv2] [D] [thread 5842] [25.0] [cxt 0] Parser state 'start': key is 86dd
[05:37:31.927] [bmv2] [T] [thread 5842] [25.0] [cxt 0] Bytes parsed: 14
[05:37:31.927] [bmv2] [D] [thread 5842] [25.0] [cxt 0] Parser 'parser': end
[05:37:31.927] [bmv2] [D] [thread 5842] [25.0] [cxt 0] Pipeline 'ingress': start
[05:37:31.927] [bmv2] [T] [thread 5842] [25.0] [cxt 0] ms3-2.p4(235) Condition "hdr.response[0].isValid()" (node_2) is false
[05:37:31.927] [bmv2] [D] [thread 5842] [25.0] [cxt 0] Pipeline 'ingress': end
[05:37:31.927] [bmv2] [D] [thread 5842] [25.0] [cxt 0] Egress port is 0
[05:37:31.927] [bmv2] [D] [thread 5843] [25.0] [cxt 0] Pipeline 'egress': start
[05:37:31.927] [bmv2] [D] [thread 5843] [25.0] [cxt 0] Pipeline 'egress': end
[05:37:31.927] [bmv2] [D] [thread 5843] [25.0] [cxt 0] Deparser 'deparser': start
[05:37:31.927] [bmv2] [T] [thread 5843] [25.0] [cxt 0] Skipping checksum 'cksum' update because condition not met
[05:37:31.927] [bmv2] [D] [thread 5843] [25.0] [cxt 0] Deparsing header 'ethernet'
[05:37:31.927] [bmv2] [D] [thread 5843] [25.0] [cxt 0] Deparser 'deparser': end
[05:37:31.927] [bmv2] [D] [thread 5847] [25.0] [cxt 0] Transmitting packet of size 107 out of port 0
open: No such file or directory
open: No such file or directory
